------------------------------
  Elements     Atomic Weight  
------------------------------
  1.	C         12.01099968
  2.	H          1.00800002
  3.	O         15.99899960
  4.	N         14.00699997
------------------------------


--------------------------------------------------------------------------------------------------------------
                                                Molecular        Temperature        Elements
  Species                  Phase  Charge         weight         Low      High       C       H       O       N
--------------------------------------------------------------------------------------------------------------
    1. CH4                   G      0           16.043000    200.00   3500.00       1       4       0       0
    2. H2                    G      0            2.016000    200.00   3500.00       0       2       0       0
    3. O2                    G      0           31.997999    200.00   3500.00       0       0       2       0
    4. CO                    G      0           28.009999    200.00   3500.00       1       0       1       0
    5. CO2                   G      0           44.008999    200.00   3500.00       1       0       2       0
    6. H2O                   G      0           18.015000    200.00   3500.00       0       2       1       0
    7. N2                    G      0           28.014000    250.00   5000.00       0       0       0       2
--------------------------------------------------------------------------------------------------------------

--------------------------------------------------------------------------------------------------------------
                                                Molecular        Temperature        Elements
  Species                  Phase  Charge         weight         Low      High       C       H       O       N
--------------------------------------------------------------------------------------------------------------
    7. N2                    G      0           28.014000    250.00   5000.00       0       0       0       2
    3. O2                    G      0           31.997999    200.00   3500.00       0       0       2       0
    2. H2                    G      0            2.016000    200.00   3500.00       0       2       0       0
    6. H2O                   G      0           18.015000    200.00   3500.00       0       2       1       0
    4. CO                    G      0           28.009999    200.00   3500.00       1       0       1       0
    5. CO2                   G      0           44.008999    200.00   3500.00       1       0       2       0
    1. CH4                   G      0           16.043000    200.00   3500.00       1       4       0       0
--------------------------------------------------------------------------------------------------------------

------------------------------------------------------------------------------------------------------------------
  Species                  Shape       eps/kb          sigma             mu           alfa        zRot298         
------------------------------------------------------------------------------------------------------------------
    1. CH4                   2       141.4000         3.7460         0.0000         2.6000        13.0000
    2. H2                    1        38.0000         2.9200         0.0000         0.7900       280.0000
    3. O2                    1       107.4000         3.4580         0.0000         1.6000         3.8000
    4. CO                    1        98.1000         3.6500         0.0000         1.9500         1.8000
    5. CO2                   1       244.0000         3.7630         0.0000         2.6500         2.1000
    6. H2O                   2       572.4000         2.6050         1.8440         0.0000         4.0000
    7. N2                    1        97.5300         3.6210         0.0000         1.7600         4.0000
------------------------------------------------------------------------------------------------------------------


------------------------------------------------------------------------------------------------------------------
  Species                  Shape       eps/kb          sigma             mu           alfa        zRot298         
------------------------------------------------------------------------------------------------------------------
    1. CH4                   2       141.4000         3.7460         0.0000         2.6000        13.0000
    2. H2                    1        38.0000         2.9200         0.0000         0.7900       280.0000
    3. O2                    1       107.4000         3.4580         0.0000         1.6000         3.8000
    4. CO                    1        98.1000         3.6500         0.0000         1.9500         1.8000
    5. CO2                   1       244.0000         3.7630         0.0000         2.6500         2.1000
    6. H2O                   2       572.4000         2.6050         1.8440         0.0000         4.0000
    7. N2                    1        97.5300         3.6210         0.0000         1.7600         4.0000
------------------------------------------------------------------------------------------------------------------


---------------------------------------------------------------------------------------
                                  CHEMICAL REACTIONS                                   

                          Units: [mol, cm3, s] and [cal/mol]                           
---------------------------------------------------------------------------------------


      1. CH4 + 0.5O2  => 2H2 + CO 
         k:       7.820000e+13	    0.00      30000.00
         Reaction order of species CH4                equal to 0.5000
         Reaction order of species O2                 equal to 1.2500


      2. CH4 + H2O  => 3H2 + CO 
         k:       3.000000e+11	    0.00      30000.00


      3. H2 + 0.5O2  = H2O 
         k:       1.209000e+18	   -1.00      40000.00
         Reaction order of species H2                 equal to 0.2500
         Reaction order of species O2                 equal to 1.5000


      4. CO + H2O  = H2 + CO2 
         k:       2.750000e+12	    0.00      20000.00


