-----------------------------------------------------------------------------------------------------------------------------------------------------
Name                              MW       Cp@298K        H@298K        G@298K        S@298K      Cp@1000K       H@1000K       G@1000K       S@1000K 
                           [kg/kmol]   [cal/mol/K]    [kcal/mol]    [kcal/mol]   [cal/mol/K]   [cal/mol/K]    [kcal/mol]    [kcal/mol]   [cal/mol/K] 
-----------------------------------------------------------------------------------------------------------------------------------------------------
CH4                          16.0430        8.5281      -17.8292      -31.1005       44.5347       17.5930       -8.5910      -67.9250       59.3340
H2                            2.0160        6.8910       -0.0010       -9.3066       31.2267        7.2084        4.9437      -34.7835       39.7272
O2                           31.9980        7.0206       -0.0011      -14.6099       49.0230        8.3364        5.4265      -52.7861       58.2126
CO                           28.0100        6.9641      -26.4155      -40.4908       47.2326        7.9253      -21.2309      -77.2827       56.0517
CO2                          44.0090        8.8730      -94.0423     -109.2660       51.0864       12.9817      -86.0597     -150.4140       64.3543
H2O                          18.0150        8.0266      -57.7927      -71.2392       45.1223        9.8687      -51.5774     -107.1967       55.6193
N2                           28.0140        6.9473       -0.0007      -13.6385       45.7643        7.8295        5.1309      -49.3780       54.5089
-----------------------------------------------------------------------------------------------------------------------------------------------------

 ====================================================================================================
   THERMO TABLE FOR MOLECULE CH4
 ====================================================================================================
   Elemental Composition:
     C 1.0000
     H 4.0000
   Formation Enthalpy at 298K =          -17.8292 kcal/mol
   Formation Free Gibbs Energy at 298K = -31.1005 kcal/mol
   Molecular Weight =                    16.0430 kg/kmol
 -----------------------------------------------------------------------------------------------------
   Temperature       Cp             H             G            S             DH            DG         
       [K]       [cal/mol/K]    [kcal/mol]    [kcal/mol]  [cal/(mol-K)]  [kcal/mol]     [kcal/mol]    
 -----------------------------------------------------------------------------------------------------
     300.0000      8.5461        -17.8121      -31.1896      44.5918       0.0171        -0.0891       
     600.0000      12.6016       -14.6797      -45.6791      51.6657       3.1495        -14.5786      
     800.0000      15.2945       -11.8810      -56.4192      55.6727       5.9481        -25.3187      
     1000.0000     17.5930       -8.5910       -67.9250      59.3340       9.2382        -36.8245      
     1200.0000     19.4542       -4.8798       -80.1342      62.7119       12.9494       -49.0337      
     1400.0000     20.9635       -0.8327       -92.9923      65.8283       16.9964       -61.8918      
     1600.0000     22.1870       3.4866        -106.4498     68.7103       21.3157       -75.3493      
     1800.0000     23.1831       8.0269        -120.4625     71.3830       25.8561       -89.3620      
     2000.0000     24.0023       12.7480       -134.9906     73.8693       30.5772       -103.8901     
     2200.0000     24.6875       17.6189       -149.9992     76.1900       35.4481       -118.8986     
     2400.0000     25.2738       22.6165       -165.4568     78.3639       40.4456       -134.3563     
     2600.0000     25.7885       27.7237       -181.3360     80.4076       45.5529       -150.2355     
 -----------------------------------------------------------------------------------------------------


 ====================================================================================================
   THERMO TABLE FOR MOLECULE H2
 ====================================================================================================
   Elemental Composition:
     H 2.0000
   Formation Enthalpy at 298K =          -0.0010 kcal/mol
   Formation Free Gibbs Energy at 298K = -9.3066 kcal/mol
   Molecular Weight =                    2.0160 kg/kmol
 -----------------------------------------------------------------------------------------------------
   Temperature       Cp             H             G            S             DH            DG         
       [K]       [cal/mol/K]    [kcal/mol]    [kcal/mol]  [cal/(mol-K)]  [kcal/mol]     [kcal/mol]    
 -----------------------------------------------------------------------------------------------------
     300.0000      6.8948        0.0128        -9.3691       31.2728       0.0138        -0.0625       
     600.0000      6.9913        2.1084        -19.5587      36.1120       2.1095        -10.2522      
     800.0000      7.0776        3.5125        -26.9923      38.1309       3.5135        -17.6857      
     1000.0000     7.2084        4.9437        -34.7835      39.7272       4.9447        -25.4769      
     1200.0000     7.4084        6.4052        -42.8656      41.0590       6.4063        -33.5590      
     1400.0000     7.6127        7.9073        -51.1956      42.2164       7.9084        -41.8890      
     1600.0000     7.8140        9.4501        -59.7436      43.2461       9.4512        -50.4371      
     1800.0000     8.0068        11.0324       -68.4875      44.1777       11.0334       -59.1809      
     2000.0000     8.1868        12.6520       -77.4095      45.0307       12.6530       -68.1029      
     2200.0000     8.3515        14.3061       -86.4955      45.8189       14.3071       -77.1889      
     2400.0000     8.4997        15.9915       -95.7334      46.5520       15.9925       -86.4268      
     2600.0000     8.6320        17.7049       -105.1131     47.2377       17.7059       -95.8065      
 -----------------------------------------------------------------------------------------------------


 ====================================================================================================
   THERMO TABLE FOR MOLECULE O2
 ====================================================================================================
   Elemental Composition:
     O 2.0000
   Formation Enthalpy at 298K =          -0.0011 kcal/mol
   Formation Free Gibbs Energy at 298K = -14.6099 kcal/mol
   Molecular Weight =                    31.9980 kg/kmol
 -----------------------------------------------------------------------------------------------------
   Temperature       Cp             H             G            S             DH            DG         
       [K]       [cal/mol/K]    [kcal/mol]    [kcal/mol]  [cal/(mol-K)]  [kcal/mol]     [kcal/mol]    
 -----------------------------------------------------------------------------------------------------
     300.0000      7.0232        0.0130        -14.7080      49.0700       0.0140        -0.0981       
     600.0000      7.6672        2.2093        -30.2618      54.1185       2.2104        -15.6519      
     800.0000      8.0655        3.7850        -41.3208      56.3822       3.7861        -26.7109      
     1000.0000     8.3364        5.4265        -52.7861      58.2126       5.4276        -38.1761      
     1200.0000     8.5199        7.1127        -64.5863      59.7492       7.1138        -49.9764      
     1400.0000     8.6728        8.8324        -76.6717      61.0744       8.8335        -62.0618      
     1600.0000     8.8045        10.5804       -89.0056      62.2413       10.5815       -74.3957      
     1800.0000     8.9225        12.3533       -101.5600     63.2852       12.3543       -86.9501      
     2000.0000     9.0326        14.1489       -114.3131     64.2310       14.1499       -99.7032      
     2200.0000     9.1393        15.9661       -127.2471     65.0969       15.9672       -112.6372     
     2400.0000     9.2450        17.8046       -140.3475     65.8967       17.8056       -125.7376     
     2600.0000     9.3509        19.6641       -153.6021     66.6409       19.6652       -138.9922     
 -----------------------------------------------------------------------------------------------------


 ====================================================================================================
   THERMO TABLE FOR MOLECULE CO
 ====================================================================================================
   Elemental Composition:
     C 1.0000
     O 1.0000
   Formation Enthalpy at 298K =          -26.4155 kcal/mol
   Formation Free Gibbs Energy at 298K = -40.4908 kcal/mol
   Molecular Weight =                    28.0100 kg/kmol
 -----------------------------------------------------------------------------------------------------
   Temperature       Cp             H             G            S             DH            DG         
       [K]       [cal/mol/K]    [kcal/mol]    [kcal/mol]  [cal/(mol-K)]  [kcal/mol]     [kcal/mol]    
 -----------------------------------------------------------------------------------------------------
     300.0000      6.9646        -26.4016      -40.5853      47.2792       0.0139        -0.0945       
     600.0000      7.2686        -24.2766      -55.5828      52.1771       2.1389        -15.0920      
     800.0000      7.6220        -22.7882      -66.2406      54.3156       3.6273        -25.7498      
     1000.0000     7.9253        -21.2309      -77.2827      56.0517       5.1845        -36.7919      
     1200.0000     8.1610        -19.6213      -88.6434      57.5185       6.7942        -48.1526      
     1400.0000     8.3415        -17.9702      -100.2772     58.7907       8.4453        -59.7864      
     1600.0000     8.4787        -16.2876      -112.1498     59.9139       10.1279       -71.6590      
     1800.0000     8.5827        -14.5809      -124.2349     60.9188       11.8345       -83.7441      
     2000.0000     8.6624        -12.8561      -136.5109     61.8274       13.5594       -96.0201      
     2200.0000     8.7249        -11.1171      -148.9605     62.6561       15.2983       -108.4697     
     2400.0000     8.7758        -9.3669       -161.5689     63.4175       17.0486       -121.0781     
     2600.0000     8.8193        -7.6073       -174.3237     64.1217       18.8082       -133.8329     
 -----------------------------------------------------------------------------------------------------


 ====================================================================================================
   THERMO TABLE FOR MOLECULE CO2
 ====================================================================================================
   Elemental Composition:
     C 1.0000
     O 2.0000
   Formation Enthalpy at 298K =          -94.0423 kcal/mol
   Formation Free Gibbs Energy at 298K = -109.2660 kcal/mol
   Molecular Weight =                    44.0090 kg/kmol
 -----------------------------------------------------------------------------------------------------
   Temperature       Cp             H             G            S             DH            DG         
       [K]       [cal/mol/K]    [kcal/mol]    [kcal/mol]  [cal/(mol-K)]  [kcal/mol]     [kcal/mol]    
 -----------------------------------------------------------------------------------------------------
     300.0000      8.8943        -94.0245      -109.3683     51.1458       0.0178        -0.1022       
     600.0000      11.3172       -90.9572      -125.8387     58.1358       3.0851        -16.5726      
     800.0000      12.2908       -88.5901      -137.8173     61.5340       5.4522        -28.5512      
     1000.0000     12.9817       -86.0597      -150.4140     64.3543       7.9826        -41.1480      
     1200.0000     13.4561       -83.4137      -163.5318     66.7651       10.6286       -54.2658      
     1400.0000     13.8129       -80.6851      -177.0996     68.8675       13.3572       -67.8335      
     1600.0000     14.0786       -77.8946      -191.0629     70.7302       16.1477       -81.7969      
     1800.0000     14.2761       -75.0582      -205.3788     72.4004       18.9841       -96.1128      
     2000.0000     14.4247       -72.1874      -220.0125     73.9126       21.8549       -110.7465     
     2200.0000     14.5401       -69.2905      -234.9351     75.2930       24.7518       -125.6691     
     2400.0000     14.6344       -66.3728      -250.1223     76.5623       27.6695       -140.8563     
     2600.0000     14.7162       -63.4375      -265.5537     77.7370       30.6047       -156.2877     
 -----------------------------------------------------------------------------------------------------


 ====================================================================================================
   THERMO TABLE FOR MOLECULE H2O
 ====================================================================================================
   Elemental Composition:
     H 2.0000
     O 1.0000
   Formation Enthalpy at 298K =          -57.7927 kcal/mol
   Formation Free Gibbs Energy at 298K = -71.2392 kcal/mol
   Molecular Weight =                    18.0150 kg/kmol
 -----------------------------------------------------------------------------------------------------
   Temperature       Cp             H             G            S             DH            DG         
       [K]       [cal/mol/K]    [kcal/mol]    [kcal/mol]  [cal/(mol-K)]  [kcal/mol]     [kcal/mol]    
 -----------------------------------------------------------------------------------------------------
     300.0000      8.0289        -57.7767      -71.3295      45.1760       0.0161        -0.0903       
     600.0000      8.6800        -55.2821      -85.8304      50.9138       2.5107        -14.5912      
     800.0000      9.2565        -53.4890      -96.2802      53.4890       4.3037        -25.0410      
     1000.0000     9.8687        -51.5774      -107.1967     55.6193       6.2153        -35.9575      
     1200.0000     10.4858       -49.5410      -118.5098     57.4740       8.2517        -47.2706      
     1400.0000     11.0446       -47.3870      -130.1733     59.1331       10.4058       -58.9341      
     1600.0000     11.5440       -45.1271      -142.1530     60.6412       12.6656       -70.9138      
     1800.0000     11.9845       -42.7733      -154.4216     62.0269       15.0194       -83.1825      
     2000.0000     12.3677       -40.3371      -166.9569     63.3099       17.4556       -95.7177      
     2200.0000     12.6966       -37.8298      -179.7397     64.5045       19.9629       -108.5005     
     2400.0000     12.9753       -35.2619      -192.7535     65.6215       22.5309       -121.5143     
     2600.0000     13.2093       -32.6427      -205.9837     66.6696       25.1500       -134.7445     
 -----------------------------------------------------------------------------------------------------


 ====================================================================================================
   THERMO TABLE FOR MOLECULE N2
 ====================================================================================================
   Elemental Composition:
     N 2.0000
   Formation Enthalpy at 298K =          -0.0007 kcal/mol
   Formation Free Gibbs Energy at 298K = -13.6385 kcal/mol
   Molecular Weight =                    28.0140 kg/kmol
 -----------------------------------------------------------------------------------------------------
   Temperature       Cp             H             G            S             DH            DG         
       [K]       [cal/mol/K]    [kcal/mol]    [kcal/mol]  [cal/(mol-K)]  [kcal/mol]     [kcal/mol]    
 -----------------------------------------------------------------------------------------------------
     300.0000      6.9485        0.0132        -13.7300      45.8108       0.0139        -0.0916       
     600.0000      7.1901        2.1285        -28.2849      50.6890       2.1292        -14.6465      
     800.0000      7.5026        3.5960        -38.6422      52.7977       3.5967        -25.0037      
     1000.0000     7.8295        5.1309        -49.3780      54.5089       5.1316        -35.7395      
     1200.0000     8.0555        6.7201        -60.4283      55.9570       6.7208        -46.7898      
     1400.0000     8.2395        8.3503        -71.7480      57.2131       8.3510        -58.1096      
     1600.0000     8.3880        10.0136       -83.3038      58.3234       10.0143       -69.6654      
     1800.0000     8.5065        11.7035       -95.0697      59.3184       11.7042       -81.4313      
     2000.0000     8.6005        13.4146       -107.0250     60.2198       13.4153       -93.3865      
     2200.0000     8.6746        15.1424       -119.1524     61.0431       15.1431       -105.5140     
     2400.0000     8.7331        16.8834       -131.4378     61.8005       16.8841       -117.7993     
     2600.0000     8.7796        18.6348       -143.8689     62.5014       18.6355       -130.2304     
 -----------------------------------------------------------------------------------------------------


