 ----------------------------------------------------------------------------------------------------------------------------------------------------------------------------------------------------------------------------------------------------------
                     SPECIFIC HEAT COEFFICIENTS                                                                     

             Cp = A + B*T + C*T^2 + D*T^3 + E*T^4  [J/kg/K]                                                         

    Species                      Cp(298K)         Cp(1000K)          LT-HT            A(LT)            B(LT)            C(LT)            D(LT)            E(LT)             A(HT)           B(HT)            C(HT)            D(HT)           E(HT)      
 ----------------------------------------------------------------------------------------------------------------------------------------------------------------------------------------------------------------------------------------------------------

    1. CH4                      2.224358e+03     4.588709e+03     1.000000e+03     2.668980e+03    -7.085136e+00     2.548811e-02    -2.512234e-05     8.639099e-09     3.879262e+01     6.940006e+00    -2.971117e-03     6.337946e-07    -5.276687e-11
    2. H2                       1.430307e+04     1.496188e+04     1.000000e+03     9.668577e+03     3.291356e+01    -8.033251e-02     8.313311e-05    -3.042086e-08     1.376373e+04    -2.037475e-01     2.059878e-03    -7.405744e-07     8.259006e-11
    3. O2                       9.181008e+02     1.090161e+03     1.000000e+03     9.828455e+02    -7.786810e-01     2.558754e-03    -2.515619e-06     8.428607e-10     8.529451e+02     3.853702e-01    -1.969525e-04     5.442950e-08    -5.631264e-12
    4. CO                       1.040366e+03     1.183965e+03     1.000000e+03     1.062545e+03    -1.811768e-01     3.018302e-04     2.692348e-07    -2.684685e-10     8.059732e+02     6.122387e-01    -2.964905e-04     6.828872e-08    -6.045060e-12
    5. CO2                      8.436562e+02     1.234313e+03     1.000000e+03     4.452568e+02     1.697428e+00    -1.345829e-03     4.646060e-07    -2.714864e-11     7.287761e+02     8.339911e-01    -4.184369e-04     9.890112e-08    -8.918917e-12
    6. H2O                      1.864380e+03     2.292242e+03     1.000000e+03     1.937798e+03    -9.398754e-01     3.009361e-03    -2.532863e-06     8.178210e-10     1.400278e+03     1.004713e+00    -7.572438e-05    -4.478778e-08     7.762980e-12
    7. N2                       1.037719e+03     1.169485e+03     1.000000e+03     9.790364e+02     4.179611e-01    -1.176271e-03     1.674383e-06    -7.256245e-10     8.686170e+02     4.416266e-01    -1.687218e-04     2.996767e-08    -2.004372e-12

 ----------------------------------------------------------------------------------------------------------------------------------------------------------------------------------------------------------------------------------------------------------


 -------------------------------------------------------------------------------------------------------------------------------------------------------------------------------------------------------------------------------------------------------------------------------------------
                           ENTHALPY COEFFICIENTS                                                                     

             H/(RT) = A + B*T + C*T^2 + D*T^3 + E*T^4 + F/T  [-]                                                         

    Species                   H(298K)[J/kmol]  H(1000K)[J/kmol]      LT-HT            A(LT)            B(LT)            C(LT)            D(LT)            E(LT)           F(LT)             A(HT)            B(HT)            C(HT)           D(HT)             E(HT)            F(HT)      
 -------------------------------------------------------------------------------------------------------------------------------------------------------------------------------------------------------------------------------------------------------------------------------------------

    1. CH4                     -7.460492e+07    -3.594844e+07     1.000000e+03     5.149876e+00    -6.835489e-03     1.639335e-05    -1.211858e-08     3.333879e-12    -1.024665e+04     7.485150e-02     6.695473e-03    -1.910953e-06     3.057313e-10    -2.036305e-14    -9.468345e+03
    2. H2                      -4.325324e+03     2.068653e+07     1.000000e+03     2.344331e+00     3.990260e-03    -6.492717e-06     5.039302e-09    -1.475224e-12    -9.179352e+02     3.337279e+00    -2.470124e-05     1.664856e-07    -4.489160e-11     4.005108e-15    -9.501589e+02
    3. O2                      -4.406652e+03     2.270681e+07     1.000000e+03     3.782456e+00    -1.498367e-03     3.282434e-06    -2.420324e-09     6.487457e-13    -1.063944e+03     3.282538e+00     7.415438e-04    -2.526556e-07     5.236764e-11    -4.334356e-15    -1.088458e+03
    4. CO                      -1.105337e+08    -8.883940e+07     1.000000e+03     3.579533e+00    -3.051768e-04     3.389381e-07     2.267515e-10    -1.808849e-13    -1.434409e+04     2.715186e+00     1.031264e-03    -3.329419e-07     5.751325e-11    -4.072954e-15    -1.415187e+04
    5. CO2                     -3.935133e+08    -3.601107e+08     1.000000e+03     2.356774e+00     4.492298e-03    -2.374521e-06     6.147976e-10    -2.873991e-14    -4.837197e+04     3.857460e+00     2.207185e-03    -7.382713e-07     1.308725e-10    -9.441683e-15    -4.875917e+04
    6. H2O                     -2.418296e+08    -2.158221e+08     1.000000e+03     4.198641e+00    -1.018217e-03     2.173467e-06    -1.371993e-09     3.543956e-13    -3.029373e+04     3.033992e+00     1.088459e-03    -5.469084e-08    -2.426050e-11     3.364020e-15    -3.000430e+04
    7. N2                      -2.930724e+03     2.146986e+07     1.000000e+03     3.298677e+00     7.041202e-04    -1.321074e-06     1.410379e-09    -4.889708e-13    -1.020900e+03     2.926640e+00     7.439884e-04    -1.894920e-07     2.524260e-11    -1.350670e-15    -9.227977e+02

 -------------------------------------------------------------------------------------------------------------------------------------------------------------------------------------------------------------------------------------------------------------------------------------------


 -------------------------------------------------------------------------------------------------------------------------------------------------------------------------------------------------------------------------------------------------------------------------------------------
                             ENTROPY COEFFICIENTS                                                                     

             S/R = A*lnT + B*T + C*T^2 + D*T^3 + E*T^4 + F  [-]                                                         

    Species                 S(298K)[J/kmol/K] S(1000K)[J/kmol/K]     LT-HT            A(LT)            B(LT)            C(LT)            D(LT)            E(LT)           F(LT)             A(HT)            B(HT)            C(HT)           D(HT)             E(HT)            F(HT)      
 -------------------------------------------------------------------------------------------------------------------------------------------------------------------------------------------------------------------------------------------------------------------------------------------

    1. CH4                      1.863523e+05     2.482788e+05     1.000000e+03     5.149876e+00    -1.367098e-02     2.459003e-05    -1.615810e-08     4.167349e-12    -4.641304e+00     7.485150e-02     1.339095e-02    -2.866429e-06     4.076418e-10    -2.545381e-14     1.843732e+01
    2. H2                       1.306658e+05     1.662357e+05     1.000000e+03     2.344331e+00     7.980521e-03    -9.739075e-06     6.719070e-09    -1.844029e-12     6.830102e-01     3.337279e+00    -4.940247e-05     2.497284e-07    -5.985546e-11     5.006384e-15    -3.205023e+00
    3. O2                       2.051335e+05     2.435864e+05     1.000000e+03     3.782456e+00    -2.996734e-03     4.923651e-06    -3.227098e-09     8.109321e-13     3.657676e+00     3.282538e+00     1.483088e-03    -3.789833e-07     6.982352e-11    -5.417945e-15     5.453231e+00
    4. CO                       1.976416e+05     2.345446e+05     1.000000e+03     3.579533e+00    -6.103537e-04     5.084072e-07     3.023353e-10    -2.261061e-13     3.508409e+00     2.715186e+00     2.062527e-03    -4.994129e-07     7.668434e-11    -5.091193e-15     7.818688e+00
    5. CO2                      2.137676e+05     2.692862e+05     1.000000e+03     2.356774e+00     8.984597e-03    -3.561781e-06     8.197301e-10    -3.592489e-14     9.901052e+00     3.857460e+00     4.414370e-03    -1.107407e-06     1.744967e-10    -1.180210e-14     2.271638e+00
    6. H2O                      1.888111e+05     2.327350e+05     1.000000e+03     4.198641e+00    -2.036434e-03     3.260201e-06    -1.829324e-09     4.429945e-13    -8.490322e-01     3.033992e+00     2.176918e-03    -8.203626e-08    -3.234733e-11     4.205025e-15     4.966770e+00
    7. N2                       1.914976e+05     2.280885e+05     1.000000e+03     3.298677e+00     1.408240e-03    -1.981611e-06     1.880505e-09    -6.112135e-13     3.950372e+00     2.926640e+00     1.487977e-03    -2.842380e-07     3.365679e-11    -1.688338e-15     5.980528e+00

 -------------------------------------------------------------------------------------------------------------------------------------------------------------------------------------------------------------------------------------------------------------------------------------------


