------------------------------
  Elements     Atomic Weight  
------------------------------
  1.	C         12.01099968
  2.	H          1.00800002
  3.	O         15.99899960
  4.	N         14.00699997
  5.	AR        39.94800186
  6.	HE         4.00299978
------------------------------


------------------------------------------------------------------------------------------------------------------------------
                                                Molecular        Temperature        Elements
  Species                  Phase  Charge         weight         Low      High       C       H       O       N      AR      HE
------------------------------------------------------------------------------------------------------------------------------
    1. H                     G      0            1.008000    200.00   6000.00       0       1       0       0       0       0
    2. H2                    G      0            2.016000    300.00   5000.00       0       2       0       0       0       0
    3. O                     G      0           15.999000    300.00   5000.00       0       0       1       0       0       0
    4. O2                    G      0           31.997999    300.00   5000.00       0       0       2       0       0       0
    5. OH                    G      0           17.007000    200.00   6000.00       0       1       1       0       0       0
    6. OH*                   G      0           17.007000    300.00   5000.00       0       1       1       0       0       0
    7. H2O                   G      0           18.015000    300.00   5000.00       0       2       1       0       0       0
    8. N2                    G      0           28.014000    300.00   5000.00       0       0       0       2       0       0
    9. HO2                   G      0           33.005999    200.00   5000.00       0       1       2       0       0       0
   10. H2O2                  G      0           34.013999    200.00   6000.00       0       2       2       0       0       0
   11. AR                    G      0           39.948002    300.00   5000.00       0       0       0       0       1       0
   12. CO                    G      0           28.009999    300.00   5000.00       1       0       1       0       0       0
   13. CO2                   G      0           44.008999    300.00   5000.00       1       0       2       0       0       0
   14. HE                    G      0            4.003000    300.00   5000.00       0       0       0       0       0       1
   15. HCO                   G      0           29.017999    300.00   5000.00       1       1       1       0       0       0
------------------------------------------------------------------------------------------------------------------------------

------------------------------------------------------------------------------------------------------------------------------
                                                Molecular        Temperature        Elements
  Species                  Phase  Charge         weight         Low      High       C       H       O       N      AR      HE
------------------------------------------------------------------------------------------------------------------------------
   14. HE                    G      0            4.003000    300.00   5000.00       0       0       0       0       0       1
   11. AR                    G      0           39.948002    300.00   5000.00       0       0       0       0       1       0
    8. N2                    G      0           28.014000    300.00   5000.00       0       0       0       2       0       0
    3. O                     G      0           15.999000    300.00   5000.00       0       0       1       0       0       0
    4. O2                    G      0           31.997999    300.00   5000.00       0       0       2       0       0       0
    1. H                     G      0            1.008000    200.00   6000.00       0       1       0       0       0       0
    5. OH                    G      0           17.007000    200.00   6000.00       0       1       1       0       0       0
    6. OH*                   G      0           17.007000    300.00   5000.00       0       1       1       0       0       0
    9. HO2                   G      0           33.005999    200.00   5000.00       0       1       2       0       0       0
    2. H2                    G      0            2.016000    300.00   5000.00       0       2       0       0       0       0
    7. H2O                   G      0           18.015000    300.00   5000.00       0       2       1       0       0       0
   10. H2O2                  G      0           34.013999    200.00   6000.00       0       2       2       0       0       0
   12. CO                    G      0           28.009999    300.00   5000.00       1       0       1       0       0       0
   13. CO2                   G      0           44.008999    300.00   5000.00       1       0       2       0       0       0
   15. HCO                   G      0           29.017999    300.00   5000.00       1       1       1       0       0       0
------------------------------------------------------------------------------------------------------------------------------

------------------------------------------------------------------------------------------------------------------
  Species                  Shape       eps/kb          sigma             mu           alfa        zRot298         
------------------------------------------------------------------------------------------------------------------
    1. H                     0       145.0000         2.0500         0.0000         0.0000         0.0000
    2. H2                    1        38.0000         2.9200         0.0000         0.7900       280.0000
    3. O                     0        80.0000         2.7500         0.0000         0.0000         0.0000
    4. O2                    1       107.4000         3.4580         0.0000         1.6000         3.8000
    5. OH                    1        80.0000         2.7500         0.0000         0.0000         0.0000
    6. OH*                   1        80.0000         2.7500         0.0000         0.0000         0.0000
    7. H2O                   2       572.4000         2.6050         1.8440         0.0000         4.0000
    8. N2                    1        97.5300         3.6210         0.0000         1.7600         4.0000
    9. HO2                   2       107.4000         3.4580         0.0000         0.0000         1.0000
   10. H2O2                  2       107.4000         3.4580         0.0000         0.0000         3.8000
   11. AR                    0       136.5000         3.3300         0.0000         0.0000         0.0000
   12. CO                    1        98.1000         3.6500         0.0000         1.9500         1.8000
   13. CO2                   1       244.0000         3.7630         0.0000         2.6500         2.1000
   14. HE                    0        10.2000         2.5760         0.0000         0.0000         0.0000
   15. HCO                   2       498.0000         3.5900         0.0000         0.0000         0.0000
------------------------------------------------------------------------------------------------------------------


------------------------------------------------------------------------------------------------------------------
  Species                  Shape       eps/kb          sigma             mu           alfa        zRot298         
------------------------------------------------------------------------------------------------------------------
    1. H                     0       145.0000         2.0500         0.0000         0.0000         0.0000
    2. H2                    1        38.0000         2.9200         0.0000         0.7900       280.0000
    3. O                     0        80.0000         2.7500         0.0000         0.0000         0.0000
    4. O2                    1       107.4000         3.4580         0.0000         1.6000         3.8000
    5. OH                    1        80.0000         2.7500         0.0000         0.0000         0.0000
    6. OH*                   1        80.0000         2.7500         0.0000         0.0000         0.0000
    7. H2O                   2       572.4000         2.6050         1.8440         0.0000         4.0000
    8. N2                    1        97.5300         3.6210         0.0000         1.7600         4.0000
    9. HO2                   2       107.4000         3.4580         0.0000         0.0000         1.0000
   10. H2O2                  2       107.4000         3.4580         0.0000         0.0000         3.8000
   11. AR                    0       136.5000         3.3300         0.0000         0.0000         0.0000
   12. CO                    1        98.1000         3.6500         0.0000         1.9500         1.8000
   13. CO2                   1       244.0000         3.7630         0.0000         2.6500         2.1000
   14. HE                    0        10.2000         2.5760         0.0000         0.0000         0.0000
   15. HCO                   2       498.0000         3.5900         0.0000         0.0000         0.0000
------------------------------------------------------------------------------------------------------------------


---------------------------------------------------------------------------------------
                                  CHEMICAL REACTIONS                                   

                          Units: [mol, cm3, s] and [cal/mol]                           
---------------------------------------------------------------------------------------


      1. H + O2  = O + OH 
         k:       1.040000e+14	    0.00      15286.00


      2. H2 + O  = H + OH 
         k:       5.080000e+04	    2.67       6292.00


      3. H2 + OH  = H + H2O 
         k:       4.380000e+13	    0.00       6990.00


      4. O + H2O  = 2OH 
         k:       2.970000e+06	    2.02      13400.00


      5. H2 +M  = 2H +M 
         k:       4.577000e+19	   -1.40     104400.00
         Third body efficiencies
         H2                  	enhanced by	   2.500
         H2O                 	enhanced by	  12.000
         CO                  	enhanced by	   1.900
         CO2                 	enhanced by	   3.800
         HE                  	enhanced by	   0.830


      6. 2O +M  = O2 +M 
         k:       6.165000e+15	   -0.50          0.00
         Third body efficiencies
         H2                  	enhanced by	   2.500
         H2O                 	enhanced by	  12.000
         AR                  	enhanced by	   0.830
         CO                  	enhanced by	   1.900
         CO2                 	enhanced by	   3.800
         HE                  	enhanced by	   0.830


      7. H + O +M  = OH +M 
         k:       4.714000e+18	   -1.00          0.00
         Third body efficiencies
         H2                  	enhanced by	   2.500
         H2O                 	enhanced by	  12.000
         AR                  	enhanced by	   0.750
         CO                  	enhanced by	   1.500
         CO2                 	enhanced by	   2.000
         HE                  	enhanced by	   0.750


      8. H + OH +M  = H2O +M 
         k:       3.500000e+22	   -2.00          0.00
         Third body efficiencies
         H2                  	enhanced by	   0.730
         H2O                 	enhanced by	   3.650
         AR                  	enhanced by	   0.380


      9. H + O2 (+M)  = HO2 (+M) 
         Fall-off (Troe)
         k0:      1.737000e+19	   -1.23          0.00
         kInf:    4.650000e+12	    0.44          0.00
         Troe Parameters
         a    6.70e-01
         T*** 1.00e-30
         T*   1.00e+30
         T**  1.00e+30
         Third body efficiencies
         H2                  	enhanced by	   1.300
         CO                  	enhanced by	   1.900
         CO2                 	enhanced by	   3.800
         HE                  	enhanced by	   0.000
         H2O                 	enhanced by	  10.000
         AR                  	enhanced by	   0.000


     10. H + O2 (+HE)  = HO2 (+HE) 
         Fall-off (Troe)
         k0:      9.192000e+18	   -1.20          0.00
         kInf:    4.650000e+12	    0.44          0.00
         Troe Parameters
         a    5.90e-01
         T*** 1.00e-30
         T*   1.00e+30
         T**  1.00e+30
         HE is acting as the third body (not the total concentration)

     11. H + O2 (+AR)  = HO2 (+AR) 
         Fall-off (Troe)
         k0:      6.810000e+18	   -1.20          0.00
         kInf:    4.650000e+12	    0.44          0.00
         Troe Parameters
         a    7.00e-01
         T*** 1.00e-30
         T*   1.00e+30
         T**  1.00e+30
         AR is acting as the third body (not the total concentration)

     12. H + HO2  = 2OH 
         k:       7.079000e+13	    0.00        295.00


     13. H2 + O2  = H + HO2 
         k:       5.176000e+05	    2.43      53502.00


     14. O + HO2  = O2 + OH 
         k:       3.250000e+13	    0.00          0.00


     15. OH + HO2  = O2 + H2O 
         k:       2.456000e+13	    0.00       -497.00


     16. 2HO2  = O2 + H2O2 
         k:       1.300000e+11	    0.00      -1630.00


     17. 2HO2  = O2 + H2O2 
         k:       3.658000e+14	    0.00      12000.00


     18. H2O2 (+M)  = 2OH (+M) 
         Fall-off (Troe)
         k0:      2.490000e+24	   -2.30      48749.00
         kInf:    2.000000e+12	    0.90      48749.00
         Troe Parameters
         a    4.30e-01
         T*** 1.00e-30
         T*   1.00e+30
         T**  0.00e+00
         Third body efficiencies
         H2O                 	enhanced by	   0.000
         CO2                 	enhanced by	   1.600
         N2                  	enhanced by	   1.500
         O2                  	enhanced by	   1.200
         HE                  	enhanced by	   0.650
         H2O2                	enhanced by	   7.700
         H2                  	enhanced by	   3.700
         CO                  	enhanced by	   2.800


     19. H2O2 (+H2O)  = 2OH (+H2O) 
         Fall-off (Troe)
         k0:      1.865000e+25	   -2.30      48749.00
         kInf:    2.000000e+12	    0.90      48749.00
         Troe Parameters
         a    5.10e-01
         T*** 1.00e-30
         T*   1.00e+30
         T**  0.00e+00
         H2O is acting as the third body (not the total concentration)

     20. H + H2O2  = OH + H2O 
         k:       2.410000e+13	    0.00       3970.00


     21. H + H2O2  = H2 + HO2 
         k:       2.150000e+10	    1.00       6000.00


     22. O + H2O2  = OH + HO2 
         k:       9.550000e+06	    2.00       3970.00


     23. OH + H2O2  = H2O + HO2 
         k:       1.740000e+12	    0.00        318.00


     24. OH + H2O2  = H2O + HO2 
         k:       7.590000e+13	    0.00       7269.00


     25. O + CO (+M)  = CO2 (+M) 
         Fall-off (Lindemann)
         k0:      1.173000e+24	   -2.79       4191.00
         kInf:    1.362000e+10	    0.00       2384.00
         Third body efficiencies
         H2                  	enhanced by	   2.000
         H2O                 	enhanced by	  12.000
         CO                  	enhanced by	   1.750
         CO2                 	enhanced by	   3.600
         AR                  	enhanced by	   0.700
         HE                  	enhanced by	   0.700


     26. O2 + CO  = O + CO2 
         k:       1.119000e+12	    0.00      47700.00


     27. OH + CO  = H + CO2 
         k:       7.015000e+04	    2.05       -355.67


     28. OH + CO  = H + CO2 
         k:       5.757000e+12	   -0.66        331.83


     29. HO2 + CO  = OH + CO2 
         k:       1.570000e+05	    2.18      17940.00


     30. HCO +M  = H + CO +M 
         k:       4.750000e+11	    0.66      14870.00
         Third body efficiencies
         H2                  	enhanced by	   2.000
         H2O                 	enhanced by	  12.000
         CO                  	enhanced by	   1.500
         CO2                 	enhanced by	   2.000


     31. O2 + HCO  = HO2 + CO 
         k:       7.580000e+12	    0.00        410.00


     32. H + HCO  = H2 + CO 
         k:       7.340000e+13	    0.00          0.00


     33. O + HCO  = OH + CO 
         k:       3.020000e+13	    0.00          0.00


     34. O + HCO  = H + CO2 
         k:       3.000000e+13	    0.00          0.00


     35. OH + HCO  = H2O + CO 
         k:       1.020000e+14	    0.00          0.00


     36. HO2 + HCO  => H + OH + CO2 
         k:       3.000000e+13	    0.00          0.00


     37. 2HCO  => H2 + 2CO 
         k:       3.000000e+12	    0.00          0.00


     38. H + O +M  = OH* +M 
         k:       1.500000e+13	    0.00       5975.00
         Third body efficiencies
         H2                  	enhanced by	   1.000
         H2O                 	enhanced by	   6.500
         O2                  	enhanced by	   0.400
         N2                  	enhanced by	   0.400
         AR                  	enhanced by	   0.350


     39. OH* + H2O  = OH + H2O 
         k:       5.930000e+12	    0.50       -860.00


     40. H2 + OH*  = H2 + OH 
         k:       2.950000e+12	    0.50       -444.00


     41. OH* + N2  = OH + N2 
         k:       1.080000e+11	    0.50      -1242.00


     42. OH + OH*  = 2OH 
         k:       6.010000e+12	    0.50       -764.00


     43. H + OH*  = H + OH 
         k:       1.310000e+12	    0.50       -167.00


     44. O2 + OH*  = O2 + OH 
         k:       2.100000e+12	    0.50       -478.00


     45. OH* + CO2  = OH + CO2 
         k:       2.750000e+12	    0.50       -968.00


     46. OH* + CO  = OH + CO 
         k:       3.230000e+12	    0.50       -787.00


     47. OH* + AR  = OH + AR 
         k:       1.690000e+12	    0.00       4135.00


