 ----------------------------------------------------------------------------------------------------------------------------------------------------------------------------------------------------------------------------------------------------------
                     SPECIFIC HEAT COEFFICIENTS                                                                     

             Cp = A + B*T + C*T^2 + D*T^3 + E*T^4  [J/kg/K]                                                         

    Species                      Cp(298K)         Cp(1000K)          LT-HT            A(LT)            B(LT)            C(LT)            D(LT)            E(LT)             A(HT)           B(HT)            C(HT)            D(HT)           E(HT)      
 ----------------------------------------------------------------------------------------------------------------------------------------------------------------------------------------------------------------------------------------------------------

    1. H                        2.062119e+04     2.062119e+04     1.000000e+03     2.062119e+04     0.000000e+00     0.000000e+00     0.000000e+00     0.000000e+00     2.062119e+04     0.000000e+00     0.000000e+00     0.000000e+00     0.000000e+00
    2. H2                       1.432099e+04     1.496067e+04     1.000000e+03     1.360225e+04     3.402265e+00    -3.358372e-03    -3.907894e-07     1.705319e-09     1.233734e+04     2.887232e+00    -2.323525e-04    -3.807322e-08     6.527644e-12
    3. O                        1.368804e+03     1.307282e+03     1.000000e+03     1.531219e+03    -8.513325e-01     1.258177e-03    -8.329757e-07     2.021942e-10     1.321074e+03    -1.431768e-02    -1.612484e-06     2.365128e-09    -2.270017e-13
    4. O2                       9.161200e+02     1.091817e+03     1.000000e+03     8.348595e+02     2.929696e-01    -1.495696e-04     3.414020e-07    -2.278449e-10     9.607905e+02     1.594189e-01    -3.271015e-05     4.612947e-09    -2.952949e-13
    5. OH                       1.757314e+03     1.804762e+03     1.000000e+03     1.951620e+03    -1.173845e+00     2.257005e-03    -1.896464e-06     6.664452e-10     1.387714e+03     5.413972e-01    -1.437322e-04     2.056732e-08    -1.184518e-12
    6. OH*                      1.760033e+03     1.804107e+03     1.000000e+03     1.778204e+03     9.048816e-02    -8.194512e-04     1.167067e-06    -4.122003e-10     1.409323e+03     4.957165e-01    -1.113130e-04     1.063169e-08    -2.506172e-13
    7. H2O                      1.856601e+03     2.293398e+03     1.000000e+03     1.563129e+03     1.603808e+00    -2.932883e-03     3.216209e-06    -1.156865e-09     1.233275e+03     1.410571e+00    -4.029277e-04     5.542956e-08    -2.949923e-12
    8. N2                       1.037719e+03     1.169484e+03     1.000000e+03     9.790364e+02     4.179610e-01    -1.176271e-03     1.674383e-06    -7.256248e-10     8.686170e+02     4.416266e-01    -1.687218e-04     2.996768e-08    -2.004372e-12
    9. HO2                      1.057090e+03     1.442632e+03     1.000000e+03     1.083656e+03    -1.196340e+00     5.329934e-03    -6.115408e-06     2.340789e-09     1.051031e+03     4.738826e-01    -8.722988e-05     4.903572e-09     4.440045e-14
   10. H2O2                     1.246841e+03     1.838549e+03     1.000000e+03     1.054806e+03    -2.071382e-01     4.312069e-03    -5.543047e-06     2.221859e-09     1.119491e+03     9.907884e-01    -3.173955e-04     4.845126e-08    -2.785880e-12
   11. AR                       5.203303e+02     5.203303e+02     1.000000e+03     5.203303e+02     0.000000e+00     0.000000e+00     0.000000e+00     0.000000e+00     5.203303e+02     0.000000e+00     0.000000e+00     0.000000e+00     0.000000e+00
   12. CO                       1.024522e+03     1.179011e+03     1.429000e+03     9.470245e+02     2.654988e-01    -9.645120e-06    -3.104936e-08     7.182487e-12     9.238133e+02     3.441798e-01    -1.004742e-04     1.310257e-08    -6.318583e-13
   13. CO2                      8.558830e+02     1.234319e+03     1.380000e+03     4.872988e+02     1.558048e+00    -1.214260e-03     4.810766e-07    -7.784343e-11     9.804393e+02     3.892006e-01    -1.385918e-04     2.210522e-08    -1.306859e-12
   14. HE                       5.192645e+03     5.192645e+03     1.000000e+03     5.192645e+03     0.000000e+00     0.000000e+00     0.000000e+00     0.000000e+00     5.192645e+03     0.000000e+00     0.000000e+00     0.000000e+00     0.000000e+00
   15. HCO                      1.223926e+03     1.681210e+03     1.690000e+03     1.091814e+03     2.330244e-01     8.973038e-04    -6.861717e-07     1.452394e-10     9.860800e+02     1.009030e+00    -3.556844e-04     5.654013e-08    -3.339155e-12

 ----------------------------------------------------------------------------------------------------------------------------------------------------------------------------------------------------------------------------------------------------------


 -------------------------------------------------------------------------------------------------------------------------------------------------------------------------------------------------------------------------------------------------------------------------------------------
                           ENTHALPY COEFFICIENTS                                                                     

             H/(RT) = A + B*T + C*T^2 + D*T^3 + E*T^4 + F/T  [-]                                                         

    Species                   H(298K)[J/kmol]  H(1000K)[J/kmol]      LT-HT            A(LT)            B(LT)            C(LT)            D(LT)            E(LT)           F(LT)             A(HT)            B(HT)            C(HT)           D(HT)             E(HT)            F(HT)      
 -------------------------------------------------------------------------------------------------------------------------------------------------------------------------------------------------------------------------------------------------------------------------------------------

    1. H                        2.179941e+08     2.325859e+08     1.000000e+03     2.500000e+00     0.000000e+00     0.000000e+00     0.000000e+00     0.000000e+00     2.547366e+04     2.500000e+00     0.000000e+00     0.000000e+00     0.000000e+00     0.000000e+00     2.547366e+04
    2. H2                      -1.882865e+03     2.066684e+07     1.000000e+03     3.298124e+00     4.124721e-04    -2.714338e-07    -2.368858e-11     8.269744e-14    -1.012521e+03     2.991423e+00     3.500322e-04    -1.877943e-08    -2.307894e-12     3.165504e-16    -8.350340e+02
    3. O                        2.491954e+08     2.640598e+08     1.000000e+03     2.946429e+00    -8.190830e-04     8.070107e-07    -4.007107e-10     7.781392e-14     2.914764e+04     2.542060e+00    -1.377531e-05    -1.034268e-09     1.137767e-12    -8.736104e-17     2.923080e+04
    4. O2                      -5.245004e+03     2.272057e+07     1.000000e+03     3.212936e+00     5.637430e-04    -1.918717e-07     3.284693e-10    -1.753711e-13    -1.005249e+03     3.697578e+00     3.067599e-04    -4.196140e-08     4.438203e-12    -2.272870e-16    -1.233930e+03
    5. OH                       3.729547e+07     5.821851e+07     1.000000e+03     3.991984e+00    -1.200533e-03     1.538880e-06    -9.697908e-10     2.726390e-13     3.368898e+03     2.838530e+00     5.537064e-04    -9.800007e-08     1.051747e-11    -4.845798e-16     3.697808e+03
    6. OH*                      4.248935e+08     4.458261e+08     1.000000e+03     3.637266e+00     9.254550e-05    -5.587215e-07     5.968005e-10    -1.686288e-13     5.002130e+04     2.882730e+00     5.069872e-04    -7.589590e-08     5.436708e-12    -1.025261e-16     5.026500e+04
    7. H2O                     -2.418513e+08    -2.158533e+08     1.000000e+03     3.386842e+00     1.737491e-03    -2.118232e-06     1.742145e-09    -5.013176e-13    -3.020811e+04     2.672146e+00     1.528146e-03    -2.910087e-07     3.002490e-11    -1.278324e-15    -2.989921e+04
    8. N2                      -2.931707e+03     2.146986e+07     1.000000e+03     3.298677e+00     7.041200e-04    -1.321074e-06     1.410379e-09    -4.889710e-13    -1.020900e+03     2.926640e+00     7.439885e-04    -1.894920e-07     2.524260e-11    -1.350670e-15    -9.227977e+02
    9. HO2                      1.229070e+07     4.184978e+07     1.000000e+03     4.301798e+00    -2.374560e-03     7.052764e-06    -6.069098e-09     1.858450e-12     2.640185e+02     4.172287e+00     9.405881e-04    -1.154258e-07     4.866439e-12     3.525138e-17     3.102068e+01
   10. H2O2                    -1.358856e+08    -9.799688e+07     1.000000e+03     4.315151e+00    -4.236953e-04     5.880144e-06    -5.669074e-09     1.817900e-12    -1.770674e+04     4.579773e+00     2.026630e-03    -4.328158e-07     4.955285e-11    -2.279376e-15    -1.800718e+04
   11. AR                      -3.117923e+03     1.458876e+07     1.000000e+03     2.500000e+00     0.000000e+00     0.000000e+00     0.000000e+00     0.000000e+00    -7.453750e+02     2.500000e+00     0.000000e+00     0.000000e+00     0.000000e+00     0.000000e+00    -7.453750e+02
   12. CO                      -1.105569e+08    -8.881071e+07     1.429000e+03     3.190364e+00     4.472100e-04    -1.083092e-08    -2.614999e-11     4.839314e-15    -1.428691e+04     3.112169e+00     5.797414e-04    -1.128268e-07     1.103508e-11    -4.257245e-16    -1.427185e+04
   13. CO2                     -3.935513e+08    -3.600308e+08     1.380000e+03     2.579305e+00     4.123425e-03    -2.142387e-06     6.365926e-10    -8.240609e-14    -4.841628e+04     5.189530e+00     1.030032e-03    -2.445251e-07     2.925109e-11    -1.383458e-15    -4.931790e+04
   14. HE                      -3.117923e+03     1.458876e+07     1.000000e+03     2.500000e+00     0.000000e+00     0.000000e+00     0.000000e+00     0.000000e+00    -7.453750e+02     2.500000e+00     0.000000e+00     0.000000e+00     0.000000e+00     0.000000e+00    -7.453750e+02
   15. HCO                      4.351274e+07     7.318638e+07     1.690000e+03     3.810500e+00     4.066349e-04     1.043882e-06    -5.986957e-10     1.013789e-13     4.038599e+03     3.441482e+00     1.760789e-03    -4.137871e-07     4.933216e-11    -2.330772e-15     3.974097e+03

 -------------------------------------------------------------------------------------------------------------------------------------------------------------------------------------------------------------------------------------------------------------------------------------------


 -------------------------------------------------------------------------------------------------------------------------------------------------------------------------------------------------------------------------------------------------------------------------------------------
                             ENTROPY COEFFICIENTS                                                                     

             S/R = A*lnT + B*T + C*T^2 + D*T^3 + E*T^4 + F  [-]                                                         

    Species                 S(298K)[J/kmol/K] S(1000K)[J/kmol/K]     LT-HT            A(LT)            B(LT)            C(LT)            D(LT)            E(LT)           F(LT)             A(HT)            B(HT)            C(HT)           D(HT)             E(HT)            F(HT)      
 -------------------------------------------------------------------------------------------------------------------------------------------------------------------------------------------------------------------------------------------------------------------------------------------

    1. H                        1.147067e+05     1.398717e+05     1.000000e+03     2.500000e+00     0.000000e+00     0.000000e+00     0.000000e+00     0.000000e+00    -4.466829e-01     2.500000e+00     0.000000e+00     0.000000e+00     0.000000e+00     0.000000e+00    -4.466829e-01
    2. H2                       1.305810e+05     1.661073e+05     1.000000e+03     3.298124e+00     8.249442e-04    -4.071508e-07    -3.158478e-11     1.033718e-13    -3.294094e+00     2.991423e+00     7.000644e-04    -2.816914e-08    -3.077193e-12     3.956880e-16    -1.355110e+00
    3. O                        1.609350e+05     1.866808e+05     1.000000e+03     2.946429e+00    -1.638166e-03     1.210516e-06    -5.342810e-10     9.726740e-14     2.963995e+00     2.542060e+00    -2.755062e-05    -1.551401e-09     1.517022e-12    -1.092013e-16     4.920308e+00
    4. O2                       2.050299e+05     2.435085e+05     1.000000e+03     3.212936e+00     1.127486e-03    -2.878075e-07     4.379590e-10    -2.192139e-13     6.034738e+00     3.697578e+00     6.135197e-04    -6.294210e-08     5.917603e-12    -2.841088e-16     3.189166e+00
    5. OH                       1.837217e+05     2.197234e+05     1.000000e+03     3.991984e+00    -2.401067e-03     2.308320e-06    -1.293054e-09     3.407988e-13    -1.039985e-01     2.838530e+00     1.107413e-03    -1.470001e-07     1.402329e-11    -6.057247e-16     5.844947e+00
    6. OH*                      1.835902e+05     2.196362e+05     1.000000e+03     3.637266e+00     1.850910e-04    -8.380823e-07     7.957340e-10    -2.107860e-13     1.358861e+00     2.882730e+00     1.013974e-03    -1.138438e-07     7.248943e-12    -1.281576e-16     5.595712e+00
    7. H2O                      1.886992e+05     2.326350e+05     1.000000e+03     3.386842e+00     3.474982e-03    -3.177348e-06     2.322860e-09    -6.266470e-13     2.590233e+00     2.672146e+00     3.056293e-03    -4.365130e-07     4.003320e-11    -1.597904e-15     6.862817e+00
    8. N2                       1.914976e+05     2.280885e+05     1.000000e+03     3.298677e+00     1.408240e-03    -1.981611e-06     1.880505e-09    -6.112138e-13     3.950372e+00     2.926640e+00     1.487977e-03    -2.842380e-07     3.365680e-11    -1.688338e-15     5.980528e+00
    9. HO2                      2.290868e+05     2.784795e+05     1.000000e+03     4.301798e+00    -4.749121e-03     1.057915e-05    -8.092130e-09     2.323063e-12     3.716662e+00     4.172287e+00     1.881176e-03    -1.731386e-07     6.488585e-12     4.406423e-17     2.957677e+00
   10. H2O2                     2.345193e+05     2.973932e+05     1.000000e+03     4.315151e+00    -8.473906e-04     8.820216e-06    -7.558765e-09     2.272375e-12     3.273733e+00     4.579773e+00     4.053260e-03    -6.492236e-07     6.607047e-11    -2.849220e-15     6.649707e-01
   11. AR                       1.547216e+05     1.798866e+05     1.000000e+03     2.500000e+00     0.000000e+00     0.000000e+00     0.000000e+00     0.000000e+00     4.366001e+00     2.500000e+00     0.000000e+00     0.000000e+00     0.000000e+00     0.000000e+00     4.366001e+00
   12. CO                       1.976580e+05     2.346373e+05     1.429000e+03     3.190364e+00     8.944200e-04    -1.624638e-08    -3.486666e-11     6.049142e-15     5.332779e+00     3.112169e+00     1.159483e-03    -1.692402e-07     1.471344e-11    -5.321556e-16     5.717252e+00
   13. CO2                      2.136799e+05     2.694523e+05     1.380000e+03     2.579305e+00     8.246850e-03    -3.213580e-06     8.487901e-10    -1.030076e-13     8.811410e+00     5.189530e+00     2.060065e-03    -3.667877e-07     3.900146e-11    -1.729323e-15    -5.182893e+00
   14. HE                       1.260313e+05     1.511963e+05     1.000000e+03     2.500000e+00     0.000000e+00     0.000000e+00     0.000000e+00     0.000000e+00     9.153488e-01     2.500000e+00     0.000000e+00     0.000000e+00     0.000000e+00     0.000000e+00     9.153489e-01
   15. HCO                      2.246442e+05     2.741942e+05     1.690000e+03     3.810500e+00     8.132698e-04     1.565824e-06    -7.982609e-10     1.267236e-13     4.948432e+00     3.441482e+00     3.521577e-03    -6.206806e-07     6.577621e-11    -2.913465e-15     6.245935e+00

 -------------------------------------------------------------------------------------------------------------------------------------------------------------------------------------------------------------------------------------------------------------------------------------------


