-----------------------------------------------------------------------------------------------------------------------------------------------------
Name                              MW       Cp@298K        H@298K        G@298K        S@298K      Cp@1000K       H@1000K       G@1000K       S@1000K 
                           [kg/kmol]   [cal/mol/K]    [kcal/mol]    [kcal/mol]   [cal/mol/K]   [cal/mol/K]    [kcal/mol]    [kcal/mol]   [cal/mol/K] 
-----------------------------------------------------------------------------------------------------------------------------------------------------
H                             1.0080        4.9675       52.0965       43.9275       27.4128        4.9675       55.5837       22.1569       33.4267
H2                            2.0160        6.8997       -0.0004       -9.3000       31.2064        7.2078        4.9390      -34.7575       39.6965
O                            15.9990        5.2336       59.5530       48.0918       38.4604        4.9983       63.1053       18.4921       44.6132
O2                           31.9980        7.0055       -0.0013      -14.6027       48.9983        8.3490        5.4298      -52.7641       58.1939
OH                           17.0070        7.1423        8.9129       -4.1711       43.9060        7.3352       13.9131      -38.5966       52.5098
OH*                          17.0070        7.1534      101.5416       88.4669       43.8746        7.3325      106.5441       54.0551       52.4889
H2O                          18.0150        7.9931      -57.7979      -71.2364       45.0956        9.8736      -51.5849     -107.1802       55.5954
N2                           28.0140        6.9473       -0.0007      -13.6385       45.7643        7.8295        5.1309      -49.3780       54.5089
HO2                          33.0060        8.3381        2.9372      -13.3775       54.7474       11.3792       10.0013      -56.5500       66.5514
H2O2                         34.0140       10.1352      -32.4741      -49.1757       56.0457       14.9450      -23.4194      -94.4908       71.0714
AR                           39.9480        4.9675       -0.0007      -11.0195       36.9756        4.9675        3.4864      -39.5031       42.9895
CO                           28.0100        6.8580      -26.4210      -40.4975       47.2365        7.8921      -21.2241      -77.2980       56.0739
CO2                          44.0090        9.0016      -94.0513     -109.2689       51.0655       12.9817      -86.0406     -150.4346       64.3940
HE                            4.0030        4.9675       -0.0007       -8.9762       30.1191        4.9675        3.4864      -32.6466       36.1331
HCO                          29.0180        8.4876       10.3987       -5.5996       53.6857       11.6588       17.4902      -48.0371       65.5273
-----------------------------------------------------------------------------------------------------------------------------------------------------

 ====================================================================================================
   THERMO TABLE FOR MOLECULE H
 ====================================================================================================
   Elemental Composition:
     H 1.0000
   Formation Enthalpy at 298K =          52.0965 kcal/mol
   Formation Free Gibbs Energy at 298K = 43.9275 kcal/mol
   Molecular Weight =                    1.0080 kg/kmol
 -----------------------------------------------------------------------------------------------------
   Temperature       Cp             H             G            S             DH            DG         
       [K]       [cal/mol/K]    [kcal/mol]    [kcal/mol]  [cal/(mol-K)]  [kcal/mol]     [kcal/mol]    
 -----------------------------------------------------------------------------------------------------
     300.0000      4.9675        52.1064       43.8726       27.4460       0.0099        -0.0549       
     600.0000      4.9675        53.5967       35.0631       30.8892       1.5002        -8.8643       
     800.0000      4.9675        54.5902       28.7356       32.3182       2.4937        -15.1919      
     1000.0000     4.9675        55.5837       22.1569       33.4267       3.4872        -21.7705      
     1200.0000     4.9675        56.5772       15.3783       34.3324       4.4807        -28.5492      
     1400.0000     4.9675        57.5707       8.4333        35.0981       5.4742        -35.4942      
     1600.0000     4.9675        58.5642       1.3458        35.7615       6.4677        -42.5816      
     1800.0000     4.9675        59.5577       -5.8661       36.3465       7.4612        -49.7936      
     2000.0000     4.9675        60.5512       -13.1887      36.8699       8.4547        -57.1162      
     2200.0000     4.9675        61.5447       -20.6108      37.3434       9.4482        -64.5382      
     2400.0000     4.9675        62.5382       -28.1233      37.7756       10.4417       -72.0508      
     2600.0000     4.9675        63.5317       -35.7187      38.1732       11.4352       -79.6462      
 -----------------------------------------------------------------------------------------------------


 ====================================================================================================
   THERMO TABLE FOR MOLECULE H2
 ====================================================================================================
   Elemental Composition:
     H 2.0000
   Formation Enthalpy at 298K =          -0.0004 kcal/mol
   Formation Free Gibbs Energy at 298K = -9.3000 kcal/mol
   Molecular Weight =                    2.0160 kg/kmol
 -----------------------------------------------------------------------------------------------------
   Temperature       Cp             H             G            S             DH            DG         
       [K]       [cal/mol/K]    [kcal/mol]    [kcal/mol]  [cal/(mol-K)]  [kcal/mol]     [kcal/mol]    
 -----------------------------------------------------------------------------------------------------
     300.0000      6.9011        0.0134        -9.3624       31.2526       0.0138        -0.0625       
     600.0000      7.0202        2.1054        -19.5435      36.0814       2.1058        -10.2435      
     800.0000      7.0693        3.5138        -26.9718      38.1069       3.5142        -17.6718      
     1000.0000     7.2078        4.9390        -34.7575      39.6965       4.9394        -25.4576      
     1200.0000     7.4268        6.4027        -42.8336      41.0302       6.4031        -33.5336      
     1400.0000     7.6337        7.9089        -51.1581      42.1908       7.9094        -41.8582      
     1600.0000     7.8285        9.4553        -59.7014      43.2229       9.4558        -50.4014      
     1800.0000     8.0111        11.0395       -68.4407      44.1557       11.0400       -59.1408      
     2000.0000     8.1818        12.6590       -77.3583      45.0087       12.6594       -68.0584      
     2200.0000     8.3408        14.3114       -86.4398      45.7960       14.3119       -77.1399      
     2400.0000     8.4884        15.9945       -95.6731      46.5282       15.9950       -86.3731      
     2600.0000     8.6252        17.7061       -105.0479     47.2131       17.7065       -95.7480      
 -----------------------------------------------------------------------------------------------------


 ====================================================================================================
   THERMO TABLE FOR MOLECULE O
 ====================================================================================================
   Elemental Composition:
     O 1.0000
   Formation Enthalpy at 298K =          59.5530 kcal/mol
   Formation Free Gibbs Energy at 298K = 48.0918 kcal/mol
   Molecular Weight =                    15.9990 kg/kmol
 -----------------------------------------------------------------------------------------------------
   Temperature       Cp             H             G            S             DH            DG         
       [K]       [cal/mol/K]    [kcal/mol]    [kcal/mol]  [cal/(mol-K)]  [kcal/mol]     [kcal/mol]    
 -----------------------------------------------------------------------------------------------------
     300.0000      5.2313        59.5635       48.0148       38.4954       0.0105        -0.0770       
     600.0000      5.0456        61.0984       35.8688       42.0493       1.5454        -12.2230      
     800.0000      5.0153        62.1039       27.3072       43.4959       2.5509        -20.7845      
     1000.0000     4.9983        63.1053       18.4921       44.6132       3.5523        -29.5997      
     1200.0000     4.9903        64.1042       9.4756        45.5238       4.5512        -38.6162      
     1400.0000     4.9838        65.1016       0.2920        46.2925       5.5486        -47.7998      
     1600.0000     4.9791        66.0978       -9.0345       46.9577       6.5448        -57.1263      
     1800.0000     4.9762        67.0933       -18.4858      47.5440       7.5403        -66.5776      
     2000.0000     4.9754        68.0884       -28.0479      48.0682       8.5354        -76.1397      
     2200.0000     4.9768        69.0836       -37.7098      48.5424       9.5306        -85.8016      
     2400.0000     4.9804        70.0793       -47.4622      48.9756       10.5263       -95.5540      
     2600.0000     4.9863        71.0759       -57.2977      49.3745       11.5229       -105.3895     
 -----------------------------------------------------------------------------------------------------


 ====================================================================================================
   THERMO TABLE FOR MOLECULE O2
 ====================================================================================================
   Elemental Composition:
     O 2.0000
   Formation Enthalpy at 298K =          -0.0013 kcal/mol
   Formation Free Gibbs Energy at 298K = -14.6027 kcal/mol
   Molecular Weight =                    31.9980 kg/kmol
 -----------------------------------------------------------------------------------------------------
   Temperature       Cp             H             G            S             DH            DG         
       [K]       [cal/mol/K]    [kcal/mol]    [kcal/mol]  [cal/(mol-K)]  [kcal/mol]     [kcal/mol]    
 -----------------------------------------------------------------------------------------------------
     300.0000      7.0096        0.0128        -14.7008      49.0452       0.0140        -0.0980       
     600.0000      7.6546        2.2114        -30.2483      54.0995       2.2127        -15.6455      
     800.0000      8.0674        3.7847        -41.3030      56.3597       3.7860        -26.7003      
     1000.0000     8.3490        5.4298        -52.7641      58.1939       5.4310        -38.1614      
     1200.0000     8.5060        7.1155        -64.5608      59.7302       7.1168        -49.9580      
     1400.0000     8.6516        8.8314        -76.6421      61.0525       8.8327        -62.0393      
     1600.0000     8.7869        10.5755       -88.9713      62.2167       10.5767       -74.3685      
     1800.0000     8.9130        12.3456       -101.5206     63.2590       12.3469       -86.9179      
     2000.0000     9.0308        14.1401       -114.2684     64.2043       14.1414       -99.6657      
     2200.0000     9.1411        15.9574       -127.1971     65.0702       15.9587       -112.5943     
     2400.0000     9.2448        17.7961       -140.2921     65.8701       17.7974       -125.6894     
     2600.0000     9.3426        19.6549       -153.5414     66.6140       19.6562       -138.9386     
 -----------------------------------------------------------------------------------------------------


 ====================================================================================================
   THERMO TABLE FOR MOLECULE OH
 ====================================================================================================
   Elemental Composition:
     O 1.0000
     H 1.0000
   Formation Enthalpy at 298K =          8.9129 kcal/mol
   Formation Free Gibbs Energy at 298K = -4.1711 kcal/mol
   Molecular Weight =                    17.0070 kg/kmol
 -----------------------------------------------------------------------------------------------------
   Temperature       Cp             H             G            S             DH            DG         
       [K]       [cal/mol/K]    [kcal/mol]    [kcal/mol]  [cal/(mol-K)]  [kcal/mol]     [kcal/mol]    
 -----------------------------------------------------------------------------------------------------
     300.0000      7.1402        8.9272        -4.2589       43.9538       0.0143        -0.0879       
     600.0000      7.0580        11.0473       -18.2661      48.8557       2.1344        -14.0950      
     800.0000      7.1493        12.4668       -28.2507      50.8968       3.5538        -24.0796      
     1000.0000     7.3352        13.9131       -38.5966      52.5098       5.0002        -34.4255      
     1200.0000     7.5739        15.4045       -49.2379      53.8686       6.4916        -45.0668      
     1400.0000     7.7867        16.9410       -60.1325      55.0524       8.0280        -55.9614      
     1600.0000     7.9762        18.5176       -71.2501      56.1048       9.6047        -67.0790      
     1800.0000     8.1452        20.1301       -82.5676      57.0542       11.2172       -78.3965      
     2000.0000     8.2960        21.7745       -94.0663      57.9204       12.8616       -89.8952      
     2200.0000     8.4310        23.4474       -105.7311     58.7175       14.5345       -101.5600     
     2400.0000     8.5522        25.1460       -117.5494     59.4564       16.2330       -113.3783     
     2600.0000     8.6615        26.8675       -129.5103     60.1453       17.9546       -125.3393     
 -----------------------------------------------------------------------------------------------------


 ====================================================================================================
   THERMO TABLE FOR MOLECULE OH*
 ====================================================================================================
   Elemental Composition:
     O 1.0000
     H 1.0000
   Formation Enthalpy at 298K =          101.5416 kcal/mol
   Formation Free Gibbs Energy at 298K = 88.4669 kcal/mol
   Molecular Weight =                    17.0070 kg/kmol
 -----------------------------------------------------------------------------------------------------
   Temperature       Cp             H             G            S             DH            DG         
       [K]       [cal/mol/K]    [kcal/mol]    [kcal/mol]  [cal/(mol-K)]  [kcal/mol]     [kcal/mol]    
 -----------------------------------------------------------------------------------------------------
     300.0000      7.1523        101.5559      88.3791       43.9225       0.0143        -0.0878       
     600.0000      7.0564        103.6827      74.3783       48.8407       2.1411        -14.0886      
     800.0000      7.1323        105.0993      64.3971       50.8778       3.5578        -24.0699      
     1000.0000     7.3325        106.5441      54.0551       52.4889       5.0025        -34.4118      
     1200.0000     7.5668        107.9621      43.3458       53.8469       6.4205        -45.1211      
     1400.0000     7.7766        109.4968      32.4557       55.0294       7.9552        -56.0112      
     1600.0000     7.9637        111.0712      21.3428       56.0802       9.5296        -67.1241      
     1800.0000     8.1301        112.6809      10.0305       57.0280       11.1393       -78.4365      
     2000.0000     8.2772        114.3219      -1.4628       57.8924       12.7804       -89.9298      
     2200.0000     8.4070        115.9906      -13.1219      58.6875       14.4491       -101.5888     
     2400.0000     8.5211        117.6837      -24.9339      59.4240       16.1421       -113.4009     
     2600.0000     8.6210        119.3981      -36.8881      60.1101       17.8566       -125.3551     
 -----------------------------------------------------------------------------------------------------


 ====================================================================================================
   THERMO TABLE FOR MOLECULE H2O
 ====================================================================================================
   Elemental Composition:
     H 2.0000
     O 1.0000
   Formation Enthalpy at 298K =          -57.7979 kcal/mol
   Formation Free Gibbs Energy at 298K = -71.2364 kcal/mol
   Molecular Weight =                    18.0150 kg/kmol
 -----------------------------------------------------------------------------------------------------
   Temperature       Cp             H             G            S             DH            DG         
       [K]       [cal/mol/K]    [kcal/mol]    [kcal/mol]  [cal/(mol-K)]  [kcal/mol]     [kcal/mol]    
 -----------------------------------------------------------------------------------------------------
     300.0000      7.9982        -57.7819      -71.3266      45.1490       0.0160        -0.0902       
     600.0000      8.6723        -55.2808      -85.8217      50.9016       2.5171        -14.5854      
     800.0000      9.2217        -53.4937      -96.2684      53.4683       4.3042        -25.0320      
     1000.0000     9.8736        -51.5849      -107.1802     55.5954       6.2130        -35.9438      
     1200.0000     10.4850       -49.5476      -118.4887     57.4509       8.2503        -47.2523      
     1400.0000     11.0176       -47.3961      -130.1474     59.1081       10.4018       -58.9110      
     1600.0000     11.4795       -45.1453      -142.1216     60.6102       12.6526       -70.8852      
     1800.0000     11.8787       -42.8085      -154.3831     61.9859       14.9894       -83.1467      
     2000.0000     12.2224       -40.3975      -166.9089     63.2557       17.4004       -95.6725      
     2200.0000     12.5174       -37.9228      -179.6793     64.4348       19.8751       -108.4430     
     2400.0000     12.7701       -35.3934      -192.6776     65.5351       22.4045       -121.4412     
     2600.0000     12.9863       -32.8172      -205.8888     66.5660       24.9807       -134.6524     
 -----------------------------------------------------------------------------------------------------


 ====================================================================================================
   THERMO TABLE FOR MOLECULE N2
 ====================================================================================================
   Elemental Composition:
     N 2.0000
   Formation Enthalpy at 298K =          -0.0007 kcal/mol
   Formation Free Gibbs Energy at 298K = -13.6385 kcal/mol
   Molecular Weight =                    28.0140 kg/kmol
 -----------------------------------------------------------------------------------------------------
   Temperature       Cp             H             G            S             DH            DG         
       [K]       [cal/mol/K]    [kcal/mol]    [kcal/mol]  [cal/(mol-K)]  [kcal/mol]     [kcal/mol]    
 -----------------------------------------------------------------------------------------------------
     300.0000      6.9485        0.0132        -13.7300      45.8108       0.0139        -0.0916       
     600.0000      7.1901        2.1285        -28.2849      50.6890       2.1292        -14.6465      
     800.0000      7.5026        3.5960        -38.6422      52.7977       3.5967        -25.0037      
     1000.0000     7.8295        5.1309        -49.3780      54.5089       5.1316        -35.7395      
     1200.0000     8.0555        6.7201        -60.4283      55.9570       6.7208        -46.7898      
     1400.0000     8.2395        8.3503        -71.7480      57.2131       8.3510        -58.1096      
     1600.0000     8.3880        10.0136       -83.3038      58.3234       10.0143       -69.6654      
     1800.0000     8.5065        11.7035       -95.0697      59.3184       11.7042       -81.4313      
     2000.0000     8.6005        13.4146       -107.0250     60.2198       13.4153       -93.3865      
     2200.0000     8.6746        15.1424       -119.1524     61.0431       15.1431       -105.5140     
     2400.0000     8.7331        16.8834       -131.4378     61.8005       16.8841       -117.7993     
     2600.0000     8.7796        18.6348       -143.8689     62.5014       18.6355       -130.2304     
 -----------------------------------------------------------------------------------------------------


 ====================================================================================================
   THERMO TABLE FOR MOLECULE HO2
 ====================================================================================================
   Elemental Composition:
     H 1.0000
     O 2.0000
   Formation Enthalpy at 298K =          2.9372 kcal/mol
   Formation Free Gibbs Energy at 298K = -13.3775 kcal/mol
   Molecular Weight =                    33.0060 kg/kmol
 -----------------------------------------------------------------------------------------------------
   Temperature       Cp             H             G            S             DH            DG         
       [K]       [cal/mol/K]    [kcal/mol]    [kcal/mol]  [cal/(mol-K)]  [kcal/mol]     [kcal/mol]    
 -----------------------------------------------------------------------------------------------------
     300.0000      8.3476        2.9539        -13.4870      54.8032       0.0167        -0.1096       
     600.0000      9.9944        5.7059        -30.9509      61.0946       2.7686        -17.5734      
     800.0000      10.7703       7.7887        -43.4794      64.0852       4.8515        -30.1019      
     1000.0000     11.3792       10.0013       -56.5500      66.5514       7.0641        -43.1726      
     1200.0000     11.8526       12.3252       -70.0770      68.6686       9.3880        -56.6995      
     1400.0000     12.2823       14.7394       -84.0004      70.5285       11.8022       -70.6229      
     1600.0000     12.6703       17.2354       -98.2755      72.1943       14.2981       -84.8980      
     1800.0000     13.0185       19.8049       -112.8680     73.7071       16.8676       -99.4905      
     2000.0000     13.3289       22.4402       -127.7501     75.0952       19.5030       -114.3726     
     2200.0000     13.6036       25.1341       -142.8991     76.3787       22.1968       -129.5216     
     2400.0000     13.8444       27.8794       -158.2956     77.5729       24.9422       -144.9181     
     2600.0000     14.0534       30.6697       -173.9231     78.6895       27.7325       -160.5456     
 -----------------------------------------------------------------------------------------------------


 ====================================================================================================
   THERMO TABLE FOR MOLECULE H2O2
 ====================================================================================================
   Elemental Composition:
     H 2.0000
     O 2.0000
   Formation Enthalpy at 298K =          -32.4741 kcal/mol
   Formation Free Gibbs Energy at 298K = -49.1757 kcal/mol
   Molecular Weight =                    34.0140 kg/kmol
 -----------------------------------------------------------------------------------------------------
   Temperature       Cp             H             G            S             DH            DG         
       [K]       [cal/mol/K]    [kcal/mol]    [kcal/mol]  [cal/(mol-K)]  [kcal/mol]     [kcal/mol]    
 -----------------------------------------------------------------------------------------------------
     300.0000      10.1534       -32.4538      -49.2879      56.1136       0.0203        -0.1122       
     600.0000      12.7907       -28.9971      -67.3932      63.9935       3.4770        -18.2175      
     800.0000      13.9883       -26.3109      -80.5902      67.8492       6.1632        -31.4145      
     1000.0000     14.9450       -23.4194      -94.4908      71.0714       9.0547        -45.3151      
     1200.0000     15.6830       -20.3547      -108.9905     73.8632       12.1194       -59.8148      
     1400.0000     16.3123       -17.1535      -124.0144     76.3293       15.3206       -74.8387      
     1600.0000     16.8461       -13.8361      -139.5054     78.5433       18.6380       -90.3297      
     1800.0000     17.2968       -10.4206      -155.4182     80.5543       22.0535       -106.2425     
     2000.0000     17.6760       -6.9222       -171.7159     82.3969       25.5519       -122.5402     
     2200.0000     17.9943       -3.3542       -188.3675     84.0970       29.1199       -139.1918     
     2400.0000     18.2615       0.2722        -205.3465     85.6745       32.7463       -156.1708     
     2600.0000     18.4864       3.9476        -222.6302     87.1453       36.4217       -173.4545     
 -----------------------------------------------------------------------------------------------------


 ====================================================================================================
   THERMO TABLE FOR MOLECULE AR
 ====================================================================================================
   Elemental Composition:
     AR 1.0000
   Formation Enthalpy at 298K =          -0.0007 kcal/mol
   Formation Free Gibbs Energy at 298K = -11.0195 kcal/mol
   Molecular Weight =                    39.9480 kg/kmol
 -----------------------------------------------------------------------------------------------------
   Temperature       Cp             H             G            S             DH            DG         
       [K]       [cal/mol/K]    [kcal/mol]    [kcal/mol]  [cal/(mol-K)]  [kcal/mol]     [kcal/mol]    
 -----------------------------------------------------------------------------------------------------
     300.0000      4.9675        0.0092        -11.0934      37.0088       0.0099        -0.0740       
     600.0000      4.9675        1.4994        -22.7718      40.4520       1.5002        -11.7523      
     800.0000      4.9675        2.4929        -31.0119      41.8811       2.4937        -19.9924      
     1000.0000     4.9675        3.4864        -39.5031      42.9895       3.4872        -28.4836      
     1200.0000     4.9675        4.4799        -48.1943      43.8952       4.4807        -37.1748      
     1400.0000     4.9675        5.4734        -57.0519      44.6609       5.4742        -46.0324      
     1600.0000     4.9675        6.4669        -66.0519      45.3243       6.4677        -55.0324      
     1800.0000     4.9675        7.4604        -75.1764      45.9093       7.4612        -64.1569      
     2000.0000     4.9675        8.4539        -84.4115      46.4327       8.4547        -73.3921      
     2200.0000     4.9675        9.4474        -93.7462      46.9062       9.4482        -82.7267      
     2400.0000     4.9675        10.4409       -103.1712     47.3384       10.4417       -92.1518      
     2600.0000     4.9675        11.4344       -112.6792     47.7360       11.4352       -101.6598     
 -----------------------------------------------------------------------------------------------------


 ====================================================================================================
   THERMO TABLE FOR MOLECULE CO
 ====================================================================================================
   Elemental Composition:
     C 1.0000
     O 1.0000
   Formation Enthalpy at 298K =          -26.4210 kcal/mol
   Formation Free Gibbs Energy at 298K = -40.4975 kcal/mol
   Molecular Weight =                    28.0100 kg/kmol
 -----------------------------------------------------------------------------------------------------
   Temperature       Cp             H             G            S             DH            DG         
       [K]       [cal/mol/K]    [kcal/mol]    [kcal/mol]  [cal/(mol-K)]  [kcal/mol]     [kcal/mol]    
 -----------------------------------------------------------------------------------------------------
     300.0000      6.8614        -26.4073      -40.5920      47.2824       0.0137        -0.0945       
     600.0000      7.3437        -24.2753      -55.5888      52.1893       2.1458        -15.0913      
     800.0000      7.6330        -22.7771      -66.2509      54.3422       3.6439        -25.7534      
     1000.0000     7.8921        -21.2241      -77.2980      56.0739       5.1969        -36.8005      
     1200.0000     8.1195        -19.6224      -88.6625      57.5334       6.7986        -48.1649      
     1400.0000     8.3152        -17.9784      -100.2986     58.8001       8.4426        -59.8010      
     1600.0000     8.4799        -16.2984      -112.1729     59.9215       10.1226       -71.6753      
     1800.0000     8.6189        -14.5881      -124.2596     60.9286       11.8329       -83.7620      
     2000.0000     8.7354        -12.8524      -136.5381     61.8429       13.5687       -96.0406      
     2200.0000     8.8321        -11.0953      -148.9916     62.6801       15.3257       -108.4941     
     2400.0000     8.9114        -9.3207       -161.6058     63.4521       17.1003       -121.1083     
     2600.0000     8.9757        -7.5317       -174.3687     64.1681       18.8893       -133.8712     
 -----------------------------------------------------------------------------------------------------


 ====================================================================================================
   THERMO TABLE FOR MOLECULE CO2
 ====================================================================================================
   Elemental Composition:
     C 1.0000
     O 2.0000
   Formation Enthalpy at 298K =          -94.0513 kcal/mol
   Formation Free Gibbs Energy at 298K = -109.2689 kcal/mol
   Molecular Weight =                    44.0090 kg/kmol
 -----------------------------------------------------------------------------------------------------
   Temperature       Cp             H             G            S             DH            DG         
       [K]       [cal/mol/K]    [kcal/mol]    [kcal/mol]  [cal/(mol-K)]  [kcal/mol]     [kcal/mol]    
 -----------------------------------------------------------------------------------------------------
     300.0000      9.0216        -94.0333      -109.3710     51.1257       0.0180        -0.1022       
     600.0000      11.3463       -90.9468      -125.8452     58.1640       3.1045        -16.5764      
     800.0000      12.3162       -88.5745      -137.8302     61.5697       5.4768        -28.5614      
     1000.0000     12.9817       -86.0406      -150.4346     64.3940       8.0108        -41.1658      
     1200.0000     13.4443       -83.3953      -163.5604     66.8042       10.6561       -54.2915      
     1400.0000     13.7705       -80.6717      -177.1356     68.9028       13.3797       -67.8668      
     1600.0000     13.9917       -77.8947      -191.1052     70.7566       16.1567       -81.8363      
     1800.0000     14.1685       -75.0780      -205.4253     72.4152       18.9734       -96.1564      
     2000.0000     14.3078       -72.2298      -220.0607     73.9155       21.8216       -110.7919     
     2200.0000     14.4157       -69.3569      -234.9827     75.2845       24.6944       -125.7139     
     2400.0000     14.4977       -66.4652      -250.1671     76.5425       27.5861       -140.8983     
     2600.0000     14.5589       -63.5592      -265.5934     77.7054       30.4921       -156.3245     
 -----------------------------------------------------------------------------------------------------


 ====================================================================================================
   THERMO TABLE FOR MOLECULE HE
 ====================================================================================================
   Elemental Composition:
     HE 1.0000
   Formation Enthalpy at 298K =          -0.0007 kcal/mol
   Formation Free Gibbs Energy at 298K = -8.9762 kcal/mol
   Molecular Weight =                    4.0030 kg/kmol
 -----------------------------------------------------------------------------------------------------
   Temperature       Cp             H             G            S             DH            DG         
       [K]       [cal/mol/K]    [kcal/mol]    [kcal/mol]  [cal/(mol-K)]  [kcal/mol]     [kcal/mol]    
 -----------------------------------------------------------------------------------------------------
     300.0000      4.9675        0.0092        -9.0365       30.1523       0.0099        -0.0603       
     600.0000      4.9675        1.4994        -18.6579      33.5955       1.5002        -9.6816       
     800.0000      4.9675        2.4929        -25.5267      35.0246       2.4937        -16.5505      
     1000.0000     4.9675        3.4864        -32.6466      36.1331       3.4872        -23.6704      
     1200.0000     4.9675        4.4799        -39.9666      37.0388       4.4807        -30.9903      
     1400.0000     4.9675        5.4734        -47.4529      37.8045       5.4742        -38.4766      
     1600.0000     4.9675        6.4669        -55.0816      38.4678       6.4677        -46.1053      
     1800.0000     4.9675        7.4604        -62.8348      39.0529       7.4612        -53.8585      
     2000.0000     4.9675        8.4539        -70.6986      39.5763       8.4547        -61.7224      
     2200.0000     4.9675        9.4474        -78.6620      40.0497       9.4482        -69.6857      
     2400.0000     4.9675        10.4409       -86.7158      40.4820       10.4417       -77.7395      
     2600.0000     4.9675        11.4344       -94.8525      40.8796       11.4352       -85.8762      
 -----------------------------------------------------------------------------------------------------


 ====================================================================================================
   THERMO TABLE FOR MOLECULE HCO
 ====================================================================================================
   Elemental Composition:
     H 1.0000
     C 1.0000
     O 1.0000
   Formation Enthalpy at 298K =          10.3987 kcal/mol
   Formation Free Gibbs Energy at 298K = -5.5996 kcal/mol
   Molecular Weight =                    29.0180 kg/kmol
 -----------------------------------------------------------------------------------------------------
   Temperature       Cp             H             G            S             DH            DG         
       [K]       [cal/mol/K]    [kcal/mol]    [kcal/mol]  [cal/(mol-K)]  [kcal/mol]     [kcal/mol]    
 -----------------------------------------------------------------------------------------------------
     300.0000      8.4960        10.4157       -5.7070       53.7425       0.0170        -0.1074       
     600.0000      9.8839        13.1680       -22.8598      60.0463       2.7692        -17.2602      
     800.0000      10.8229       15.2397       -35.1762      63.0199       4.8410        -29.5766      
     1000.0000     11.6588       17.4902       -48.0371      65.5273       7.0914        -42.4375      
     1200.0000     12.3371       19.8926       -61.3659      67.7155       9.4939        -55.7663      
     1400.0000     12.8422       22.4134       -75.1069      69.6573       12.0146       -69.5073      
     1600.0000     13.1971       25.0194       -89.2154      71.3968       14.6207       -83.6158      
     1800.0000     13.4854       27.6875       -103.6544     72.9677       17.2888       -98.0548      
     2000.0000     13.7329       30.4103       -118.3934     74.4019       20.0116       -112.7938     
     2200.0000     13.9267       33.1771       -133.4074     75.7202       22.7784       -127.8078     
     2400.0000     14.0764       35.9781       -148.6749     76.9387       25.5794       -143.0752     
     2600.0000     14.1905       38.8053       -164.1771     78.0702       28.4066       -158.5775     
 -----------------------------------------------------------------------------------------------------


