 ----------------------------------------------------------------------------------------------------------------------------------------------------------------------------------------------------------------------------------------------------------
                     SPECIFIC HEAT COEFFICIENTS                                                                     

             Cp = A + B*T + C*T^2 + D*T^3 + E*T^4  [J/kg/K]                                                         

    Species                      Cp(298K)         Cp(1000K)          LT-HT            A(LT)            B(LT)            C(LT)            D(LT)            E(LT)             A(HT)           B(HT)            C(HT)            D(HT)           E(HT)      
 ----------------------------------------------------------------------------------------------------------------------------------------------------------------------------------------------------------------------------------------------------------

    1. N2                       1.039619e+03     1.166151e+03     1.000000e+03     1.049484e+03    -4.697429e-02    -1.267275e-04     7.050185e-07    -4.146493e-10     8.719975e+02     4.209706e-01    -1.493721e-04     2.396798e-08    -1.412943e-12
    2. H2                       1.430297e+04     1.494359e+04     1.000000e+03     9.803073e+03     3.191817e+01    -7.783882e-02     8.063589e-05    -2.957473e-08     1.196885e+04     3.583931e+00    -6.840642e-04     7.871185e-08    -3.840167e-12
    3. H                        2.062101e+04     2.062112e+04     1.000000e+03     2.061920e+04     5.558024e-03     9.222393e-06    -3.053520e-08     1.767102e-11     2.061997e+04     1.934948e-03    -9.582388e-07     1.861749e-10    -1.261951e-14
    4. O2                       9.180628e+02     1.090204e+03     1.000000e+03     9.835019e+02    -7.847322e-01     2.577720e-03    -2.540852e-06     8.545663e-10     9.509754e+02     1.714646e-01    -3.745852e-05     5.577691e-09    -3.546958e-13
    5. O                        1.369578e+03     1.308430e+03     1.000000e+03     1.641723e+03    -1.670844e+00     3.374093e-03    -3.111649e-06     1.075107e-09     1.326032e+03    -1.990843e-02     4.381982e-07     2.085331e-09    -2.169569e-13
    6. H2O                      1.864404e+03     2.291436e+03     1.000000e+03     1.939107e+03    -9.488297e-01     3.030162e-03    -2.551831e-06     8.228276e-10     1.260519e+03     1.362146e+00    -3.855436e-04     5.819366e-08    -3.879306e-12
    7. OH                       1.757254e+03     1.805222e+03     1.000000e+03     1.943733e+03    -1.117372e+00     2.119036e-03    -1.759626e-06     6.194508e-10     1.391277e+03     5.364230e-01    -1.413469e-04     2.000027e-08    -1.131192e-12
    8. H2O2                     1.247050e+03     1.852968e+03     1.000000e+03     1.036079e+03    -6.101548e-02     3.907604e-03    -5.058000e-06     2.028300e-09     1.109811e+03     1.016809e+00    -3.199183e-04     4.908980e-08    -2.823535e-12
    9. HO2                      1.058986e+03     1.460895e+03     1.000000e+03     1.073759e+03    -1.122606e+00     5.168261e-03    -5.939830e-06     2.281311e-09     1.034242e+03     5.140095e-01    -9.216734e-05     4.684802e-09     1.256561e-13
   10. CO                       1.040371e+03     1.183493e+03     1.000000e+03     1.067161e+03    -2.140794e-01     3.806612e-04     1.936665e-07    -2.439171e-10     9.006016e+02     4.076435e-01    -1.473643e-04     2.405232e-08    -1.440654e-12
   11. CO2                      8.436484e+02     1.234536e+03     1.000000e+03     4.168932e+02     1.907592e+00    -1.882347e-03     1.033721e-06    -2.413232e-10     8.757447e+02     5.187153e-01    -1.886019e-04     3.041972e-08    -1.741937e-12
   12. CH4                      2.224367e+03     4.595925e+03     1.000000e+03     2.668586e+03    -7.080587e+00     2.547014e-02    -2.509662e-05     8.634408e-09     8.568215e+02     5.196246e+00    -1.718871e-03     2.780383e-07    -1.630951e-11
   13. CH3                      2.554859e+03     3.920695e+03     1.000000e+03     2.022446e+03     1.176024e+00     3.018528e-03    -3.659857e-06     1.363554e-09     1.646922e+03     3.206254e+00    -1.092510e-03     1.699379e-07    -9.908459e-12
   14. CH2                      2.496014e+03     3.158433e+03     1.000000e+03     2.203584e+03     7.551079e-01     1.288319e-03    -2.067848e-06     9.792706e-10     1.864971e+03     1.800002e+00    -5.906572e-04     8.919869e-08    -5.081831e-12
   15. CH2(S)                   2.408214e+03     3.154302e+03     1.000000e+03     2.485574e+03    -1.381724e+00     4.834898e-03    -3.929830e-06     1.145384e-09     1.858272e+03     1.716559e+00    -4.840776e-04     6.731988e-08    -3.771429e-12
   16. CH                       2.240952e+03     2.478415e+03     1.000000e+03     2.228701e+03     2.071249e-01    -1.079287e-03     2.019919e-06    -8.980439e-10     1.609973e+03     1.127433e+00    -2.947177e-04     3.786480e-08    -2.137818e-12
   17. CH3O2H                   1.389104e+03     2.395535e+03     1.000000e+03     5.028395e+02     3.028636e+00     9.142320e-04    -4.375685e-06     2.325512e-09     1.343955e+03     1.490999e+00    -5.157610e-04     8.110725e-08    -4.765300e-12
   18. CH3O2                    1.063207e+03     2.038499e+03     1.000000e+03     6.408199e+02     6.353413e-01     4.004725e-03    -5.221919e-06     1.979532e-09     8.492318e+02     1.760447e+00    -6.811326e-04     1.210480e-07    -8.103617e-12
   19. CH3OH                    1.339083e+03     2.791930e+03     1.000000e+03     1.468306e+03    -4.229198e+00     1.795485e-02    -1.967874e-05     7.276713e-09     9.152780e+02     2.677349e+00    -9.416577e-04     1.498399e-07    -8.879173e-12
   20. CH3O                     1.370430e+03     2.656079e+03     1.000000e+03     9.944468e+02    -7.514022e-01     1.008835e-02    -1.267429e-05     4.998977e-09     1.274682e+03     1.993666e+00    -7.225796e-04     1.173709e-07    -7.060544e-12
   21. CH2OH                    1.527096e+03     2.486230e+03     1.000000e+03     1.199808e+03    -3.618714e-01     7.460986e-03    -9.775331e-06     3.962639e-09     1.364521e+03     1.593445e+00    -5.532344e-04     8.653822e-08    -5.040145e-12
   22. CH2O                     1.178406e+03     2.064667e+03     1.000000e+03     1.327424e+03    -2.743704e+00     1.033479e-02    -1.050274e-05     3.648900e-09     8.776697e+02     1.714953e+00    -6.232008e-04     1.013419e-07    -6.096131e-12
   23. HCO                      1.192271e+03     1.681688e+03     1.000000e+03     1.137729e+03    -4.272748e-01     2.733594e-03    -2.529239e-06     7.668776e-10     1.105370e+03     7.567598e-01    -2.132274e-04     3.533266e-08    -2.547113e-12
   24. HO2CHO                   1.023100e+03     1.725147e+03     1.378000e+03     3.250296e+02     2.945215e+00    -2.261537e-03     8.386478e-07    -1.222083e-10     1.323772e+03     6.228926e-01    -2.241764e-04     3.600973e-08    -2.139411e-12
   25. HOCHO                    8.972390e+02     1.647163e+03     1.000000e+03     7.042429e+02    -6.428971e-01     6.416821e-03    -7.921539e-06     3.090536e-09     8.334933e+02     1.165133e+00    -4.138398e-04     6.632791e-08    -3.951501e-12
   26. OCHO                     9.320794e+02     1.485142e+03     1.000000e+03     8.659030e+02    -7.662519e-01     4.710969e-03    -5.254121e-06     1.928643e-09     7.653698e+02     1.033816e+00    -3.690117e-04     5.839705e-08    -3.428226e-12
   27. C2H6                     1.745360e+03     4.079992e+03     1.000000e+03     1.186595e+03    -1.521198e+00     1.657469e-02    -1.958935e-05     7.429259e-09     1.118917e+03     4.245403e+00    -1.512584e-03     2.427222e-07    -1.446577e-11
   28. C2H5                     1.743299e+03     3.713464e+03     1.000000e+03     1.213570e+03    -1.021084e+00     1.380882e-02    -1.674797e-05     6.460130e-09     1.236486e+03     3.545578e+00    -1.257901e-03     2.012728e-07    -1.197118e-11
   29. C2H4                     1.528235e+03     3.354139e+03     1.000000e+03     1.173402e+03    -2.243700e+00     1.692263e-02    -2.049685e-05     7.998652e-09     1.183072e+03     3.106999e+00    -1.101684e-03     1.762321e-07    -1.048067e-11
   30. C2H3                     1.555113e+03     2.905707e+03     1.000000e+03     1.034090e+03     8.170151e-02     8.596080e-03    -1.146634e-05     4.660175e-09     1.275872e+03     2.318007e+00    -8.085061e-04     1.278784e-07    -7.544300e-12
   31. C2H5O                    1.451161e+03     2.901860e+03     1.467000e+03     5.357480e+02     3.270665e+00    -4.975000e-04    -6.381117e-07     2.310594e-10     1.511406e+03     2.036906e+00    -6.924331e-04     1.070700e-07    -6.194841e-12
   32. CH3CHO                   1.255397e+03     2.556187e+03     1.000000e+03     8.926273e+02    -6.026934e-01     8.971632e-03    -1.084461e-05     4.139228e-09     1.019959e+03     2.212583e+00    -7.976648e-04     1.290446e-07    -7.735389e-12
   33. CH2CHO                   1.261895e+03     2.316602e+03     1.000000e+03     5.398801e+02     1.952812e+00     3.124334e-03    -5.993736e-06     2.693313e-09     1.263111e+03     1.507089e+00    -5.339135e-04     8.539470e-08    -5.079158e-12
   34. CH3OCHO                  8.749624e+01     1.711663e+03     7.000000e+02     0.000000e+00     0.000000e+00     0.000000e+00     3.993180e-06    -2.305007e-09     6.963018e+02    -3.978868e+00     8.526145e-03    -4.126958e-06     5.950420e-10
   35. CH3OCO                   1.146129e+03     2.050622e+03     1.601000e+03     5.861065e+02     1.943818e+00    -4.344042e-05    -6.427371e-07     2.068753e-10     1.371089e+03     1.045479e+00    -3.740716e-04     5.985207e-08    -3.546150e-12
   36. CH3OCH3                  1.428379e+03     3.069721e+03     1.000000e+03     9.575506e+02    -3.866822e-01     9.581116e-03    -1.124646e-05     4.164196e-09     1.019422e+03     2.948691e+00    -1.059052e-03     1.708836e-07    -1.022418e-11
   37. CH3OCH2                  1.347262e+03     2.775705e+03     1.395000e+03     2.931492e+02     4.140793e+00    -2.203762e-03     6.221136e-07    -7.658827e-11     1.222642e+03     2.255142e+00    -7.609736e-04     1.170065e-07    -6.740680e-12
   38. DME-OO                   1.193226e+03     2.183280e+03     1.441000e+03     3.667761e+02     3.338996e+00    -2.077544e-03     6.215253e-07    -6.647357e-11     1.285914e+03     1.288433e+00    -4.246043e-04     6.428051e-08    -3.664169e-12
   39. DME-QOOH                 1.174050e+03     2.189521e+03     1.418000e+03     1.750586e+01     5.137005e+00    -4.877467e-03     2.356255e-06    -4.437774e-10     1.336772e+03     1.205850e+00    -3.876203e-04     5.763838e-08    -3.242710e-12
   40. DME-OOQOOH               1.121187e+03     1.960056e+03     1.433000e+03     1.829580e+02     4.116038e+00    -3.720260e-03     1.675686e-06    -2.943664e-10     1.352325e+03     8.660049e-01    -2.800910e-04     4.187504e-08    -2.366522e-12
   41. DME-OQOOH                9.545858e+02     1.630088e+03     1.000000e+03     4.378492e+02     1.974340e+00    -8.167996e-04     3.469812e-08     0.000000e+00     1.036731e+03     7.512075e-01    -1.671786e-04     9.328290e-09     0.000000e+00
   42. OCH2OCHO                 9.849410e+02     1.932378e+03     1.523000e+03     2.100023e+02     3.037123e+00    -1.512100e-03     1.399637e-07     5.738904e-11     1.374016e+03     8.683504e-01    -3.135445e-04     5.047407e-08    -3.003251e-12
   43. HOCH2OCO                 1.032448e+03     1.906964e+03     1.443000e+03     6.595187e+02     9.331196e-01     1.515043e-03    -1.626333e-06     4.256156e-10     1.235357e+03     1.035650e+00    -3.717665e-04     5.961235e-08    -3.537274e-12
   44. HOCH2O                   1.160081e+03     2.031621e+03     1.452000e+03     7.268868e+02     1.332652e+00     6.670545e-04    -9.523916e-07     2.574188e-10     1.130542e+03     1.314660e+00    -4.426950e-04     6.803878e-08    -3.920589e-12
   45. CH3OCH2O                 1.248607e+03     2.421292e+03     1.523000e+03     7.671942e+02     1.215756e+00     1.868584e-03    -1.913131e-06     4.828892e-10     1.336208e+03     1.651905e+00    -5.859146e-04     9.319975e-08    -5.499346e-12
   46. O2CHO                    9.101673e+02     1.402474e+03     1.368000e+03     5.396978e+02     1.444460e+00    -7.163734e-04     1.386062e-07    -3.917505e-12     9.866749e+02     6.313423e-01    -2.230608e-04     3.538943e-08    -2.084403e-12
   47. DMM                      1.402533e+03     2.793962e+03     1.000000e+03     5.887947e+02     1.510472e+00     6.882266e-03    -1.069896e-05     4.511393e-09     3.965203e+02     3.955118e+00    -1.983667e-03     4.680609e-07    -4.207078e-11
   48. DMM-R_L                  1.464334e+03     2.647977e+03     1.000000e+03     3.034360e+02     4.666689e+00    -2.469845e-03    -6.248466e-07     7.725426e-10     8.939547e+02     2.814074e+00    -1.334781e-03     3.007984e-07    -2.606878e-11
   49. DMM-RO2_L                1.235926e+03     2.251933e+03     1.000000e+03     4.071998e+02     2.469335e+00     2.600881e-03    -6.064756e-06     2.839273e-09     5.502970e+02     2.864401e+00    -1.490899e-03     3.612192e-07    -3.308450e-11
   50. DMM-OOH_L                1.191274e+03     2.668474e+03     1.000000e+03     5.015788e+02     3.400729e-01     1.015077e-02    -1.331893e-05     4.994986e-09     1.131386e+03     2.729835e+00    -1.550368e-03     3.948235e-07    -3.720230e-11
   51. DMM-RO_L                 1.265867e+03     2.365305e+03     1.680000e+03     7.369974e+02     1.632952e+00     7.523522e-04    -1.000789e-06     2.437922e-10     1.060178e+03     1.935996e+00    -7.112121e-04     1.161579e-07    -6.988764e-12
   52. DMM-ketR_L               1.151783e+03     2.268559e+03     8.325000e+02     1.117021e+02     2.951157e+00     4.351671e-03    -9.984493e-06     4.871273e-09     1.316801e+03     1.423950e+00    -5.778581e-04     1.142855e-07    -8.619041e-12
   53. DMM-cycleth_L            9.258866e+02     2.320624e+03     1.388000e+03    -3.382072e+02     5.235526e+00    -3.712646e-03     1.326694e-06    -1.907426e-10     1.240027e+03     1.606834e+00    -5.538605e-04     8.647342e-08    -5.037864e-12
   54. DMM-QOOH_L               1.349303e+03     2.521167e+03     1.000000e+03     1.898933e+02     3.941674e+00     1.202325e-03    -5.372069e-06     2.559344e-09     1.461780e+03     1.877271e+00    -1.071471e-03     2.811847e-07    -2.759757e-11
   55. DMM-O2QOOH_L             1.170816e+03     2.332319e+03     1.395000e+03    -4.259939e+02     7.332739e+00    -7.721892e-03     3.906220e-06    -7.587543e-10     1.754625e+03     8.944833e-01    -3.201746e-04     5.124759e-08    -3.037302e-12
   56. DMM-OQOOH_L              1.353545e+03     2.424994e+03     1.399000e+03    -3.350620e+02     7.936579e+00    -8.930193e-03     4.679957e-06    -9.262879e-10     2.010882e+03     6.504931e-01    -2.349677e-04     3.783758e-08    -2.252000e-12
   57. DMM-R2OOH_L              1.378422e+03     2.306859e+03     1.396000e+03    -3.324448e+00     6.499389e+00    -7.370410e-03     4.002847e-06    -8.216429e-10     1.713399e+03     8.924104e-01    -3.107060e-04     4.881413e-08    -2.855564e-12
   58. DMM-ketRO_L              1.085853e+03     2.174009e+03     9.542400e+02     1.032356e+02     2.966072e+00     2.862744e-03    -6.775025e-06     3.017448e-09     1.706277e+03     5.506074e-01    -1.062657e-04     2.621826e-08    -2.827915e-12
   59. CH2OCHO                  1.033430e+03     2.074773e+03     1.442000e+03     3.253343e+02     2.541401e+00    -3.823487e-04    -6.490567e-07     2.394429e-10     1.421701e+03     1.013731e+00    -3.658643e-04     5.887756e-08    -3.502475e-12

 ----------------------------------------------------------------------------------------------------------------------------------------------------------------------------------------------------------------------------------------------------------


 -------------------------------------------------------------------------------------------------------------------------------------------------------------------------------------------------------------------------------------------------------------------------------------------
                           ENTHALPY COEFFICIENTS                                                                     

             H/(RT) = A + B*T + C*T^2 + D*T^3 + E*T^4 + F/T  [-]                                                         

    Species                   H(298K)[J/kmol]  H(1000K)[J/kmol]      LT-HT            A(LT)            B(LT)            C(LT)            D(LT)            E(LT)           F(LT)             A(HT)            B(HT)            C(HT)           D(HT)             E(HT)            F(HT)      
 -------------------------------------------------------------------------------------------------------------------------------------------------------------------------------------------------------------------------------------------------------------------------------------------

    1. N2                      -4.368615e+03     2.146391e+07     1.000000e+03     3.536035e+00    -7.913547e-05    -1.423281e-07     5.938565e-10    -2.794164e-13    -1.047496e+03     2.938030e+00     7.091902e-04    -1.677603e-07     2.018889e-11    -9.521286e-16    -9.171810e+02
    2. H2                      -4.325295e+03     2.068572e+07     1.000000e+03     2.376942e+00     3.869585e-03    -6.291169e-06     4.887928e-09    -1.434191e-12    -9.211731e+02     2.902076e+00     4.344963e-04    -5.528814e-08     4.771297e-12    -1.862244e-16    -7.979487e+02
    3. H                        2.179946e+08     2.325866e+08     1.000000e+03     2.499759e+00     3.369122e-07     3.726909e-10    -9.254803e-13     4.284676e-16     2.547377e+04     2.499852e+00     1.172913e-07    -3.872388e-11     5.642707e-15    -3.059840e-19     2.547380e+04
    4. O2                      -4.406504e+03     2.270475e+07     1.000000e+03     3.784983e+00    -1.510011e-03     3.306764e-06    -2.444601e-09     6.577554e-13    -1.064136e+03     3.659805e+00     3.299387e-04    -4.805272e-08     5.366401e-12    -2.730076e-16    -1.216030e+03
    5. O                        2.492254e+08     2.640874e+08     1.000000e+03     3.159065e+00    -1.607550e-03     2.164185e-06    -1.496888e-09     4.137522e-13     2.912985e+04     2.551601e+00    -1.915427e-05     2.810658e-10     1.003168e-12    -8.349531e-17     2.922876e+04
    6. H2O                     -2.418378e+08    -2.158323e+08     1.000000e+03     4.201476e+00    -1.027918e-03     2.188491e-06    -1.382267e-09     3.565652e-13    -3.029501e+04     2.731175e+00     1.475685e-03    -2.784533e-07     3.152215e-11    -1.681063e-15    -2.991691e+04
    7. OH                       3.748547e+07     5.840821e+07     1.000000e+03     3.975852e+00    -1.142776e-03     1.444810e-06    -8.998166e-10     2.534139e-13     3.393411e+03     2.845817e+00     5.486191e-04    -9.637370e-08     1.022750e-11    -4.627645e-16     3.717066e+03
    8. H2O2                    -1.354632e+08    -9.744328e+07     1.000000e+03     4.238542e+00    -1.248055e-04     5.328597e-06    -5.172999e-09     1.659533e-12    -1.764860e+04     4.540175e+00     2.079855e-03    -4.362559e-07     5.020590e-11    -2.310185e-15    -1.795140e+04
    9. HO2                      1.225174e+07     4.200428e+07     1.000000e+03     4.262512e+00    -2.228210e-03     6.838831e-06    -5.894850e-09     1.811229e-12     2.624424e+02     4.105640e+00     1.020234e-03    -1.219592e-07     4.649326e-12     9.976366e-17     4.328988e+01
   10. CO                      -1.105272e+08    -8.883326e+07     1.000000e+03     3.595084e+00    -3.605985e-04     4.274608e-07     1.631073e-10    -1.643430e-13    -1.434490e+04     3.033973e+00     6.866406e-04    -1.654817e-07     2.025704e-11    -9.706635e-16    -1.425860e+04
   11. CO2                     -3.934801e+08    -3.600706e+08     1.000000e+03     2.206643e+00     5.048504e-03    -3.321129e-06     1.367889e-09    -2.554679e-13    -4.835299e+04     4.635375e+00     1.372797e-03    -3.327608e-07     4.025340e-11    -1.844037e-15    -4.902037e+04
   12. CH4                     -7.460492e+07    -3.592585e+07     1.000000e+03     5.149115e+00    -6.831100e-03     1.638180e-05    -1.210617e-08     3.332069e-12    -1.024660e+04     1.653262e+00     5.013155e-03    -1.105537e-06     1.341208e-10    -6.293935e-15    -1.000959e+04
   13. CH3                      1.466941e+08     1.812659e+08     1.000000e+03     3.657180e+00     1.063299e-03     1.819463e-06    -1.654525e-09     4.931415e-13     1.642272e+04     2.978121e+00     2.898926e-03    -6.585267e-07     7.682448e-11    -3.583483e-15     1.650951e+04
   14. CH2                      3.911943e+08     4.191294e+08     1.000000e+03     3.717578e+00     6.369563e-04     7.244908e-07    -8.721462e-10     3.304177e-13     4.587239e+04     3.146319e+00     1.518356e-03    -3.321581e-07     3.762090e-11    -1.714671e-15     4.604126e+04
   15. CH2(S)                   4.287944e+08     4.559812e+08     1.000000e+03     4.193313e+00    -1.165526e-03     2.718922e-06    -1.657465e-09     3.864664e-13     5.036622e+04     3.135017e+00     1.447970e-03    -2.722227e-07     2.839317e-11    -1.272526e-15     5.050405e+04
   16. CH                       5.961949e+08     6.174222e+08     1.000000e+03     3.489758e+00     1.621608e-04    -5.633250e-07     7.907105e-10    -2.812361e-13     7.066076e+04     2.520937e+00     8.826819e-04    -1.538255e-07     1.482242e-11    -6.694900e-16     7.099488e+04
   17. CH3O2H                  -1.267421e+08    -5.908941e+07     1.000000e+03     2.905409e+00     8.749737e-03     1.760812e-06    -6.320682e-09     2.687364e-12    -1.688946e+04     7.765381e+00     4.307499e-03    -9.933565e-07     1.171595e-10    -5.506785e-15    -1.829800e+04
   18. CH3O2                    1.218887e+07     6.574484e+07     1.000000e+03     3.624971e+00     1.796990e-03     7.551270e-06    -7.384799e-09     2.239551e-12     7.930404e+01     4.803909e+00     4.979223e-03    -1.284337e-06     1.711851e-10    -9.168059e-15    -7.471355e+02
   19. CH3OH                   -2.010053e+08    -1.528930e+08     1.000000e+03     5.658511e+00    -8.149171e-03     2.306461e-05    -1.895932e-08     5.608551e-12    -2.561197e+04     3.527268e+00     5.158939e-03    -1.209643e-06     1.443620e-10    -6.843653e-15    -2.600288e+04
   20. CH3O                     2.109359e+07     6.712996e+07     1.000000e+03     3.711805e+00    -1.402317e-03     1.255170e-05    -1.182680e-08     3.731768e-12     1.307725e+03     4.757792e+00     3.720712e-03    -8.990173e-07     1.095226e-10    -5.270742e-15     3.901392e+02
   21. CH2OH                   -1.720701e+07     2.824795e+07     1.000000e+03     4.478323e+00    -6.753484e-04     9.282790e-06    -9.121685e-09     2.958136e-12    -3.524767e+03     5.093120e+00     2.973793e-03    -6.883217e-07     8.075168e-11    -3.762501e-15    -4.058132e+03
   22. CH2O                    -1.091687e+08    -7.437827e+07     1.000000e+03     4.793723e+00    -4.954167e-03     1.244067e-05    -9.482131e-09     2.635453e-12    -1.437920e+04     3.169527e+00     3.096603e-03    -7.501879e-07     9.149392e-11    -4.402989e-15    -1.454868e+04
   23. HCO                      4.179776e+07     7.130317e+07     1.000000e+03     3.970747e+00    -7.456080e-04     3.180139e-06    -2.206801e-09     5.352903e-13     3.842033e+03     3.857811e+00     1.320570e-03    -2.480591e-07     3.082831e-11    -1.777917e-15     3.616429e+03
   24. HO2CHO                  -2.820401e+08    -2.187922e+08     1.378000e+03     2.424647e+00     1.098532e-02    -5.623518e-06     1.564030e-09    -1.823292e-13    -3.548280e+04     9.875039e+00     2.323319e-03    -5.574351e-07     6.715610e-11    -3.191905e-15    -3.805025e+04
   25. HOCHO                   -3.785740e+08    -3.355084e+08     1.000000e+03     3.898362e+00    -1.779390e-03     1.184018e-05    -1.096249e-08     3.421554e-12    -4.677061e+04     4.613832e+00     3.224818e-03    -7.636084e-07     9.179012e-11    -4.374735e-15    -4.751485e+04
   26. OCHO                    -1.297055e+08    -9.057775e+07     1.000000e+03     4.688259e+00    -2.074359e-03     8.502200e-06    -7.111847e-09     2.088451e-12    -1.698670e+04     4.143942e+00     2.798694e-03    -6.659801e-07     7.904480e-11    -3.712290e-15    -1.724599e+04
   27. C2H6                    -8.385893e+07    -1.944102e+07     1.000000e+03     4.291426e+00    -2.750775e-03     1.998128e-05    -1.771166e-08     5.373717e-12    -1.152221e+04     4.046664e+00     7.676940e-03    -1.823465e-06     2.194566e-10    -1.046335e-14    -1.244735e+04
   28. C2H5                     1.196917e+08     1.778991e+08     1.000000e+03     4.241859e+00    -1.784526e-03     1.608891e-05    -1.463503e-08     4.516090e-12     1.296903e+04     4.321956e+00     6.196527e-03    -1.465603e-06     1.758800e-10    -8.368705e-15     1.217595e+04
   29. C2H4                     5.249327e+07     1.031384e+08     1.000000e+03     3.959201e+00    -3.785257e-03     1.903300e-05    -1.728971e-08     5.397684e-12     5.089776e+03     3.991827e+00     5.241695e-03    -1.239071e-06     1.486571e-10    -7.072608e-15     4.268659e+03
   30. C2H3                     2.965720e+08     3.408883e+08     1.000000e+03     3.363776e+00     1.328829e-04     9.320690e-06    -9.324674e-09     3.031804e-12     3.447496e+04     4.150268e+00     3.770107e-03    -8.766595e-07     1.039935e-10    -4.908150e-15     3.385664e+04
   31. C2H5O                   -1.386027e+07     5.790351e+07     1.467000e+03     2.903536e+00     8.862835e-03    -8.987492e-07    -8.645763e-10     2.504496e-13    -3.289303e+03     8.191206e+00     5.519599e-03    -1.250902e-06     1.450689e-10    -6.714703e-15    -5.668472e+03
   32. CH3CHO                  -1.661973e+08    -1.045420e+08     1.000000e+03     4.729459e+00    -1.596643e-03     1.584497e-05    -1.436465e-08     4.386222e-12    -2.157288e+04     5.404111e+00     5.861529e-03    -1.408771e-06     1.709311e-10    -8.196973e-15    -2.259312e+04
   33. CH2CHO                   1.274461e+07     7.013895e+07     1.000000e+03     2.795026e+00     5.054974e-03     5.391688e-06    -7.757579e-09     2.788723e-12     1.629450e+02     6.539283e+00     3.901193e-03    -9.213787e-07     1.105247e-10    -5.259086e-15    -1.188587e+03
   34. CH3OCHO                 -3.321757e+08    -3.002333e+08     7.000000e+02     0.000000e+00     0.000000e+00     0.000000e+00     7.210280e-09    -3.329627e-12    -4.000060e+04     5.029107e+00    -1.436888e-02     2.052697e-05    -7.451838e-09     8.595496e-13    -4.070467e+04
   35. CH3OCO                  -1.593951e+08    -9.062005e+07     1.601000e+03     4.162154e+00     6.901876e-03    -1.028287e-07    -1.141077e-09     2.938193e-13    -2.101303e+04     9.736598e+00     3.712164e-03    -8.854726e-07     1.062578e-10    -5.036498e-15    -2.360157e+04
   36. CH3OCH3                 -1.839438e+08    -1.080840e+08     1.000000e+03     5.305623e+00    -1.071270e-03     1.769577e-05    -1.557867e-08     4.614618e-12    -2.396558e+04     5.648443e+00     8.169094e-03    -1.956007e-06     2.367091e-10    -1.133009e-14    -2.508642e+04
   37. CH3OCH2                 -9.107489e+03     6.831240e+07     1.395000e+03     1.588749e+00     1.122071e-02    -3.981164e-06     8.429005e-10    -8.301545e-14    -1.372083e+03     6.626220e+00     6.110975e-03    -1.374722e-06     1.585319e-10    -7.306348e-15    -3.339659e+03
   38. DME-OO                  -1.514483e+08    -5.547742e+07     1.441000e+03     3.399305e+00     1.547302e-02    -6.418273e-06     1.440085e-09    -1.232163e-13    -2.044332e+04     1.191794e+01     5.970643e-03    -1.311754e-06     1.489390e-10    -6.791954e-15    -2.342318e+04
   39. DME-QOOH                -1.068002e+08    -9.261070e+06     1.418000e+03     1.622455e-01     2.380505e-02    -1.506823e-05     5.459483e-09    -8.225919e-13    -1.464981e+04     1.238929e+01     5.587948e-03    -1.197497e-06     1.335491e-10    -6.010731e-15    -1.805516e+04
   40. DME-OOQOOH              -2.582395e+08    -1.324631e+08     1.433000e+03     2.399777e+00     2.699410e-02    -1.626565e-05     5.494803e-09    -7.722140e-13    -3.378246e+04     1.773783e+01     5.679495e-03    -1.224608e-06     1.373139e-10    -6.208118e-15    -3.829031e+04
   41. DME-OQOOH               -3.374411e+08    -2.499549e+08     1.000000e+03     4.847460e+00     1.092903e-02    -3.014282e-06     9.603633e-11     0.000000e+00    -4.292091e+04     1.147772e+01     4.158336e-03    -6.169485e-07     2.581854e-11     0.000000e+00    -4.510759e+04
   42. OCH2OCHO                -3.419209e+08    -2.603791e+08     1.523000e+03     1.895397e+00     1.370593e-02    -4.549203e-06     3.158140e-10     1.035941e-13    -4.278794e+04     1.240132e+01     3.918691e-03    -9.433090e-07     1.138897e-10    -5.421228e-15    -4.684535e+04
   43. HOCH2OCO                -3.509179e+08    -2.712744e+08     1.443000e+03     5.952551e+00     4.210981e-03     4.558056e-06    -3.669657e-09     7.682871e-13    -4.444703e+04     1.114984e+01     4.673683e-03    -1.118472e-06     1.345093e-10    -6.385204e-15    -4.750121e+04
   44. HOCH2O                  -1.764237e+08    -1.223810e+08     1.452000e+03     4.111831e+00     3.769253e-03     1.257791e-06    -1.346865e-09     2.912318e-13    -2.280230e+04     6.395215e+00     3.718365e-03    -8.347412e-07     9.621993e-11    -4.435574e-15    -2.411088e+04
   45. CH3OCH2O                -1.672213e+08    -8.658027e+07     1.523000e+03     5.634144e+00     4.464151e-03     4.574188e-06    -3.512426e-09     7.092512e-13    -2.228252e+04     9.812886e+00     6.065655e-03    -1.434286e-06     1.711108e-10    -8.077253e-15    -2.507607e+04
   46. O2CHO                   -1.309810e+08    -7.984434e+07     1.368000e+03     3.960593e+00     5.300114e-03    -1.752378e-06     2.542918e-10    -5.749752e-15    -1.735994e+04     7.240751e+00     2.316565e-03    -5.456467e-07     6.492667e-11    -3.059294e-15    -1.870276e+04
   47. DMM                     -3.438350e+08    -2.234990e+08     1.000000e+03     5.388723e+00     6.912014e-03     2.099579e-05    -2.447957e-08     8.257767e-12    -4.395548e+04     3.629004e+00     1.809887e-02    -6.051590e-06     1.070938e-09    -7.700741e-14    -4.355097e+04
   48. DMM-R_L                 -1.563922e+08    -4.099717e+07     1.000000e+03     2.740297e+00     2.107218e-02    -7.434965e-06    -1.410730e-09     1.395350e-12    -2.129296e+04     8.073207e+00     1.270680e-02    -4.018088e-06     6.791193e-10    -4.708486e-14    -2.232478e+04
   49. DMM-RO2_L               -2.987379e+08    -1.576872e+08     1.000000e+03     5.244476e+00     1.590174e-02     1.116590e-05    -1.952755e-08     7.313607e-12    -3.906358e+04     7.087477e+00     1.844583e-02    -6.400611e-06     1.163068e-09    -8.522146e-14    -3.917596e+04
   50. DMM-OOH_L               -4.643243e+08    -3.028045e+08     1.000000e+03     6.520826e+00     2.210576e-03     4.398869e-05    -4.328853e-08     1.298756e-11    -5.883814e+04     1.470870e+01     1.774475e-02    -6.718573e-06     1.283236e-09    -9.673046e-14    -6.334039e+04
   51. DMM-RO_L                -3.146864e+08    -1.957364e+08     1.680000e+03     8.073901e+00     8.944601e-03     2.747372e-06    -2.740943e-09     5.341549e-13    -4.110076e+04     1.161439e+01     1.060454e-02    -2.597140e-06     3.181311e-10    -1.531256e-14    -4.340709e+04
   52. DMM-ketR_L              -3.351506e+08    -2.167486e+08     8.325000e+02     1.196626e+00     1.580737e-02     1.553932e-05    -2.674012e-08     1.043686e-11    -4.229458e+04     1.410644e+01     7.627145e-03    -2.063466e-06     3.060755e-10    -1.846657e-14    -4.602660e+04
   53. DMM-cycleth_L           -4.547345e+08    -3.435716e+08     1.388000e+03    -3.664101e+00     2.836057e-02    -1.340747e-05     3.593316e-09    -4.132970e-13    -5.579118e+04     1.343432e+01     8.704132e-03    -2.000155e-06     2.342110e-10    -1.091594e-14    -6.176382e+04
   54. DMM-QOOH_L              -2.663508e+08    -1.059875e+08     1.000000e+03     2.445705e+00     2.538313e-02     5.161726e-06    -1.729721e-08     6.592546e-12    -3.503326e+04     1.882680e+01     1.208903e-02    -4.599957e-06     9.053700e-10    -7.108783e-14    -3.989752e+04
   55. DMM-O2QOOH_L            -4.246185e+08    -2.363912e+08     1.395000e+03    -7.125958e+00     6.133044e-02    -4.305686e-05     1.633566e-08    -2.538464e-12    -5.337615e+04     2.935108e+01     7.481387e-03    -1.785277e-06     2.143154e-10    -1.016150e-14    -6.381517e+04
   56. DMM-OQOOH_L             -6.356397e+08    -4.575723e+08     1.399000e+03    -4.919503e+00     5.826389e-02    -4.370546e-05     1.717821e-08    -2.720020e-12    -7.913042e+04     2.952451e+01     4.775390e-03    -1.149961e-06     1.388863e-10    -6.612938e-15    -8.842195e+04
   57. DMM-R2OOH_L             -3.909382e+08    -1.967971e+08     1.396000e+03    -5.561084e-02     5.436037e-02    -4.109701e-05     1.673975e-08    -2.748862e-12    -5.086788e+04     2.866147e+01     7.464049e-03    -1.732480e-06     2.041388e-10    -9.553485e-15    -5.838077e+04
   58. DMM-ketRO_L             -4.863984e+08    -3.524911e+08     9.542400e+02     1.304578e+00     1.874097e-02     1.205873e-05    -2.140382e-08     7.626235e-12    -6.072157e+04     2.156204e+01     3.478984e-03    -4.476229e-07     8.282935e-11    -7.147213e-15    -6.706402e+04
   59. CH2OCHO                 -1.565905e+08    -8.875152e+07     1.442000e+03     2.310317e+00     9.023703e-03    -9.050655e-07    -1.152296e-09     3.400742e-13    -2.029109e+04     1.009601e+01     3.599435e-03    -8.660449e-07     1.045277e-10    -4.974468e-15    -2.363890e+04

 -------------------------------------------------------------------------------------------------------------------------------------------------------------------------------------------------------------------------------------------------------------------------------------------


 -------------------------------------------------------------------------------------------------------------------------------------------------------------------------------------------------------------------------------------------------------------------------------------------
                             ENTROPY COEFFICIENTS                                                                     

             S/R = A*lnT + B*T + C*T^2 + D*T^3 + E*T^4 + F  [-]                                                         

    Species                 S(298K)[J/kmol/K] S(1000K)[J/kmol/K]     LT-HT            A(LT)            B(LT)            C(LT)            D(LT)            E(LT)           F(LT)             A(HT)            B(HT)            C(HT)           D(HT)             E(HT)            F(HT)      
 -------------------------------------------------------------------------------------------------------------------------------------------------------------------------------------------------------------------------------------------------------------------------------------------

    1. N2                       1.915921e+05     2.281728e+05     1.000000e+03     3.536035e+00    -1.582709e-04    -2.134921e-07     7.918086e-10    -3.492705e-13     2.946037e+00     2.938030e+00     1.418380e-03    -2.516405e-07     2.691852e-11    -1.190161e-15     5.955220e+00
    2. H2                       1.306653e+05     1.662346e+05     1.000000e+03     2.376942e+00     7.739169e-03    -9.436754e-06     6.517237e-09    -1.792739e-12     5.471847e-01     2.902076e+00     8.689926e-04    -8.293222e-08     6.361730e-12    -2.327804e-16    -8.455913e-01
    3. H                        1.147064e+05     1.398716e+05     1.000000e+03     2.499759e+00     6.738245e-07     5.590363e-10    -1.233974e-12     5.355846e-16    -4.455740e-01     2.499852e+00     2.345825e-07    -5.808582e-11     7.523610e-15    -3.824800e-19    -4.458646e-01
    4. O2                       2.051340e+05     2.435837e+05     1.000000e+03     3.784983e+00    -3.020022e-03     4.960146e-06    -3.259468e-09     8.221943e-13     3.647807e+00     3.659805e+00     6.598774e-04    -7.207909e-08     7.155201e-12    -3.412595e-16     3.420741e+00
    5. O                        1.610488e+05     1.867873e+05     1.000000e+03     3.159065e+00    -3.215100e-03     3.246278e-06    -1.995850e-09     5.171903e-13     2.090783e+00     2.551601e+00    -3.830855e-05     4.215987e-10     1.337557e-12    -1.043691e-16     4.876170e+00
    6. H2O                      1.888149e+05     2.327362e+05     1.000000e+03     4.201476e+00    -2.055835e-03     3.282736e-06    -1.843023e-09     4.457065e-13    -8.606109e-01     2.731175e+00     2.951370e-03    -4.176799e-07     4.202953e-11    -2.101329e-15     6.551830e+00
    7. OH                       1.837277e+05     2.197291e+05     1.000000e+03     3.975852e+00    -2.285553e-03     2.167214e-06    -1.199755e-09     3.167673e-13    -3.553973e-02     2.845817e+00     1.097238e-03    -1.445606e-07     1.363666e-11    -5.784556e-16     5.803399e+00
    8. H2O2                     2.345104e+05     2.975553e+05     1.000000e+03     4.238542e+00    -2.496109e-04     7.992895e-06    -6.897332e-09     2.074416e-12     3.588501e+00     4.540175e+00     4.159710e-03    -6.543839e-07     6.694121e-11    -2.887731e-15     8.558817e-01
    9. HO2                      2.291381e+05     2.788063e+05     1.000000e+03     4.262512e+00    -4.456420e-03     1.025825e-05    -7.859800e-09     2.264036e-12     3.882237e+00     4.105640e+00     2.040468e-03    -1.829388e-07     6.199101e-12     1.247046e-16     3.308081e+00
   10. CO                       1.976451e+05     2.345473e+05     1.000000e+03     3.595084e+00    -7.211969e-04     6.411912e-07     2.174764e-10    -2.054287e-13     3.443556e+00     3.033973e+00     1.373281e-03    -2.482225e-07     2.700938e-11    -1.213329e-15     6.100761e+00
   11. CO2                      2.137641e+05     2.692969e+05     1.000000e+03     2.206643e+00     1.009701e-02    -4.981694e-06     1.823852e-09    -3.193349e-13     1.052619e+01     4.635375e+00     2.745595e-03    -4.991412e-07     5.367120e-11    -2.305047e-15    -1.928876e+00
   12. CH4                      1.863520e+05     2.483061e+05     1.000000e+03     5.149115e+00    -1.366220e-02     2.457270e-05    -1.614156e-08     4.165086e-12    -4.638488e+00     1.653262e+00     1.002631e-02    -1.658306e-06     1.788277e-10    -7.867419e-15     9.905063e+00
   13. CH3                      1.939881e+05     2.511186e+05     1.000000e+03     3.657180e+00     2.126598e-03     2.729194e-06    -2.206033e-09     6.164269e-13     1.673535e+00     2.978121e+00     5.797852e-03    -9.877900e-07     1.024326e-10    -4.479354e-15     4.722480e+00
   14. CH2                      1.944003e+05     2.414845e+05     1.000000e+03     3.717578e+00     1.273913e-03     1.086736e-06    -1.162862e-09     4.130222e-13     1.752979e+00     3.146319e+00     3.036713e-03    -4.982372e-07     5.016119e-11    -2.143339e-15     4.723417e+00
   15. CH2(S)                   1.892023e+05     2.348013e+05     1.000000e+03     4.193313e+00    -2.331052e-03     4.078382e-06    -2.209953e-09     4.830830e-13    -7.467343e-01     3.135017e+00     2.895939e-03    -4.083340e-07     3.785757e-11    -1.590657e-15     4.060306e+00
   16. CH                       1.830221e+05     2.192752e+05     1.000000e+03     3.489758e+00     3.243216e-04    -8.449876e-07     1.054281e-09    -3.515451e-13     2.084284e+00     2.520937e+00     1.765364e-03    -2.307383e-07     1.976322e-11    -8.368625e-16     7.405183e+00
   17. CH3O2H                   2.758692e+05     3.867586e+05     1.000000e+03     2.905409e+00     1.749947e-02     2.641218e-06    -8.427576e-09     3.359205e-12     1.137420e+01     7.765381e+00     8.614997e-03    -1.490035e-06     1.562127e-10    -6.883481e-15    -1.439927e+01
   18. CH3O2                    2.698376e+05     3.565088e+05     1.000000e+03     3.624971e+00     3.593979e-03     1.132690e-05    -9.846398e-09     2.799439e-12     9.963822e+00     4.803909e+00     9.958446e-03    -1.926505e-06     2.282468e-10    -1.146007e-14     1.452814e+00
   19. CH3OH                    2.406329e+05     3.177823e+05     1.000000e+03     5.658511e+00    -1.629834e-02     3.459691e-05    -2.527910e-08     7.010689e-12    -8.973305e-01     3.527268e+00     1.031788e-02    -1.814465e-06     1.924827e-10    -8.554566e-15     5.167587e+00
   20. CH3O                     2.342564e+05     3.087260e+05     1.000000e+03     3.711805e+00    -2.804633e-03     1.882755e-05    -1.576907e-08     4.664711e-12     6.572409e+00     4.757792e+00     7.441425e-03    -1.348526e-06     1.460302e-10    -6.588427e-15    -1.966800e+00
   21. CH2OH                    2.441447e+05     3.188862e+05     1.000000e+03     4.478323e+00    -1.350697e-03     1.392419e-05    -1.216225e-08     3.697669e-12     3.309120e+00     5.093120e+00     5.947585e-03    -1.032483e-06     1.076689e-10    -4.703126e-15    -1.846906e+00
   22. CH2O                     2.187450e+05     2.753817e+05     1.000000e+03     4.793723e+00    -9.908333e-03     1.866100e-05    -1.264284e-08     3.294316e-12     6.027981e-01     3.169527e+00     6.193206e-03    -1.125282e-06     1.219919e-10    -5.503736e-15     6.042079e+00
   23. HCO                      2.242823e+05     2.733900e+05     1.000000e+03     3.970747e+00    -1.491216e-03     4.770209e-06    -2.942401e-09     6.691128e-13     4.446604e+00     3.857811e+00     2.641139e-03    -3.720886e-07     4.110441e-11    -2.222397e-15     3.924512e+00
   24. HO2CHO                   3.090301e+05     4.127671e+05     1.378000e+03     2.424647e+00     2.197064e-02    -8.435277e-06     2.085374e-09    -2.279115e-13     1.750278e+01     9.875039e+00     4.646637e-03    -8.361526e-07     8.954147e-11    -3.989881e-15    -2.249392e+01
   25. HOCHO                    2.471262e+05     3.171156e+05     1.000000e+03     3.898362e+00    -3.558779e-03     1.776027e-05    -1.461665e-08     4.276942e-12     7.349540e+00     4.613832e+00     6.449636e-03    -1.145413e-06     1.223868e-10    -5.468419e-15     8.478838e-01
   26. OCHO                     2.549180e+05     3.192944e+05     1.000000e+03     4.688259e+00    -4.148718e-03     1.275330e-05    -9.482463e-09     2.610564e-12     4.284265e+00     4.143942e+00     5.597388e-03    -9.989701e-07     1.053931e-10    -4.640362e-15     5.077786e+00
   27. C2H6                     2.291934e+05     3.316047e+05     1.000000e+03     4.291426e+00    -5.501549e-03     2.997192e-05    -2.361555e-08     6.717146e-12     2.666790e+00     4.046664e+00     1.535388e-02    -2.735197e-06     2.926088e-10    -1.307919e-14    -9.686983e-01
   28. C2H5                     2.429568e+05     3.362769e+05     1.000000e+03     4.241859e+00    -3.569052e-03     2.413336e-05    -1.951337e-08     5.645113e-12     4.447038e+00     4.321956e+00     1.239305e-02    -2.198405e-06     2.345066e-10    -1.046088e-14     1.711038e-01
   29. C2H4                     2.192996e+05     3.003154e+05     1.000000e+03     3.959201e+00    -7.570514e-03     2.854950e-05    -2.305295e-08     6.747105e-12     4.097302e+00     3.991827e+00     1.048339e-02    -1.858607e-06     1.982095e-10    -8.840760e-15    -2.690818e-01
   30. C2H3                     2.336404e+05     3.055972e+05     1.000000e+03     3.363776e+00     2.657657e-04     1.398104e-05    -1.243290e-08     3.789754e-12     7.915101e+00     4.150268e+00     7.540213e-03    -1.314989e-06     1.386580e-10    -6.135188e-15     1.728122e+00
   31. C2H5O                    2.746331e+05     3.903583e+05     1.467000e+03     2.903536e+00     1.772567e-02    -1.348124e-06    -1.152768e-09     3.130620e-13     1.135456e+01     8.191206e+00     1.103920e-02    -1.876353e-06     1.934253e-10    -8.393379e-15    -1.901313e+01
   32. CH3CHO                   2.639228e+05     3.631512e+05     1.000000e+03     4.729459e+00    -3.193286e-03     2.376746e-05    -1.915287e-08     5.482778e-12     4.103016e+00     5.404111e+00     1.172306e-02    -2.113157e-06     2.279082e-10    -1.024622e-14    -3.480792e+00
   33. CH2CHO                   2.641748e+05     3.576214e+05     1.000000e+03     2.795026e+00     1.010995e-02     8.087532e-06    -1.034344e-08     3.485903e-12     1.236467e+01     6.539283e+00     7.802386e-03    -1.382068e-06     1.473663e-10    -6.573857e-15    -8.720914e+00
   34. CH3OCHO                  3.403241e+05     3.838987e+05     7.000000e+02     0.000000e+00     0.000000e+00     0.000000e+00     9.613707e-09    -4.162034e-12     4.070999e+01     5.029107e+00    -2.873775e-02     3.079045e-05    -9.935784e-09     1.074437e-12     1.824122e+01
   35. CH3OCO                   3.027931e+05     4.148043e+05     1.601000e+03     4.162154e+00     1.380375e-02    -1.542431e-07    -1.521436e-09     3.672741e-13     8.643010e+00     9.736598e+00     7.424327e-03    -1.328209e-06     1.416770e-10    -6.295623e-15    -2.363535e+01
   36. CH3OCH3                  2.673464e+05     3.887927e+05     1.000000e+03     5.305623e+00    -2.142540e-03     2.654365e-05    -2.077156e-08     5.768273e-12     7.132446e-01     5.648443e+00     1.633819e-02    -2.934011e-06     3.156121e-10    -1.416261e-14    -5.962674e+00
   37. CH3OCH2                  2.826277e+05     3.926035e+05     1.395000e+03     1.588749e+00     2.244141e-02    -5.971747e-06     1.123867e-09    -1.037693e-13     1.875490e+01     6.626220e+00     1.222195e-02    -2.062083e-06     2.113758e-10    -9.132935e-15    -8.953058e+00
   38. DME-OO                   3.469266e+05     5.031019e+05     1.441000e+03     3.399305e+00     3.094604e-02    -9.627409e-06     1.920113e-09    -1.540204e-13     1.394296e+01     1.191794e+01     1.194129e-02    -1.967631e-06     1.985854e-10    -8.489943e-15    -3.200969e+01
   39. DME-QOOH                 3.584764e+05     5.172003e+05     1.418000e+03     1.622455e-01     4.761011e-02    -2.260235e-05     7.279310e-09    -1.028240e-12     2.982532e+01     1.238929e+01     1.117590e-02    -1.796245e-06     1.780655e-10    -7.513414e-15    -3.295769e+01
   40. DME-OOQOOH               4.227751e+05     6.285423e+05     1.433000e+03     2.399777e+00     5.398819e-02    -2.439848e-05     7.326404e-09    -9.652674e-13     2.306834e+01     1.773783e+01     1.135899e-02    -1.836913e-06     1.830852e-10    -7.760147e-15    -5.666099e+01
   41. DME-OQOOH                3.365090e+05     4.796653e+05     1.000000e+03     4.847460e+00     2.185806e-02    -4.521423e-06     1.280484e-10     0.000000e+00     6.740726e+00     1.147772e+01     8.316671e-03    -9.254228e-07     3.442472e-11     0.000000e+00    -2.902047e+01
   42. OCH2OCHO                 3.209923e+05     4.528463e+05     1.523000e+03     1.895397e+00     2.741185e-02    -6.823804e-06     4.210853e-10     1.294926e-13     2.023333e+01     1.240132e+01     7.837382e-03    -1.414963e-06     1.518529e-10    -6.776535e-15    -3.780845e+01
   43. HOCH2OCO                 3.306147e+05     4.598053e+05     1.443000e+03     5.952551e+00     8.421963e-03     6.837084e-06    -4.892876e-09     9.603588e-13     2.856572e+00     1.114984e+01     9.347365e-03    -1.677708e-06     1.793457e-10    -7.981505e-15    -2.959839e+01
   44. HOCH2O                   2.765634e+05     3.647140e+05     1.452000e+03     4.111831e+00     7.538507e-03     1.886687e-06    -1.795820e-09     3.640397e-13     7.468073e+00     6.395215e+00     7.436730e-03    -1.252112e-06     1.282932e-10    -5.544467e-15    -6.638656e+00
   45. CH3OCH2O                 3.091910e+05     4.394034e+05     1.523000e+03     5.634144e+00     8.928303e-03     6.861282e-06    -4.683235e-09     8.865641e-13     1.935888e+00     9.812886e+00     1.213131e-02    -2.151429e-06     2.281477e-10    -1.009657e-14    -2.518664e+01
   46. O2CHO                    3.099546e+05     3.944637e+05     1.368000e+03     3.960593e+00     1.060023e-02    -2.628567e-06     3.390558e-10    -7.187190e-15     1.178075e+01     7.240751e+00     4.633130e-03    -8.184700e-07     8.656890e-11    -3.824117e-15    -6.495472e+00
   47. DMM                      3.371573e+05     5.316363e+05     1.000000e+03     5.388723e+00     1.382403e-02     3.149368e-05    -3.263942e-08     1.032221e-11     3.716677e+00     3.629004e+00     3.619774e-02    -9.077385e-06     1.427917e-09    -9.625926e-14     1.042088e+01
   48. DMM-R_L                  3.479021e+05     5.361423e+05     1.000000e+03     2.740297e+00     4.214436e-02    -1.115245e-05    -1.880974e-09     1.744187e-12     1.469867e+01     8.073207e+00     2.541359e-02    -6.027133e-06     9.054924e-10    -5.885607e-14    -1.151774e+01
   49. DMM-RO2_L                4.110440e+05     6.410138e+05     1.000000e+03     5.244476e+00     3.180347e-02     1.674885e-05    -2.603673e-08     9.142009e-12     9.211089e+00     7.087477e+00     3.689166e-02    -9.600917e-06     1.550758e-09    -1.065268e-13    -5.972961e-01
   50. DMM-OOH_L                3.710414e+05     6.291012e+05     1.000000e+03     6.520826e+00     4.421152e-03     6.598304e-05    -5.771803e-08     1.623446e-11     1.698614e+00     1.470870e+01     3.548950e-02    -1.007786e-05     1.710981e-09    -1.209131e-13    -5.294232e+01
   51. DMM-RO_L                 3.798045e+05     5.726387e+05     1.680000e+03     8.073901e+00     1.788920e-02     4.121058e-06    -3.654591e-09     6.676937e-13    -5.923285e+00     1.161439e+01     2.120908e-02    -3.895710e-06     4.241748e-10    -1.914070e-14    -2.903649e+01
   52. DMM-ketR_L               3.508699e+05     5.429313e+05     8.325000e+02     1.196626e+00     3.161473e-02     2.330898e-05    -3.565349e-08     1.304607e-11     2.473218e+01     1.410644e+01     1.525429e-02    -3.095199e-06     4.081007e-10    -2.308321e-14    -4.468831e+01
   53. DMM-cycleth_L            3.062583e+05     4.825976e+05     1.388000e+03    -3.664101e+00     5.672113e-02    -2.011121e-05     4.791088e-09    -5.166212e-13     4.246948e+01     1.343432e+01     1.740826e-02    -3.000233e-06     3.122813e-10    -1.364492e-14    -4.953725e+01
   54. DMM-QOOH_L               3.848694e+05     6.457517e+05     1.000000e+03     2.445705e+00     5.076626e-02     7.742589e-06    -2.306295e-08     8.240682e-12     1.708516e+01     1.882680e+01     2.417806e-02    -6.899935e-06     1.207160e-09    -8.885979e-14    -7.078126e+01
   55. DMM-O2QOOH_L             4.314583e+05     7.364941e+05     1.395000e+03    -7.125958e+00     1.226609e-01    -6.458529e-05     2.178088e-08    -3.173080e-12     6.112087e+01     2.935108e+01     1.496277e-02    -2.677915e-06     2.857538e-10    -1.270188e-14    -1.268465e+02
   56. DMM-OQOOH_L              3.602799e+05     6.515790e+05     1.399000e+03    -4.919503e+00     1.165278e-01    -6.555819e-05     2.290429e-08    -3.400025e-12     4.187582e+01     2.952451e+01     9.550779e-03    -1.724941e-06     1.851818e-10    -8.266172e-15    -1.336784e+02
   57. DMM-R2OOH_L              4.446666e+05     7.639711e+05     1.396000e+03    -5.561084e-02     1.087207e-01    -6.164552e-05     2.231966e-08    -3.436078e-12     2.630995e+01     2.866147e+01     1.492810e-02    -2.598720e-06     2.721850e-10    -1.194186e-14    -1.188011e+02
   58. DMM-ketRO_L              3.702596e+05     5.868337e+05     9.542400e+02     1.304578e+00     3.748195e-02     1.808810e-05    -2.853843e-08     9.532794e-12     2.500382e+01     2.156204e+01     6.957969e-03    -6.714343e-07     1.104391e-10    -8.934017e-15    -8.475347e+01
   59. CH2OCHO                  2.954737e+05     4.048526e+05     1.442000e+03     2.310317e+00     1.804741e-02    -1.357598e-06    -1.536395e-09     4.250927e-13     1.715497e+01     1.009601e+01     7.198871e-03    -1.299067e-06     1.393703e-10    -6.218085e-15    -2.711442e+01

 -------------------------------------------------------------------------------------------------------------------------------------------------------------------------------------------------------------------------------------------------------------------------------------------


