------------------------------
  Elements     Atomic Weight  
------------------------------
  1.	H          1.00800002
  2.	O         15.99899960
  3.	N         14.00699997
  4.	AR        39.94800186
  5.	HE         4.00299978
------------------------------


----------------------------------------------------------------------------------------------------------------------
                                                Molecular        Temperature        Elements
  Species                  Phase  Charge         weight         Low      High       H       O       N      AR      HE
----------------------------------------------------------------------------------------------------------------------
    1. AR                    G      0           39.948002    200.00   6000.00       0       0       0       1       0
    2. N2                    G      0           28.014000    200.00   6000.00       0       0       2       0       0
    3. HE                    G      0            4.003000    200.00   6000.00       0       0       0       0       1
    4. H2                    G      0            2.016000    200.00   6000.00       2       0       0       0       0
    5. H                     G      0            1.008000    200.00   6000.00       1       0       0       0       0
    6. O2                    G      0           31.997999    200.00   6000.00       0       2       0       0       0
    7. O                     G      0           15.999000    200.00   6000.00       0       1       0       0       0
    8. H2O                   G      0           18.015000    200.00   6000.00       2       1       0       0       0
    9. OH                    G      0           17.007000    200.00   6000.00       1       1       0       0       0
   10. H2O2                  G      0           34.013999    200.00   6000.00       2       2       0       0       0
   11. HO2                   G      0           33.005999    200.00   6000.00       1       2       0       0       0
   12. NO                    G      0           30.006000    200.00   6000.00       0       1       1       0       0
   13. N2O                   G      0           44.013000    200.00   6000.00       0       1       2       0       0
   14. NO2                   G      0           46.004999    200.00   6000.00       0       2       1       0       0
   15. HNO                   G      0           31.014000    200.00   6000.00       1       1       1       0       0
   16. HNO2                  G      0           47.012999    200.00   6000.00       1       2       1       0       0
   17. HONO                  G      0           47.012999    200.00   6000.00       1       2       1       0       0
   18. HONO2                 G      0           63.011999    200.00   6000.00       1       3       1       0       0
   19. N2H2                  G      0           30.030000    300.00   5000.00       2       0       2       0       0
   20. H2NN                  G      0           30.030000    200.00   6000.00       2       0       2       0       0
   21. NH2OH                 G      0           33.030000    200.00   6000.00       3       1       1       0       0
   22. HNOH                  G      0           32.022000    200.00   6000.00       2       1       1       0       0
   23. NH3                   G      0           17.031000    200.00   4000.00       3       0       1       0       0
   24. N2H4                  G      0           32.046000    200.00   6000.00       4       0       2       0       0
   25. N                     G      0           14.007000    200.00   6000.00       0       0       1       0       0
   26. NO3                   G      0           62.003999    200.00   6000.00       0       3       1       0       0
   27. NH                    G      0           15.015000    200.00   6000.00       1       0       1       0       0
   28. NNH                   G      0           29.022000    200.00   6000.00       1       0       2       0       0
   29. NH2                   G      0           16.023000    200.00   3000.00       2       0       1       0       0
   30. H2NO                  G      0           32.022000    200.00   6000.00       2       1       1       0       0
   31. N2H3                  G      0           31.038000    200.00   6000.00       3       0       2       0       0
----------------------------------------------------------------------------------------------------------------------

----------------------------------------------------------------------------------------------------------------------
                                                Molecular        Temperature        Elements
  Species                  Phase  Charge         weight         Low      High       H       O       N      AR      HE
----------------------------------------------------------------------------------------------------------------------
   13. N2O                   G      0           44.013000    200.00   6000.00       0       1       2       0       0
   26. NO3                   G      0           62.003999    200.00   6000.00       0       3       1       0       0
    6. O2                    G      0           31.997999    200.00   6000.00       0       2       0       0       0
   14. NO2                   G      0           46.004999    200.00   6000.00       0       2       1       0       0
    7. O                     G      0           15.999000    200.00   6000.00       0       1       0       0       0
   12. NO                    G      0           30.006000    200.00   6000.00       0       1       1       0       0
   25. N                     G      0           14.007000    200.00   6000.00       0       0       1       0       0
    1. AR                    G      0           39.948002    200.00   6000.00       0       0       0       1       0
    3. HE                    G      0            4.003000    200.00   6000.00       0       0       0       0       1
    2. N2                    G      0           28.014000    200.00   6000.00       0       0       2       0       0
   27. NH                    G      0           15.015000    200.00   6000.00       1       0       1       0       0
   18. HONO2                 G      0           63.011999    200.00   6000.00       1       3       1       0       0
   17. HONO                  G      0           47.012999    200.00   6000.00       1       2       1       0       0
   11. HO2                   G      0           33.005999    200.00   6000.00       1       2       0       0       0
   28. NNH                   G      0           29.022000    200.00   6000.00       1       0       2       0       0
   16. HNO2                  G      0           47.012999    200.00   6000.00       1       2       1       0       0
    9. OH                    G      0           17.007000    200.00   6000.00       1       1       0       0       0
   15. HNO                   G      0           31.014000    200.00   6000.00       1       1       1       0       0
    5. H                     G      0            1.008000    200.00   6000.00       1       0       0       0       0
    8. H2O                   G      0           18.015000    200.00   6000.00       2       1       0       0       0
   19. N2H2                  G      0           30.030000    300.00   5000.00       2       0       2       0       0
   30. H2NO                  G      0           32.022000    200.00   6000.00       2       1       1       0       0
   22. HNOH                  G      0           32.022000    200.00   6000.00       2       1       1       0       0
   20. H2NN                  G      0           30.030000    200.00   6000.00       2       0       2       0       0
   10. H2O2                  G      0           34.013999    200.00   6000.00       2       2       0       0       0
    4. H2                    G      0            2.016000    200.00   6000.00       2       0       0       0       0
   29. NH2                   G      0           16.023000    200.00   3000.00       2       0       1       0       0
   21. NH2OH                 G      0           33.030000    200.00   6000.00       3       1       1       0       0
   31. N2H3                  G      0           31.038000    200.00   6000.00       3       0       2       0       0
   23. NH3                   G      0           17.031000    200.00   4000.00       3       0       1       0       0
   24. N2H4                  G      0           32.046000    200.00   6000.00       4       0       2       0       0
----------------------------------------------------------------------------------------------------------------------

------------------------------------------------------------------------------------------------------------------
  Species                  Shape       eps/kb          sigma             mu           alfa        zRot298         
------------------------------------------------------------------------------------------------------------------
    1. AR                    0       136.5000         3.3300         0.0000         0.0000         0.0000
    2. N2                    1        97.5300         3.6210         0.0000         1.7600         4.0000
    3. HE                    0        10.2000         2.5760         0.0000         0.0000         0.0000
    4. H2                    1        38.0000         2.9200         0.0000         0.7900       280.0000
    5. H                     0       145.0000         2.0500         0.0000         0.0000         0.0000
    6. O2                    1       107.4000         3.4580         0.0000         1.6000         3.8000
    7. O                     0        80.0000         2.7500         0.0000         0.0000         0.0000
    8. H2O                   2       572.4000         2.6050         1.8440         0.0000         4.0000
    9. OH                    1        80.0000         2.7500         0.0000         0.0000         0.0000
   10. H2O2                  2       107.4000         3.4580         0.0000         0.0000         3.8000
   11. HO2                   2       107.4000         3.4580         0.0000         0.0000         1.0000
   12. NO                    1        97.5000         3.6210         0.0000         1.7600         4.0000
   13. N2O                   1       232.4000         3.8280         0.0000         0.0000         1.0000
   14. NO2                   2       200.0000         3.5000         0.0000         0.0000         1.0000
   15. HNO                   2       116.7000         3.4920         0.0000         0.0000         1.0000
   16. HNO2                  2       200.0000         3.5000         0.0000         0.0000         1.0000
   17. HONO                  2       200.0000         3.5000         0.0000         0.0000         1.0000
   18. HONO2                 2       300.0000         3.5000         0.0000         0.0000         1.0000
   19. N2H2                  2        71.4000         3.7980         0.0000         0.0000         1.0000
   20. H2NN                  2        71.4000         3.7980         0.0000         0.0000         1.0000
   21. NH2OH                 2       116.7000         3.4920         0.0000         0.0000         1.0000
   22. HNOH                  2       116.7000         3.4920         0.0000         0.0000         1.0000
   23. NH3                   2       481.0000         2.9200         1.4700         0.0000        10.0000
   24. N2H4                  2       205.0000         4.2300         0.0000         4.2600         1.5000
   25. N                     0        71.4000         3.2980         0.0000         0.0000         0.0000
   26. NO3                   2       300.0000         3.5000         0.0000         0.0000         1.0000
   27. NH                    1        80.0000         2.6500         0.0000         0.0000         4.0000
   28. NNH                   2        71.4000         3.7980         0.0000         0.0000         1.0000
   29. NH2                   2        80.0000         2.6500         0.0000         2.2600         4.0000
   30. H2NO                  2       116.7000         3.4920         0.0000         0.0000         1.0000
   31. N2H3                  2       200.0000         3.9000         0.0000         0.0000         1.0000
------------------------------------------------------------------------------------------------------------------


------------------------------------------------------------------------------------------------------------------
  Species                  Shape       eps/kb          sigma             mu           alfa        zRot298         
------------------------------------------------------------------------------------------------------------------
    1. AR                    0       136.5000         3.3300         0.0000         0.0000         0.0000
    2. N2                    1        97.5300         3.6210         0.0000         1.7600         4.0000
    3. HE                    0        10.2000         2.5760         0.0000         0.0000         0.0000
    4. H2                    1        38.0000         2.9200         0.0000         0.7900       280.0000
    5. H                     0       145.0000         2.0500         0.0000         0.0000         0.0000
    6. O2                    1       107.4000         3.4580         0.0000         1.6000         3.8000
    7. O                     0        80.0000         2.7500         0.0000         0.0000         0.0000
    8. H2O                   2       572.4000         2.6050         1.8440         0.0000         4.0000
    9. OH                    1        80.0000         2.7500         0.0000         0.0000         0.0000
   10. H2O2                  2       107.4000         3.4580         0.0000         0.0000         3.8000
   11. HO2                   2       107.4000         3.4580         0.0000         0.0000         1.0000
   12. NO                    1        97.5000         3.6210         0.0000         1.7600         4.0000
   13. N2O                   1       232.4000         3.8280         0.0000         0.0000         1.0000
   14. NO2                   2       200.0000         3.5000         0.0000         0.0000         1.0000
   15. HNO                   2       116.7000         3.4920         0.0000         0.0000         1.0000
   16. HNO2                  2       200.0000         3.5000         0.0000         0.0000         1.0000
   17. HONO                  2       200.0000         3.5000         0.0000         0.0000         1.0000
   18. HONO2                 2       300.0000         3.5000         0.0000         0.0000         1.0000
   19. N2H2                  2        71.4000         3.7980         0.0000         0.0000         1.0000
   20. H2NN                  2        71.4000         3.7980         0.0000         0.0000         1.0000
   21. NH2OH                 2       116.7000         3.4920         0.0000         0.0000         1.0000
   22. HNOH                  2       116.7000         3.4920         0.0000         0.0000         1.0000
   23. NH3                   2       481.0000         2.9200         1.4700         0.0000        10.0000
   24. N2H4                  2       205.0000         4.2300         0.0000         4.2600         1.5000
   25. N                     0        71.4000         3.2980         0.0000         0.0000         0.0000
   26. NO3                   2       300.0000         3.5000         0.0000         0.0000         1.0000
   27. NH                    1        80.0000         2.6500         0.0000         0.0000         4.0000
   28. NNH                   2        71.4000         3.7980         0.0000         0.0000         1.0000
   29. NH2                   2        80.0000         2.6500         0.0000         2.2600         4.0000
   30. H2NO                  2       116.7000         3.4920         0.0000         0.0000         1.0000
   31. N2H3                  2       200.0000         3.9000         0.0000         0.0000         1.0000
------------------------------------------------------------------------------------------------------------------


---------------------------------------------------------------------------------------
                                  CHEMICAL REACTIONS                                   

                          Units: [mol, cm3, s] and [cal/mol]                           
---------------------------------------------------------------------------------------


      1. H2 +M  = 2H +M 
         k:       4.577000e+19	   -1.40     104400.00
         Third body efficiencies
         H2                  	enhanced by	   2.500
         H2O                 	enhanced by	  12.000
         HE                  	enhanced by	   0.830


      2. H2 + O  = H + OH 
         k:       5.080000e+04	    2.67       6292.00


      3. H2 + OH  = H + H2O 
         k:       4.380000e+13	    0.00       6990.00


      4. 2O +M  = O2 +M 
         k:       6.165000e+15	   -0.50          0.00
         Third body efficiencies
         H2                  	enhanced by	   2.500
         H2O                 	enhanced by	  12.000
         AR                  	enhanced by	   0.830
         HE                  	enhanced by	   0.830


      5. H + O2  = O + OH 
         k:       1.140000e+14	    0.00      15286.00


      6. H + OH +M  = H2O +M 
         k:       3.500000e+22	   -2.00          0.00
         Third body efficiencies
         H2                  	enhanced by	   0.730
         H2O                 	enhanced by	   3.650
         AR                  	enhanced by	   0.380


      7. O + H2O  = 2OH 
         k:       6.700000e+07	    1.70      14986.80


      8. H + O +M  = OH +M 
         k:       4.714000e+18	   -1.00          0.00
         Third body efficiencies
         H2                  	enhanced by	   2.500
         H2O                 	enhanced by	  12.000
         AR                  	enhanced by	   0.750
         HE                  	enhanced by	   0.750


      9. H2O2 (+M)  = 2OH (+M) 
         Fall-off (Troe)
         k0:      2.490000e+24	   -2.30      48749.00
         kInf:    2.000000e+12	    0.90      48749.00
         Troe Parameters
         a    4.30e-01
         T*** 1.00e-30
         T*   1.00e+30
         T**  0.00e+00
         Third body efficiencies
         H2O                 	enhanced by	   7.650
         N2                  	enhanced by	   1.500
         O2                  	enhanced by	   1.200
         HE                  	enhanced by	   0.650
         H2O2                	enhanced by	   7.700
         H2                  	enhanced by	   3.700


     10. H + H2O2  = H2O + OH 
         k:       2.410000e+13	    0.00       3970.00


     11. H + H2O2  = H2 + HO2 
         k:       2.150000e+10	    1.00       6000.00


     12. O + H2O2  = OH + HO2 
         k:       9.550000e+06	    2.00       3970.00


     13. OH + H2O2  = H2O + HO2 
         k:       1.740000e+12	    0.00        318.00


     14. OH + H2O2  = H2O + HO2 
         k:       7.590000e+13	    0.00       7269.00


     15. H + HO2  = 2OH 
         k:       7.079000e+13	    0.00        295.00


     16. H + HO2  = H2 + O2 
         k:       1.140200e+10	    1.08        553.78


     17. O + HO2  = O2 + OH 
         k:       3.250000e+13	    0.00          0.00


     18. OH + HO2  = O2 + H2O 
         k:       7.000000e+12	    0.00      -1092.96


     19. OH + HO2  = O2 + H2O 
         k:       4.500000e+14	    0.00      10929.60


     20. 2HO2  = O2 + H2O2 
         k:       1.000000e+14	    0.00      11040.88


     21. 2HO2  = O2 + H2O2 
         k:       1.900000e+11	    0.00      -1408.92


     22. H + O2 (+M)  = HO2 (+M) 
         Fall-off (Troe)
         k0:      1.737000e+19	   -1.23          0.00
         kInf:    4.650000e+12	    0.44          0.00
         Troe Parameters
         a    6.70e-01
         T*** 1.00e-30
         T*   1.00e+30
         T**  1.00e+30
         Third body efficiencies
         H2                  	enhanced by	   1.300
         HE                  	enhanced by	   0.640
         H2O                 	enhanced by	  10.000
         AR                  	enhanced by	   0.500


     23. O + OH +M  = HO2 +M 
         k:       1.000000e+16	    0.00          0.00


     24. NH3  = H + NH2 
         k:       3.497000e+30	   -5.22     111163.30
         Pressure Logarithmic Interpolation
         1	1.000000e-01	7.230000e+29	   -5.32     110862.40
         2	1.000000e+00	3.497000e+30	   -5.22     111163.30
         3	1.000000e+01	1.975000e+31	   -5.16     111887.80
         4	1.000000e+02	2.689000e+31	   -4.92     112778.70


     25. H + NH2  = H2 + NH 
         k:       4.000000e+13	    0.00       3650.00


     26. H + NH3  = H2 + NH2 
         k:       1.963000e+04	    2.85       8520.20


     27. OH + NH3  = H2O + NH2 
         k:       1.559000e+05	    2.37        118.90


     28. O + NH3  = OH + NH2 
         k:       4.430000e+02	    3.18       6739.90


     29. HO2 + NH3  = H2O2 + NH2 
         k:       1.173000e+00	    3.84      17260.00


     30. O2 + NH3  = HO2 + NH2 
         k:       1.415000e+10	    1.28      55224.00


     31. O + NH2  = H + HNO 
         k:       1.500000e+15	   -0.55        836.70


     32. O + NH2  = H + HNO 
         k:       7.730000e+13	   -0.28        646.40


     33. O + NH2  = OH + NH 
         k:       7.000000e+12	    0.00          0.00


     34. O + NH2  = OH + NH 
         k:       3.300000e+08	    1.50       5076.80


     35. OH + NH2  = H2O + NH 
         k:       9.600000e+06	    1.97        670.00


     36. O2 + NH2  = OH + HNO 
         k:       2.900000e-02	    3.76      18185.00


     37. O2 + NH2  = O + H2NO 
         k:       2.600000e+11	    0.49      29050.00


     38. HO2 + NH2  = OH + H2NO 
         k:       1.566000e+13	    0.00          0.00


     39. NH + NH2  = H + N2H2 
         k:       1.500000e+15	   -0.50          0.00


     40. NH + NH2  = NH3 + N 
         k:       9.600000e+03	    2.46        107.00


     41. 2NH  = N + NH2 
         k:       5.700000e-01	    3.88        342.00


     42. 2NH  => N2 + H2 
         k:       6.260000e+12	   -0.04       -160.90


     43. 2NH  => N2 + 2H 
         k:       5.634000e+13	   -0.04       -160.90


     44. 2NH2  = NH3 + NH 
         k:       5.640000e+00	    3.53        550.00


     45. 2NH2  = N2H4 
         k:       5.600000e+48	  -11.30      11882.30
         Pressure Logarithmic Interpolation
         1	1.000000e-01	2.000000e+46	  -10.93       9994.60
         2	1.000000e+00	5.600000e+48	  -11.30      11882.30
         3	1.000000e+01	3.200000e+49	  -11.18      13988.50


     46. 2NH2  = H + N2H3 
         k:       1.200000e+12	   -0.03      10084.00
         Pressure Logarithmic Interpolation
         1	1.000000e-01	9.200000e+11	   -0.01      10014.50
         2	1.000000e+00	1.200000e+12	   -0.03      10084.00
         3	1.000000e+01	4.700000e+12	   -0.20      10620.50


     47. 2NH2  = H2 + H2NN 
         k:       1.200000e+21	   -3.08       3368.00
         Pressure Logarithmic Interpolation
         1	1.000000e-01	2.400000e+20	   -2.91       2136.00
         2	1.000000e+00	1.200000e+21	   -3.08       3368.00
         3	1.000000e+01	2.300000e+19	   -2.54       4182.60


     48. NH2OH (+M)  = OH + NH2 (+M) 
         Fall-off (Troe)
         k0:      5.400000e+37	   -5.96      66783.00
         kInf:    1.400000e+20	   -1.31      64080.00
         Troe Parameters
         a    3.50e-01
         T*** 1.00e-30
         T*   1.00e+30
         T**  1.00e+30


     49. H + NH2OH  = H2 + HNOH 
         k:       4.800000e+08	    1.50       6249.00


     50. H + NH2OH  = H2 + H2NO 
         k:       2.400000e+08	    1.50       5067.00


     51. O + NH2OH  = OH + HNOH 
         k:       3.300000e+08	    1.50       3865.00


     52. O + NH2OH  = OH + H2NO 
         k:       1.700000e+08	    1.50       3010.00


     53. OH + NH2OH  = H2O + HNOH 
         k:       1.500000e+04	    2.61      -3537.00


     54. OH + NH2OH  = H2O + H2NO 
         k:       1.500000e+05	    2.28      -1296.00


     55. NH2OH + NH2  = HNOH + NH3 
         k:       1.100000e-01	    4.00        -97.00


     56. NH2OH + NH2  = NH3 + H2NO 
         k:       9.500000e+00	    3.42      -1013.00


     57. NH2OH + NH  = HNOH + NH2 
         k:       2.900000e-03	    4.40       1564.00


     58. NH2OH + NH  = NH2 + H2NO 
         k:       1.500000e-03	    4.60       2424.00


     59. HO2 + NH2OH  = H2O2 + HNOH 
         k:       2.900000e+04	    2.69       9557.00


     60. HO2 + NH2OH  = H2O2 + H2NO 
         k:       1.400000e+04	    2.69       6418.00


     61. HNOH +M  = H + HNO +M 
         k:       2.000000e+24	   -2.84      58934.00


     62. O2 + HNOH  = HO2 + HNO 
         k:       3.000000e+12	    0.00      25000.00


     63. H + HNOH  = OH + NH2 
         k:       4.000000e+13	    0.00          0.00


     64. H + HNOH  = H2 + HNO 
         k:       4.800000e+08	    1.50        378.00


     65. O + HNOH  = OH + HNO 
         k:       7.000000e+13	    0.00          0.00


     66. O + HNOH  = OH + HNO 
         k:       3.300000e+08	    1.50       -358.00


     67. OH + HNOH  = H2O + HNO 
         k:       2.400000e+06	    2.00      -1192.00


     68. HO2 + HNOH  = H2O2 + HNO 
         k:       2.900000e+04	    2.69      -1600.00


     69. HO2 + HNOH  = O2 + NH2OH 
         k:       2.900000e+04	    2.69      -1600.00


     70. HNOH + NH2  = HNO + NH3 
         k:       1.800000e+06	    1.94      -1152.00


     71. HNOH + NH2  = OH + N2H3 
         k:       6.700000e+06	    1.82        715.30


     72. HNOH + NH2  = H2O + H2NN 
         k:       4.600000e+19	   -1.94       1927.40


     73. NO2 + HNOH  = HNO + HONO 
         k:       6.000000e+11	    0.00       2000.00


     74. NO2 + NH2  = NO + H2NO 
         k:       8.600000e+11	    0.11      -1186.00


     75. NO2 + NH2  = H2O + N2O 
         k:       2.200000e+11	    0.11      -1186.00


     76. NO + NH2  = N2 + H2O 
         k:       2.600000e+19	   -2.37        870.00


     77. NO + NH2  = OH + NNH 
         k:       4.300000e+10	    0.29       -866.00


     78. H + NH  = H2 + N 
         k:       3.010000e+13	    0.00          0.00


     79. O + NH  = H + NO 
         k:       3.000000e+13	    0.00          0.00


     80. OH + NH  = H + HNO 
         k:       2.000000e+13	    0.00          0.00


     81. OH + NH  = H2O + N 
         k:       2.000000e+09	    1.20          0.00


     82. O2 + NH  = O + HNO 
         k:       4.050000e+11	    0.09      10670.00


     83. O2 + NH  = OH + NO 
         k:       2.010000e+15	   -1.38       5670.00


     84. N + NH  = N2 + H 
         k:       6.410000e+11	    0.51         20.00


     85. NO + NH  = H + N2O 
         k:       5.328000e+12	    0.03      -2893.90


     86. NO + NH  = N2 + OH 
         k:       3.635000e+10	    0.36      -2844.30


     87. NO2 + NH  = OH + N2O 
         k:       4.100000e+12	    0.00          0.00


     88. NO2 + NH  = NO + HNO 
         k:       5.900000e+12	    0.00          0.00


     89. OH + N  = H + NO 
         k:       2.830000e+13	    0.00          0.00


     90. O2 + N  = O + NO 
         k:       9.027000e+09	    1.00       6500.00


     91. NO + N  = N2 + O 
         k:       4.280000e+13	    0.00       1570.00


     92. N2H4  = H2 + H2NN 
         k:       5.300000e+39	   -8.35      69306.60
         Pressure Logarithmic Interpolation
         1	1.000000e-01	4.000000e+44	   -9.85      71353.20
         2	1.000000e+00	5.300000e+39	   -8.35      69306.60
         3	1.000000e+01	2.500000e+39	   -8.19      69664.20


     93. H + N2H4  = H2 + N2H3 
         k:       9.600000e+08	    1.50       4838.30


     94. O + N2H4  = OH + N2H3 
         k:       6.700000e+08	    1.50       2851.30


     95. O + N2H4  = H2O + N2H2 
         k:       8.490000e+13	    0.00       1200.00


     96. OH + N2H4  = H2O + N2H3 
         k:       1.300000e+13	    0.00       -318.00


     97. N2H4 + NH2  = NH3 + N2H3 
         k:       3.700000e+06	    1.94       1630.00


     98. NO + N2H4  = HNO + N2H3 
         k:       6.000000e+01	    3.16      30845.00


     99. NO2 + N2H4  = HONO + N2H3 
         k:       8.200000e+01	    3.13       8860.00


    100. NO2 + N2H4  = HNO2 + N2H3 
         k:       2.400000e-02	    4.14       7946.00


    101. N2H3  = H + N2H2 
         k:       3.600000e+47	  -10.38      68973.80
         Pressure Logarithmic Interpolation
         1	1.000000e-01	2.300000e+43	   -9.55      64435.80
         2	1.000000e+00	3.600000e+47	  -10.38      68973.80
         3	1.000000e+01	1.800000e+45	   -9.39      70105.80


    102. H + N2H3  = H2 + N2H2 
         k:       2.400000e+08	    1.50          0.00


    103. O + N2H3  = HNO + NH2 
         k:       3.000000e+13	    0.00          0.00


    104. O + N2H3  = OH + N2H2 
         k:       1.700000e+08	    1.50       -645.50


    105. OH + N2H3  = H2O + N2H2 
         k:       1.200000e+06	    2.00      -1191.60


    106. OH + N2H3  = H2O + H2NN 
         k:       3.000000e+13	    0.00          0.00


    107. NH2 + N2H3  = N2H2 + NH3 
         k:       9.200000e+05	    1.94      -1152.50


    108. NH2 + N2H3  = H2NN + NH3 
         k:       3.000000e+13	    0.00          0.00


    109. HO2 + N2H3  = H2O2 + N2H2 
         k:       1.400000e+04	    2.69      -1599.50


    110. HO2 + N2H3  = O2 + N2H4 
         k:       9.200000e+05	    1.94       2126.10


    111. N2H2  = H + NNH 
         k:       1.800000e+40	   -8.41      73353.00
         Pressure Logarithmic Interpolation
         1	1.000000e-01	5.600000e+36	   -7.75      70215.00
         2	1.000000e+00	1.800000e+40	   -8.41      73353.00
         3	1.000000e+01	3.100000e+41	   -8.42      76004.20


    112. N2H2  = H + NNH 
         k:       2.600000e+40	   -8.53      72886.20
         Pressure Logarithmic Interpolation
         1	1.000000e-01	1.600000e+37	   -7.94      70721.50
         2	1.000000e+00	2.600000e+40	   -8.53      72886.20
         3	1.000000e+01	1.300000e+44	   -9.22      77036.90


    113. H + N2H2  = H2 + NNH 
         k:       4.121000e+09	    1.29       -224.10


    114. O + N2H2  = OH + NNH 
         k:       3.300000e+08	    1.50        496.50


    115. OH + N2H2  = H2O + NNH 
         k:       5.923000e+01	    3.40      -1363.70


    116. NO + N2H2  = N2O + NH2 
         k:       4.000000e+12	    0.00      11916.00


    117. N2H2 + NH  = NNH + NH2 
         k:       2.400000e+06	    2.00      -1191.60


    118. N2H2 + NH2  = NH3 + NNH 
         k:       8.800000e-02	    4.05      -1610.00


    119. N2H2  = H2NN 
         k:       2.000000e+41	   -9.38      68452.20
         Pressure Logarithmic Interpolation
         1	1.000000e-01	9.200000e+38	   -9.01      67726.90
         2	1.000000e+00	2.000000e+41	   -9.38      68452.20
         3	1.000000e+01	1.300000e+45	  -10.13      70757.10


    120. H2NN  = H + NNH 
         k:       9.600000e+35	   -7.57      54841.20
         Pressure Logarithmic Interpolation
         1	1.000000e-01	5.900000e+32	   -6.99      51791.20
         2	1.000000e+00	9.600000e+35	   -7.57      54841.20
         3	1.000000e+01	5.000000e+36	   -7.43      57295.10


    121. H2NN  = H + NNH 
         k:       3.200000e+31	   -6.22      52317.70
         Pressure Logarithmic Interpolation
         1	1.000000e-01	7.200000e+28	   -7.77      50757.90
         2	1.000000e+00	3.200000e+31	   -6.22      52317.70
         3	1.000000e+01	5.100000e+33	   -6.52      54215.30


    122. O2 + H2NN  = NO2 + NH2 
         k:       1.500000e+12	    0.00       5961.00


    123. H + H2NN  = H + N2H2 
         k:       1.800000e+10	    0.97       4470.80


    124. H + H2NN  = H2 + NNH 
         k:       4.800000e+08	    1.50       -894.20


    125. O + H2NN  = NO + NH2 
         k:       3.200000e+09	    1.03       2702.30


    126. O + H2NN  = OH + NNH 
         k:       3.300000e+08	    1.50       -894.20


    127. OH + H2NN  = H2O + NNH 
         k:       2.400000e+06	    2.00      -1192.20


    128. H2NN + NH2  = NH3 + NNH 
         k:       1.800000e+06	    1.94      -1152.50


    129. HO2 + H2NN  = H2O2 + NNH 
         k:       2.900000e+04	    2.69      -1599.50


    130. NNH  = N2 + H 
         k:       1.000000e+09	    0.00          0.00


    131. H + NNH  = N2 + H2 
         k:       2.400000e+08	    1.50       -893.70


    132. O + NNH  = H + N2O 
         k:       1.900000e+14	   -0.27        -22.00


    133. O + NNH  = NO + NH 
         k:       5.200000e+11	    0.39       -409.00


    134. O + NNH  = N2 + OH 
         k:       1.200000e+13	    0.14       -217.00


    135. OH + NNH  = N2 + H2O 
         k:       5.000000e+13	    0.00          0.00


    136. O2 + NNH  = N2 + HO2 
         k:       5.600000e+14	   -0.39        -13.00


    137. NNH + NH2  = N2 + NH3 
         k:       9.200000e+05	    1.94      -1151.90


    138. HO2 + NNH  = N2 + H2O2 
         k:       1.400000e+04	    2.69      -1599.50


    139. NO + NNH  = N2 + HNO 
         k:       5.000000e+13	    0.00          0.00


    140. HO2 + NO  = OH + NO2 
         k:       2.110000e+12	    0.00       -480.00


    141. O + NO (+M)  = NO2 (+M) 
         Fall-off (Troe)
         k0:      4.720000e+24	   -2.87       1550.00
         kInf:    1.300000e+15	   -0.75          0.00
         Troe Parameters
         a    7.50e-01
         T*** 1.00e+03
         T*   1.00e+05
         T**  1.00e+30
         Third body efficiencies
         N2                  	enhanced by	   1.700
         O2                  	enhanced by	   1.500
         H2O                 	enhanced by	  10.000


    142. OH + NO  = HONO 
         k:       3.090000e+23	   -4.17       1621.00
         Pressure Logarithmic Interpolation
         1	1.000000e-02	5.020000e+21	   -4.24        898.90
         2	1.000000e-01	5.310000e+22	   -4.24       1184.00
         3	3.160000e-01	1.380000e+23	   -4.22       1376.00
         4	1.000000e+00	3.090000e+23	   -4.17       1621.00
         5	3.160000e+00	5.450000e+23	   -4.09       1911.00
         6	1.000000e+01	6.350000e+23	   -3.97       2222.00
         7	3.160000e+01	3.680000e+23	   -3.75       2501.00
         8	1.000000e+02	7.290000e+22	   -3.41       2660.00


    143. HNO  = H + NO 
         k:       1.825900e+20	   -3.01      47880.00
         Pressure Logarithmic Interpolation
         1	1.000000e-01	2.012100e+19	   -3.02      47792.00
         2	1.000000e+00	1.825900e+20	   -3.01      47880.00
         3	1.000000e+01	1.276200e+21	   -2.96      48100.00
         4	1.000000e+02	5.644500e+21	   -2.85      48459.00
         5	1.000000e+03	9.711100e+21	   -2.64      48940.00


    144. H + HNO  = H2 + NO 
         k:       9.680000e+11	    0.62        360.00


    145. O + HNO  = OH + NO 
         k:       2.290000e+13	    0.00          0.00


    146. OH + HNO  = H + HONO 
         k:       1.480000e+03	    2.72       4554.00
         Pressure Logarithmic Interpolation
         1	1.000000e-02	1.060000e+03	    2.76       4439.00
         2	1.000000e-01	1.090000e+03	    2.75       4450.00
         3	3.160000e-01	1.180000e+03	    2.74       4476.00
         4	1.000000e+00	1.480000e+03	    2.72       4554.00
         5	3.160000e+00	2.710000e+03	    2.64       4768.00
         6	1.000000e+01	9.670000e+03	    2.49       5253.00
         7	3.160000e+01	5.310000e+04	    2.29       6063.00
         8	1.000000e+02	1.030000e+05	    2.24       6951.00


    147. OH + HNO  = H2O + NO 
         k:       6.300000e+10	    0.39       3782.00
         Pressure Logarithmic Interpolation
         1	1.000000e-02	5.820000e+10	    0.40       3762.00
         2	1.000000e-01	5.850000e+10	    0.40       3763.00
         3	3.160000e-01	5.920000e+10	    0.40       3764.00
         4	1.000000e+00	6.300000e+10	    0.39       3782.00
         5	3.160000e+00	9.530000e+10	    0.34       3931.00
         6	1.000000e+01	2.600000e+11	    0.23       4413.00
         7	3.160000e+01	3.830000e+11	    0.20       5099.00
         8	1.000000e+02	4.180000e+10	    0.51       5532.00


    148. O2 + HNO  = HO2 + NO 
         k:       2.000000e+13	    0.00      14896.00


    149. HNO + NH2  = NO + NH3 
         k:       3.670000e+07	    1.63      -1250.00


    150. NO + HNO  = OH + N2O 
         k:       8.510000e+12	    0.00      29610.00


    151. NO2 + HNO  = NO + HONO 
         k:       4.420000e+04	    2.64       4041.60


    152. NO2 + HNO  = NO + HNO2 
         k:       6.030000e+11	    0.00       1990.00


    153. 2HNO  = H2O + N2O 
         k:       8.430000e+08	    0.00       3100.00


    154. HO2 + HNO  = OH + HNO2 
         k:       2.000000e+03	    2.36       8980.00


    155. H + HONO  = H2 + NO2 
         k:       1.890000e+03	    2.83       1422.70


    156. H + HNO2  = H2 + NO2 
         k:       2.330000e+04	    2.77      -2021.90


    157. H + HONO  = H2O + NO 
         k:       4.300000e+09	    0.98       4070.00
         Pressure Logarithmic Interpolation
         1	1.000000e-02	3.910000e+09	    0.99       4049.00
         2	1.000000e-01	3.930000e+09	    0.99       4049.00
         3	3.160000e-01	3.970000e+09	    0.99       4051.00
         4	1.000000e+00	4.300000e+09	    0.98       4070.00
         5	3.160000e+00	7.040000e+09	    0.92       4225.00
         6	1.000000e+01	2.600000e+10	    0.76       4736.00
         7	3.160000e+01	7.910000e+10	    0.64       5519.00
         8	1.000000e+02	2.790000e+10	    0.80       6146.00


    158. O + HONO  = OH + NO2 
         k:       1.210000e+13	    0.00       5960.00


    159. OH + HONO  = H2O + NO2 
         k:       1.700000e+12	    0.00       -520.00


    160. HONO + NH  = NO2 + NH2 
         k:       1.000000e+13	    0.00          0.00


    161. HONO + NH2  = NO2 + NH3 
         k:       3.170000e+02	    2.83      -3570.00


    162. 2HONO  => H2O + NO + NO2 
         k:       3.490000e-01	    3.64      12138.60


    163. H2NO  = HNOH 
         k:       1.300000e+27	   -4.99      43982.20
         Pressure Logarithmic Interpolation
         1	1.000000e-01	8.200000e+25	   -4.94      43793.50
         2	1.000000e+00	1.300000e+27	   -4.99      43982.20
         3	1.000000e+01	2.600000e+28	   -5.06      44767.10


    164. H2NO +M  = H + HNO +M 
         k:       2.800000e+24	   -2.83      64974.90
         Third body efficiencies
         H2O                 	enhanced by	  10.000


    165. H + H2NO  = H2 + HNO 
         k:       4.800000e+08	    1.50       1559.80


    166. H + H2NO  = OH + NH2 
         k:       4.000000e+13	    0.00          0.00


    167. O + H2NO  = OH + HNO 
         k:       3.300000e+08	    1.50        486.80


    168. OH + H2NO  = H2O + HNO 
         k:       2.400000e+06	    2.00       1192.20


    169. NO + H2NO  = 2HNO 
         k:       2.000000e+04	    2.00      13000.00


    170. NO2 + H2NO  = HNO + HONO 
         k:       6.000000e+11	    0.00       2000.00


    171. NH2 + H2NO  = HNO + NH3 
         k:       1.800000e+06	    1.94       -580.00


    172. O2 + H2NO  = HO2 + HNO 
         k:       2.300000e+02	    2.99      16500.00


    173. HO2 + H2NO  = H2O2 + HNO 
         k:       3.360000e+05	    2.00      -1434.00


    174. H + NO3  = OH + NO2 
         k:       6.610000e+13	    0.00          0.00


    175. O + NO3  = O2 + NO2 
         k:       1.024000e+13	    0.00          0.00


    176. OH + NO3  = HO2 + NO2 
         k:       1.400000e+13	    0.00          0.00


    177. HO2 + NO3  => O2 + OH + NO2 
         k:       1.510000e+12	    0.00          0.00


    178. NO2 + NO3  => O2 + NO + NO2 
         k:       5.730000e+10	    0.00       2800.00


    179. NO3  = O2 + NO 
         k:       2.500000e+06	    0.00      12120.00


    180. 2NO3  => O2 + 2NO2 
         k:       5.120000e+11	    0.00       4870.00


    181. H + NO2  = OH + NO 
         k:       8.850000e+13	    0.00          0.00


    182. O + NO2  = O2 + NO 
         k:       3.920000e+12	    0.00       -238.00


    183. O + NO2 (+M)  = NO3 (+M) 
         Fall-off (Troe)
         k0:      2.500000e+20	   -1.50          0.00
         kInf:    3.500000e+12	    0.24          0.00
         Troe Parameters
         a    7.10e-01
         T*** 1.00e-30
         T*   1.70e+03
         T**  1.00e+30


    184. HO2 + NO2  = O2 + HONO 
         k:       1.900000e+00	    3.32       3044.00


    185. HO2 + NO2  = O2 + HNO2 
         k:       1.900000e+01	    3.26       4983.00


    186. 2NO2  => O2 + 2NO 
         k:       1.630000e+12	    0.00      26030.00


    187. 2NO2  = NO + NO3 
         k:       1.000000e+13	    0.00      25800.00


    188. N2O (+M)  = N2 + O (+M) 
         Fall-off (Lindemann)
         k0:      6.020000e+14	    0.00      57444.00
         kInf:    9.900000e+10	    0.00      57901.00
         Third body efficiencies
         N2                  	enhanced by	   1.700
         O2                  	enhanced by	   1.400
         H2O                 	enhanced by	  12.000


    189. H + N2O  = N2 + OH 
         k:       2.530000e+10	    0.00       4550.00


    190. H + N2O  = N2 + OH 
         k:       5.000000e+14	    0.00      18100.00


    191. O + N2O  = 2NO 
         k:       6.620000e+13	    0.00      26630.00


    192. O + N2O  = N2 + O2 
         k:       1.020000e+14	    0.00      28020.00


    193. OH + N2O  = N2 + HO2 
         k:       1.000000e-02	    4.72      36560.00


    194. NO + N2O  = N2 + NO2 
         k:       5.250000e+05	    2.23      46300.00


    195. O + HNO2  = OH + NO2 
         k:       1.700000e+08	    1.50       2365.40


    196. OH + HNO2  = H2O + NO2 
         k:       1.200000e+06	    2.00       -794.80


    197. HNO2  = HONO 
         k:       3.260000e+34	   -7.97      45490.00
         Pressure Logarithmic Interpolation
         1	1.000000e-02	3.260000e+34	   -7.97      45490.00
         2	1.000000e-01	2.770000e+33	   -7.58      45250.00
         3	3.160000e-01	1.930000e+32	   -7.18      44940.00
         4	1.000000e+00	1.560000e+30	   -6.47      44360.00
         5	3.160000e+00	2.170000e+27	   -5.49      43670.00
         6	1.000000e+01	4.680000e+24	   -4.52      43320.00
         7	3.160000e+01	1.140000e+23	   -3.81      43640.00
         8	1.000000e+02	2.030000e+22	   -3.35      44430.00


    198. HNO2 + NH2  = NO2 + NH3 
         k:       2.800000e+10	    0.00      -5760.00


    199. H + HNO2  = H2O + NO 
         k:       3.380000e+09	    1.07       5565.00
         Pressure Logarithmic Interpolation
         1	1.000000e-02	3.390000e+09	    1.07       5568.00
         2	1.000000e-01	3.390000e+09	    1.07       5567.00
         3	3.160000e-01	3.390000e+09	    1.07       5567.00
         4	1.000000e+00	3.380000e+09	    1.07       5565.00
         5	3.160000e+00	3.380000e+09	    1.07       5560.00
         6	1.000000e+01	3.400000e+09	    1.07       5546.00
         7	3.160000e+01	4.320000e+09	    1.04       5591.00
         8	1.000000e+02	1.270000e+10	    0.91       5968.00


    200. H + HNO2  = OH + HNO 
         k:       3.650000e+07	    1.78       5570.00
         Pressure Logarithmic Interpolation
         1	1.000000e-02	3.610000e+07	    1.78       5565.00
         2	1.000000e-01	3.610000e+07	    1.78       5566.00
         3	3.160000e-01	3.620000e+07	    1.78       5567.00
         4	1.000000e+00	3.650000e+07	    1.78       5570.00
         5	3.160000e+00	3.740000e+07	    1.77       5580.00
         6	1.000000e+01	4.140000e+07	    1.76       5617.00
         7	3.160000e+01	6.230000e+07	    1.71       5770.00
         8	1.000000e+02	1.810000e+08	    1.59       6233.00


    201. OH + NO  = HNO2 
         k:       1.430000e+18	   -3.03       3899.00
         Pressure Logarithmic Interpolation
         1	1.000000e-02	3.160000e+18	   -3.74       1405.00
         2	1.000000e-01	3.030000e+18	   -3.43       2618.00
         3	3.160000e-01	2.230000e+18	   -3.24       3248.00
         4	1.000000e+00	1.430000e+18	   -3.03       3899.00
         5	3.160000e+00	6.910000e+17	   -2.79       4535.00
         6	1.000000e+01	2.040000e+17	   -2.49       5125.00
         7	3.160000e+01	3.070000e+16	   -2.12       5648.00
         8	1.000000e+02	1.950000e+15	   -1.64       6099.00


    202. OH + NO2 (+M)  = HONO2 (+M) 
         Fall-off (Troe)
         k0:      2.938000e+25	   -3.00          0.00
         kInf:    3.000000e+13	    0.00          0.00
         Troe Parameters
         a    4.00e-01
         T*** 1.00e-30
         T*   1.00e+30
         T**  1.00e+30


    203. OH + HONO2  = H2O + NO3 
         k:       9.040000e+09	    0.00      -1240.00


