-----------------------------------------------------------------------------------------------------------------------------------------------------
Name                              MW       Cp@298K        H@298K        G@298K        S@298K      Cp@1000K       H@1000K       G@1000K       S@1000K 
                           [kg/kmol]   [cal/mol/K]    [kcal/mol]    [kcal/mol]   [cal/mol/K]   [cal/mol/K]    [kcal/mol]    [kcal/mol]   [cal/mol/K] 
-----------------------------------------------------------------------------------------------------------------------------------------------------
AR                           39.9480        4.9675       -0.0007      -11.0276       37.0027        4.9675        3.4864      -39.5303       43.0167
N2                           28.0140        6.9601       -0.0010      -13.6455       45.7869        7.8072        5.1295      -49.3995       54.5290
HE                            4.0030        4.9675       -0.0007       -8.9842       30.1457        4.9675        3.4864      -32.6732       36.1596
H2                            2.0160        6.8910       -0.0010       -9.3065       31.2266        7.1996        4.9435      -34.7834       39.7269
H                             1.0080        4.9675       52.0966       43.9276       27.4127        4.9675       55.5838       22.1571       33.4267
O2                           31.9980        7.0204       -0.0011      -14.6100       49.0232        8.3367        5.4260      -52.7859       58.2119
O                            15.9990        5.2365       59.5602       48.0909       38.4876        5.0027       63.1119       18.4733       44.6387
H2O                          18.0150        8.0267      -57.7947      -71.2414       45.1232        9.8652      -51.5799     -107.1994       55.6196
OH                           17.0070        7.1421        8.9583       -4.1261       43.9075        7.3371       13.9585      -38.5527       52.5111
H2O2                         34.0140       10.1369      -32.3732      -49.0741       56.0436       15.0622      -23.2871      -94.3972       71.1101
HO2                          33.0060        8.3531        2.9279      -13.3905       54.7597       11.5233       10.0382      -56.5912       66.6295
NO                           30.0060        7.1366       21.8104        6.8028       50.3609        8.1229       27.1249      -32.2701       59.3950
N2O                          44.0130        9.2296       19.4994        3.8325       52.5732       13.1973       27.6760      -38.5180       66.1940
NO2                          46.0050        8.8835        8.1701       -8.9325       57.3915       12.6692       15.9928      -54.4136       70.4063
HNO                          31.0140        8.0962       25.5319        9.8001       52.7913       11.4049       32.3856      -31.8070       64.1925
HNO2                         47.0130        9.2499      -10.5548      -27.5445       57.0124       15.9790       -1.3278      -73.4123       72.0845
HONO                         47.0130       11.0539      -18.8035      -36.8896       60.6915       16.5734       -8.6713      -86.1662       77.4949
HONO2                        63.0120       12.9230      -32.0969      -51.0966       63.7571       21.9554      -18.9830     -104.2540       85.2710
N2H2                         30.0300        8.7427       49.9747       34.4210       52.1936       14.8132       58.4807       -7.6382       66.1189
H2NN                         30.0300        8.5416       71.9168       56.3820       52.1303       14.6208       80.1729       14.5679       65.6050
NH2OH                        33.0300       11.1035      -10.5048      -27.3231       56.4370       19.1243        0.5203      -73.9626       74.4829
HNOH                         32.0220        9.1362       24.1117        7.4833       55.7999       14.8257       32.8174      -37.2947       70.1120
NH3                          17.0310        8.5139      -10.8878      -24.6148       46.0638       13.4565       -3.1038      -61.9839       58.8800
N2H4                         32.0460       11.5706       22.7444        5.7635       56.9827       22.1267       35.1911      -41.9623       77.1534
N                            14.0070        4.9675      112.9602      102.0434       36.6336        4.9675      116.4474       73.7998       42.6476
NO3                          62.0040       11.2133       17.8329       -0.1562       60.3662       18.3069       29.0235      -49.7809       78.8043
NH                           15.0150        6.9766       85.7430       72.8378       43.3060        7.4744       90.7497       38.8645       51.8852
NNH                          29.0220        8.2105       59.6204       43.6331       53.6485       11.2593       66.4967        1.3725       65.1242
NH2                          16.0230        8.0446       44.4968       30.6203       46.5657       10.1940       50.8276       -6.3955       57.2231
H2NO                         32.0220        9.4096       15.8359       -0.4042       54.4969       14.7294       24.5047      -44.2847       68.7894
N2H3                         31.0380       10.1533       53.7345       36.8728       56.5831       18.3625       64.1616       -9.3981       73.5597
-----------------------------------------------------------------------------------------------------------------------------------------------------

 ====================================================================================================
   THERMO TABLE FOR MOLECULE AR
 ====================================================================================================
   Elemental Composition:
     AR 1.0000
   Formation Enthalpy at 298K =          -0.0007 kcal/mol
   Formation Free Gibbs Energy at 298K = -11.0276 kcal/mol
   Molecular Weight =                    39.9480 kg/kmol
 -----------------------------------------------------------------------------------------------------
   Temperature       Cp             H             G            S             DH            DG         
       [K]       [cal/mol/K]    [kcal/mol]    [kcal/mol]  [cal/(mol-K)]  [kcal/mol]     [kcal/mol]    
 -----------------------------------------------------------------------------------------------------
     300.0000      4.9675        0.0092        -11.1016      37.0360       0.0099        -0.0740       
     600.0000      4.9675        1.4994        -22.7881      40.4792       1.5002        -11.7605      
     800.0000      4.9675        2.4929        -31.0336      41.9082       2.4937        -20.0061      
     1000.0000     4.9675        3.4864        -39.5303      43.0167       3.4872        -28.5027      
     1200.0000     4.9675        4.4799        -48.2269      43.9224       4.4807        -37.1993      
     1400.0000     4.9675        5.4734        -57.0899      44.6881       5.4742        -46.0624      
     1600.0000     4.9675        6.4669        -66.0954      45.3514       6.4677        -55.0678      
     1800.0000     4.9675        7.4604        -75.2253      45.9365       7.4612        -64.1977      
     2000.0000     4.9675        8.4539        -84.4658      46.4599       8.4547        -73.4383      
     2200.0000     4.9675        9.4474        -93.8059      46.9333       9.4482        -82.7784      
     2400.0000     4.9675        10.4409       -103.2364     47.3656       10.4417       -92.2089      
     2600.0000     4.9675        11.4344       -112.7498     47.7632       11.4352       -101.7223     
 -----------------------------------------------------------------------------------------------------


 ====================================================================================================
   THERMO TABLE FOR MOLECULE N2
 ====================================================================================================
   Elemental Composition:
     N 2.0000
   Formation Enthalpy at 298K =          -0.0010 kcal/mol
   Formation Free Gibbs Energy at 298K = -13.6455 kcal/mol
   Molecular Weight =                    28.0140 kg/kmol
 -----------------------------------------------------------------------------------------------------
   Temperature       Cp             H             G            S             DH            DG         
       [K]       [cal/mol/K]    [kcal/mol]    [kcal/mol]  [cal/(mol-K)]  [kcal/mol]     [kcal/mol]    
 -----------------------------------------------------------------------------------------------------
     300.0000      6.9604        0.0129        -13.7372      45.8335       0.0139        -0.0916       
     600.0000      7.1917        2.1263        -28.2983      50.7077       2.1274        -14.6528      
     800.0000      7.5111        3.5955        -38.6595      52.8187       3.5965        -25.0140      
     1000.0000     7.8072        5.1295        -49.3995      54.5290       5.1305        -35.7540      
     1200.0000     8.0375        6.7147        -60.4535      55.9734       6.7157        -46.8079      
     1400.0000     8.2274        8.3418        -71.7762      57.2272       8.3428        -58.1307      
     1600.0000     8.3824        10.0033       -83.3347      58.3363       10.0043       -69.6892      
     1800.0000     8.5073        11.6927       -95.1031      59.3310       11.6938       -81.4576      
     2000.0000     8.6068        13.4045       -107.0609     60.2327       13.4056       -93.4154      
     2200.0000     8.6851        15.1340       -119.1911     61.0569       15.1351       -105.5455     
     2400.0000     8.7461        16.8774       -131.4793     61.8153       16.8784       -117.8338     
     2600.0000     8.7934        18.6315       -143.9134     62.5173       18.6326       -130.2679     
 -----------------------------------------------------------------------------------------------------


 ====================================================================================================
   THERMO TABLE FOR MOLECULE HE
 ====================================================================================================
   Elemental Composition:
     HE 1.0000
   Formation Enthalpy at 298K =          -0.0007 kcal/mol
   Formation Free Gibbs Energy at 298K = -8.9842 kcal/mol
   Molecular Weight =                    4.0030 kg/kmol
 -----------------------------------------------------------------------------------------------------
   Temperature       Cp             H             G            S             DH            DG         
       [K]       [cal/mol/K]    [kcal/mol]    [kcal/mol]  [cal/(mol-K)]  [kcal/mol]     [kcal/mol]    
 -----------------------------------------------------------------------------------------------------
     300.0000      4.9675        0.0092        -9.0445       30.1789       0.0099        -0.0603       
     600.0000      4.9675        1.4994        -18.6738      33.6221       1.5002        -9.6897       
     800.0000      4.9675        2.4929        -25.5480      35.0512       2.4937        -16.5638      
     1000.0000     4.9675        3.4864        -32.6732      36.1596       3.4872        -23.6890      
     1200.0000     4.9675        4.4799        -39.9984      37.0653       4.4807        -31.0143      
     1400.0000     4.9675        5.4734        -47.4900      37.8310       5.4742        -38.5059      
     1600.0000     4.9675        6.4669        -55.1240      38.4944       6.4677        -46.1399      
     1800.0000     4.9675        7.4604        -62.8826      39.0795       7.4612        -53.8984      
     2000.0000     4.9675        8.4539        -70.7517      39.6028       8.4547        -61.7676      
     2200.0000     4.9675        9.4475        -78.7204      40.0763       9.4482        -69.7362      
     2400.0000     4.9675        10.4410       -86.7795      40.5085       10.4417       -77.7953      
     2600.0000     4.9675        11.4345       -94.9215      40.9061       11.4352       -85.9373      
 -----------------------------------------------------------------------------------------------------


 ====================================================================================================
   THERMO TABLE FOR MOLECULE H2
 ====================================================================================================
   Elemental Composition:
     H 2.0000
   Formation Enthalpy at 298K =          -0.0010 kcal/mol
   Formation Free Gibbs Energy at 298K = -9.3065 kcal/mol
   Molecular Weight =                    2.0160 kg/kmol
 -----------------------------------------------------------------------------------------------------
   Temperature       Cp             H             G            S             DH            DG         
       [K]       [cal/mol/K]    [kcal/mol]    [kcal/mol]  [cal/(mol-K)]  [kcal/mol]     [kcal/mol]    
 -----------------------------------------------------------------------------------------------------
     300.0000      6.8947        0.0128        -9.3690       31.2727       0.0138        -0.0625       
     600.0000      6.9938        2.1084        -19.5586      36.1117       2.1094        -10.2520      
     800.0000      7.0787        3.5130        -26.9922      38.1314       3.5140        -17.6856      
     1000.0000     7.1996        4.9435        -34.7834      39.7269       4.9445        -25.4769      
     1200.0000     7.4256        6.4063        -42.8655      41.0598       6.4073        -33.5589      
     1400.0000     7.6348        7.9126        -51.1960      42.2204       7.9136        -41.8894      
     1600.0000     7.8286        9.4592        -59.7451      43.2527       9.4602        -50.4386      
     1800.0000     8.0084        11.0431       -68.4904      44.1853       11.0442       -59.1839      
     2000.0000     8.1753        12.6617       -77.4139      45.0378       12.6627       -68.1074      
     2200.0000     8.3305        14.3125       -86.5011      45.8244       14.3135       -77.1946      
     2400.0000     8.4750        15.9932       -95.7400      46.5555       15.9942       -86.4334      
     2600.0000     8.6099        17.7018       -105.1202     47.2392       17.7028       -95.8136      
 -----------------------------------------------------------------------------------------------------


 ====================================================================================================
   THERMO TABLE FOR MOLECULE H
 ====================================================================================================
   Elemental Composition:
     H 1.0000
   Formation Enthalpy at 298K =          52.0966 kcal/mol
   Formation Free Gibbs Energy at 298K = 43.9276 kcal/mol
   Molecular Weight =                    1.0080 kg/kmol
 -----------------------------------------------------------------------------------------------------
   Temperature       Cp             H             G            S             DH            DG         
       [K]       [cal/mol/K]    [kcal/mol]    [kcal/mol]  [cal/(mol-K)]  [kcal/mol]     [kcal/mol]    
 -----------------------------------------------------------------------------------------------------
     300.0000      4.9675        52.1065       43.8728       27.4459       0.0099        -0.0549       
     600.0000      4.9676        53.5968       35.0633       30.8891       1.5002        -8.8643       
     800.0000      4.9675        54.5903       28.7357       32.3182       2.4937        -15.1919      
     1000.0000     4.9675        55.5838       22.1571       33.4267       3.4872        -21.7705      
     1200.0000     4.9675        56.5773       15.3785       34.3324       4.4807        -28.5491      
     1400.0000     4.9675        57.5708       8.4335        35.0981       5.4742        -35.4942      
     1600.0000     4.9675        58.5643       1.3460        35.7614       6.4677        -42.5816      
     1800.0000     4.9675        59.5578       -5.8659       36.3465       7.4612        -49.7935      
     2000.0000     4.9675        60.5513       -13.1885      36.8699       8.4547        -57.1161      
     2200.0000     4.9675        61.5448       -20.6105      37.3433       9.4482        -64.5382      
     2400.0000     4.9675        62.5383       -28.1230      37.7756       10.4417       -72.0507      
     2600.0000     4.9675        63.5318       -35.7185      38.1732       11.4352       -79.6461      
 -----------------------------------------------------------------------------------------------------


 ====================================================================================================
   THERMO TABLE FOR MOLECULE O2
 ====================================================================================================
   Elemental Composition:
     O 2.0000
   Formation Enthalpy at 298K =          -0.0011 kcal/mol
   Formation Free Gibbs Energy at 298K = -14.6100 kcal/mol
   Molecular Weight =                    31.9980 kg/kmol
 -----------------------------------------------------------------------------------------------------
   Temperature       Cp             H             G            S             DH            DG         
       [K]       [cal/mol/K]    [kcal/mol]    [kcal/mol]  [cal/(mol-K)]  [kcal/mol]     [kcal/mol]    
 -----------------------------------------------------------------------------------------------------
     300.0000      7.0229        0.0130        -14.7080      49.0701       0.0140        -0.0981       
     600.0000      7.6666        2.2092        -30.2618      54.1184       2.2103        -15.6519      
     800.0000      8.0642        3.7847        -41.3207      56.3818       3.7858        -26.7108      
     1000.0000     8.3367        5.4260        -52.7859      58.2119       5.4271        -38.1760      
     1200.0000     8.5010        7.1100        -64.5859      59.7466       7.1111        -49.9760      
     1400.0000     8.6529        8.8256        -76.6705      61.0686       8.8266        -62.0605      
     1600.0000     8.7935        10.5704       -89.0029      62.2333       10.5715       -74.3930      
     1800.0000     8.9244        12.3424       -101.5557     63.2767       12.3434       -86.9458      
     2000.0000     9.0464        14.1396       -114.3072     64.2234       14.1406       -99.6972      
     2200.0000     9.1609        15.9604       -127.2398     65.0910       15.9615       -112.6299     
     2400.0000     9.2686        17.8035       -140.3392     65.8928       17.8045       -125.7293     
     2600.0000     9.3704        19.6675       -153.5932     66.6387       19.6685       -138.9833     
 -----------------------------------------------------------------------------------------------------


 ====================================================================================================
   THERMO TABLE FOR MOLECULE O
 ====================================================================================================
   Elemental Composition:
     O 1.0000
   Formation Enthalpy at 298K =          59.5602 kcal/mol
   Formation Free Gibbs Energy at 298K = 48.0909 kcal/mol
   Molecular Weight =                    15.9990 kg/kmol
 -----------------------------------------------------------------------------------------------------
   Temperature       Cp             H             G            S             DH            DG         
       [K]       [cal/mol/K]    [kcal/mol]    [kcal/mol]  [cal/(mol-K)]  [kcal/mol]     [kcal/mol]    
 -----------------------------------------------------------------------------------------------------
     300.0000      5.2337        59.5707       48.0139       38.5226       0.0105        -0.0770       
     600.0000      5.0512        61.1046       35.8602       42.0740       1.5445        -12.2306      
     800.0000      5.0151        62.1112       27.2935       43.5221       2.5510        -20.7973      
     1000.0000     5.0027        63.1119       18.4733       44.6387       3.5517        -29.6176      
     1200.0000     4.9932        64.1115       9.4516        45.5499       4.5513        -38.6393      
     1400.0000     4.9854        65.1093       0.2627        46.3190       5.5491        -47.8281      
     1600.0000     4.9798        66.1058       -9.0691       46.9843       6.5456        -57.1600      
     1800.0000     4.9762        67.1013       -18.5257      47.5706       7.5412        -66.6166      
     2000.0000     4.9750        68.0964       -28.0932      48.0948       8.5362        -76.1841      
     2200.0000     4.9761        69.0915       -37.7603      48.5690       9.5313        -85.8512      
     2400.0000     4.9797        70.0870       -47.5181      49.0021       10.5269       -95.6089      
     2600.0000     4.9857        71.0835       -57.3589      49.4009       11.5234       -105.4498     
 -----------------------------------------------------------------------------------------------------


 ====================================================================================================
   THERMO TABLE FOR MOLECULE H2O
 ====================================================================================================
   Elemental Composition:
     H 2.0000
     O 1.0000
   Formation Enthalpy at 298K =          -57.7947 kcal/mol
   Formation Free Gibbs Energy at 298K = -71.2414 kcal/mol
   Molecular Weight =                    18.0150 kg/kmol
 -----------------------------------------------------------------------------------------------------
   Temperature       Cp             H             G            S             DH            DG         
       [K]       [cal/mol/K]    [kcal/mol]    [kcal/mol]  [cal/(mol-K)]  [kcal/mol]     [kcal/mol]    
 -----------------------------------------------------------------------------------------------------
     300.0000      8.0290        -57.7786      -71.3317      45.1769       0.0161        -0.0903       
     600.0000      8.6799        -55.2840      -85.8328      50.9147       2.5106        -14.5915      
     800.0000      9.2556        -53.4911      -96.2829      53.4897       4.3036        -25.0415      
     1000.0000     9.8652        -51.5799      -107.1994     55.6196       6.2148        -35.9581      
     1200.0000     10.4722       -49.5448      -118.5125     57.4730       8.2498        -47.2711      
     1400.0000     11.0070       -47.3958      -130.1755     59.1284       10.3989       -58.9341      
     1600.0000     11.4773       -45.1464      -142.1536     60.6295       12.6483       -70.9122      
     1800.0000     11.8906       -42.8087      -154.4190     62.0057       14.9860       -83.1776      
     2000.0000     12.2532       -40.3935      -166.9489     63.2777       17.4012       -95.7076      
     2200.0000     12.5712       -37.9103      -179.7242     64.4608       19.8843       -108.4828     
     2400.0000     12.8499       -35.3676      -192.7281     65.5669       22.4270       -121.4868     
     2600.0000     13.0938       -32.7727      -205.9464     66.6053       25.0220       -134.7050     
 -----------------------------------------------------------------------------------------------------


 ====================================================================================================
   THERMO TABLE FOR MOLECULE OH
 ====================================================================================================
   Elemental Composition:
     H 1.0000
     O 1.0000
   Formation Enthalpy at 298K =          8.9583 kcal/mol
   Formation Free Gibbs Energy at 298K = -4.1261 kcal/mol
   Molecular Weight =                    17.0070 kg/kmol
 -----------------------------------------------------------------------------------------------------
   Temperature       Cp             H             G            S             DH            DG         
       [K]       [cal/mol/K]    [kcal/mol]    [kcal/mol]  [cal/(mol-K)]  [kcal/mol]     [kcal/mol]    
 -----------------------------------------------------------------------------------------------------
     300.0000      7.1400        8.9726        -4.2140       43.9552       0.0143        -0.0879       
     600.0000      7.0572        11.0928       -18.2216      48.8573       2.1345        -14.0955      
     800.0000      7.1485        12.5120       -28.2064      50.8981       3.5537        -24.0803      
     1000.0000     7.3371        13.9585       -38.5527      52.5111       5.0001        -34.4266      
     1200.0000     7.5746        15.4501       -49.1942      53.8702       6.4918        -45.0681      
     1400.0000     7.7863        16.9866       -60.0891      55.0541       8.0283        -55.9630      
     1600.0000     7.9751        18.5631       -71.2071      56.1064       9.6048        -67.0810      
     1800.0000     8.1435        20.1753       -82.5248      57.0556       11.2169       -78.3987      
     2000.0000     8.2939        21.8193       -94.0238      57.9215       12.8610       -89.8977      
     2200.0000     8.4285        23.4918       -105.6889     58.7185       14.5334       -101.5628     
     2400.0000     8.5493        25.1898       -117.5073     59.4571       16.2314       -113.3812     
     2600.0000     8.6583        26.9107       -129.4684     60.1458       17.9524       -125.3423     
 -----------------------------------------------------------------------------------------------------


 ====================================================================================================
   THERMO TABLE FOR MOLECULE H2O2
 ====================================================================================================
   Elemental Composition:
     H 2.0000
     O 2.0000
   Formation Enthalpy at 298K =          -32.3732 kcal/mol
   Formation Free Gibbs Energy at 298K = -49.0741 kcal/mol
   Molecular Weight =                    34.0140 kg/kmol
 -----------------------------------------------------------------------------------------------------
   Temperature       Cp             H             G            S             DH            DG         
       [K]       [cal/mol/K]    [kcal/mol]    [kcal/mol]  [cal/(mol-K)]  [kcal/mol]     [kcal/mol]    
 -----------------------------------------------------------------------------------------------------
     300.0000      10.1554       -32.3529      -49.1863      56.1114       0.0203        -0.1122       
     600.0000      12.8153       -28.8926      -67.2920      63.9990       3.4806        -18.2178      
     800.0000      14.0564       -26.1975      -80.4911      67.8670       6.1756        -31.4170      
     1000.0000     15.0622       -23.2871      -94.3972      71.1101       9.0860        -45.3231      
     1200.0000     15.8369       -20.1953      -108.9071     73.9265       12.1779       -59.8329      
     1400.0000     16.5026       -16.9596      -123.9463     76.4191       15.4135       -74.8722      
     1600.0000     17.0726       -13.6006      -139.4581     78.6609       18.7726       -90.3839      
     1800.0000     17.5595       -10.1361      -155.3973     80.7006       22.2370       -106.3231     
     2000.0000     17.9750       -6.5816       -171.7272     82.5728       25.7916       -122.6530     
     2200.0000     18.3298       -2.9502       -188.4169     84.3031       29.4230       -139.3428     
     2400.0000     18.6339       0.7470        -205.4403     85.9114       33.1201       -156.3661     
     2600.0000     18.8963       4.5006        -222.7744     87.4135       36.8738       -173.7003     
 -----------------------------------------------------------------------------------------------------


 ====================================================================================================
   THERMO TABLE FOR MOLECULE HO2
 ====================================================================================================
   Elemental Composition:
     H 1.0000
     O 2.0000
   Formation Enthalpy at 298K =          2.9279 kcal/mol
   Formation Free Gibbs Energy at 298K = -13.3905 kcal/mol
   Molecular Weight =                    33.0060 kg/kmol
 -----------------------------------------------------------------------------------------------------
   Temperature       Cp             H             G            S             DH            DG         
       [K]       [cal/mol/K]    [kcal/mol]    [kcal/mol]  [cal/(mol-K)]  [kcal/mol]     [kcal/mol]    
 -----------------------------------------------------------------------------------------------------
     300.0000      8.3628        2.9447        -13.5000      54.8156       0.0167        -0.1096       
     600.0000      10.0445       5.7064        -30.9705      61.1282       2.7784        -17.5801      
     800.0000      10.8583       7.8027        -43.5076      64.1379       4.8747        -30.1172      
     1000.0000     11.5233       10.0382       -56.5912      66.6295       7.1103        -43.2008      
     1200.0000     12.0422       12.3956       -70.1368      68.7770       9.4676        -56.7464      
     1400.0000     12.5144       14.8520       -84.0851      70.6694       11.9241       -70.6946      
     1600.0000     12.9417       17.3983       -98.3917      72.3688       14.4704       -85.0013      
     1800.0000     13.3263       20.0258       -113.0225     73.9157       17.0979       -99.6320      
     2000.0000     13.6702       22.7261       -127.9497     75.3379       19.7982       -114.5593     
     2200.0000     13.9756       25.4914       -143.1507     76.6555       22.5634       -129.7602     
     2400.0000     14.2447       28.3140       -158.6059     77.8833       25.3860       -145.2155     
     2600.0000     14.4796       31.1870       -174.2988     79.0330       28.2590       -160.9083     
 -----------------------------------------------------------------------------------------------------


 ====================================================================================================
   THERMO TABLE FOR MOLECULE NO
 ====================================================================================================
   Elemental Composition:
     N 1.0000
     O 1.0000
   Formation Enthalpy at 298K =          21.8104 kcal/mol
   Formation Free Gibbs Energy at 298K = 6.8028 kcal/mol
   Molecular Weight =                    30.0060 kg/kmol
 -----------------------------------------------------------------------------------------------------
   Temperature       Cp             H             G            S             DH            DG         
       [K]       [cal/mol/K]    [kcal/mol]    [kcal/mol]  [cal/(mol-K)]  [kcal/mol]     [kcal/mol]    
 -----------------------------------------------------------------------------------------------------
     300.0000      7.1356        21.8247       6.7021        50.4087       0.0143        -0.1008       
     600.0000      7.4645        23.9975       -9.2519       55.4157       2.1871        -16.0547      
     800.0000      7.8324        25.5280       -20.5636      57.6145       3.7176        -27.3665      
     1000.0000     8.1229        27.1249       -32.2701      59.3950       5.3145        -39.0730      
     1200.0000     8.3129        28.7690       -44.3029      60.8933       6.9586        -51.1058      
     1400.0000     8.4688        30.4477       -56.6139      62.1869       8.6373        -63.4167      
     1600.0000     8.5954        32.1546       -69.1675      63.3263       10.3442       -75.9703      
     1800.0000     8.6968        33.8842       -81.9364      64.3448       12.0738       -88.7392      
     2000.0000     8.7772        35.6319       -94.8989      65.2654       13.8215       -101.7017     
     2200.0000     8.8401        37.3939       -108.0371     66.1050       15.5835       -114.8400     
     2400.0000     8.8891        39.1671       -121.3363     66.8764       17.3567       -128.1392     
     2600.0000     8.9272        40.9489       -134.7838     67.5895       19.1385       -141.5867     
 -----------------------------------------------------------------------------------------------------


 ====================================================================================================
   THERMO TABLE FOR MOLECULE N2O
 ====================================================================================================
   Elemental Composition:
     N 2.0000
     O 1.0000
   Formation Enthalpy at 298K =          19.4994 kcal/mol
   Formation Free Gibbs Energy at 298K = 3.8325 kcal/mol
   Molecular Weight =                    44.0130 kg/kmol
 -----------------------------------------------------------------------------------------------------
   Temperature       Cp             H             G            S             DH            DG         
       [K]       [cal/mol/K]    [kcal/mol]    [kcal/mol]  [cal/(mol-K)]  [kcal/mol]     [kcal/mol]    
 -----------------------------------------------------------------------------------------------------
     300.0000      9.2511        19.5178       3.7273        52.6350       0.0185        -0.1052       
     600.0000      11.5838       22.6810       -13.2292      59.8504       3.1816        -17.0618      
     800.0000      12.5341       25.0981       -25.5584      63.3205       5.5987        -29.3909      
     1000.0000     13.1973       27.6760       -38.5180      66.1940       8.1766        -42.3506      
     1200.0000     13.6139       30.3584       -52.0074      68.6382       10.8591       -55.8400      
     1400.0000     13.9562       33.1166       -65.9521      70.7634       13.6172       -69.7847      
     1600.0000     14.2346       35.9367       -80.2966      72.6458       16.4373       -84.1292      
     1800.0000     14.4588       38.8068       -94.9977      74.3358       19.3074       -98.8302      
     2000.0000     14.6377       41.7172       -110.0205     75.8688       22.2178       -113.8531     
     2200.0000     14.7795       44.6594       -125.3365     77.2709       25.1601       -129.1690     
     2400.0000     14.8917       47.6270       -140.9215     78.5619       28.1276       -144.7540     
     2600.0000     14.9808       50.6146       -156.7549     79.7575       31.1152       -160.5874     
 -----------------------------------------------------------------------------------------------------


 ====================================================================================================
   THERMO TABLE FOR MOLECULE NO2
 ====================================================================================================
   Elemental Composition:
     N 1.0000
     O 2.0000
   Formation Enthalpy at 298K =          8.1701 kcal/mol
   Formation Free Gibbs Energy at 298K = -8.9325 kcal/mol
   Molecular Weight =                    46.0050 kg/kmol
 -----------------------------------------------------------------------------------------------------
   Temperature       Cp             H             G            S             DH            DG         
       [K]       [cal/mol/K]    [kcal/mol]    [kcal/mol]  [cal/(mol-K)]  [kcal/mol]     [kcal/mol]    
 -----------------------------------------------------------------------------------------------------
     300.0000      8.8982        8.1879        -9.0474       57.4510       0.0178        -0.1148       
     600.0000      11.0921       11.1977       -27.3920      64.3161       3.0275        -18.4595      
     800.0000      12.0462       13.5200       -40.6000      67.6500       5.3499        -31.6675      
     1000.0000     12.6692       15.9928       -54.4136      70.4063       7.8226        -45.4811      
     1200.0000     13.0139       18.5621       -68.7351      72.7476       10.3919       -59.8025      
     1400.0000     13.3026       21.1946       -83.4919      74.7761       13.0244       -74.5594      
     1600.0000     13.5451       23.8801       -98.6298      76.5687       15.7099       -89.6973      
     1800.0000     13.7504       26.6102       -114.1071     78.1762       18.4400       -105.1745     
     2000.0000     13.9267       29.3783       -129.8904     79.6343       21.2081       -120.9578     
     2200.0000     14.0814       32.1794       -145.9526     80.9691       24.0092       -137.0200     
     2400.0000     14.2210       35.0098       -162.2711     82.2004       26.8397       -153.3386     
     2600.0000     14.3515       37.8672       -178.8269     83.3439       29.6970       -169.8943     
 -----------------------------------------------------------------------------------------------------


 ====================================================================================================
   THERMO TABLE FOR MOLECULE HNO
 ====================================================================================================
   Elemental Composition:
     H 1.0000
     N 1.0000
     O 1.0000
   Formation Enthalpy at 298K =          25.5319 kcal/mol
   Formation Free Gibbs Energy at 298K = 9.8001 kcal/mol
   Molecular Weight =                    31.0140 kg/kmol
 -----------------------------------------------------------------------------------------------------
   Temperature       Cp             H             G            S             DH            DG         
       [K]       [cal/mol/K]    [kcal/mol]    [kcal/mol]  [cal/(mol-K)]  [kcal/mol]     [kcal/mol]    
 -----------------------------------------------------------------------------------------------------
     300.0000      8.1017        25.5481       9.6944        52.8454       0.0162        -0.1056       
     600.0000      9.5353        28.1738       -7.1389       58.8544       2.6419        -16.9389      
     800.0000      10.5627       30.1867       -19.2075      61.7427       4.6548        -29.0075      
     1000.0000     11.4049       32.3856       -31.8070      64.1925       6.8537        -41.6070      
     1200.0000     12.2114       34.7484       -44.8647      66.3443       9.2166        -54.6648      
     1400.0000     12.9431       37.2652       -58.3305      68.2826       11.7333       -68.1306      
     1600.0000     13.5995       39.9207       -72.1667      70.0546       14.3888       -81.9668      
     1800.0000     14.1812       42.7000       -86.3433      71.6907       17.1681       -96.1434      
     2000.0000     14.6891       45.5882       -100.8354     73.2118       20.0564       -110.6354     
     2200.0000     15.1245       48.5708       -115.6214     74.6328       23.0389       -125.4215     
     2400.0000     15.4896       51.6333       -130.6826     75.9650       26.1015       -140.4826     
     2600.0000     15.7867       54.7621       -146.0020     77.2170       29.2302       -155.8021     
 -----------------------------------------------------------------------------------------------------


 ====================================================================================================
   THERMO TABLE FOR MOLECULE HNO2
 ====================================================================================================
   Elemental Composition:
     H 1.0000
     N 1.0000
     O 2.0000
   Formation Enthalpy at 298K =          -10.5548 kcal/mol
   Formation Free Gibbs Energy at 298K = -27.5445 kcal/mol
   Molecular Weight =                    47.0130 kg/kmol
 -----------------------------------------------------------------------------------------------------
   Temperature       Cp             H             G            S             DH            DG         
       [K]       [cal/mol/K]    [kcal/mol]    [kcal/mol]  [cal/(mol-K)]  [kcal/mol]     [kcal/mol]    
 -----------------------------------------------------------------------------------------------------
     300.0000      9.2738        -10.5363      -27.6586      57.0743       0.0185        -0.1141       
     600.0000      12.9958       -7.1841       -45.9853      64.6687       3.3707        -18.4408      
     800.0000      14.7265       -4.3985       -59.3294      68.6636       6.1563        -31.7849      
     1000.0000     15.9790       -1.3278       -73.4123      72.0845       9.2270        -45.8678      
     1200.0000     16.7425       1.9469        -88.1342      75.0676       12.5017       -60.5898      
     1400.0000     17.3643       5.3598        -103.4159     77.6969       15.9145       -75.8714      
     1600.0000     17.8636       8.8844        -119.1946     80.0494       19.4392       -91.6501      
     1800.0000     18.2582       12.4982       -135.4207     82.1772       23.0530       -107.8762     
     2000.0000     18.5647       16.1818       -152.0530     84.1174       26.7366       -124.5085     
     2200.0000     18.7983       19.9192       -169.0570     85.8983       30.4740       -141.5125     
     2400.0000     18.9727       23.6972       -186.4032     87.5418       34.2520       -158.8587     
     2600.0000     19.1005       27.5052       -204.0658     89.0658       38.0600       -176.5213     
 -----------------------------------------------------------------------------------------------------


 ====================================================================================================
   THERMO TABLE FOR MOLECULE HONO
 ====================================================================================================
   Elemental Composition:
     H 1.0000
     N 1.0000
     O 2.0000
   Formation Enthalpy at 298K =          -18.8035 kcal/mol
   Formation Free Gibbs Energy at 298K = -36.8896 kcal/mol
   Molecular Weight =                    47.0130 kg/kmol
 -----------------------------------------------------------------------------------------------------
   Temperature       Cp             H             G            S             DH            DG         
       [K]       [cal/mol/K]    [kcal/mol]    [kcal/mol]  [cal/(mol-K)]  [kcal/mol]     [kcal/mol]    
 -----------------------------------------------------------------------------------------------------
     300.0000      11.0820       -18.7813      -37.0110      60.7656       0.0221        -0.1215       
     600.0000      14.4002       -14.9129      -56.6549      69.5701       3.8906        -19.7654      
     800.0000      15.6652       -11.8961      -71.0167      73.9006       6.9073        -34.1271      
     1000.0000     16.5734       -8.6713       -86.1662      77.4949       10.1322       -49.2767      
     1200.0000     17.1663       -5.2955       -101.9803     80.5707       13.5080       -65.0908      
     1400.0000     17.6552       -1.8117       -118.3685     83.2548       16.9917       -81.4790      
     1600.0000     18.0539       1.7606        -135.2624     85.6393       20.5641       -98.3728      
     1800.0000     18.3750       5.4047        -152.6084     87.7850       24.2081       -115.7188     
     2000.0000     18.6303       9.1062        -170.3633     89.7348       27.9097       -133.4738     
     2200.0000     18.8307       12.8531       -188.4913     91.5202       31.6566       -151.6018     
     2400.0000     18.9860       16.6355       -206.9621     93.1657       35.4390       -170.0725     
     2600.0000     19.1052       20.4451       -225.7496     94.6903       39.2486       -188.8600     
 -----------------------------------------------------------------------------------------------------


 ====================================================================================================
   THERMO TABLE FOR MOLECULE HONO2
 ====================================================================================================
   Elemental Composition:
     H 1.0000
     N 1.0000
     O 3.0000
   Formation Enthalpy at 298K =          -32.0969 kcal/mol
   Formation Free Gibbs Energy at 298K = -51.0966 kcal/mol
   Molecular Weight =                    63.0120 kg/kmol
 -----------------------------------------------------------------------------------------------------
   Temperature       Cp             H             G            S             DH            DG         
       [K]       [cal/mol/K]    [kcal/mol]    [kcal/mol]  [cal/(mol-K)]  [kcal/mol]     [kcal/mol]    
 -----------------------------------------------------------------------------------------------------
     300.0000      12.9745       -32.0710      -51.2242      63.8437       0.0259        -0.1276       
     600.0000      18.7304       -27.2200      -72.1122      74.8203       4.8769        -21.0157      
     800.0000      20.7202       -23.2558      -87.6629      80.5089       8.8412        -36.5663      
     1000.0000     21.9554       -18.9830      -104.2540     85.2710       13.1139       -53.1574      
     1200.0000     22.6072       -14.5244      -121.7248     89.3337       17.5725       -70.6283      
     1400.0000     23.1268       -9.9490       -139.9518     92.8592       22.1480       -88.8553      
     1600.0000     23.5331       -5.2812       -158.8413     95.9750       26.8157       -107.7447     
     1800.0000     23.8437       -0.5421       -178.3202     98.7656       31.5548       -127.2236     
     2000.0000     24.0746       4.2509        -198.3298     101.2904      36.3479       -147.2333     
     2200.0000     24.2407       9.0834        -218.8216     103.5932      41.1804       -167.7250     
     2400.0000     24.3552       13.9438       -239.7546     105.7076      46.0407       -188.6580     
     2600.0000     24.4302       18.8229       -261.0938     107.6603      50.9198       -209.9973     
 -----------------------------------------------------------------------------------------------------


 ====================================================================================================
   THERMO TABLE FOR MOLECULE N2H2
 ====================================================================================================
   Elemental Composition:
     N 2.0000
     H 2.0000
   Formation Enthalpy at 298K =          49.9747 kcal/mol
   Formation Free Gibbs Energy at 298K = 34.4210 kcal/mol
   Molecular Weight =                    30.0300 kg/kmol
 -----------------------------------------------------------------------------------------------------
   Temperature       Cp             H             G            S             DH            DG         
       [K]       [cal/mol/K]    [kcal/mol]    [kcal/mol]  [cal/(mol-K)]  [kcal/mol]     [kcal/mol]    
 -----------------------------------------------------------------------------------------------------
     300.0000      8.7655        49.9922       34.3165       52.2522       0.0175        -0.1044       
     600.0000      11.8533       53.1025       17.5134       59.3151       3.1278        -16.9076      
     800.0000      13.5020       55.6437       5.2765        62.9590       5.6690        -29.1445      
     1000.0000     14.8132       58.4807       -7.6382       66.1189       8.5060        -42.0592      
     1200.0000     15.8128       61.5482       -21.1467      68.9124       11.5735       -55.5677      
     1400.0000     16.5549       64.7887       -35.1834      71.4086       14.8140       -69.6043      
     1600.0000     17.1237       68.1584       -49.6937      73.6576       18.1837       -84.1147      
     1800.0000     17.5897       71.6314       -64.6328      75.7023       21.6567       -99.0538      
     2000.0000     17.9673       75.1884       -79.9632      77.5758       25.2137       -114.3842     
     2200.0000     18.2699       78.8133       -95.6534      79.3030       28.8386       -130.0744     
     2400.0000     18.5099       82.4922       -111.6760     80.9034       32.5175       -146.0970     
     2600.0000     18.6985       86.2138       -128.0074     82.3928       36.2391       -162.4283     
 -----------------------------------------------------------------------------------------------------


 ====================================================================================================
   THERMO TABLE FOR MOLECULE H2NN
 ====================================================================================================
   Elemental Composition:
     N 2.0000
     H 2.0000
   Formation Enthalpy at 298K =          71.9168 kcal/mol
   Formation Free Gibbs Energy at 298K = 56.3820 kcal/mol
   Molecular Weight =                    30.0300 kg/kmol
 -----------------------------------------------------------------------------------------------------
   Temperature       Cp             H             G            S             DH            DG         
       [K]       [cal/mol/K]    [kcal/mol]    [kcal/mol]  [cal/(mol-K)]  [kcal/mol]     [kcal/mol]    
 -----------------------------------------------------------------------------------------------------
     300.0000      8.5561        71.9339       56.2777       52.1875       0.0171        -0.1043       
     600.0000      11.4391       74.9149       39.5396       58.9588       2.9981        -16.8423      
     800.0000      13.2093       77.3873       27.3850       62.5029       5.4705        -28.9970      
     1000.0000     14.6208       80.1729       14.5679       65.6050       8.2561        -41.8141      
     1200.0000     15.6087       83.1991       1.1659        68.3609       11.2822       -55.2160      
     1400.0000     16.4191       86.4046       -12.7574      70.8300       14.4878       -69.1394      
     1600.0000     17.0754       89.7564       -27.1506      73.0669       17.8396       -83.5326      
     1800.0000     17.5996       93.2259       -41.9712      75.1096       21.3091       -98.3532      
     2000.0000     18.0120       96.7888       -57.1834      76.9861       24.8720       -113.5654     
     2200.0000     18.3311       100.4245      -72.7561      78.7185       28.5077       -129.1381     
     2400.0000     18.5741       104.1162      -88.6623      80.3244       32.1994       -145.0443     
     2600.0000     18.7563       107.8501      -104.8784     81.8187       35.9333       -161.2604     
 -----------------------------------------------------------------------------------------------------


 ====================================================================================================
   THERMO TABLE FOR MOLECULE NH2OH
 ====================================================================================================
   Elemental Composition:
     N 1.0000
     H 3.0000
     O 1.0000
   Formation Enthalpy at 298K =          -10.5048 kcal/mol
   Formation Free Gibbs Energy at 298K = -27.3231 kcal/mol
   Molecular Weight =                    33.0300 kg/kmol
 -----------------------------------------------------------------------------------------------------
   Temperature       Cp             H             G            S             DH            DG         
       [K]       [cal/mol/K]    [kcal/mol]    [kcal/mol]  [cal/(mol-K)]  [kcal/mol]     [kcal/mol]    
 -----------------------------------------------------------------------------------------------------
     300.0000      11.1372       -10.4826      -27.4360      56.5114       0.0222        -0.1129       
     600.0000      15.5092       -6.4451       -45.8435      65.6639       4.0597        -18.5204      
     800.0000      17.4677       -3.1364       -59.4642      70.4098       7.3685        -32.1412      
     1000.0000     19.1243       0.5203        -73.9626      74.4829       11.0251       -46.6395      
     1200.0000     20.4746       4.4844        -89.2270      78.0928       14.9892       -61.9039      
     1400.0000     21.5915       8.6946        -105.1753     81.3356       19.1994       -77.8522      
     1600.0000     22.5040       13.1073       -121.7414     84.2805       23.6122       -94.4184      
     1800.0000     23.2396       17.6844       -138.8708     86.9751       28.1893       -111.5478     
     2000.0000     23.8237       22.3931       -156.5172     89.4551       32.8979       -129.1941     
     2200.0000     24.2795       27.2054       -174.6404     91.7481       37.7102       -147.3174     
     2400.0000     24.6288       32.0978       -193.2054     93.8763       42.6026       -165.8824     
     2600.0000     24.8910       37.0511       -212.1812     95.8586       47.5559       -184.8582     
 -----------------------------------------------------------------------------------------------------


 ====================================================================================================
   THERMO TABLE FOR MOLECULE HNOH
 ====================================================================================================
   Elemental Composition:
     H 2.0000
     N 1.0000
     O 1.0000
   Formation Enthalpy at 298K =          24.1117 kcal/mol
   Formation Free Gibbs Energy at 298K = 7.4833 kcal/mol
   Molecular Weight =                    32.0220 kg/kmol
 -----------------------------------------------------------------------------------------------------
   Temperature       Cp             H             G            S             DH            DG         
       [K]       [cal/mol/K]    [kcal/mol]    [kcal/mol]  [cal/(mol-K)]  [kcal/mol]     [kcal/mol]    
 -----------------------------------------------------------------------------------------------------
     300.0000      9.1569        24.1300       7.3717        55.8611       0.0183        -0.1117       
     600.0000      12.2759       27.3584       -10.5580      63.1941       3.2467        -18.0413      
     800.0000      13.7036       29.9669       -23.5821      66.9363       5.8552        -31.0654      
     1000.0000     14.8257       32.8174       -37.2947      70.1120       8.7057        -44.7780      
     1200.0000     15.6628       35.8687       -51.6009      72.8913       11.7570       -59.0842      
     1400.0000     16.3632       39.0734       -66.4306      75.3600       14.9617       -73.9139      
     1600.0000     16.9438       42.4060       -81.7286      77.5841       18.2943       -89.2119      
     1800.0000     17.4206       45.8440       -97.4509      79.6083       21.7323       -104.9342     
     2000.0000     17.8082       49.3683       -113.5608     81.4645       25.2566       -121.0441     
     2200.0000     18.1203       52.9623       -130.0271     83.1770       28.8506       -137.5104     
     2400.0000     18.3693       56.6122       -146.8233     84.7648       32.5005       -154.3066     
     2600.0000     18.5666       60.3066       -163.9258     86.2432       36.1949       -171.4091     
 -----------------------------------------------------------------------------------------------------


 ====================================================================================================
   THERMO TABLE FOR MOLECULE NH3
 ====================================================================================================
   Elemental Composition:
     H 3.0000
     N 1.0000
   Formation Enthalpy at 298K =          -10.8878 kcal/mol
   Formation Free Gibbs Energy at 298K = -24.6148 kcal/mol
   Molecular Weight =                    17.0310 kg/kmol
 -----------------------------------------------------------------------------------------------------
   Temperature       Cp             H             G            S             DH            DG         
       [K]       [cal/mol/K]    [kcal/mol]    [kcal/mol]  [cal/(mol-K)]  [kcal/mol]     [kcal/mol]    
 -----------------------------------------------------------------------------------------------------
     300.0000      8.5266        -10.8708      -24.7070      46.1208       0.0170        -0.0922       
     600.0000      10.8145       -7.9784       -39.6053      52.7115       2.9094        -14.9905      
     800.0000      12.2166       -5.6708       -50.4877      56.0211       5.2170        -25.8729      
     1000.0000     13.4565       -3.1038       -61.9839      58.8800       7.7840        -37.3690      
     1200.0000     14.4992       -0.3052       -74.0193      61.4284       10.5826       -49.4044      
     1400.0000     15.3735       2.6846        -86.5389      63.7311       13.5725       -61.9241      
     1600.0000     16.1042       5.8346        -99.4984      65.8331       16.7224       -74.8835      
     1800.0000     16.7139       9.1183        -112.8609     67.7662       20.0061       -88.2461      
     2000.0000     17.2231       12.5135       -126.5952     69.5543       23.4013       -101.9804     
     2200.0000     17.6498       16.0020       -140.6742     71.2165       26.8898       -116.0594     
     2400.0000     18.0102       19.5690       -155.0744     72.7681       30.4568       -130.4596     
     2600.0000     18.3179       23.2026       -169.7750     74.2221       34.0904       -145.1601     
 -----------------------------------------------------------------------------------------------------


 ====================================================================================================
   THERMO TABLE FOR MOLECULE N2H4
 ====================================================================================================
   Elemental Composition:
     N 2.0000
     H 4.0000
   Formation Enthalpy at 298K =          22.7444 kcal/mol
   Formation Free Gibbs Energy at 298K = 5.7635 kcal/mol
   Molecular Weight =                    32.0460 kg/kmol
 -----------------------------------------------------------------------------------------------------
   Temperature       Cp             H             G            S             DH            DG         
       [K]       [cal/mol/K]    [kcal/mol]    [kcal/mol]  [cal/(mol-K)]  [kcal/mol]     [kcal/mol]    
 -----------------------------------------------------------------------------------------------------
     300.0000      11.6129       22.7675       5.6495        57.0602       0.0232        -0.1140       
     600.0000      17.5493       27.1835       -13.0303      67.0230       4.4391        -18.7938      
     800.0000      20.1226       30.9703       -26.9915      72.4523       8.2260        -32.7551      
     1000.0000     22.1267       35.1911       -41.9623      77.1534       12.4468       -47.7258      
     1200.0000     23.6041       39.7686       -57.8180      81.3221       17.0242       -63.5815      
     1400.0000     24.8353       44.6163       -74.4622      85.0561       21.8720       -80.2258      
     1600.0000     25.8514       49.6884       -91.8172      88.4410       26.9440       -97.5807      
     1800.0000     26.6812       54.9445       -109.8193     91.5354       32.2001       -115.5828     
     2000.0000     27.3516       60.3502       -128.4149     94.3826       37.6058       -134.1784     
     2200.0000     27.8874       65.8761       -147.5581     97.0155       43.1318       -153.3216     
     2400.0000     28.3113       71.4977       -167.2086     99.4610       48.7533       -172.9722     
     2600.0000     28.6439       77.1946       -187.3314     101.7408      54.4502       -193.0949     
 -----------------------------------------------------------------------------------------------------


 ====================================================================================================
   THERMO TABLE FOR MOLECULE N
 ====================================================================================================
   Elemental Composition:
     N 1.0000
   Formation Enthalpy at 298K =          112.9602 kcal/mol
   Formation Free Gibbs Energy at 298K = 102.0434 kcal/mol
   Molecular Weight =                    14.0070 kg/kmol
 -----------------------------------------------------------------------------------------------------
   Temperature       Cp             H             G            S             DH            DG         
       [K]       [cal/mol/K]    [kcal/mol]    [kcal/mol]  [cal/(mol-K)]  [kcal/mol]     [kcal/mol]    
 -----------------------------------------------------------------------------------------------------
     300.0000      4.9675        112.9702      101.9701      36.6668       0.0099        -0.0733       
     600.0000      4.9675        114.4604      90.3944       40.1100       1.5002        -11.6490      
     800.0000      4.9675        115.4539      82.2226       41.5391       2.4937        -19.8208      
     1000.0000     4.9675        116.4474      73.7998       42.6476       3.4872        -28.2436      
     1200.0000     4.9723        117.4415      65.1770       43.5538       4.4813        -36.8664      
     1400.0000     4.9727        118.4360      56.3876       44.3203       5.4758        -45.6558      
     1600.0000     4.9705        119.4304      47.4557       44.9842       6.4702        -54.5878      
     1800.0000     4.9675        120.4242      38.3991       45.5695       7.4640        -63.6443      
     2000.0000     4.9652        121.4175      29.2320       46.0927       8.4572        -72.8114      
     2200.0000     4.9651        122.4104      19.9654       46.5659       9.4502        -82.0780      
     2400.0000     4.9683        123.4037      10.6084       46.9981       10.4435       -91.4351      
     2600.0000     4.9760        124.3981      1.1684        47.3960       11.4378       -100.8750     
 -----------------------------------------------------------------------------------------------------


 ====================================================================================================
   THERMO TABLE FOR MOLECULE NO3
 ====================================================================================================
   Elemental Composition:
     N 1.0000
     O 3.0000
   Formation Enthalpy at 298K =          17.8329 kcal/mol
   Formation Free Gibbs Energy at 298K = -0.1562 kcal/mol
   Molecular Weight =                    62.0040 kg/kmol
 -----------------------------------------------------------------------------------------------------
   Temperature       Cp             H             G            S             DH            DG         
       [K]       [cal/mol/K]    [kcal/mol]    [kcal/mol]  [cal/(mol-K)]  [kcal/mol]     [kcal/mol]    
 -----------------------------------------------------------------------------------------------------
     300.0000      11.2570       17.8554       -0.2770       60.4413       0.0225        -0.1208       
     600.0000      16.1606       22.0574       -19.9134      69.9513       4.2245        -19.7571      
     800.0000      17.5146       25.4455       -34.4069      74.8155       7.6126        -34.2507      
     1000.0000     18.3069       29.0235       -49.7809      78.8043       11.1906       -49.6246      
     1200.0000     18.6751       32.7231       -65.8880      82.1759       14.8902       -65.7318      
     1400.0000     18.9667       36.4884       -82.6200      85.0775       18.6555       -82.4638      
     1600.0000     19.1928       40.3054       -99.8955      87.6256       22.4725       -99.7393      
     1800.0000     19.3637       44.1619       -117.6518     89.8965       26.3290       -117.4956     
     2000.0000     19.4888       48.0478       -135.8392     91.9435       30.2149       -135.6830     
     2200.0000     19.5769       51.9549       -154.4169     93.8054       34.1220       -154.2607     
     2400.0000     19.6357       55.8766       -173.3510     95.5115       38.0437       -173.1948     
     2600.0000     19.6724       59.8077       -192.6127     97.0848       41.9748       -192.4565     
 -----------------------------------------------------------------------------------------------------


 ====================================================================================================
   THERMO TABLE FOR MOLECULE NH
 ====================================================================================================
   Elemental Composition:
     N 1.0000
     H 1.0000
   Formation Enthalpy at 298K =          85.7430 kcal/mol
   Formation Free Gibbs Energy at 298K = 72.8378 kcal/mol
   Molecular Weight =                    15.0150 kg/kmol
 -----------------------------------------------------------------------------------------------------
   Temperature       Cp             H             G            S             DH            DG         
       [K]       [cal/mol/K]    [kcal/mol]    [kcal/mol]  [cal/(mol-K)]  [kcal/mol]     [kcal/mol]    
 -----------------------------------------------------------------------------------------------------
     300.0000      6.9765        85.7569       72.7511       43.3527       0.0140        -0.0867       
     600.0000      7.0455        87.8551       58.9363       48.1980       2.1121        -13.9015      
     800.0000      7.2243        89.2803       49.0829       50.2468       3.5373        -23.7550      
     1000.0000     7.4744        90.7497       38.8645       51.8852       5.0068        -33.9733      
     1200.0000     7.7331        92.2710       28.3454       53.2714       6.5280        -44.4924      
     1400.0000     7.9615        93.8410       17.5677       54.4809       8.0980        -55.2701      
     1600.0000     8.1644        95.4539       6.5619        55.5575       9.7109        -66.2759      
     1800.0000     8.3460        97.1053       -4.6484       56.5298       11.3623       -77.4862      
     2000.0000     8.5104        98.7912       -16.0445      57.4178       13.0482       -88.8823      
     2200.0000     8.6609        100.5085      -27.6109      58.2361       14.7655       -100.4487     
     2400.0000     8.8006        102.2548      -39.3350      58.9958       16.5118       -112.1728     
     2600.0000     8.9322        104.0282      -51.2059      59.7054       18.2852       -124.0437     
 -----------------------------------------------------------------------------------------------------


 ====================================================================================================
   THERMO TABLE FOR MOLECULE NNH
 ====================================================================================================
   Elemental Composition:
     N 2.0000
     H 1.0000
   Formation Enthalpy at 298K =          59.6204 kcal/mol
   Formation Free Gibbs Energy at 298K = 43.6331 kcal/mol
   Molecular Weight =                    29.0220 kg/kmol
 -----------------------------------------------------------------------------------------------------
   Temperature       Cp             H             G            S             DH            DG         
       [K]       [cal/mol/K]    [kcal/mol]    [kcal/mol]  [cal/(mol-K)]  [kcal/mol]     [kcal/mol]    
 -----------------------------------------------------------------------------------------------------
     300.0000      8.2172        59.6368       43.5258       53.7035       0.0164        -0.1074       
     600.0000      9.6123        62.2999       26.4197       59.8004       2.6795        -17.2135      
     800.0000      10.5227       64.3166       14.1607       62.6949       4.6962        -29.4725      
     1000.0000     11.2593       66.4967       1.3725        65.1242       6.8763        -42.2607      
     1200.0000     11.7698       68.8013       -11.8671      67.2237       9.1809        -55.5003      
     1400.0000     12.1869       71.1984       -25.5002      69.0704       11.5780       -69.1334      
     1600.0000     12.5234       73.6707       -39.4822      70.7206       14.0503       -83.1154      
     1800.0000     12.7907       76.2031       -53.7779      72.2117       16.5827       -97.4110      
     2000.0000     12.9997       78.7831       -68.3581      73.5706       19.1627       -111.9913     
     2200.0000     13.1602       81.3998       -83.1987      74.8175       21.7794       -126.8318     
     2400.0000     13.2811       84.0445       -98.2787      75.9680       24.4241       -141.9118     
     2600.0000     13.3707       86.7101       -113.5803     77.0348       27.0897       -157.2134     
 -----------------------------------------------------------------------------------------------------


 ====================================================================================================
   THERMO TABLE FOR MOLECULE NH2
 ====================================================================================================
   Elemental Composition:
     N 1.0000
     H 2.0000
   Formation Enthalpy at 298K =          44.4968 kcal/mol
   Formation Free Gibbs Energy at 298K = 30.6203 kcal/mol
   Molecular Weight =                    16.0230 kg/kmol
 -----------------------------------------------------------------------------------------------------
   Temperature       Cp             H             G            S             DH            DG         
       [K]       [cal/mol/K]    [kcal/mol]    [kcal/mol]  [cal/(mol-K)]  [kcal/mol]     [kcal/mol]    
 -----------------------------------------------------------------------------------------------------
     300.0000      8.0474        44.5129       30.5271       46.6195       0.0161        -0.0932       
     600.0000      8.8146        47.0286       15.5877       52.4015       2.5318        -15.0325      
     800.0000      9.4950        48.8589       4.8353        55.0295       4.3621        -25.7849      
     1000.0000     10.1940       50.8276       -6.3955       57.2231       6.3307        -37.0158      
     1200.0000     10.8328       52.9319       -18.0357      59.1397       8.4351        -48.6559      
     1400.0000     11.3771       55.1544       -30.0378      60.8516       10.6576       -60.6580      
     1600.0000     11.8382       57.4772       -42.3655      62.4017       12.9804       -72.9858      
     1800.0000     12.2270       59.8849       -54.9896      63.8192       15.3880       -85.6099      
     2000.0000     12.5541       62.3639       -67.8857      65.1248       17.8671       -98.5060      
     2200.0000     12.8296       64.9031       -81.0332      66.3347       20.4063       -111.6534     
     2400.0000     13.0630       67.4930       -94.4141      67.4613       22.9961       -125.0343     
     2600.0000     13.2637       70.1261       -108.0128     68.5150       25.6293       -138.6331     
 -----------------------------------------------------------------------------------------------------


 ====================================================================================================
   THERMO TABLE FOR MOLECULE H2NO
 ====================================================================================================
   Elemental Composition:
     N 1.0000
     H 2.0000
     O 1.0000
   Formation Enthalpy at 298K =          15.8359 kcal/mol
   Formation Free Gibbs Energy at 298K = -0.4042 kcal/mol
   Molecular Weight =                    32.0220 kg/kmol
 -----------------------------------------------------------------------------------------------------
   Temperature       Cp             H             G            S             DH            DG         
       [K]       [cal/mol/K]    [kcal/mol]    [kcal/mol]  [cal/(mol-K)]  [kcal/mol]     [kcal/mol]    
 -----------------------------------------------------------------------------------------------------
     300.0000      9.4273        15.8547       -0.5133       54.5599       0.0188        -0.1091       
     600.0000      12.1328       19.0941       -18.0673      61.9356       3.2582        -17.6631      
     800.0000      13.5781       21.6719       -30.8349      65.6335       5.8360        -30.4308      
     1000.0000     14.7294       24.5047       -44.2847      68.7894       8.6688        -43.8805      
     1200.0000     15.6023       27.5404       -58.3248      71.5544       11.7046       -57.9207      
     1400.0000     16.3301       30.7359       -72.8863      74.0159       14.9001       -72.4821      
     1600.0000     16.9310       34.0640       -87.9152      76.2370       18.2282       -87.5110      
     1800.0000     17.4221       37.5010       -103.3680     78.2606       21.6652       -102.9638     
     2000.0000     17.8191       41.0266       -119.2084     80.1175       25.1907       -118.8042     
     2200.0000     18.1367       44.6234       -135.4055     81.8313       28.7875       -135.0013     
     2400.0000     18.3882       48.2769       -151.9326     83.4206       32.4410       -151.5284     
     2600.0000     18.5858       51.9751       -168.7664     84.9006       36.1392       -168.3622     
 -----------------------------------------------------------------------------------------------------


 ====================================================================================================
   THERMO TABLE FOR MOLECULE N2H3
 ====================================================================================================
   Elemental Composition:
     N 2.0000
     H 3.0000
   Formation Enthalpy at 298K =          53.7345 kcal/mol
   Formation Free Gibbs Energy at 298K = 36.8728 kcal/mol
   Molecular Weight =                    31.0380 kg/kmol
 -----------------------------------------------------------------------------------------------------
   Temperature       Cp             H             G            S             DH            DG         
       [K]       [cal/mol/K]    [kcal/mol]    [kcal/mol]  [cal/(mol-K)]  [kcal/mol]     [kcal/mol]    
 -----------------------------------------------------------------------------------------------------
     300.0000      10.1850       53.7549       36.7595       56.6511       0.0203        -0.1132       
     600.0000      14.6421       57.5066       18.4228       65.1396       3.7721        -18.4500      
     800.0000      16.7128       60.6550       4.9317        69.6541       6.9205        -31.9410      
     1000.0000     18.3625       64.1616       -9.3981       73.5597       10.4271       -46.2709      
     1200.0000     19.6105       67.9625       -24.4629      77.0212       14.2280       -61.3357      
     1400.0000     20.6538       71.9921       -40.1828      80.1250       18.2576       -77.0556      
     1600.0000     21.5177       76.2121       -56.4938      82.9411       22.4776       -93.3665      
     1800.0000     22.2262       80.5889       -73.3433      85.5179       26.8544       -110.2161     
     2000.0000     22.8014       85.0937       -90.6873      87.8905       31.3592       -127.5601     
     2200.0000     23.2637       89.7019       -108.4878     90.0862       35.9674       -145.3605     
     2400.0000     23.6318       94.3929       -126.7115     92.1268       40.6584       -163.5842     
     2600.0000     23.9228       99.1495       -145.3294     94.0303       45.4150       -182.2021     
 -----------------------------------------------------------------------------------------------------


