 ----------------------------------------------------------------------------------------------------------------------------------------------------------------------------------------------------------------------------------------------------------
                     SPECIFIC HEAT COEFFICIENTS                                                                     

             Cp = A + B*T + C*T^2 + D*T^3 + E*T^4  [J/kg/K]                                                         

    Species                      Cp(298K)         Cp(1000K)          LT-HT            A(LT)            B(LT)            C(LT)            D(LT)            E(LT)             A(HT)           B(HT)            C(HT)            D(HT)           E(HT)      
 ----------------------------------------------------------------------------------------------------------------------------------------------------------------------------------------------------------------------------------------------------------

    1. AR                       5.203258e+02     5.203271e+02     1.000000e+03     5.203066e+02     4.434004e-05     1.867613e-07    -4.816089e-10     2.709909e-13     5.203078e+02     3.249667e-05    -1.615331e-08     3.182925e-12    -2.191725e-16
    2. N2                       1.039619e+03     1.166151e+03     1.000000e+03     1.049484e+03    -4.697429e-02    -1.267275e-04     7.050185e-07    -4.146493e-10     8.719975e+02     4.209706e-01    -1.493721e-04     2.396798e-08    -1.412943e-12
    3. HE                       5.192600e+03     5.192618e+03     1.000000e+03     5.192152e+03     2.098107e-03    -1.712697e-06    -1.424827e-09     1.505352e-12     5.192346e+03     4.556346e-04    -2.233358e-07     4.303623e-11    -2.894559e-15
    4. H2                       1.430297e+04     1.494359e+04     1.000000e+03     9.803073e+03     3.191817e+01    -7.783882e-02     8.063589e-05    -2.957473e-08     1.196885e+04     3.583931e+00    -6.840642e-04     7.871185e-08    -3.840167e-12
    5. H                        2.062101e+04     2.062112e+04     1.000000e+03     2.061920e+04     5.558024e-03     9.222393e-06    -3.053520e-08     1.767102e-11     2.061997e+04     1.934948e-03    -9.582388e-07     1.861749e-10    -1.261951e-14
    6. O2                       9.180628e+02     1.090204e+03     1.000000e+03     9.835019e+02    -7.847322e-01     2.577720e-03    -2.540852e-06     8.545663e-10     9.509754e+02     1.714646e-01    -3.745852e-05     5.577691e-09    -3.546958e-13
    7. O                        1.369578e+03     1.308430e+03     1.000000e+03     1.641723e+03    -1.670844e+00     3.374093e-03    -3.111649e-06     1.075107e-09     1.326032e+03    -1.990843e-02     4.381982e-07     2.085331e-09    -2.169569e-13
    8. H2O                      1.864404e+03     2.291436e+03     1.000000e+03     1.939107e+03    -9.488297e-01     3.030162e-03    -2.551831e-06     8.228276e-10     1.260519e+03     1.362146e+00    -3.855436e-04     5.819366e-08    -3.879306e-12
    9. OH                       1.757254e+03     1.805222e+03     1.000000e+03     1.943733e+03    -1.117372e+00     2.119036e-03    -1.759626e-06     6.194508e-10     1.391277e+03     5.364230e-01    -1.413469e-04     2.000027e-08    -1.131192e-12
   10. H2O2                     1.247050e+03     1.852968e+03     1.000000e+03     1.036079e+03    -6.101548e-02     3.907604e-03    -5.058000e-06     2.028300e-09     1.109811e+03     1.016809e+00    -3.199183e-04     4.908980e-08    -2.823535e-12
   11. HO2                      1.058986e+03     1.460895e+03     1.000000e+03     1.073759e+03    -1.122606e+00     5.168261e-03    -5.939830e-06     2.281311e-09     1.034242e+03     5.140095e-01    -9.216734e-05     4.684802e-09     1.256561e-13
   12. NO                       9.952176e+02     1.132762e+03     1.000000e+03     1.168946e+03    -1.285680e+00     3.060303e-03    -2.588205e-06     7.773988e-10     9.035216e+02     3.300213e-01    -1.189070e-04     1.924362e-08    -1.117505e-12
   13. N2O                      8.774833e+02     1.254701e+03     1.000000e+03     4.263965e+02     2.135568e+00    -2.582638e-03     1.829015e-06    -5.536397e-10     9.111230e+02     4.962693e-01    -1.810711e-04     3.022682e-08    -1.846631e-12
   14. NO2                      8.080036e+02     1.152340e+03     1.000000e+03     7.128029e+02    -2.865338e-01     3.010559e-03    -3.700514e-06     1.416026e-09     8.828193e+02     3.926160e-01    -1.496565e-04     2.846040e-08    -1.899629e-12
   15. HNO                      1.092351e+03     1.538751e+03     1.000000e+03     1.215845e+03    -1.524193e+00     4.964939e-03    -4.607919e-06     1.490078e-09     8.487596e+02     8.041520e-01    -1.057274e-04    -1.033059e-08     1.896994e-12
   16. HNO2                     8.232929e+02     1.422226e+03     1.000000e+03     7.141021e+02    -7.889889e-01     5.649456e-03    -6.709145e-06     2.556802e-09     8.247762e+02     8.663296e-01    -3.177973e-04     5.206958e-08    -3.152177e-12
   17. HONO                     9.838577e+02     1.475128e+03     1.000000e+03     5.595968e+02     1.504179e+00     9.701560e-05    -1.463748e-06     7.780842e-10     1.024244e+03     6.448660e-01    -2.283418e-04     3.652015e-08    -2.160078e-12
   18. HONO2                    8.581779e+02     1.457990e+03     1.000000e+03     2.234306e+02     2.509272e+00    -1.088824e-03    -7.997700e-07     6.138823e-10     1.059693e+03     5.897639e-01    -2.275611e-04     3.847097e-08    -2.376463e-12
   19. N2H2                     1.218222e+03     2.064098e+03     1.380000e+03     7.076552e+02     1.811681e+00    -2.441865e-04    -3.210919e-07     1.100406e-10     1.148151e+03     1.333449e+00    -4.506057e-04     6.937193e-08    -4.000638e-12
   20. H2NN                     1.190207e+03     2.037288e+03     1.000000e+03     1.254794e+03    -2.027861e+00     8.328409e-03    -8.416920e-06     2.898866e-09     8.469612e+02     1.712127e+00    -6.151294e-04     9.926942e-08    -5.939813e-12
   21. NH2OH                    1.406650e+03     2.422776e+03     1.000000e+03     8.080763e+02     1.559866e+00     2.783946e-03    -4.950623e-06     2.221511e-09     9.769745e+02     2.053338e+00    -7.114128e-04     1.102380e-07    -6.361699e-12
   22. HNOH                     1.193862e+03     1.937330e+03     1.000000e+03     1.027191e+03    -7.857248e-01     6.669704e-03    -8.195676e-06     3.221837e-09     1.034237e+03     1.269282e+00    -4.286449e-04     6.630680e-08    -3.850809e-12
   23. NH3                      2.091833e+03     3.306189e+03     1.000000e+03     2.021267e+03    -1.750129e+00     9.250133e-03    -9.706990e-06     3.491908e-09     1.152505e+03     3.084666e+00    -1.117806e-03     2.010231e-07    -1.419853e-11
   24. N2H4                     1.510843e+03     2.889208e+03     1.000000e+03     9.949337e+02    -1.684192e-01     9.777483e-03    -1.299110e-05     5.276310e-09     1.281592e+03     2.270267e+00    -7.768028e-04     1.212372e-07    -7.084873e-12
   25. N                        1.483983e+03     1.483983e+03     1.000000e+03     1.483983e+03     0.000000e+00     0.000000e+00     0.000000e+00     0.000000e+00     1.434088e+03     1.038139e-01    -7.065167e-05     1.794210e-08    -1.208614e-12
   26. NO3                      7.567460e+02     1.235468e+03     1.000000e+03     2.914693e+02     1.406699e+00     1.481390e-03    -3.775620e-06     1.831531e-09     1.003501e+03     3.456609e-01    -1.353639e-04     2.310655e-08    -1.436888e-12
   27. NH                       1.944270e+03     2.082987e+03     1.000000e+03     1.934199e+03     1.726549e-01    -8.245611e-04     1.374211e-06    -5.735175e-10     1.541471e+03     7.364010e-01    -2.352223e-04     4.338551e-08    -3.048090e-12
   28. NNH                      1.183795e+03     1.623384e+03     1.000000e+03     1.218935e+03    -9.886661e-01     3.947484e-03    -3.817850e-06     1.263480e-09     9.819225e+02     9.262029e-01    -3.360401e-04     5.457841e-08    -3.280047e-12
   29. NH2                      2.100860e+03     2.662174e+03     1.000000e+03     2.175252e+03    -1.061700e+00     3.465040e-03    -2.723785e-06     8.073686e-10     1.345337e+03     1.804158e+00    -5.618301e-04     7.749504e-08    -2.984972e-12
   30. H2NO                     1.229590e+03     1.924739e+03     1.000000e+03     1.020941e+03    -4.258966e-02     3.613304e-03    -4.225723e-06     1.558807e-09     9.751251e+02     1.340355e+00    -4.579871e-04     7.141700e-08    -4.171074e-12
   31. N2H3                     1.368837e+03     2.475561e+03     1.000000e+03     9.164861e+02     3.613745e-01     5.986024e-03    -8.029109e-06     3.240786e-09     1.083531e+03     1.958552e+00    -6.633402e-04     1.027944e-07    -5.976608e-12

 ----------------------------------------------------------------------------------------------------------------------------------------------------------------------------------------------------------------------------------------------------------


 -------------------------------------------------------------------------------------------------------------------------------------------------------------------------------------------------------------------------------------------------------------------------------------------
                           ENTHALPY COEFFICIENTS                                                                     

             H/(RT) = A + B*T + C*T^2 + D*T^3 + E*T^4 + F/T  [-]                                                         

    Species                   H(298K)[J/kmol]  H(1000K)[J/kmol]      LT-HT            A(LT)            B(LT)            C(LT)            D(LT)            E(LT)           F(LT)             A(HT)            B(HT)            C(HT)           D(HT)             E(HT)            F(HT)      
 -------------------------------------------------------------------------------------------------------------------------------------------------------------------------------------------------------------------------------------------------------------------------------------------

    1. AR                      -3.117886e+03     1.458871e+07     1.000000e+03     2.499886e+00     1.065190e-07     2.991069e-10    -5.784894e-13     2.604028e-16    -7.453545e+02     2.499892e+00     7.806742e-08    -2.587029e-11     3.823202e-15    -2.106090e-19    -7.453284e+02
    2. N2                      -4.368615e+03     2.146391e+07     1.000000e+03     3.536035e+00    -7.913547e-05    -1.423281e-07     5.938565e-10    -2.794164e-13    -1.047496e+03     2.938030e+00     7.091902e-04    -1.677603e-07     2.018889e-11    -9.521286e-16    -9.171810e+02
    3. HE                      -3.117902e+03     1.458877e+07     1.000000e+03     2.499763e+00     5.050672e-07    -2.748595e-10    -1.714958e-13     1.449504e-16    -7.453409e+02     2.499856e+00     1.096827e-07    -3.584169e-11     5.179951e-15    -2.787172e-19    -7.453092e+02
    4. H2                      -4.325295e+03     2.068572e+07     1.000000e+03     2.376942e+00     3.869585e-03    -6.291169e-06     4.887928e-09    -1.434191e-12    -9.211731e+02     2.902076e+00     4.344963e-04    -5.528814e-08     4.771297e-12    -1.862244e-16    -7.979487e+02
    5. H                        2.179946e+08     2.325866e+08     1.000000e+03     2.499759e+00     3.369122e-07     3.726909e-10    -9.254803e-13     4.284676e-16     2.547377e+04     2.499852e+00     1.172913e-07    -3.872388e-11     5.642707e-15    -3.059840e-19     2.547380e+04
    6. O2                      -4.406504e+03     2.270475e+07     1.000000e+03     3.784983e+00    -1.510011e-03     3.306764e-06    -2.444601e-09     6.577554e-13    -1.064136e+03     3.659805e+00     3.299387e-04    -4.805272e-08     5.366401e-12    -2.730076e-16    -1.216030e+03
    7. O                        2.492254e+08     2.640874e+08     1.000000e+03     3.159065e+00    -1.607550e-03     2.164185e-06    -1.496888e-09     4.137522e-13     2.912985e+04     2.551601e+00    -1.915427e-05     2.810658e-10     1.003168e-12    -8.349531e-17     2.922876e+04
    8. H2O                     -2.418378e+08    -2.158323e+08     1.000000e+03     4.201476e+00    -1.027918e-03     2.188491e-06    -1.382267e-09     3.565652e-13    -3.029501e+04     2.731175e+00     1.475685e-03    -2.784533e-07     3.152215e-11    -1.681063e-15    -2.991691e+04
    9. OH                       3.748547e+07     5.840821e+07     1.000000e+03     3.975852e+00    -1.142776e-03     1.444810e-06    -8.998166e-10     2.534139e-13     3.393411e+03     2.845817e+00     5.486191e-04    -9.637370e-08     1.022750e-11    -4.627645e-16     3.717066e+03
   10. H2O2                    -1.354632e+08    -9.744328e+07     1.000000e+03     4.238542e+00    -1.248055e-04     5.328597e-06    -5.172999e-09     1.659533e-12    -1.764860e+04     4.540175e+00     2.079855e-03    -4.362559e-07     5.020590e-11    -2.310185e-15    -1.795140e+04
   11. HO2                      1.225174e+07     4.200428e+07     1.000000e+03     4.262512e+00    -2.228210e-03     6.838831e-06    -5.894850e-09     1.811229e-12     2.624424e+02     4.105640e+00     1.020234e-03    -1.219592e-07     4.649326e-12     9.976366e-17     4.328988e+01
   12. NO                       9.126410e+07     1.135021e+08     1.000000e+03     4.218599e+00    -2.319941e-03     3.681435e-06    -2.335139e-09     5.611097e-13     9.845100e+03     3.260712e+00     5.955057e-04    -1.430409e-07     1.736204e-11    -8.065914e-16     9.921431e+03
   13. N2O                      8.159374e+07     1.158083e+08     1.000000e+03     2.257150e+00     5.652364e-03    -4.557106e-06     2.420495e-09    -5.861436e-13     8.741775e+03     4.823073e+00     1.313513e-03    -3.195029e-07     4.000178e-11    -1.955046e-15     8.073405e+03
   14. NO2                      3.418740e+07     6.692056e+07     1.000000e+03     3.944031e+00    -7.927145e-04     5.552604e-06    -5.118856e-09     1.567011e-12     2.896618e+03     4.884754e+00     1.086198e-03    -2.760230e-07     3.936877e-11    -2.102179e-15     2.316498e+03
   15. HNO                      1.068363e+08     1.355152e+08     1.000000e+03     4.535256e+00    -2.842717e-03     6.173285e-06    -4.297031e-09     1.111636e-12     1.161830e+04     3.165981e+00     1.499794e-03    -1.314589e-07    -9.633602e-12     1.415205e-15     1.177263e+04
   16. HNO2                    -4.416575e+07    -5.556113e+06     1.000000e+03     4.037793e+00    -2.230616e-03     1.064803e-05    -9.483987e-09     2.891418e-12    -6.530882e+03     4.663585e+00     2.449272e-03    -5.989806e-07     7.360509e-11    -3.564712e-15    -7.252163e+03
   17. HONO                    -7.868185e+07    -3.628455e+07     1.000000e+03     3.164164e+00     4.252589e-03     1.828539e-07    -2.069141e-09     8.799143e-13    -1.077441e+04     5.791446e+00     1.823154e-03    -4.303759e-07     5.162456e-11    -2.442774e-15    -1.159743e+04
   18. HONO2                   -1.343073e+08    -7.943316e+07     1.000000e+03     1.693292e+00     9.508385e-03    -2.750589e-06    -1.515285e-09     9.304740e-13    -1.741989e+04     8.030989e+00     2.234793e-03    -5.748650e-07     7.288904e-11    -3.602054e-15    -1.931382e+04
   19. N2H2                     2.091156e+08     2.447085e+08     1.380000e+03     2.555894e+00     3.271695e-03    -2.939826e-07    -2.899283e-10     7.948845e-14     2.410851e+04     4.146868e+00     2.408062e-03    -5.424961e-07     6.263902e-11    -2.889884e-15     2.334441e+04
   20. H2NN                     3.009309e+08     3.354780e+08     1.000000e+03     4.532040e+00    -3.662093e-03     1.002679e-05    -7.600014e-09     2.094013e-12     3.495800e+04     3.059037e+00     3.091912e-03    -7.405705e-07     8.963480e-11    -4.290658e-15     3.485301e+04
   21. NH2OH                   -4.395672e+07     2.177220e+06     1.000000e+03     3.210161e+00     3.098358e-03     3.686498e-06    -4.916707e-09     1.765033e-12    -6.581485e+03     3.881125e+00     4.078542e-03    -9.420519e-07     1.094827e-10    -5.054492e-15    -6.860184e+03
   22. HNOH                     1.008937e+08     1.373221e+08     1.000000e+03     3.956082e+00    -1.513055e-03     8.562480e-06    -7.891128e-09     2.481691e-12     1.091998e+04     3.983219e+00     2.444232e-03    -5.502888e-07     6.384286e-11    -2.966171e-15     1.057801e+04
   23. NH3                     -4.555929e+07    -1.298776e+07     1.000000e+03     4.140279e+00    -1.792446e-03     6.315863e-06    -4.970849e-09     1.430536e-12    -6.685452e+03     2.360743e+00     3.159251e-03    -7.632227e-07     1.029419e-10    -5.816736e-15    -6.415965e+03
   24. N2H4                     9.517219e+07     1.472547e+08     1.000000e+03     3.834721e+00    -3.245648e-04     1.256162e-05    -1.251773e-08     4.067241e-12     1.008939e+04     4.939574e+00     4.375086e-03    -9.979969e-07     1.168196e-10    -5.461372e-15     9.282655e+03
   25. N                        4.726742e+08     4.872660e+08     1.000000e+03     2.500000e+00     0.000000e+00     0.000000e+00     0.000000e+00     0.000000e+00     5.610464e+04     2.415943e+00     8.744533e-05    -3.967456e-08     7.556561e-12    -4.072197e-16     5.613378e+04
   26. NO3                      7.462053e+07     1.214468e+08     1.000000e+03     2.173593e+00     5.245134e-03     3.682422e-06    -7.039047e-09     2.731679e-12     7.812909e+03     7.483477e+00     1.288860e-03    -3.364861e-07     4.307852e-11    -2.143080e-15     6.129905e+03
   27. NH                       3.587856e+08     3.797360e+08     1.000000e+03     3.492950e+00     1.558979e-04    -4.963554e-07     6.204185e-10    -2.071418e-13     4.210597e+04     2.783726e+00     6.649294e-04    -1.415952e-07     1.958736e-11    -1.100903e-15     4.234619e+04
   28. NNH                      2.494774e+08     2.782507e+08     1.000000e+03     4.254746e+00    -1.725491e-03     4.592957e-06    -3.331594e-09     8.820468e-13     2.879321e+04     3.427444e+00     1.616476e-03    -3.909877e-07     4.762709e-11    -2.289830e-15     2.876760e+04
   29. NH2                      1.861939e+08     2.126844e+08     1.000000e+03     4.191980e+00    -1.023014e-03     2.225854e-06    -1.312268e-09     3.111799e-13     2.118633e+04     2.592630e+00     1.738418e-03    -3.609054e-07     3.733564e-11    -1.150482e-15     2.157373e+04
   30. H2NO                     6.626409e+07     1.025382e+08     1.000000e+03     3.932011e+00    -8.201408e-05     4.638714e-06    -4.068696e-09     1.200706e-12     6.711790e+03     3.755559e+00     2.581097e-03    -5.879580e-07     6.876317e-11    -3.212863e-15     6.518262e+03
   31. N2H3                     2.248483e+08     2.684796e+08     1.000000e+03     3.421255e+00     6.745079e-04     7.448636e-06    -7.493193e-09     2.419579e-12     2.581990e+04     4.044836e+00     3.655651e-03    -8.254193e-07     9.593326e-11    -4.462151e-15     2.532414e+04

 -------------------------------------------------------------------------------------------------------------------------------------------------------------------------------------------------------------------------------------------------------------------------------------------


 -------------------------------------------------------------------------------------------------------------------------------------------------------------------------------------------------------------------------------------------------------------------------------------------
                             ENTROPY COEFFICIENTS                                                                     

             S/R = A*lnT + B*T + C*T^2 + D*T^3 + E*T^4 + F  [-]                                                         

    Species                 S(298K)[J/kmol/K] S(1000K)[J/kmol/K]     LT-HT            A(LT)            B(LT)            C(LT)            D(LT)            E(LT)           F(LT)             A(HT)            B(HT)            C(HT)           D(HT)             E(HT)            F(HT)      
 -------------------------------------------------------------------------------------------------------------------------------------------------------------------------------------------------------------------------------------------------------------------------------------------

    1. AR                       1.548354e+05     1.800003e+05     1.000000e+03     2.499886e+00     2.130380e-07     4.486604e-10    -7.713192e-13     3.255035e-16     4.380244e+00     2.499892e+00     1.561348e-07    -3.880543e-11     5.097603e-15    -2.632612e-19     4.380298e+00
    2. N2                       1.915921e+05     2.281728e+05     1.000000e+03     3.536035e+00    -1.582709e-04    -2.134921e-07     7.918086e-10    -3.492705e-13     2.946037e+00     2.938030e+00     1.418380e-03    -2.516405e-07     2.691852e-11    -1.190161e-15     5.955220e+00
    3. HE                       1.261424e+05     1.513074e+05     1.000000e+03     2.499763e+00     1.010134e-06    -4.122892e-10    -2.286611e-13     1.811880e-16     9.298003e-01     2.499856e+00     2.193654e-07    -5.376254e-11     6.906601e-15    -3.483965e-19     9.295350e-01
    4. H2                       1.306653e+05     1.662346e+05     1.000000e+03     2.376942e+00     7.739169e-03    -9.436754e-06     6.517237e-09    -1.792739e-12     5.471847e-01     2.902076e+00     8.689926e-04    -8.293222e-08     6.361730e-12    -2.327804e-16    -8.455913e-01
    5. H                        1.147064e+05     1.398716e+05     1.000000e+03     2.499759e+00     6.738245e-07     5.590363e-10    -1.233974e-12     5.355846e-16    -4.455740e-01     2.499852e+00     2.345825e-07    -5.808582e-11     7.523610e-15    -3.824800e-19    -4.458646e-01
    6. O2                       2.051340e+05     2.435837e+05     1.000000e+03     3.784983e+00    -3.020022e-03     4.960146e-06    -3.259468e-09     8.221943e-13     3.647807e+00     3.659805e+00     6.598774e-04    -7.207909e-08     7.155201e-12    -3.412595e-16     3.420741e+00
    7. O                        1.610488e+05     1.867873e+05     1.000000e+03     3.159065e+00    -3.215100e-03     3.246278e-06    -1.995850e-09     5.171903e-13     2.090783e+00     2.551601e+00    -3.830855e-05     4.215987e-10     1.337557e-12    -1.043691e-16     4.876170e+00
    8. H2O                      1.888149e+05     2.327362e+05     1.000000e+03     4.201476e+00    -2.055835e-03     3.282736e-06    -1.843023e-09     4.457065e-13    -8.606109e-01     2.731175e+00     2.951370e-03    -4.176799e-07     4.202953e-11    -2.101329e-15     6.551830e+00
    9. OH                       1.837277e+05     2.197291e+05     1.000000e+03     3.975852e+00    -2.285553e-03     2.167214e-06    -1.199755e-09     3.167673e-13    -3.553973e-02     2.845817e+00     1.097238e-03    -1.445606e-07     1.363666e-11    -5.784556e-16     5.803399e+00
   10. H2O2                     2.345104e+05     2.975553e+05     1.000000e+03     4.238542e+00    -2.496109e-04     7.992895e-06    -6.897332e-09     2.074416e-12     3.588501e+00     4.540175e+00     4.159710e-03    -6.543839e-07     6.694121e-11    -2.887731e-15     8.558817e-01
   11. HO2                      2.291381e+05     2.788063e+05     1.000000e+03     4.262512e+00    -4.456420e-03     1.025825e-05    -7.859800e-09     2.264036e-12     3.882237e+00     4.105640e+00     2.040468e-03    -1.829388e-07     6.199101e-12     1.247046e-16     3.308081e+00
   12. NO                       2.107317e+05     2.485342e+05     1.000000e+03     4.218599e+00    -4.639881e-03     5.522152e-06    -3.113518e-09     7.013872e-13     2.280610e+00     3.260712e+00     1.191011e-03    -2.145613e-07     2.314938e-11    -1.008239e-15     6.369005e+00
   13. N2O                      2.199890e+05     2.769842e+05     1.000000e+03     2.257150e+00     1.130473e-02    -6.835659e-06     3.227327e-09    -7.326796e-13     1.075799e+01     4.823073e+00     2.627025e-03    -4.792544e-07     5.333571e-11    -2.443808e-15    -2.201721e+00
   14. NO2                      2.401509e+05     2.946104e+05     1.000000e+03     3.944031e+00    -1.585429e-03     8.328906e-06    -6.825142e-09     1.958764e-12     6.311992e+00     4.884754e+00     2.172395e-03    -4.140345e-07     5.249170e-11    -2.627724e-15    -1.174170e-01
   15. HNO                      2.209014e+05     2.686092e+05     1.000000e+03     4.535256e+00    -5.685434e-03     9.259927e-06    -5.729374e-09     1.389545e-12     1.743159e+00     3.165981e+00     2.999589e-03    -1.971884e-07    -1.284480e-11     1.769007e-15     7.645112e+00
   16. HNO2                     2.385642e+05     3.016325e+05     1.000000e+03     4.037793e+00    -4.461231e-03     1.597204e-05    -1.264532e-08     3.614272e-12     5.906201e+00     4.663585e+00     4.898544e-03    -8.984710e-07     9.814012e-11    -4.455889e-15    -3.060536e-02
   17. HONO                     2.539594e+05     3.242720e+05     1.000000e+03     3.164164e+00     8.505178e-03     2.742808e-07    -2.758855e-09     1.099893e-12     1.002319e+01     5.791446e+00     3.646307e-03    -6.455638e-07     6.883274e-11    -3.053467e-15    -4.071453e+00
   18. HONO2                    2.667872e+05     3.568104e+05     1.000000e+03     1.693292e+00     1.901677e-02    -4.125883e-06    -2.020379e-09     1.163092e-12     1.718398e+01     8.030989e+00     4.469586e-03    -8.622975e-07     9.718538e-11    -4.502568e-15    -1.626165e+01
   19. N2H2                     2.184005e+05     2.766699e+05     1.380000e+03     2.555894e+00     6.543391e-03    -4.409739e-07    -3.865710e-10     9.936056e-14     9.805047e+00     4.146868e+00     4.816123e-03    -8.137441e-07     8.351870e-11    -3.612355e-15     5.341227e-01
   20. H2NN                     2.181357e+05     2.745197e+05     1.000000e+03     4.532040e+00    -7.324186e-03     1.504019e-05    -1.013335e-08     2.617516e-12     1.510742e+00     3.059037e+00     6.183823e-03    -1.110856e-06     1.195131e-10    -5.363323e-15     6.698935e+00
   21. NH2OH                    2.361567e+05     3.116683e+05     1.000000e+03     3.210161e+00     6.196717e-03     5.529747e-06    -6.555609e-09     2.206291e-12     7.932936e+00     3.881125e+00     8.157084e-03    -1.413078e-06     1.459770e-10    -6.318115e-15     3.791561e+00
   22. HNOH                     2.334909e+05     2.933789e+05     1.000000e+03     3.956082e+00    -3.026110e-03     1.284372e-05    -1.052150e-08     3.102114e-12     5.559510e+00     3.983219e+00     4.888464e-03    -8.254332e-07     8.512382e-11    -3.707714e-15     3.625828e+00
   23. NH3                      1.927508e+05     2.463794e+05     1.000000e+03     4.140279e+00    -3.584891e-03     9.473795e-06    -6.627799e-09     1.788170e-12    -1.667549e-02     2.360743e+00     6.318501e-03    -1.144834e-06     1.372558e-10    -7.270920e-15     8.021543e+00
   24. N2H4                     2.384400e+05     3.228429e+05     1.000000e+03     3.834721e+00    -6.491296e-04     1.884242e-05    -1.669031e-08     5.084052e-12     5.752720e+00     4.939574e+00     8.750172e-03    -1.496995e-06     1.557595e-10    -6.826715e-15    -2.694398e+00
   25. N                        1.532908e+05     1.784558e+05     1.000000e+03     2.500000e+00     0.000000e+00     0.000000e+00     0.000000e+00     0.000000e+00     4.193909e+00     2.415943e+00     1.748907e-04    -5.951184e-08     1.007541e-11    -5.090246e-16     4.649610e+00
   26. NO3                      2.525979e+05     3.297513e+05     1.000000e+03     2.173593e+00     1.049027e-02     5.523633e-06    -9.385396e-09     3.414599e-12     1.460221e+01     7.483477e+00     2.577721e-03    -5.047292e-07     5.743802e-11    -2.678850e-15    -1.416181e+01
   27. NH                       1.812109e+05     2.171102e+05     1.000000e+03     3.492950e+00     3.117957e-04    -7.445331e-07     8.272247e-10    -2.589273e-13     1.848350e+00     2.783726e+00     1.329859e-03    -2.123928e-07     2.611648e-11    -1.376128e-15     5.740849e+00
   28. NNH                      2.244885e+05     2.725077e+05     1.000000e+03     4.254746e+00    -3.450983e-03     6.889435e-06    -4.442125e-09     1.102558e-12     3.285518e+00     3.427444e+00     3.232952e-03    -5.864815e-07     6.350279e-11    -2.862288e-15     6.392092e+00
   29. NH2                      1.948508e+05     2.394460e+05     1.000000e+03     4.191980e+00    -2.046028e-03     3.338781e-06    -1.749691e-09     3.889749e-13    -9.047852e-02     2.592630e+00     3.476836e-03    -5.413581e-07     4.978085e-11    -1.438103e-15     7.905654e+00
   30. H2NO                     2.280383e+05     2.878445e+05     1.000000e+03     3.932011e+00    -1.640282e-04     6.958070e-06    -5.424928e-09     1.500882e-12     4.588370e+00     3.755559e+00     5.162194e-03    -8.819369e-07     9.168423e-11    -4.016079e-15     4.309331e+00
   31. N2H3                     2.367679e+05     3.078053e+05     1.000000e+03     3.421255e+00     1.349016e-03     1.117295e-05    -9.990924e-09     3.024474e-12     7.831763e+00     4.044836e+00     7.311302e-03    -1.238129e-06     1.279110e-10    -5.577689e-15     2.884234e+00

 -------------------------------------------------------------------------------------------------------------------------------------------------------------------------------------------------------------------------------------------------------------------------------------------


