------------------------------
  Elements     Atomic Weight  
------------------------------
  1.	C         12.01099968
  2.	H          1.00800002
  3.	O         15.99899960
  4.	N         14.00699997
  5.	HE         4.00299978
  6.	AR        39.94800186
------------------------------


------------------------------------------------------------------------------------------------------------------------------
                                                Molecular        Temperature        Elements
  Species                  Phase  Charge         weight         Low      High       C       H       O       N      HE      AR
------------------------------------------------------------------------------------------------------------------------------
    1. AR                    G      0           39.948002    200.00   6000.00       0       0       0       0       0       1
    2. N2                    G      0           28.014000    200.00   6000.00       0       0       0       2       0       0
    3. HE                    G      0            4.003000    200.00   6000.00       0       0       0       0       1       0
    4. H2                    G      0            2.016000    200.00   6000.00       0       2       0       0       0       0
    5. H                     G      0            1.008000    200.00   6000.00       0       1       0       0       0       0
    6. O2                    G      0           31.997999    200.00   6000.00       0       0       2       0       0       0
    7. O                     G      0           15.999000    200.00   6000.00       0       0       1       0       0       0
    8. H2O                   G      0           18.015000    200.00   6000.00       0       2       1       0       0       0
    9. H2O_TH                G      0           18.015000    200.00   6000.00       0       2       1       0       0       0
   10. H2O_TB                G      0           28.014000    200.00   6000.00       0       0       0       2       0       0
   11. H2O_CHEM              G      0           18.015000    200.00   6000.00       0       2       1       0       0       0
   12. OH                    G      0           17.007000    200.00   6000.00       0       1       1       0       0       0
   13. OHV                   G      0           17.007000    300.00   5000.00       0       1       1       0       0       0
   14. H2O2                  G      0           34.013999    200.00   6000.00       0       2       2       0       0       0
   15. HO2                   G      0           33.005999    200.00   5000.00       0       1       2       0       0       0
   16. CO                    G      0           28.009999    200.00   6000.00       1       0       1       0       0       0
   17. CO2                   G      0           44.008999    200.00   6000.00       1       0       2       0       0       0
   18. CO2_TH                G      0           44.008999    200.00   6000.00       1       0       2       0       0       0
   19. CO2_TB                G      0           28.014000    200.00   6000.00       0       0       0       2       0       0
   20. CO2_CHEM              G      0           44.008999    200.00   6000.00       1       0       2       0       0       0
   21. HOCO                  G      0           45.016999    200.00   6000.00       1       1       2       0       0       0
   22. CH4                   G      0           16.043000    200.00   6000.00       1       4       0       0       0       0
   23. CH3                   G      0           15.035000    200.00   6000.00       1       3       0       0       0       0
   24. CH2                   G      0           14.027000    200.00   6000.00       1       2       0       0       0       0
   25. CH2(S)                G      0           14.027000    200.00   6000.00       1       2       0       0       0       0
   26. C                     G      0           12.011000    200.00   6000.00       1       0       0       0       0       0
   27. CH                    G      0           13.019000    200.00   6000.00       1       1       0       0       0       0
   28. CHV                   G      0           13.019000    300.00   5000.00       1       1       0       0       0       0
   29. CH3O2H                G      0           48.040999    200.00   6000.00       1       4       2       0       0       0
   30. CH3O2                 G      0           47.032999    300.00   5000.00       1       3       2       0       0       0
   31. CH2O2H                G      0           47.032999    300.00   5000.00       1       3       2       0       0       0
   32. CH3OH                 G      0           32.041999    200.00   6000.00       1       4       1       0       0       0
   33. CH3O                  G      0           31.033999    200.00   6000.00       1       3       1       0       0       0
   34. CH2OH                 G      0           31.033999    200.00   6000.00       1       3       1       0       0       0
   35. CH2O                  G      0           30.025999    200.00   6000.00       1       2       1       0       0       0
   36. HCO                   G      0           29.017999    200.00   6000.00       1       1       1       0       0       0
   37. HCOH                  G      0           30.025999    300.00   5000.00       1       2       1       0       0       0
   38. HO2CHO                G      0           62.023998    300.00   5000.00       1       2       3       0       0       0
   39. HOCH2O2H              G      0           64.039999    300.00   5000.00       1       4       3       0       0       0
   40. HOCH2O2               G      0           63.031999    300.00   5000.00       1       3       3       0       0       0
   41. OCH2O2H               G      0           63.031999    300.00   5000.00       1       3       3       0       0       0
   42. HOCH2O                G      0           47.032999    300.00   5000.00       1       3       2       0       0       0
   43. O2CHO                 G      0           61.015998    300.00   5000.00       1       1       3       0       0       0
   44. HOCHO                 G      0           46.024999    200.00   6000.00       1       2       2       0       0       0
   45. OCHO                  G      0           45.016999    200.00   6000.00       1       1       2       0       0       0
------------------------------------------------------------------------------------------------------------------------------

------------------------------------------------------------------------------------------------------------------------------
                                                Molecular        Temperature        Elements
  Species                  Phase  Charge         weight         Low      High       C       H       O       N      HE      AR
------------------------------------------------------------------------------------------------------------------------------
    7. O                     G      0           15.999000    200.00   6000.00       0       0       1       0       0       0
    9. H2O_TH                G      0           18.015000    200.00   6000.00       0       2       1       0       0       0
   11. H2O_CHEM              G      0           18.015000    200.00   6000.00       0       2       1       0       0       0
   14. H2O2                  G      0           34.013999    200.00   6000.00       0       2       2       0       0       0
    4. H2                    G      0            2.016000    200.00   6000.00       0       2       0       0       0       0
    8. H2O                   G      0           18.015000    200.00   6000.00       0       2       1       0       0       0
   13. OHV                   G      0           17.007000    300.00   5000.00       0       1       1       0       0       0
    5. H                     G      0            1.008000    200.00   6000.00       0       1       0       0       0       0
   12. OH                    G      0           17.007000    200.00   6000.00       0       1       1       0       0       0
   15. HO2                   G      0           33.005999    200.00   5000.00       0       1       2       0       0       0
    2. N2                    G      0           28.014000    200.00   6000.00       0       0       0       2       0       0
   10. H2O_TB                G      0           28.014000    200.00   6000.00       0       0       0       2       0       0
   19. CO2_TB                G      0           28.014000    200.00   6000.00       0       0       0       2       0       0
    1. AR                    G      0           39.948002    200.00   6000.00       0       0       0       0       0       1
    3. HE                    G      0            4.003000    200.00   6000.00       0       0       0       0       1       0
    6. O2                    G      0           31.997999    200.00   6000.00       0       0       2       0       0       0
   41. OCH2O2H               G      0           63.031999    300.00   5000.00       1       3       3       0       0       0
   16. CO                    G      0           28.009999    200.00   6000.00       1       0       1       0       0       0
   17. CO2                   G      0           44.008999    200.00   6000.00       1       0       2       0       0       0
   33. CH3O                  G      0           31.033999    200.00   6000.00       1       3       1       0       0       0
   23. CH3                   G      0           15.035000    200.00   6000.00       1       3       0       0       0       0
   42. HOCH2O                G      0           47.032999    300.00   5000.00       1       3       2       0       0       0
   34. CH2OH                 G      0           31.033999    200.00   6000.00       1       3       1       0       0       0
   31. CH2O2H                G      0           47.032999    300.00   5000.00       1       3       2       0       0       0
   30. CH3O2                 G      0           47.032999    300.00   5000.00       1       3       2       0       0       0
   20. CO2_CHEM              G      0           44.008999    200.00   6000.00       1       0       2       0       0       0
   40. HOCH2O2               G      0           63.031999    300.00   5000.00       1       3       3       0       0       0
   22. CH4                   G      0           16.043000    200.00   6000.00       1       4       0       0       0       0
   39. HOCH2O2H              G      0           64.039999    300.00   5000.00       1       4       3       0       0       0
   32. CH3OH                 G      0           32.041999    200.00   6000.00       1       4       1       0       0       0
   29. CH3O2H                G      0           48.040999    200.00   6000.00       1       4       2       0       0       0
   37. HCOH                  G      0           30.025999    300.00   5000.00       1       2       1       0       0       0
   35. CH2O                  G      0           30.025999    200.00   6000.00       1       2       1       0       0       0
   25. CH2(S)                G      0           14.027000    200.00   6000.00       1       2       0       0       0       0
   24. CH2                   G      0           14.027000    200.00   6000.00       1       2       0       0       0       0
   26. C                     G      0           12.011000    200.00   6000.00       1       0       0       0       0       0
   44. HOCHO                 G      0           46.024999    200.00   6000.00       1       2       2       0       0       0
   38. HO2CHO                G      0           62.023998    300.00   5000.00       1       2       3       0       0       0
   18. CO2_TH                G      0           44.008999    200.00   6000.00       1       0       2       0       0       0
   28. CHV                   G      0           13.019000    300.00   5000.00       1       1       0       0       0       0
   27. CH                    G      0           13.019000    200.00   6000.00       1       1       0       0       0       0
   36. HCO                   G      0           29.017999    200.00   6000.00       1       1       1       0       0       0
   21. HOCO                  G      0           45.016999    200.00   6000.00       1       1       2       0       0       0
   43. O2CHO                 G      0           61.015998    300.00   5000.00       1       1       3       0       0       0
   45. OCHO                  G      0           45.016999    200.00   6000.00       1       1       2       0       0       0
------------------------------------------------------------------------------------------------------------------------------

------------------------------------------------------------------------------------------------------------------
  Species                  Shape       eps/kb          sigma             mu           alfa        zRot298         
------------------------------------------------------------------------------------------------------------------
    1. AR                    0       136.5000         3.3300         0.0000         0.0000         0.0000
    2. N2                    1        97.5300         3.6210         0.0000         1.7600         4.0000
    3. HE                    0        10.2000         2.5760         0.0000         0.0000         0.0000
    4. H2                    1        38.0000         2.9200         0.0000         0.7900       280.0000
    5. H                     0       145.0000         2.0500         0.0000         0.0000         0.0000
    6. O2                    1       107.4000         3.4580         0.0000         1.6000         3.8000
    7. O                     0        80.0000         2.7500         0.0000         0.0000         0.0000
    8. H2O                   2       572.4000         2.6050         1.8440         0.0000         4.0000
    9. H2O_TH                2       572.4000         2.6050         1.8440         0.0000         4.0000
   10. H2O_TB                2       572.4000         2.6050         1.8440         0.0000         4.0000
   11. H2O_CHEM              2       572.4000         2.6050         1.8440         0.0000         4.0000
   12. OH                    1        80.0000         2.7500         0.0000         0.0000         0.0000
   13. OHV                   1        80.0000         2.7500         0.0000         0.0000         0.0000
   14. H2O2                  2       107.4000         3.4580         0.0000         0.0000         3.8000
   15. HO2                   2       107.4000         3.4580         0.0000         0.0000         1.0000
   16. CO                    1        98.1000         3.6500         0.0000         1.9500         1.8000
   17. CO2                   1       244.0000         3.7630         0.0000         2.6500         2.1000
   18. CO2_TH                1       244.0000         3.7630         0.0000         2.6500         2.1000
   19. CO2_TB                1       244.0000         3.7630         0.0000         2.6500         2.1000
   20. CO2_CHEM              1       244.0000         3.7630         0.0000         2.6500         2.1000
   21. HOCO                  2       498.0000         3.5900         0.0000         0.0000         2.0000
   22. CH4                   2       141.4000         3.7460         0.0000         2.6000        13.0000
   23. CH3                   1       144.0000         3.8000         0.0000         0.0000         0.0000
   24. CH2                   1       144.0000         3.8000         0.0000         0.0000         0.0000
   25. CH2(S)                1       144.0000         3.8000         0.0000         0.0000         0.0000
   26. C                     0        71.4000         3.2980         0.0000         0.0000         0.0000
   27. CH                    1        80.0000         2.7500         0.0000         0.0000         0.0000
   28. CHV                   1        80.0000         2.7500         0.0000         0.0000         0.0000
   29. CH3O2H                2       481.8000         3.6260         0.0000         0.0000         1.0000
   30. CH3O2                 2       481.8000         3.6260         0.0000         0.0000         1.0000
   31. CH2O2H                2       238.4000         3.4960         0.0000         0.0000         1.5000
   32. CH3OH                 2       481.8000         3.6260         0.0000         0.0000         1.0000
   33. CH3O                  2       417.0000         3.6900         1.7000         0.0000         2.0000
   34. CH2OH                 2       417.0000         3.6900         1.7000         0.0000         2.0000
   35. CH2O                  2       498.0000         3.5900         0.0000         0.0000         2.0000
   36. HCO                   2       498.0000         3.5900         0.0000         0.0000         0.0000
   37. HCOH                  2       498.0000         3.5900         0.0000         0.0000         1.0000
   38. HO2CHO                2       436.0000         3.9700         0.0000         0.0000         2.0000
   39. HOCH2O2H              2       481.8000         3.6260         1.7000         0.0000         1.0000
   40. HOCH2O2               2       481.8000         3.6260         1.7000         0.0000         1.0000
   41. OCH2O2H               2       481.8000         3.6260         1.7000         0.0000         1.0000
   42. HOCH2O                2       470.6000         4.4100         0.0000         0.0000         1.5000
   43. O2CHO                 2       436.0000         3.9700         0.0000         0.0000         2.0000
   44. HOCHO                 2       436.0000         3.9700         0.0000         0.0000         2.0000
   45. OCHO                  2       498.0000         3.5900         0.0000         0.0000         2.0000
------------------------------------------------------------------------------------------------------------------


------------------------------------------------------------------------------------------------------------------
  Species                  Shape       eps/kb          sigma             mu           alfa        zRot298         
------------------------------------------------------------------------------------------------------------------
    1. AR                    0       136.5000         3.3300         0.0000         0.0000         0.0000
    2. N2                    1        97.5300         3.6210         0.0000         1.7600         4.0000
    3. HE                    0        10.2000         2.5760         0.0000         0.0000         0.0000
    4. H2                    1        38.0000         2.9200         0.0000         0.7900       280.0000
    5. H                     0       145.0000         2.0500         0.0000         0.0000         0.0000
    6. O2                    1       107.4000         3.4580         0.0000         1.6000         3.8000
    7. O                     0        80.0000         2.7500         0.0000         0.0000         0.0000
    8. H2O                   2       572.4000         2.6050         1.8440         0.0000         4.0000
    9. H2O_TH                2       572.4000         2.6050         1.8440         0.0000         4.0000
   10. H2O_TB                2       572.4000         2.6050         1.8440         0.0000         4.0000
   11. H2O_CHEM              2       572.4000         2.6050         1.8440         0.0000         4.0000
   12. OH                    1        80.0000         2.7500         0.0000         0.0000         0.0000
   13. OHV                   1        80.0000         2.7500         0.0000         0.0000         0.0000
   14. H2O2                  2       107.4000         3.4580         0.0000         0.0000         3.8000
   15. HO2                   2       107.4000         3.4580         0.0000         0.0000         1.0000
   16. CO                    1        98.1000         3.6500         0.0000         1.9500         1.8000
   17. CO2                   1       244.0000         3.7630         0.0000         2.6500         2.1000
   18. CO2_TH                1       244.0000         3.7630         0.0000         2.6500         2.1000
   19. CO2_TB                1       244.0000         3.7630         0.0000         2.6500         2.1000
   20. CO2_CHEM              1       244.0000         3.7630         0.0000         2.6500         2.1000
   21. HOCO                  2       498.0000         3.5900         0.0000         0.0000         2.0000
   22. CH4                   2       141.4000         3.7460         0.0000         2.6000        13.0000
   23. CH3                   1       144.0000         3.8000         0.0000         0.0000         0.0000
   24. CH2                   1       144.0000         3.8000         0.0000         0.0000         0.0000
   25. CH2(S)                1       144.0000         3.8000         0.0000         0.0000         0.0000
   26. C                     0        71.4000         3.2980         0.0000         0.0000         0.0000
   27. CH                    1        80.0000         2.7500         0.0000         0.0000         0.0000
   28. CHV                   1        80.0000         2.7500         0.0000         0.0000         0.0000
   29. CH3O2H                2       481.8000         3.6260         0.0000         0.0000         1.0000
   30. CH3O2                 2       481.8000         3.6260         0.0000         0.0000         1.0000
   31. CH2O2H                2       238.4000         3.4960         0.0000         0.0000         1.5000
   32. CH3OH                 2       481.8000         3.6260         0.0000         0.0000         1.0000
   33. CH3O                  2       417.0000         3.6900         1.7000         0.0000         2.0000
   34. CH2OH                 2       417.0000         3.6900         1.7000         0.0000         2.0000
   35. CH2O                  2       498.0000         3.5900         0.0000         0.0000         2.0000
   36. HCO                   2       498.0000         3.5900         0.0000         0.0000         0.0000
   37. HCOH                  2       498.0000         3.5900         0.0000         0.0000         1.0000
   38. HO2CHO                2       436.0000         3.9700         0.0000         0.0000         2.0000
   39. HOCH2O2H              2       481.8000         3.6260         1.7000         0.0000         1.0000
   40. HOCH2O2               2       481.8000         3.6260         1.7000         0.0000         1.0000
   41. OCH2O2H               2       481.8000         3.6260         1.7000         0.0000         1.0000
   42. HOCH2O                2       470.6000         4.4100         0.0000         0.0000         1.5000
   43. O2CHO                 2       436.0000         3.9700         0.0000         0.0000         2.0000
   44. HOCHO                 2       436.0000         3.9700         0.0000         0.0000         2.0000
   45. OCHO                  2       498.0000         3.5900         0.0000         0.0000         2.0000
------------------------------------------------------------------------------------------------------------------


---------------------------------------------------------------------------------------
                                  CHEMICAL REACTIONS                                   

                          Units: [mol, cm3, s] and [cal/mol]                           
---------------------------------------------------------------------------------------


      1. H2 +M  = 2H +M 
         k:       4.577000e+19	   -1.40     104400.00
         Third body efficiencies
         H2                  	enhanced by	   2.500
         H2O                 	enhanced by	  12.000
         CO                  	enhanced by	   1.900
         CO2                 	enhanced by	   3.800
         HE                  	enhanced by	   0.830
         CH4                 	enhanced by	   2.000
         H2O_TB              	enhanced by	  12.000
         H2O_CHEM            	enhanced by	  12.000
         CO2_TB              	enhanced by	   3.800
         CO2_CHEM            	enhanced by	   3.800


      2. H2 + O  = H + OH 
         k:       5.080000e+04	    2.67       6292.00


      3. H2 + OH  = H + H2O 
         k:       4.380000e+13	    0.00       6990.00


      4. 2O +M  = O2 +M 
         k:       6.165000e+15	   -0.50          0.00
         Third body efficiencies
         H2                  	enhanced by	   2.500
         H2O                 	enhanced by	  12.000
         AR                  	enhanced by	   0.830
         CO                  	enhanced by	   1.900
         CO2                 	enhanced by	   3.800
         HE                  	enhanced by	   0.830
         CH4                 	enhanced by	   2.000
         H2O_TB              	enhanced by	  12.000
         H2O_CHEM            	enhanced by	  12.000
         CO2_TB              	enhanced by	   3.800
         CO2_CHEM            	enhanced by	   3.800


      5. H + O2  = O + OH 
         k:       1.040000e+14	    0.00      15286.00


      6. H + OH +M  = H2O +M 
         k:       3.500000e+22	   -2.00          0.00
         Third body efficiencies
         H2                  	enhanced by	   0.730
         H2O                 	enhanced by	   3.650
         CH4                 	enhanced by	   2.000
         AR                  	enhanced by	   0.380
         H2O_TB              	enhanced by	   3.650
         H2O_CHEM            	enhanced by	   3.650


      7. O + H2O  = 2OH 
         k:       6.700000e+07	    1.70      14986.80


      8. H + O +M  = OH +M 
         k:       4.714000e+18	   -1.00          0.00
         Third body efficiencies
         H2                  	enhanced by	   2.500
         H2O                 	enhanced by	  12.000
         AR                  	enhanced by	   0.750
         CO                  	enhanced by	   1.500
         CO2                 	enhanced by	   2.000
         HE                  	enhanced by	   0.750
         CH4                 	enhanced by	   2.000
         H2O_TB              	enhanced by	  12.000
         H2O_CHEM            	enhanced by	  12.000
         CO2_TB              	enhanced by	   2.000
         CO2_CHEM            	enhanced by	   2.000


      9. H + O +M  = OHV +M 
         k:       1.500000e+13	    0.00       5975.00
         Third body efficiencies
         H2                  	enhanced by	   1.000
         H2O                 	enhanced by	   6.500
         O2                  	enhanced by	   0.400
         N2                  	enhanced by	   0.400
         AR                  	enhanced by	   0.350
         H2O_TB              	enhanced by	   6.500
         H2O_CHEM            	enhanced by	   6.500


     10. H2O + OHV  = H2O + OH 
         k:       5.930000e+12	    0.50       -860.00


     11. H2 + OHV  = H2 + OH 
         k:       2.950000e+12	    0.50       -444.00


     12. N2 + OHV  = N2 + OH 
         k:       1.080000e+11	    0.50      -1242.00


     13. OH + OHV  = 2OH 
         k:       6.010000e+12	    0.50       -764.00


     14. H + OHV  = H + OH 
         k:       1.310000e+12	    0.50       -167.00


     15. AR + OHV  = AR + OH 
         k:       1.690000e+12	    0.00       4135.00


     16. OHV  = OH 
         k:       1.450000e+06	    0.00          0.00


     17. O2 + OHV  = O2 + OH 
         k:       2.100000e+12	    0.50       -478.00


     18. OHV + CO2  = OH + CO2 
         k:       2.750000e+12	    0.50       -968.00


     19. OHV + CO  = OH + CO 
         k:       3.230000e+12	    0.50       -787.00


     20. OHV + CH4  = OH + CH4 
         k:       3.360000e+12	    0.50       -635.00


     21. H2O2 (+M)  = 2OH (+M) 
         Fall-off (Troe)
         k0:      2.490000e+24	   -2.30      48749.00
         kInf:    2.000000e+12	    0.90      48749.00
         Troe Parameters
         a    4.30e-01
         T*** 1.00e-30
         T*   1.00e+30
         T**  0.00e+00
         Third body efficiencies
         H2O                 	enhanced by	   7.650
         CO2                 	enhanced by	   1.600
         N2                  	enhanced by	   1.500
         O2                  	enhanced by	   1.200
         HE                  	enhanced by	   0.650
         H2O2                	enhanced by	   7.700
         H2                  	enhanced by	   3.700
         CO                  	enhanced by	   2.800
         H2O_TB              	enhanced by	   7.650
         H2O_CHEM            	enhanced by	   7.650
         CO2_TB              	enhanced by	   1.600
         CO2_CHEM            	enhanced by	   1.600


     22. H + H2O2  = H2O + OH 
         k:       2.410000e+13	    0.00       3970.00


     23. H + H2O2  = H2 + HO2 
         k:       2.150000e+10	    1.00       6000.00


     24. O + H2O2  = OH + HO2 
         k:       9.550000e+06	    2.00       3970.00


     25. OH + H2O2  = H2O + HO2 
         k:       1.740000e+12	    0.00        318.00


     26. OH + H2O2  = H2O + HO2 
         k:       7.590000e+13	    0.00       7269.00


     27. H + HO2  = 2OH 
         k:       7.079000e+13	    0.00        295.00


     28. H + HO2  = H2 + O2 
         k:       1.140200e+10	    1.08        553.78


     29. O + HO2  = O2 + OH 
         k:       3.250000e+13	    0.00          0.00


     30. OH + HO2  = O2 + H2O 
         k:       7.000000e+12	    0.00      -1092.96


     31. OH + HO2  = O2 + H2O 
         k:       4.500000e+14	    0.00      10929.60


     32. 2HO2  = O2 + H2O2 
         k:       1.000000e+14	    0.00      11040.88


     33. 2HO2  = O2 + H2O2 
         k:       1.900000e+11	    0.00      -1408.92


     34. H + O2 (+M)  = HO2 (+M) 
         Fall-off (Troe)
         k0:      1.737000e+19	   -1.23          0.00
         kInf:    4.650000e+12	    0.44          0.00
         Troe Parameters
         a    6.70e-01
         T*** 1.00e-30
         T*   1.00e+30
         T**  1.00e+30
         Third body efficiencies
         H2                  	enhanced by	   1.300
         CO                  	enhanced by	   1.900
         CO2                 	enhanced by	   3.800
         HE                  	enhanced by	   0.640
         H2O                 	enhanced by	  10.000
         AR                  	enhanced by	   0.500
         CH4                 	enhanced by	   2.000
         H2O_TB              	enhanced by	  10.000
         H2O_CHEM            	enhanced by	  10.000
         CO2_TB              	enhanced by	   3.800
         CO2_CHEM            	enhanced by	   3.800


     35. O + CO (+M)  = CO2 (+M) 
         Fall-off (Lindemann)
         k0:      1.173000e+24	   -2.79       4191.00
         kInf:    1.362000e+10	    0.00       2384.00
         Third body efficiencies
         H2                  	enhanced by	   2.000
         H2O                 	enhanced by	  12.000
         CO                  	enhanced by	   1.750
         CO2                 	enhanced by	   3.600
         AR                  	enhanced by	   0.700
         HE                  	enhanced by	   0.700
         H2O_TB              	enhanced by	  12.000
         H2O_CHEM            	enhanced by	  12.000
         CO2_TB              	enhanced by	   3.600
         CO2_CHEM            	enhanced by	   3.600


     36. OH + CO  = H + CO2 
         k:       7.015000e+04	    2.05       -355.70


     37. OH + CO  = H + CO2 
         k:       5.757000e+12	   -0.66        331.80


     38. HO2 + CO  = OH + CO2 
         k:       1.570000e+05	    2.18      17940.00


     39. O2 + CO  = O + CO2 
         k:       1.119000e+12	    0.00      47700.00


     40. H + CO2  = OCHO 
         k:       7.500000e+13	    0.00      29000.00


     41. HOCO  = OH + CO 
         k:       6.300000e+32	   -5.96      32470.00
         Pressure Logarithmic Interpolation
         1	1.000000e-03	1.550000e-08	    2.93       8768.00
         2	3.000000e-03	1.770000e+03	    0.34      18076.00
         3	2.960000e-02	2.020000e+13	   -1.87      22755.00
         4	9.870000e-02	1.680000e+18	   -3.05      24323.00
         5	2.961000e-01	2.500000e+24	   -4.63      27067.00
         6	9.869000e-01	4.540000e+26	   -5.12      27572.00
         7	2.960700e+00	7.120000e+28	   -5.60      28535.00
         8	9.869000e+00	5.480000e+29	   -5.70      28899.00
         9	2.960700e+01	9.890000e+31	   -6.19      30518.00
         10	9.869000e+01	5.740000e+33	   -6.53      32068.00
         11	2.960700e+02	2.610000e+33	   -6.29      32231.00
         12	9.869000e+02	6.300000e+32	   -5.96      32470.00


     42. HOCO  = H + CO2 
         k:       1.897000e+38	   -8.05      34240.00
         Pressure Logarithmic Interpolation
         1	1.000000e-03	4.758000e+18	   -3.82      17676.00
         2	3.000000e-03	2.225000e+20	   -4.15      19037.00
         3	9.900000e-03	7.564000e+21	   -4.43      20325.00
         4	2.960000e-02	9.107000e+24	   -5.19      22419.00
         5	9.870000e-02	3.144000e+29	   -6.38      25233.00
         6	2.961000e-01	1.150000e+32	   -7.04      26662.00
         7	9.869000e-01	1.069000e+36	   -8.11      29064.00
         8	2.960700e+00	2.438000e+36	   -8.15      29336.00
         9	9.869000e+00	6.663000e+35	   -7.92      29217.00
         10	2.960700e+01	1.723000e+38	   -8.51      31273.00
         11	9.869000e+01	3.007000e+41	   -9.29      33966.00
         12	2.960700e+02	6.767000e+36	   -7.83      31613.00
         13	9.869000e+02	1.897000e+38	   -8.05      34240.00


     43. H + CH3 (+M)  = CH4 (+M) 
         Fall-off (Troe)
         k0:      2.477000e+33	   -4.76       2440.00
         kInf:    1.270000e+16	   -0.63        383.00
         Troe Parameters
         a    7.83e-01
         T*** 7.40e+01
         T*   2.94e+03
         T**  6.96e+03
         Third body efficiencies
         H2                  	enhanced by	   2.000
         H2O                 	enhanced by	   6.000
         AR                  	enhanced by	   0.700
         CO                  	enhanced by	   1.500
         CO2                 	enhanced by	   2.000
         CH4                 	enhanced by	   2.000
         HE                  	enhanced by	   0.700
         H2O_TB              	enhanced by	   6.000
         H2O_CHEM            	enhanced by	   6.000
         CO2_TB              	enhanced by	   2.000
         CO2_CHEM            	enhanced by	   2.000


     44. H + CH4  = H2 + CH3 
         k:       6.140000e+05	    2.50       9587.00


     45. O + CH4  = OH + CH3 
         k:       1.020000e+09	    1.50       8600.00


     46. OH + CH4  = H2O + CH3 
         k:       5.830000e+04	    2.60       2190.00


     47. HO2 + CH4  = H2O2 + CH3 
         k:       1.130000e+01	    3.74      21010.00


     48. CH4 + CH3O2  = CH3 + CH3O2H 
         k:       9.600000e-01	    3.77      17810.00


     49. HO2 + CH3  = O2 + CH4 
         k:       1.160000e+05	    2.23      -3022.00


     50. CH4 + CH2  = 2CH3 
         k:       2.460000e+06	    2.00       8270.00


     51. N2 + CH2(S)  = N2 + CH2 
         k:       1.500000e+13	    0.00        600.00


     52. AR + CH2(S)  = AR + CH2 
         k:       9.000000e+12	    0.00        600.00


     53. H2O + CH2(S)  = H2O + CH2 
         k:       3.000000e+13	    0.00          0.00


     54. CO + CH2(S)  = CO + CH2 
         k:       9.000000e+12	    0.00          0.00


     55. CO2 + CH2(S)  = CO2 + CH2 
         k:       7.000000e+12	    0.00          0.00


     56. O2 + CH2(S)  => H + OH + CO 
         k:       2.800000e+13	    0.00          0.00


     57. O2 + CH2(S)  = H2O + CO 
         k:       1.200000e+13	    0.00          0.00


     58. O + CH2(S)  = H2 + CO 
         k:       1.500000e+13	    0.00          0.00


     59. O + CH2(S)  = H + HCO 
         k:       1.500000e+13	    0.00          0.00


     60. H2 + CH2(S)  = H + CH3 
         k:       7.000000e+13	    0.00          0.00


     61. H + CH2(S)  = H2 + CH 
         k:       3.000000e+13	    0.00          0.00


     62. OH + CH2(S)  = H + CH2O 
         k:       3.000000e+13	    0.00          0.00


     63. CO2 + CH2(S)  = CO + CH2O 
         k:       1.400000e+13	    0.00          0.00


     64. H + CH2 (+M)  = CH3 (+M) 
         Fall-off (Troe)
         k0:      3.200000e+27	   -3.14       1230.00
         kInf:    2.500000e+16	   -0.80          0.00
         Troe Parameters
         a    6.80e-01
         T*** 7.80e+01
         T*   2.00e+03
         T**  5.59e+03
         Third body efficiencies
         H2                  	enhanced by	   2.000
         H2O                 	enhanced by	   6.000
         AR                  	enhanced by	   0.700
         CO                  	enhanced by	   1.500
         CO2                 	enhanced by	   2.000
         CH4                 	enhanced by	   2.000
         HE                  	enhanced by	   0.700
         H2O_TB              	enhanced by	   6.000
         H2O_CHEM            	enhanced by	   6.000
         CO2_TB              	enhanced by	   2.000
         CO2_CHEM            	enhanced by	   2.000


     65. O2 + CH2  = OH + HCO 
         k:       1.060000e+13	    0.00       1500.00


     66. O2 + CH2  => 2H + CO2 
         k:       2.640000e+12	    0.00       1500.00


     67. O + CH2  => 2H + CO 
         k:       5.000000e+13	    0.00          0.00


     68. H + CH2  = H2 + CH 
         k:       3.000000e+13	    0.00          0.00


     69. OH + CH2  = H2O + CH 
         k:       1.130000e+07	    2.00       3000.00


     70. AR + CHV  = AR + CH 
         k:       4.000000e+11	    0.50          0.00


     71. H2O + CHV  = H2O + CH 
         k:       5.300000e+13	    0.00          0.00


     72. CO + CHV  = CO + CH 
         k:       2.440000e+12	    0.50          0.00


     73. CO2 + CHV  = CO2 + CH 
         k:       2.410000e-01	    4.30      -1694.00


     74. O2 + CHV  = O2 + CH 
         k:       2.480000e+06	    2.14      -1720.00


     75. H2 + CHV  = H2 + CH 
         k:       1.470000e+14	    0.00       1361.00


     76. CH4 + CHV  = CH4 + CH 
         k:       1.730000e+13	    0.00        167.00


     77. CHV  = CH 
         k:       1.860000e+06	    0.00          0.00


     78. N2 + CHV  = N2 + CH 
         k:       3.030000e+02	    3.40       -381.00


     79. H + C +M  = CHV +M 
         k:       6.000000e+14	    0.00       6940.00


     80. O2 + CH  = OHV + CO 
         k:       4.040000e+13	    0.00          0.00


     81. O2 + CH  = O + HCO 
         k:       3.300000e+13	    0.00          0.00


     82. O + CH  = H + CO 
         k:       5.700000e+13	    0.00          0.00


     83. H + CH  = H2 + C 
         k:       1.100000e+14	    0.00          0.00


     84. OH + CH  = H + HCO 
         k:       3.000000e+13	    0.00          0.00


     85. H2O + CH  = H + CH2O 
         k:       1.774000e+16	   -1.22         23.80


     86. CO2 + CH  = CO + HCO 
         k:       1.700000e+12	    0.00        685.00


     87. OH + C  = H + CO 
         k:       5.000000e+13	    0.00          0.00


     88. O2 + C  = O + CO 
         k:       5.000000e+13	    0.00          0.00


     89. O2 + CH3 (+M)  = CH3O2 (+M) 
         Fall-off (Troe)
         k0:      6.850000e+24	   -3.00          0.00
         kInf:    7.812000e+09	    0.90          0.00
         Troe Parameters
         a    6.00e-01
         T*** 1.00e+03
         T*   7.00e+01
         T**  1.70e+03


     90. O2 + CH3  = O + CH3O 
         k:       7.546000e+12	    0.00      28320.00


     91. O2 + CH3  = OH + CH2O 
         k:       2.641000e+00	    3.28       8105.00


     92. O + CH3  = H + CH2O 
         k:       5.540000e+13	    0.05       -136.00


     93. OH + CH3  = H2O + CH2(S) 
         k:       4.936000e+14	   -0.67       -445.80
         Pressure Logarithmic Interpolation
         1	1.000000e-02	4.936000e+14	   -0.67       -445.80
         2	1.000000e-01	1.207000e+15	   -0.78       -175.60
         3	1.000000e+00	5.282000e+17	   -1.52       1772.00
         4	1.000000e+01	4.788000e+23	   -3.15       7003.00
         5	1.000000e+02	8.433000e+19	   -1.96       8244.00


     94. OH + CH3  = H2 + CH2O 
         k:       3.502000e+05	    1.44      -3244.00
         Pressure Logarithmic Interpolation
         1	1.000000e-02	3.502000e+05	    1.44      -3244.00
         2	1.000000e-01	8.854000e+05	    1.33      -2975.00
         3	1.000000e+00	1.650000e+07	    0.97      -2010.00
         4	1.000000e+01	5.374000e+09	    0.29        280.00
         5	1.000000e+02	9.494000e+18	   -2.20       9769.00


     95. OH + CH3  = H + CH2OH 
         k:       1.621000e+10	    0.96       3210.00
         Pressure Logarithmic Interpolation
         1	1.000000e-02	1.621000e+10	    0.96       3214.00
         2	1.000000e-01	1.807000e+10	    0.95       3247.00
         3	1.000000e+00	4.686000e+10	    0.83       3566.00
         4	1.000000e+01	1.525000e+13	    0.13       5641.00
         5	1.000000e+02	3.590000e+14	   -0.19       8601.00


     96. OH + CH3  = H + CH3O 
         k:       1.186000e+09	    1.02      11940.00
         Pressure Logarithmic Interpolation
         1	1.000000e-02	1.186000e+09	    1.02      11940.00
         2	1.000000e-01	1.188000e+09	    1.02      11940.00
         3	1.000000e+00	1.230000e+09	    1.01      11950.00
         4	1.000000e+01	1.798000e+09	    0.96      12060.00
         5	1.000000e+02	5.242000e+10	    0.55      13070.00


     97. OH + CH3  = H2 + HCOH 
         k:       8.674000e+08	    0.79      -3046.00
         Pressure Logarithmic Interpolation
         1	1.000000e-02	8.674000e+08	    0.79      -3046.00
         2	1.000000e-01	3.115000e+09	    0.63      -2669.00
         3	1.000000e+00	1.557000e+11	    0.16      -1368.00
         4	1.000000e+01	1.704000e+21	   -2.64       6412.00
         5	1.000000e+02	7.250000e+20	   -2.40       9639.00


     98. OH + CH3  = H2O + CH2 
         k:       4.293000e+04	    2.57       3997.80


     99. HO2 + CH3  = OH + CH3O 
         k:       1.000000e+12	    0.27       -687.50


    100. O + CH3O2  = O2 + CH3O 
         k:       3.600000e+13	    0.00          0.00


    101. H + CH3O2  = OH + CH3O 
         k:       9.600000e+13	    0.00          0.00


    102. OH + CH3O2  = O2 + CH3OH 
         k:       6.000000e+13	    0.00          0.00


    103. HO2 + CH3O2  = O2 + CH3O2H 
         k:       2.470000e+11	    0.00      -1570.00


    104. H2O2 + CH3O2  = HO2 + CH3O2H 
         k:       2.410000e+12	    0.00       9936.00


    105. CH3 + CH3O2  = 2CH3O 
         k:       5.080000e+12	    0.00      -1411.00


    106. 2CH3O2  => O2 + CH3OH + CH2O 
         k:       3.110000e+14	   -1.61      -1051.00


    107. 2CH3O2  => O2 + 2CH3O 
         k:       1.400000e+16	   -1.61       1860.00


    108. H2 + CH3O2  = H + CH3O2H 
         k:       1.500000e+14	    0.00      26030.00


    109. CH3O2H  = OH + CH3O 
         k:       6.310000e+14	    0.00      42300.00


    110. CH2O2H  = OH + CH2O 
         k:       9.000000e+14	    0.00       1500.00


    111. CH3OH (+M)  = OH + CH3 (+M) 
         Fall-off (Troe)
         k0:      1.500000e+43	   -7.00      97992.20
         kInf:    2.084000e+18	   -0.61      92540.60
         Troe Parameters
         a    -4.75e-01
         T*** 3.56e+04
         T*   1.12e+03
         T**  9.02e+03


    112. CH3OH (+M)  = H2O + CH2(S) (+M) 
         Fall-off (Troe)
         k0:      1.430000e+47	   -8.23      99417.10
         kInf:    3.121000e+18	   -1.02      91712.00
         Troe Parameters
         a    2.54e+00
         T*** 3.29e+03
         T*   4.73e+04
         T**  4.71e+04


    113. CH3OH (+M)  = H + CH2OH (+M) 
         Fall-off (Troe)
         k0:      3.390000e+42	   -7.24     105230.30
         kInf:    7.896000e-03	    5.04      84467.40
         Troe Parameters
         a    -7.39e+01
         T*** 3.70e+04
         T*   4.15e+04
         T**  5.22e+03


    114. H + CH3OH  = H2 + CH3O 
         k:       1.990000e+05	    2.56      10300.00


    115. H + CH3OH  = H2 + CH2OH 
         k:       3.070000e+05	    2.55       5440.00


    116. O + CH3OH  = OH + CH3O 
         k:       3.880000e+04	    2.50       3080.00


    117. O + CH3OH  = OH + CH2OH 
         k:       3.880000e+05	    2.50       3080.00


    118. OH + CH3OH  = H2O + CH3O 
         k:       1.500000e+02	    3.03       -763.00


    119. OH + CH3OH  = H2O + CH2OH 
         k:       3.080000e+04	    2.65       -806.70


    120. O2 + CH3OH  = HO2 + CH3O 
         k:       3.580000e+04	    2.27      42764.50


    121. O2 + CH3OH  = HO2 + CH2OH 
         k:       3.580000e+05	    2.27      42764.50


    122. HO2 + CH3OH  = H2O2 + CH3O 
         k:       1.220000e+12	    0.00      20070.70


    123. HO2 + CH3OH  = H2O2 + CH2OH 
         k:       3.260000e+13	    0.00      18782.20


    124. CH3 + CH3OH  = CH4 + CH2OH 
         k:       2.130000e-01	    3.95       7055.10


    125. CH3 + CH3OH  = CH4 + CH3O 
         k:       3.220000e+03	    2.42       8579.50


    126. CH3OH + HCO  = CH2OH + CH2O 
         k:       9.630000e+03	    2.90      13110.00


    127. CH3OH + CH3O  = CH3OH + CH2OH 
         k:       3.000000e+11	    0.00       4074.00


    128. CH3O2 + CH3OH  = CH3O2H + CH2OH 
         k:       1.810000e+12	    0.00      13710.00


    129. O2 + CH2OH  = HO2 + CH2O 
         k:       1.510000e+15	   -1.00          0.00


    130. O2 + CH2OH  = HO2 + CH2O 
         k:       2.410000e+14	    0.00       5017.00


    131. H + CH2OH  = H2 + CH2O 
         k:       6.000000e+12	    0.00          0.00


    132. HO2 + CH2OH  = H2O2 + CH2O 
         k:       1.200000e+13	    0.00          0.00


    133. CH2OH + HCO  = 2CH2O 
         k:       1.800000e+14	    0.00          0.00


    134. CH2OH + HCO  = CO + CH3OH 
         k:       1.000000e+13	    0.00          0.00


    135. CH3O + CH2OH  = CH3OH + CH2O 
         k:       2.400000e+13	    0.00          0.00


    136. OH + CH2OH  = H2O + CH2O 
         k:       2.400000e+13	    0.00          0.00


    137. O + CH2OH  = OH + CH2O 
         k:       4.200000e+13	    0.00          0.00


    138. 2CH2OH  = CH3OH + CH2O 
         k:       3.000000e+12	    0.00          0.00


    139. HO2 + CH2OH  = OH + HOCH2O 
         k:       1.000000e+13	    0.00          0.00


    140. O2 + CH3O  = HO2 + CH2O 
         k:       4.380000e-19	    9.50      -5501.00


    141. H + CH3O  = H2 + CH2O 
         k:       2.000000e+13	    0.00          0.00


    142. HO2 + CH3O  = H2O2 + CH2O 
         k:       3.010000e+11	    0.00          0.00


    143. CH3 + CH3O  = CH4 + CH2O 
         k:       1.200000e+13	    0.00          0.00


    144. 2CH3O  = CH3OH + CH2O 
         k:       6.030000e+13	    0.00          0.00


    145. O2 + HCOH  => H + OH + CO2 
         k:       5.000000e+12	    0.00          0.00


    146. O2 + HCOH  = H2O + CO2 
         k:       3.000000e+13	    0.00          0.00


    147. O + HCOH  => 2H + CO2 
         k:       5.000000e+13	    0.00          0.00


    148. O + HCOH  => H + OH + CO 
         k:       3.000000e+13	    0.00          0.00


    149. H + HCOH  = H + CH2O 
         k:       2.000000e+14	    0.00          0.00


    150. OH + HCOH  = H2O + HCO 
         k:       2.000000e+13	    0.00          0.00


    151. H + HCO (+M)  = CH2O (+M) 
         Fall-off (Troe)
         k0:      1.350000e+24	   -2.57       1425.00
         kInf:    1.090000e+12	    0.48       -260.00
         Troe Parameters
         a    7.82e-01
         T*** 2.71e+02
         T*   2.76e+03
         T**  6.57e+03
         Third body efficiencies
         H2                  	enhanced by	   2.000
         H2O                 	enhanced by	   6.000
         AR                  	enhanced by	   0.700
         CO                  	enhanced by	   1.500
         CO2                 	enhanced by	   2.000
         CH4                 	enhanced by	   2.000
         HE                  	enhanced by	   0.700
         H2O_TB              	enhanced by	   6.000
         H2O_CHEM            	enhanced by	   6.000
         CO2_TB              	enhanced by	   2.000
         CO2_CHEM            	enhanced by	   2.000


    152. H2 + CO (+M)  = CH2O (+M) 
         Fall-off (Troe)
         k0:      5.070000e+27	   -3.42      84348.00
         kInf:    4.300000e+07	    1.50      79600.00
         Troe Parameters
         a    9.32e-01
         T*** 1.97e+02
         T*   1.54e+03
         T**  1.03e+04
         Third body efficiencies
         H2                  	enhanced by	   2.000
         H2O                 	enhanced by	   6.000
         AR                  	enhanced by	   0.700
         CO                  	enhanced by	   1.500
         CO2                 	enhanced by	   2.000
         CH4                 	enhanced by	   2.000
         HE                  	enhanced by	   0.700
         H2O_TB              	enhanced by	   6.000
         H2O_CHEM            	enhanced by	   6.000
         CO2_TB              	enhanced by	   2.000
         CO2_CHEM            	enhanced by	   2.000


    153. O2 + CH2O  = HO2 + HCO 
         k:       8.070000e+15	    0.00      53420.00


    154. O + CH2O  = OH + HCO 
         k:       6.260000e+09	    1.15       2260.00


    155. H + CH2O  = H2 + HCO 
         k:       5.740000e+07	    1.90       2740.00


    156. OH + CH2O  = H2O + HCO 
         k:       7.820000e+07	    1.63      -1055.00


    157. HO2 + CH2O  = H2O2 + HCO 
         k:       1.880000e+04	    2.70      11520.00


    158. CH3 + CH2O  = CH4 + HCO 
         k:       3.830000e+01	    3.36       4312.00


    159. CH2O + O2CHO  = HCO + HO2CHO 
         k:       1.990000e+12	    0.00      11660.00


    160. CH2O + OCHO  = HCO + HOCHO 
         k:       5.600000e+12	    0.00      13600.00


    161. CH3O + CH2O  = CH3OH + HCO 
         k:       6.620000e+11	    0.00       2294.00


    162. CH3O2 + CH2O  = CH3O2H + HCO 
         k:       1.990000e+12	    0.00      11660.00


    163. HCO +M  = H + CO +M 
         k:       5.700000e+11	    0.66      14870.00
         Third body efficiencies
         H2                  	enhanced by	   2.000
         H2O                 	enhanced by	   6.000
         CO                  	enhanced by	   1.500
         CO2                 	enhanced by	   2.000
         CH4                 	enhanced by	   2.000
         H2O_TB              	enhanced by	   6.000
         H2O_CHEM            	enhanced by	   6.000
         CO2_TB              	enhanced by	   2.000
         CO2_CHEM            	enhanced by	   2.000


    164. O2 + HCO  = HO2 + CO 
         k:       7.580000e+12	    0.00        410.00


    165. O + HCO  = OH + CO 
         k:       3.020000e+13	    0.00          0.00


    166. H + HCO  = H2 + CO 
         k:       7.340000e+13	    0.00          0.00


    167. OH + HCO  = H2O + CO 
         k:       3.011000e+13	    0.00          0.00


    168. CH3 + HCO  = CO + CH4 
         k:       2.650000e+13	    0.00          0.00


    169. 2HCO  = CO + CH2O 
         k:       1.800000e+13	    0.00          0.00


    170. O + HCO  = H + CO2 
         k:       3.000000e+13	    0.00          0.00


    171. HO2 + HCO  => H + OH + CO2 
         k:       3.000000e+13	    0.00          0.00


    172. 2HCO  => H2 + 2CO 
         k:       3.000000e+12	    0.00          0.00


    173. H + CH2O (+M)  = CH2OH (+M) 
         Fall-off (Troe)
         k0:      1.270000e+32	   -4.82       6530.00
         kInf:    5.400000e+11	    0.45       3600.00
         Troe Parameters
         a    7.19e-01
         T*** 1.03e+02
         T*   1.29e+03
         T**  4.16e+03
         Third body efficiencies
         H2                  	enhanced by	   2.000
         H2O                 	enhanced by	   6.000
         CO                  	enhanced by	   1.500
         CO2                 	enhanced by	   2.000
         CH4                 	enhanced by	   2.000
         H2O_TB              	enhanced by	   6.000
         H2O_CHEM            	enhanced by	   6.000
         CO2_TB              	enhanced by	   2.000
         CO2_CHEM            	enhanced by	   2.000


    174. CH3O (+M)  = H + CH2O (+M) 
         Fall-off (Troe)
         k0:      1.867000e+25	   -3.00      24307.00
         kInf:    6.800000e+13	    0.00      26170.00
         Troe Parameters
         a    9.00e-01
         T*** 2.50e+03
         T*   1.30e+03
         T**  1.00e+99
         Third body efficiencies
         H2                  	enhanced by	   2.000
         H2O                 	enhanced by	   6.000
         CO                  	enhanced by	   1.500
         CO2                 	enhanced by	   2.000
         CH4                 	enhanced by	   2.000
         H2O_TB              	enhanced by	   6.000
         H2O_CHEM            	enhanced by	   6.000
         CO2_TB              	enhanced by	   2.000
         CO2_CHEM            	enhanced by	   2.000


    175. OH + CH2O  = HOCH2O 
         k:       4.500000e+15	   -1.10          0.00


    176. HOCH2O  = H + HOCHO 
         k:       1.000000e+14	    0.00      14900.00


    177. HO2 + CH2O  = OCH2O2H 
         k:       1.500000e+11	    0.00      11900.00


    178. OCH2O2H  = HOCH2O2 
         k:       3.000000e+11	    0.00       8600.00


    179. HO2 + HOCH2O2  = O2 + HOCH2O2H 
         k:       3.500000e+10	    0.00      -3275.00


    180. OH + HOCH2O  = HOCH2O2H 
         k:       1.000000e+13	    0.00          0.00


    181. O2 + HCO  = O2CHO 
         k:       1.200000e+11	    0.00      -1100.00


    182. HOCHO  = H2O + CO 
         k:       2.450000e+12	    0.00      60470.00


    183. HOCHO  = H2 + CO2 
         k:       2.950000e+09	    0.00      48520.00


    184. HO2 + OCHO  = O2 + HOCHO 
         k:       3.500000e+10	    0.00      -3275.00


    185. H2O2 + OCHO  = HO2 + HOCHO 
         k:       2.400000e+12	    0.00      10000.00


    186. H + HOCHO  => H2 + H + CO2 
         k:       4.240000e+06	    2.10       4868.00


    187. H + HOCHO  => H2 + OH + CO 
         k:       6.030000e+13	   -0.35       2988.00


    188. O + HOCHO  => 2OH + CO 
         k:       1.770000e+18	   -1.90       2975.00


    189. OH + HOCHO  => H + H2O + CO2 
         k:       2.620000e+06	    2.06        916.00


    190. OH + HOCHO  => H2O + OH + CO 
         k:       1.850000e+07	    1.51       -962.00


    191. CH3 + HOCHO  => OH + CO + CH4 
         k:       3.900000e-07	    5.80       2200.00


    192. HO2 + HOCHO  => OH + H2O2 + CO 
         k:       1.000000e+12	    0.00      11920.00


    193. OH + OCHO  = HO2CHO 
         k:       2.000000e+13	    0.00          0.00


