------------------------------
  Elements     Atomic Weight  
------------------------------
  1.	C         12.01099968
  2.	H          1.00800002
  3.	O         15.99899960
  4.	N         14.00699997
  5.	AR        39.94800186
  6.	HE         4.00299978
------------------------------


------------------------------------------------------------------------------------------------------------------------------
                                                Molecular        Temperature        Elements
  Species                  Phase  Charge         weight         Low      High       C       H       O       N      AR      HE
------------------------------------------------------------------------------------------------------------------------------
    1. H                     G      0            1.008000    200.00   6000.00       0       1       0       0       0       0
    2. H2                    G      0            2.016000    200.00   6000.00       0       2       0       0       0       0
    3. O                     G      0           15.999000    200.00   6000.00       0       0       1       0       0       0
    4. O2                    G      0           31.997999    200.00   6000.00       0       0       2       0       0       0
    5. OH                    G      0           17.007000    200.00   6000.00       0       1       1       0       0       0
    6. H2O                   G      0           18.015000    200.00   6000.00       0       2       1       0       0       0
    7. N2                    G      0           28.014000    200.00   6000.00       0       0       0       2       0       0
    8. HO2                   G      0           33.005999    200.00   5000.00       0       1       2       0       0       0
    9. H2O2                  G      0           34.013999    200.00   6000.00       0       2       2       0       0       0
   10. AR                    G      0           39.948002    200.00   6000.00       0       0       0       0       1       0
   11. CO                    G      0           28.009999    200.00   6000.00       1       0       1       0       0       0
   12. CO2                   G      0           44.008999    200.00   6000.00       1       0       2       0       0       0
   13. HE                    G      0            4.003000    200.00   6000.00       0       0       0       0       0       1
   14. HCO                   G      0           29.017999    200.00   6000.00       1       1       1       0       0       0
   15. OHEX                  G      0           17.007000    300.00   5000.00       0       1       1       0       0       0
------------------------------------------------------------------------------------------------------------------------------

------------------------------------------------------------------------------------------------------------------------------
                                                Molecular        Temperature        Elements
  Species                  Phase  Charge         weight         Low      High       C       H       O       N      AR      HE
------------------------------------------------------------------------------------------------------------------------------
   13. HE                    G      0            4.003000    200.00   6000.00       0       0       0       0       0       1
   10. AR                    G      0           39.948002    200.00   6000.00       0       0       0       0       1       0
    7. N2                    G      0           28.014000    200.00   6000.00       0       0       0       2       0       0
    3. O                     G      0           15.999000    200.00   6000.00       0       0       1       0       0       0
    4. O2                    G      0           31.997999    200.00   6000.00       0       0       2       0       0       0
    1. H                     G      0            1.008000    200.00   6000.00       0       1       0       0       0       0
    5. OH                    G      0           17.007000    200.00   6000.00       0       1       1       0       0       0
   15. OHEX                  G      0           17.007000    300.00   5000.00       0       1       1       0       0       0
    8. HO2                   G      0           33.005999    200.00   5000.00       0       1       2       0       0       0
    2. H2                    G      0            2.016000    200.00   6000.00       0       2       0       0       0       0
    6. H2O                   G      0           18.015000    200.00   6000.00       0       2       1       0       0       0
    9. H2O2                  G      0           34.013999    200.00   6000.00       0       2       2       0       0       0
   11. CO                    G      0           28.009999    200.00   6000.00       1       0       1       0       0       0
   12. CO2                   G      0           44.008999    200.00   6000.00       1       0       2       0       0       0
   14. HCO                   G      0           29.017999    200.00   6000.00       1       1       1       0       0       0
------------------------------------------------------------------------------------------------------------------------------

------------------------------------------------------------------------------------------------------------------
  Species                  Shape       eps/kb          sigma             mu           alfa        zRot298         
------------------------------------------------------------------------------------------------------------------
    1. H                     0       145.0000         2.0500         0.0000         0.0000         0.0000
    2. H2                    1        38.0000         2.9200         0.0000         0.7900       280.0000
    3. O                     0        80.0000         2.7500         0.0000         0.0000         0.0000
    4. O2                    1       107.4000         3.4580         0.0000         1.6000         3.8000
    5. OH                    1        80.0000         2.7500         0.0000         0.0000         0.0000
    6. H2O                   2       572.4000         2.6050         1.8440         0.0000         4.0000
    7. N2                    1        97.5300         3.6210         0.0000         1.7600         4.0000
    8. HO2                   2       107.4000         3.4580         0.0000         0.0000         1.0000
    9. H2O2                  2       107.4000         3.4580         0.0000         0.0000         3.8000
   10. AR                    0       136.5000         3.3300         0.0000         0.0000         0.0000
   11. CO                    1        98.1000         3.6500         0.0000         1.9500         1.8000
   12. CO2                   1       244.0000         3.7630         0.0000         2.6500         2.1000
   13. HE                    0        10.2000         2.5760         0.0000         0.0000         0.0000
   14. HCO                   2       498.0000         3.5900         0.0000         0.0000         0.0000
   15. OHEX                  1        80.0000         2.7500         0.0000         0.0000         0.0000
------------------------------------------------------------------------------------------------------------------


------------------------------------------------------------------------------------------------------------------
  Species                  Shape       eps/kb          sigma             mu           alfa        zRot298         
------------------------------------------------------------------------------------------------------------------
    1. H                     0       145.0000         2.0500         0.0000         0.0000         0.0000
    2. H2                    1        38.0000         2.9200         0.0000         0.7900       280.0000
    3. O                     0        80.0000         2.7500         0.0000         0.0000         0.0000
    4. O2                    1       107.4000         3.4580         0.0000         1.6000         3.8000
    5. OH                    1        80.0000         2.7500         0.0000         0.0000         0.0000
    6. H2O                   2       572.4000         2.6050         1.8440         0.0000         4.0000
    7. N2                    1        97.5300         3.6210         0.0000         1.7600         4.0000
    8. HO2                   2       107.4000         3.4580         0.0000         0.0000         1.0000
    9. H2O2                  2       107.4000         3.4580         0.0000         0.0000         3.8000
   10. AR                    0       136.5000         3.3300         0.0000         0.0000         0.0000
   11. CO                    1        98.1000         3.6500         0.0000         1.9500         1.8000
   12. CO2                   1       244.0000         3.7630         0.0000         2.6500         2.1000
   13. HE                    0        10.2000         2.5760         0.0000         0.0000         0.0000
   14. HCO                   2       498.0000         3.5900         0.0000         0.0000         0.0000
   15. OHEX                  1        80.0000         2.7500         0.0000         0.0000         0.0000
------------------------------------------------------------------------------------------------------------------


---------------------------------------------------------------------------------------
                                  CHEMICAL REACTIONS                                   

                          Units: [mol, cm3, s] and [cal/mol]                           
---------------------------------------------------------------------------------------


      1. H + O2  = O + OH 
         k:       5.071200e+15	   -0.49      16126.69


      2. H2 + O  = H + OH 
         k:       1.255400e+06	    2.27       6956.88


      3. H2 + OH  = H + H2O 
         k:       1.319300e+07	    1.88       3150.98


      4. 2OH  = O + H2O 
         k:       8.499900e+04	    2.26      -1784.78


      5. 2H +M  = H2 +M 
         k:       4.980600e+18	   -1.21        612.04
         Third body efficiencies
         H2                  	enhanced by	   2.500
         O2                  	enhanced by	   1.000
         H2O                 	enhanced by	  12.000
         CO                  	enhanced by	   1.900
         CO2                 	enhanced by	   3.800
         HE                  	enhanced by	   0.830
         AR                  	enhanced by	   1.000


      6. 2O +M  = O2 +M 
         k:       6.165000e+15	   -0.50          0.00
         Third body efficiencies
         H2                  	enhanced by	   2.500
         H2O                 	enhanced by	  12.000
         AR                  	enhanced by	   0.830
         CO                  	enhanced by	   1.900
         CO2                 	enhanced by	   3.800
         HE                  	enhanced by	   0.830


      7. H + O +M  = OH +M 
         k:       4.714000e+18	   -1.00          0.00
         Third body efficiencies
         H2                  	enhanced by	   2.500
         O2                  	enhanced by	   1.000
         H2O                 	enhanced by	  12.000
         AR                  	enhanced by	   0.750
         CO                  	enhanced by	   1.500
         CO2                 	enhanced by	   2.000
         HE                  	enhanced by	   0.750


      8. H + OH +M  = H2O +M 
         k:       1.481800e+24	   -2.54        120.79
         Third body efficiencies
         H2                  	enhanced by	   2.500
         O2                  	enhanced by	   1.000
         H2O                 	enhanced by	  12.000
         AR                  	enhanced by	   0.380
         HE                  	enhanced by	   0.440
         CO                  	enhanced by	   1.900
         CO2                 	enhanced by	   3.800


      9. H + O2 (+M)  = HO2 (+M) 
         Fall-off (Troe)
         k0:      5.266900e+19	   -1.37          0.00
         kInf:    4.650000e+12	    0.44          0.00
         Troe Parameters
         a    6.70e-01
         T*** 1.00e-30
         T*   1.00e+30
         T**  1.00e+30
         Third body efficiencies
         H2                  	enhanced by	   1.511
         O2                  	enhanced by	   1.000
         CO                  	enhanced by	   1.900
         CO2                 	enhanced by	   3.800
         HE                  	enhanced by	   0.650
         H2O                 	enhanced by	  11.372
         AR                  	enhanced by	   0.474


     10. H + HO2  = H2 + O2 
         k:       2.123100e+06	    2.11      -1624.73


     11. H + HO2  = 2OH 
         k:       5.773400e+13	    0.00        171.02


     12. O + HO2  = O2 + OH 
         k:       3.250000e+13	    0.00          0.00


     13. OH + HO2  = O2 + H2O 
         k:       9.584000e+11	    0.42       -948.59


     14. 2HO2  = O2 + H2O2 
         k:       1.300000e+11	    0.00      -1630.00


     15. 2HO2  = O2 + H2O2 
         k:       1.604800e+15	    0.00      15549.47


     16. 2OH (+M)  = H2O2 (+M) 
         Fall-off (Troe)
         k0:      1.992800e+18	   -1.18      -4272.67
         kInf:    2.148000e+05	    2.32      -3402.36
         Troe Parameters
         a    4.30e-01
         T*** 1.00e-30
         T*   1.00e+30
         T**  1.00e+30
         Third body efficiencies
         H2O                 	enhanced by	   5.000
         CO2                 	enhanced by	   1.070
         AR                  	enhanced by	   0.670
         O2                  	enhanced by	   0.800
         HE                  	enhanced by	   0.430
         H2O2                	enhanced by	   5.130
         H2                  	enhanced by	   2.470
         CO                  	enhanced by	   1.870


     17. H + H2O2  = OH + H2O 
         k:       2.410000e+13	    0.00       3970.01


     18. H + H2O2  = H2 + HO2 
         k:       9.754300e+19	   -1.92       9425.14


     19. O + H2O2  = OH + HO2 
         k:       9.550000e+06	    2.00       3970.01


     20. OH + H2O2  = H2O + HO2 
         k:       1.740000e+12	    0.00        318.00


     21. OH + H2O2  = H2O + HO2 
         k:       7.590000e+13	    0.00       7269.00


     22. O + CO (+M)  = CO2 (+M) 
         Fall-off (Lindemann)
         k0:      1.173000e+24	   -2.79       4191.00
         kInf:    1.362000e+10	    0.00       2384.00
         Third body efficiencies
         H2                  	enhanced by	   2.000
         H2O                 	enhanced by	  12.000
         CO                  	enhanced by	   1.750
         CO2                 	enhanced by	   3.600
         AR                  	enhanced by	   0.700
         HE                  	enhanced by	   0.700


     23. O2 + CO  = O + CO2 
         k:       2.886500e+12	    0.00      47697.93


     24. OH + CO  = H + CO2 
         k:       1.659600e+04	    2.22      -1380.45


     25. HO2 + CO  = OH + CO2 
         k:       1.514400e+07	    1.68      18158.60


     26. HCO (+M)  = H + CO (+M) 
         Fall-off (Troe)
         k0:      4.942600e+10	    0.96      14640.02
         kInf:    4.930000e+16	   -0.93      19724.95
         Troe Parameters
         a    8.52e-01
         T*** 5.14e+01
         T*   3.57e+03
         T**  3.42e+03
         Third body efficiencies
         H2                  	enhanced by	   2.000
         O2                  	enhanced by	   1.000
         AR                  	enhanced by	   0.550
         HE                  	enhanced by	   0.786
         H2O                 	enhanced by	  12.000
         CO                  	enhanced by	   1.500
         CO2                 	enhanced by	   2.000


     27. O2 + HCO  = HO2 + CO 
         k:       7.580000e+12	    0.00        410.00


     28. H + HCO  = H2 + CO 
         k:       6.412600e+13	    0.00          0.00


     29. O + HCO  = OH + CO 
         k:       3.020000e+13	    0.00          0.00


     30. O + HCO  = H + CO2 
         k:       3.000000e+13	    0.00          0.00


     31. OH + HCO  = H2O + CO 
         k:       1.020000e+14	    0.00          0.00


     32. HO2 + HCO  => H + OH + CO2 
         k:       3.000000e+13	    0.00          0.00


     33. 2HCO  => H2 + 2CO 
         k:       3.000000e+12	    0.00          0.00


     34. H + O +M  = OHEX +M 
         k:       1.500000e+13	    0.00       5975.01
         Third body efficiencies
         H2                  	enhanced by	   1.000
         H2O                 	enhanced by	   6.500
         O2                  	enhanced by	   0.400
         N2                  	enhanced by	   0.400
         AR                  	enhanced by	   0.350


     35. H2O + OHEX  = OH + H2O 
         k:       5.930000e+12	    0.50       -859.99


     36. H2 + OHEX  = H2 + OH 
         k:       2.950000e+12	    0.50       -444.00


     37. N2 + OHEX  = OH + N2 
         k:       1.080000e+11	    0.50      -1241.99


     38. OH + OHEX  = 2OH 
         k:       6.010000e+12	    0.50       -764.00


     39. H + OHEX  = H + OH 
         k:       1.310000e+12	    0.50       -167.01


     40. AR + OHEX  = OH + AR 
         k:       1.690000e+12	    0.00       4135.01


     41. O2 + OHEX  = O2 + OH 
         k:       2.100000e+12	    0.50       -477.99


     42. CO2 + OHEX  = OH + CO2 
         k:       2.750000e+12	    0.50       -968.01


     43. CO + OHEX  = OH + CO 
         k:       3.230000e+12	    0.50       -786.99


