 ----------------------------------------------------------------------------------------------------------------------------------------------------------------------------------------------------------------------------------------------------------
                     SPECIFIC HEAT COEFFICIENTS                                                                     

             Cp = A + B*T + C*T^2 + D*T^3 + E*T^4  [J/kg/K]                                                         

    Species                      Cp(298K)         Cp(1000K)          LT-HT            A(LT)            B(LT)            C(LT)            D(LT)            E(LT)             A(HT)           B(HT)            C(HT)            D(HT)           E(HT)      
 ----------------------------------------------------------------------------------------------------------------------------------------------------------------------------------------------------------------------------------------------------------

    1. H                        2.062119e+04     2.062119e+04     1.000000e+03     2.062119e+04     0.000000e+00     0.000000e+00     0.000000e+00     0.000000e+00     2.062119e+04     0.000000e+00     0.000000e+00     0.000000e+00     0.000000e+00
    2. H2                       1.430307e+04     1.496188e+04     1.000000e+03     9.668577e+03     3.291356e+01    -8.033251e-02     8.313311e-05    -3.042086e-08     1.209583e+04     3.409127e+00    -6.037981e-04     6.355466e-08    -2.840794e-12
    3. O                        1.369608e+03     1.307846e+03     1.000000e+03     1.646505e+03    -1.704217e+00     3.452310e-03    -3.184673e-06     1.097920e-09     1.321893e+03    -1.419588e-02    -2.177639e-06     2.574952e-09    -2.492175e-13
    4. O2                       9.181008e+02     1.090161e+03     1.000000e+03     9.828455e+02    -7.786810e-01     2.558754e-03    -2.515619e-06     8.428607e-10     9.512757e+02     1.705522e-01    -3.667677e-05     5.347519e-09    -3.375712e-13
    5. OH                       1.757314e+03     1.804762e+03     1.000000e+03     1.951620e+03    -1.173845e+00     2.257005e-03    -1.896464e-06     6.664452e-10     1.387714e+03     5.413972e-01    -1.437322e-04     2.056732e-08    -1.184518e-12
    6. H2O                      1.864380e+03     2.292242e+03     1.000000e+03     1.937796e+03    -9.398604e-01     3.009333e-03    -2.532843e-06     8.178163e-10     1.235534e+03     1.372212e+00    -3.571175e-04     4.358390e-08    -1.970271e-12
    7. N2                       1.039626e+03     1.166660e+03     1.000000e+03     1.047991e+03    -3.670217e-02    -1.492886e-04     7.227908e-07    -4.181308e-10     8.763149e+02     4.145954e-01    -1.462114e-04     2.332852e-08    -1.367506e-12
    8. HO2                      1.057090e+03     1.442632e+03     1.000000e+03     1.083656e+03    -1.196340e+00     5.329934e-03    -6.115408e-06     2.340789e-09     1.051031e+03     4.738826e-01    -8.722988e-05     4.903572e-09     4.440045e-14
    9. H2O2                     1.246841e+03     1.838549e+03     1.000000e+03     1.054806e+03    -2.071382e-01     4.312069e-03    -5.543047e-06     2.221859e-09     1.119491e+03     9.907884e-01    -3.173955e-04     4.845126e-08    -2.785880e-12
   10. AR                       5.203303e+02     5.203303e+02     1.000000e+03     5.203303e+02     0.000000e+00     0.000000e+00     0.000000e+00     0.000000e+00     5.203303e+02     0.000000e+00     0.000000e+00     0.000000e+00     0.000000e+00
   11. CO                       1.040366e+03     1.183965e+03     1.000000e+03     1.062545e+03    -1.811768e-01     3.018302e-04     2.692348e-07    -2.684685e-10     9.049097e+02     4.012457e-01    -1.442027e-04     2.340684e-08    -1.394572e-12
   12. CO2                      8.436543e+02     1.234312e+03     1.000000e+03     4.452642e+02     1.697339e+00    -1.345546e-03     4.642490e-07    -2.699484e-11     8.759594e+02     5.179336e-01    -1.881514e-04     3.030128e-08    -1.730941e-12
   13. HE                       5.192645e+03     5.192645e+03     1.000000e+03     5.192645e+03     0.000000e+00     0.000000e+00     0.000000e+00     0.000000e+00     5.192645e+03     0.000000e+00     0.000000e+00     0.000000e+00     0.000000e+00
   14. HCO                      1.195031e+03     1.681913e+03     1.000000e+03     1.214175e+03    -9.514878e-01     4.012256e-03    -3.846348e-06     1.253319e-09     1.123193e+03     7.228503e-01    -1.922613e-04     3.026190e-08    -2.131188e-12
   15. OHEX                     1.760033e+03     1.804107e+03     1.000000e+03     1.778204e+03     9.048816e-02    -8.194512e-04     1.167067e-06    -4.122003e-10     1.409323e+03     4.957165e-01    -1.113130e-04     1.063169e-08    -2.506172e-13

 ----------------------------------------------------------------------------------------------------------------------------------------------------------------------------------------------------------------------------------------------------------


 -------------------------------------------------------------------------------------------------------------------------------------------------------------------------------------------------------------------------------------------------------------------------------------------
                           ENTHALPY COEFFICIENTS                                                                     

             H/(RT) = A + B*T + C*T^2 + D*T^3 + E*T^4 + F/T  [-]                                                         

    Species                   H(298K)[J/kmol]  H(1000K)[J/kmol]      LT-HT            A(LT)            B(LT)            C(LT)            D(LT)            E(LT)           F(LT)             A(HT)            B(HT)            C(HT)           D(HT)             E(HT)            F(HT)      
 -------------------------------------------------------------------------------------------------------------------------------------------------------------------------------------------------------------------------------------------------------------------------------------------

    1. H                        2.179941e+08     2.325859e+08     1.000000e+03     2.500000e+00     0.000000e+00     0.000000e+00     0.000000e+00     0.000000e+00     2.547366e+04     2.500000e+00     0.000000e+00     0.000000e+00     0.000000e+00     0.000000e+00     2.547366e+04
    2. H2                      -4.325324e+03     2.068653e+07     1.000000e+03     2.344331e+00     3.990260e-03    -6.492717e-06     5.039302e-09    -1.475224e-12    -9.179352e+02     2.932866e+00     4.133040e-04    -4.880079e-08     3.852510e-12    -1.377610e-16    -8.130656e+02
    3. O                        2.491703e+08     2.640319e+08     1.000000e+03     3.168267e+00    -1.639659e-03     2.214355e-06    -1.532017e-09     4.225319e-13     2.912226e+04     2.543637e+00    -1.365812e-05    -1.396765e-09     1.238705e-12    -9.591074e-17     2.922601e+04
    4. O2                      -4.406652e+03     2.270681e+07     1.000000e+03     3.782456e+00    -1.498367e-03     3.282434e-06    -2.420324e-09     6.487457e-13    -1.063944e+03     3.660961e+00     3.281829e-04    -4.704988e-08     5.144948e-12    -2.598269e-16    -1.215977e+03
    5. OH                       3.729547e+07     5.821851e+07     1.000000e+03     3.991984e+00    -1.200533e-03     1.538880e-06    -9.697908e-10     2.726390e-13     3.368898e+03     2.838530e+00     5.537064e-04    -9.800007e-08     1.051747e-11    -4.845798e-16     3.697808e+03
    6. H2O                     -2.418296e+08    -2.158221e+08     1.000000e+03     4.198635e+00    -1.018201e-03     2.173447e-06    -1.371982e-09     3.543936e-13    -3.029373e+04     2.677039e+00     1.486591e-03    -2.579230e-07     2.360838e-11    -8.537998e-16    -2.988589e+04
    7. N2                      -4.368616e+03     2.146458e+07     1.000000e+03     3.531005e+00    -6.183049e-05    -1.676665e-07     6.088265e-10    -2.817625e-13    -1.046976e+03     2.952576e+00     6.984502e-04    -1.642105e-07     1.965025e-11    -9.215104e-16    -9.239487e+02
    8. HO2                      1.229070e+07     4.184978e+07     1.000000e+03     4.301798e+00    -2.374560e-03     7.052764e-06    -6.069098e-09     1.858450e-12     2.640185e+02     4.172287e+00     9.405881e-04    -1.154258e-07     4.866439e-12     3.525138e-17     3.102068e+01
    9. H2O2                    -1.358856e+08    -9.799688e+07     1.000000e+03     4.315151e+00    -4.236953e-04     5.880144e-06    -5.669074e-09     1.817900e-12    -1.770674e+04     4.579773e+00     2.026630e-03    -4.328158e-07     4.955285e-11    -2.279376e-15    -1.800718e+04
   10. AR                      -3.117923e+03     1.458876e+07     1.000000e+03     2.500000e+00     0.000000e+00     0.000000e+00     0.000000e+00     0.000000e+00    -7.453750e+02     2.500000e+00     0.000000e+00     0.000000e+00     0.000000e+00     0.000000e+00    -7.453750e+02
   11. CO                      -1.105337e+08    -8.883940e+07     1.000000e+03     3.579534e+00    -3.051768e-04     3.389381e-07     2.267515e-10    -1.808849e-13    -1.434409e+04     3.048486e+00     6.758640e-04    -1.619313e-07     1.971341e-11    -9.396149e-16    -1.426612e+04
   12. CO2                     -3.935133e+08    -3.601107e+08     1.000000e+03     2.356813e+00     4.492065e-03    -2.374021e-06     6.143252e-10    -2.857710e-14    -4.837197e+04     4.636511e+00     1.370728e-03    -3.319659e-07     4.009667e-11    -1.832397e-15    -4.902490e+04
   13. HE                      -3.117923e+03     1.458876e+07     1.000000e+03     2.500000e+00     0.000000e+00     0.000000e+00     0.000000e+00     0.000000e+00    -7.453750e+02     2.500000e+00     0.000000e+00     0.000000e+00     0.000000e+00     0.000000e+00    -7.453750e+02
   14. HCO                      4.229455e+07     7.180444e+07     1.000000e+03     4.237546e+00    -1.660376e-03     4.667675e-06    -3.356000e-09     8.748324e-13     3.872412e+03     3.920015e+00     1.261397e-03    -2.236681e-07     2.640399e-11    -1.487597e-15     3.653429e+03
   15. OHEX                     4.248935e+08     4.458261e+08     1.000000e+03     3.637266e+00     9.254550e-05    -5.587215e-07     5.968005e-10    -1.686288e-13     5.002130e+04     2.882730e+00     5.069872e-04    -7.589590e-08     5.436708e-12    -1.025261e-16     5.026500e+04

 -------------------------------------------------------------------------------------------------------------------------------------------------------------------------------------------------------------------------------------------------------------------------------------------


 -------------------------------------------------------------------------------------------------------------------------------------------------------------------------------------------------------------------------------------------------------------------------------------------
                             ENTROPY COEFFICIENTS                                                                     

             S/R = A*lnT + B*T + C*T^2 + D*T^3 + E*T^4 + F  [-]                                                         

    Species                 S(298K)[J/kmol/K] S(1000K)[J/kmol/K]     LT-HT            A(LT)            B(LT)            C(LT)            D(LT)            E(LT)           F(LT)             A(HT)            B(HT)            C(HT)           D(HT)             E(HT)            F(HT)      
 -------------------------------------------------------------------------------------------------------------------------------------------------------------------------------------------------------------------------------------------------------------------------------------------

    1. H                        1.147067e+05     1.398717e+05     1.000000e+03     2.500000e+00     0.000000e+00     0.000000e+00     0.000000e+00     0.000000e+00    -4.466829e-01     2.500000e+00     0.000000e+00     0.000000e+00     0.000000e+00     0.000000e+00    -4.466829e-01
    2. H2                       1.306658e+05     1.662357e+05     1.000000e+03     2.344331e+00     7.980521e-03    -9.739075e-06     6.719070e-09    -1.844029e-12     6.830102e-01     2.932866e+00     8.266080e-04    -7.320118e-08     5.136680e-12    -1.722012e-16    -1.024329e+00
    3. O                        1.610485e+05     1.867864e+05     1.000000e+03     3.168267e+00    -3.279319e-03     3.321532e-06    -2.042689e-09     5.281649e-13     2.051933e+00     2.543637e+00    -2.731625e-05    -2.095148e-09     1.651606e-12    -1.198884e-16     4.922295e+00
    4. O2                       2.051335e+05     2.435864e+05     1.000000e+03     3.782456e+00    -2.996734e-03     4.923651e-06    -3.227098e-09     8.109321e-13     3.657676e+00     3.660961e+00     6.563658e-04    -7.057481e-08     6.859931e-12    -3.247836e-16     3.415363e+00
    5. OH                       1.837217e+05     2.197234e+05     1.000000e+03     3.991984e+00    -2.401067e-03     2.308320e-06    -1.293054e-09     3.407988e-13    -1.039985e-01     2.838530e+00     1.107413e-03    -1.470001e-07     1.402329e-11    -6.057247e-16     5.844947e+00
    6. H2O                      1.888111e+05     2.327350e+05     1.000000e+03     4.198635e+00    -2.036402e-03     3.260171e-06    -1.829309e-09     4.429920e-13    -8.490090e-01     2.677039e+00     2.973182e-03    -3.868844e-07     3.147784e-11    -1.067250e-15     6.882550e+00
    7. N2                       1.915940e+05     2.281754e+05     1.000000e+03     3.531005e+00    -1.236610e-04    -2.514997e-07     8.117687e-10    -3.522031e-13     2.967470e+00     2.952576e+00     1.396900e-03    -2.463158e-07     2.620034e-11    -1.151888e-15     5.871888e+00
    8. HO2                      2.290868e+05     2.784795e+05     1.000000e+03     4.301798e+00    -4.749121e-03     1.057915e-05    -8.092130e-09     2.323063e-12     3.716662e+00     4.172287e+00     1.881176e-03    -1.731386e-07     6.488585e-12     4.406423e-17     2.957677e+00
    9. H2O2                     2.345193e+05     2.973932e+05     1.000000e+03     4.315151e+00    -8.473906e-04     8.820216e-06    -7.558765e-09     2.272375e-12     3.273733e+00     4.579773e+00     4.053260e-03    -6.492236e-07     6.607047e-11    -2.849220e-15     6.649707e-01
   10. AR                       1.548353e+05     1.800003e+05     1.000000e+03     2.500000e+00     0.000000e+00     0.000000e+00     0.000000e+00     0.000000e+00     4.379675e+00     2.500000e+00     0.000000e+00     0.000000e+00     0.000000e+00     0.000000e+00     4.379675e+00
   11. CO                       1.976416e+05     2.345446e+05     1.000000e+03     3.579534e+00    -6.103537e-04     5.084071e-07     3.023353e-10    -2.261061e-13     3.508409e+00     3.048486e+00     1.351728e-03    -2.428970e-07     2.628455e-11    -1.174519e-15     6.017098e+00
   12. CO2                      2.137675e+05     2.692860e+05     1.000000e+03     2.356813e+00     8.984130e-03    -3.561032e-06     8.191003e-10    -3.572137e-14     9.900904e+00     4.636511e+00     2.741457e-03    -4.979488e-07     5.346222e-11    -2.290496e-15    -1.934896e+00
   13. HE                       1.261425e+05     1.513075e+05     1.000000e+03     2.500000e+00     0.000000e+00     0.000000e+00     0.000000e+00     0.000000e+00     9.287240e-01     2.500000e+00     0.000000e+00     0.000000e+00     0.000000e+00     0.000000e+00     9.287240e-01
   14. HCO                      2.242613e+05     2.733788e+05     1.000000e+03     4.237546e+00    -3.320753e-03     7.001513e-06    -4.474666e-09     1.093541e-12     3.308349e+00     3.920015e+00     2.522793e-03    -3.355021e-07     3.520532e-11    -1.859496e-15     3.580771e+00
   15. OHEX                     1.835902e+05     2.196362e+05     1.000000e+03     3.637266e+00     1.850910e-04    -8.380823e-07     7.957340e-10    -2.107860e-13     1.358861e+00     2.882730e+00     1.013974e-03    -1.138438e-07     7.248943e-12    -1.281576e-16     5.595712e+00

 -------------------------------------------------------------------------------------------------------------------------------------------------------------------------------------------------------------------------------------------------------------------------------------------


