-----------------------------------------------------------------------------------------------------------------------------------------------------
Name                              MW       Cp@298K        H@298K        G@298K        S@298K      Cp@1000K       H@1000K       G@1000K       S@1000K 
                           [kg/kmol]   [cal/mol/K]    [kcal/mol]    [kcal/mol]   [cal/mol/K]   [cal/mol/K]    [kcal/mol]    [kcal/mol]   [cal/mol/K] 
-----------------------------------------------------------------------------------------------------------------------------------------------------
H                             1.0080        4.9675       52.0965       43.9275       27.4128        4.9675       55.5837       22.1569       33.4267
H2                            2.0160        6.8910       -0.0010       -9.3066       31.2267        7.2084        4.9437      -34.7835       39.7272
O                            15.9990        5.2366       59.5470       48.0777       38.4876        5.0005       63.0986       18.4602       44.6384
O2                           31.9980        7.0206       -0.0011      -14.6099       49.0230        8.3364        5.4265      -52.7861       58.2126
OH                           17.0070        7.1423        8.9129       -4.1711       43.9060        7.3352       13.9131      -38.5966       52.5098
H2O                          18.0150        8.0266      -57.7927      -71.2392       45.1223        9.8687      -51.5774     -107.1967       55.6193
N2                           28.0140        6.9601       -0.0010      -13.6457       45.7873        7.8106        5.1296      -49.4000       54.5296
HO2                          33.0060        8.3381        2.9372      -13.3775       54.7474       11.3792       10.0013      -56.5500       66.5514
H2O2                         34.0140       10.1352      -32.4741      -49.1757       56.0457       14.9450      -23.4194      -94.4908       71.0714
AR                           39.9480        4.9675       -0.0007      -11.0276       37.0027        4.9675        3.4864      -39.5302       43.0167
CO                           28.0100        6.9641      -26.4155      -40.4908       47.2326        7.9253      -21.2309      -77.2827       56.0517
CO2                          44.0090        8.8730      -94.0423     -109.2660       51.0864       12.9817      -86.0597     -150.4140       64.3543
HE                            4.0030        4.9675       -0.0007       -8.9842       30.1457        4.9675        3.4864      -32.6732       36.1596
HCO                          29.0180        8.2872       10.1076       -5.8635       53.5942       11.6637       17.1599      -48.1725       65.3324
OHEX                         17.0070        7.1534      101.5416       88.4669       43.8746        7.3325      106.5441       54.0551       52.4889
-----------------------------------------------------------------------------------------------------------------------------------------------------

 ====================================================================================================
   THERMO TABLE FOR MOLECULE H
 ====================================================================================================
   Elemental Composition:
     H 1.0000
   Formation Enthalpy at 298K =          52.0965 kcal/mol
   Formation Free Gibbs Energy at 298K = 43.9275 kcal/mol
   Molecular Weight =                    1.0080 kg/kmol
 -----------------------------------------------------------------------------------------------------
   Temperature       Cp             H             G            S             DH            DG         
       [K]       [cal/mol/K]    [kcal/mol]    [kcal/mol]  [cal/(mol-K)]  [kcal/mol]     [kcal/mol]    
 -----------------------------------------------------------------------------------------------------
     300.0000      4.9675        52.1064       43.8726       27.4460       0.0099        -0.0549       
     600.0000      4.9675        53.5967       35.0631       30.8892       1.5002        -8.8643       
     800.0000      4.9675        54.5902       28.7356       32.3182       2.4937        -15.1919      
     1000.0000     4.9675        55.5837       22.1569       33.4267       3.4872        -21.7705      
     1200.0000     4.9675        56.5772       15.3783       34.3324       4.4807        -28.5492      
     1400.0000     4.9675        57.5707       8.4333        35.0981       5.4742        -35.4942      
     1600.0000     4.9675        58.5642       1.3458        35.7615       6.4677        -42.5816      
     1800.0000     4.9675        59.5577       -5.8661       36.3465       7.4612        -49.7936      
     2000.0000     4.9675        60.5512       -13.1887      36.8699       8.4547        -57.1162      
     2200.0000     4.9675        61.5447       -20.6108      37.3434       9.4482        -64.5382      
     2400.0000     4.9675        62.5382       -28.1233      37.7756       10.4417       -72.0508      
     2600.0000     4.9675        63.5317       -35.7187      38.1732       11.4352       -79.6462      
 -----------------------------------------------------------------------------------------------------


 ====================================================================================================
   THERMO TABLE FOR MOLECULE H2
 ====================================================================================================
   Elemental Composition:
     H 2.0000
   Formation Enthalpy at 298K =          -0.0010 kcal/mol
   Formation Free Gibbs Energy at 298K = -9.3066 kcal/mol
   Molecular Weight =                    2.0160 kg/kmol
 -----------------------------------------------------------------------------------------------------
   Temperature       Cp             H             G            S             DH            DG         
       [K]       [cal/mol/K]    [kcal/mol]    [kcal/mol]  [cal/(mol-K)]  [kcal/mol]     [kcal/mol]    
 -----------------------------------------------------------------------------------------------------
     300.0000      6.8948        0.0128        -9.3691       31.2728       0.0138        -0.0625       
     600.0000      6.9913        2.1084        -19.5587      36.1120       2.1095        -10.2522      
     800.0000      7.0776        3.5125        -26.9923      38.1309       3.5135        -17.6857      
     1000.0000     7.2084        4.9437        -34.7835      39.7272       4.9447        -25.4769      
     1200.0000     7.4297        6.4078        -42.8657      41.0613       6.4088        -33.5592      
     1400.0000     7.6357        7.9146        -51.1965      42.2222       7.9156        -41.8900      
     1600.0000     7.8273        9.4611        -59.7461      43.2545       9.4621        -50.4395      
     1800.0000     8.0057        11.0446       -68.4917      44.1868       11.0456       -59.1851      
     2000.0000     8.1720        12.6626       -77.4155      45.0390       12.6636       -68.1089      
     2200.0000     8.3271        14.3127       -86.5029      45.8253       14.3137       -77.1963      
     2400.0000     8.4718        15.9927       -95.7419      46.5561       15.9937       -86.4353      
     2600.0000     8.6072        17.7008       -105.1222     47.2396       17.7018       -95.8156      
 -----------------------------------------------------------------------------------------------------


 ====================================================================================================
   THERMO TABLE FOR MOLECULE O
 ====================================================================================================
   Elemental Composition:
     O 1.0000
   Formation Enthalpy at 298K =          59.5470 kcal/mol
   Formation Free Gibbs Energy at 298K = 48.0777 kcal/mol
   Molecular Weight =                    15.9990 kg/kmol
 -----------------------------------------------------------------------------------------------------
   Temperature       Cp             H             G            S             DH            DG         
       [K]       [cal/mol/K]    [kcal/mol]    [kcal/mol]  [cal/(mol-K)]  [kcal/mol]     [kcal/mol]    
 -----------------------------------------------------------------------------------------------------
     300.0000      5.2338        59.5575       48.0007       38.5226       0.0105        -0.0770       
     600.0000      5.0516        61.0914       35.8472       42.0737       1.5444        -12.2306      
     800.0000      5.0155        62.0981       27.2805       43.5220       2.5511        -20.7972      
     1000.0000     5.0005        63.0986       18.4602       44.6384       3.5516        -29.6175      
     1200.0000     4.9921        64.0979       9.4387        45.5494       4.5509        -38.6391      
     1400.0000     4.9853        65.0956       0.2499        46.3184       5.5486        -47.8278      
     1600.0000     4.9801        66.0921       -9.0818       46.9837       6.5451        -57.1595      
     1800.0000     4.9769        67.0878       -18.5383      47.5701       7.5408        -66.6161      
     2000.0000     4.9759        68.0830       -28.1057      48.0944       8.5360        -76.1834      
     2200.0000     4.9770        69.0783       -37.7728      48.5687       9.5312        -85.8505      
     2400.0000     4.9805        70.0740       -47.5304      49.0018       10.5270       -95.6082      
     2600.0000     4.9863        71.0706       -57.3712      49.4007       11.5236       -105.4489     
 -----------------------------------------------------------------------------------------------------


 ====================================================================================================
   THERMO TABLE FOR MOLECULE O2
 ====================================================================================================
   Elemental Composition:
     O 2.0000
   Formation Enthalpy at 298K =          -0.0011 kcal/mol
   Formation Free Gibbs Energy at 298K = -14.6099 kcal/mol
   Molecular Weight =                    31.9980 kg/kmol
 -----------------------------------------------------------------------------------------------------
   Temperature       Cp             H             G            S             DH            DG         
       [K]       [cal/mol/K]    [kcal/mol]    [kcal/mol]  [cal/(mol-K)]  [kcal/mol]     [kcal/mol]    
 -----------------------------------------------------------------------------------------------------
     300.0000      7.0232        0.0130        -14.7080      49.0700       0.0140        -0.0981       
     600.0000      7.6672        2.2093        -30.2618      54.1185       2.2104        -15.6519      
     800.0000      8.0655        3.7850        -41.3208      56.3822       3.7861        -26.7109      
     1000.0000     8.3364        5.4265        -52.7861      58.2126       5.4276        -38.1761      
     1200.0000     8.5008        7.1104        -64.5862      59.7472       7.1115        -49.9763      
     1400.0000     8.6528        8.8260        -76.6708      61.0692       8.8270        -62.0609      
     1600.0000     8.7936        10.5708       -89.0034      62.2339       10.5719       -74.3935      
     1800.0000     8.9246        12.3428       -101.5563     63.2773       12.3438       -86.9464      
     2000.0000     9.0467        14.1401       -114.3079     64.2240       14.1411       -99.6980      
     2200.0000     9.1611        15.9609       -127.2407     65.0916       15.9620       -112.6307     
     2400.0000     9.2686        17.8040       -140.3402     65.8934       17.8051       -125.7303     
     2600.0000     9.3701        19.6680       -153.5943     66.6393       19.6690       -138.9844     
 -----------------------------------------------------------------------------------------------------


 ====================================================================================================
   THERMO TABLE FOR MOLECULE OH
 ====================================================================================================
   Elemental Composition:
     O 1.0000
     H 1.0000
   Formation Enthalpy at 298K =          8.9129 kcal/mol
   Formation Free Gibbs Energy at 298K = -4.1711 kcal/mol
   Molecular Weight =                    17.0070 kg/kmol
 -----------------------------------------------------------------------------------------------------
   Temperature       Cp             H             G            S             DH            DG         
       [K]       [cal/mol/K]    [kcal/mol]    [kcal/mol]  [cal/(mol-K)]  [kcal/mol]     [kcal/mol]    
 -----------------------------------------------------------------------------------------------------
     300.0000      7.1402        8.9272        -4.2589       43.9538       0.0143        -0.0879       
     600.0000      7.0580        11.0473       -18.2661      48.8557       2.1344        -14.0950      
     800.0000      7.1493        12.4668       -28.2507      50.8968       3.5538        -24.0796      
     1000.0000     7.3352        13.9131       -38.5966      52.5098       5.0002        -34.4255      
     1200.0000     7.5739        15.4045       -49.2379      53.8686       6.4916        -45.0668      
     1400.0000     7.7867        16.9410       -60.1325      55.0524       8.0280        -55.9614      
     1600.0000     7.9762        18.5176       -71.2501      56.1048       9.6047        -67.0790      
     1800.0000     8.1452        20.1301       -82.5676      57.0542       11.2172       -78.3965      
     2000.0000     8.2960        21.7745       -94.0663      57.9204       12.8616       -89.8952      
     2200.0000     8.4310        23.4474       -105.7311     58.7175       14.5345       -101.5600     
     2400.0000     8.5522        25.1460       -117.5494     59.4564       16.2330       -113.3783     
     2600.0000     8.6615        26.8675       -129.5103     60.1453       17.9546       -125.3393     
 -----------------------------------------------------------------------------------------------------


 ====================================================================================================
   THERMO TABLE FOR MOLECULE H2O
 ====================================================================================================
   Elemental Composition:
     H 2.0000
     O 1.0000
   Formation Enthalpy at 298K =          -57.7927 kcal/mol
   Formation Free Gibbs Energy at 298K = -71.2392 kcal/mol
   Molecular Weight =                    18.0150 kg/kmol
 -----------------------------------------------------------------------------------------------------
   Temperature       Cp             H             G            S             DH            DG         
       [K]       [cal/mol/K]    [kcal/mol]    [kcal/mol]  [cal/(mol-K)]  [kcal/mol]     [kcal/mol]    
 -----------------------------------------------------------------------------------------------------
     300.0000      8.0289        -57.7767      -71.3295      45.1760       0.0161        -0.0903       
     600.0000      8.6800        -55.2821      -85.8304      50.9138       2.5107        -14.5912      
     800.0000      9.2565        -53.4890      -96.2802      53.4890       4.3037        -25.0410      
     1000.0000     9.8687        -51.5774      -107.1967     55.6193       6.2153        -35.9575      
     1200.0000     10.5012       -49.5391      -118.5099     57.4757       8.2536        -47.2707      
     1400.0000     11.0589       -47.3819      -130.1740     59.1372       10.4108       -58.9349      
     1600.0000     11.5486       -45.1201      -142.1547     60.6466       12.6726       -70.9155      
     1800.0000     11.9770       -42.7666      -154.4244     62.0322       15.0262       -83.1853      
     2000.0000     12.3502       -40.3330      -166.9606     63.3138       17.4598       -95.7215      
     2200.0000     12.6741       -37.8298      -179.7440     64.5065       19.9630       -108.5049     
     2400.0000     12.9544       -35.2662      -192.7581     65.6216       22.5265       -121.5189     
     2600.0000     13.1963       -32.6506      -205.9881     66.6683       25.1422       -134.7489     
 -----------------------------------------------------------------------------------------------------


 ====================================================================================================
   THERMO TABLE FOR MOLECULE N2
 ====================================================================================================
   Elemental Composition:
     N 2.0000
   Formation Enthalpy at 298K =          -0.0010 kcal/mol
   Formation Free Gibbs Energy at 298K = -13.6457 kcal/mol
   Molecular Weight =                    28.0140 kg/kmol
 -----------------------------------------------------------------------------------------------------
   Temperature       Cp             H             G            S             DH            DG         
       [K]       [cal/mol/K]    [kcal/mol]    [kcal/mol]  [cal/(mol-K)]  [kcal/mol]     [kcal/mol]    
 -----------------------------------------------------------------------------------------------------
     300.0000      6.9604        0.0129        -13.7373      45.8339       0.0139        -0.0916       
     600.0000      7.1913        2.1264        -28.2986      50.7083       2.1274        -14.6529      
     800.0000      7.5108        3.5954        -38.6599      52.8191       3.5964        -25.0142      
     1000.0000     7.8106        5.1296        -49.4000      54.5296       5.1307        -35.7543      
     1200.0000     8.0389        6.7153        -60.4541      55.9745       6.7163        -46.8084      
     1400.0000     8.2275        8.3425        -71.7771      57.2283       8.3436        -58.1314      
     1600.0000     8.3816        10.0040       -83.3358      58.3374       10.0050       -69.6901      
     1800.0000     8.5062        11.6932       -95.1045      59.3320       11.6943       -81.4588      
     2000.0000     8.6056        13.4048       -107.0624     60.2336       13.4058       -93.4168      
     2200.0000     8.6840        15.1340       -119.1927     61.0576       15.1351       -105.5471     
     2400.0000     8.7454        16.8772       -131.4811     61.8160       16.8783       -117.8354     
     2600.0000     8.7930        18.6313       -143.9154     62.5179       18.6323       -130.2697     
 -----------------------------------------------------------------------------------------------------


 ====================================================================================================
   THERMO TABLE FOR MOLECULE HO2
 ====================================================================================================
   Elemental Composition:
     H 1.0000
     O 2.0000
   Formation Enthalpy at 298K =          2.9372 kcal/mol
   Formation Free Gibbs Energy at 298K = -13.3775 kcal/mol
   Molecular Weight =                    33.0060 kg/kmol
 -----------------------------------------------------------------------------------------------------
   Temperature       Cp             H             G            S             DH            DG         
       [K]       [cal/mol/K]    [kcal/mol]    [kcal/mol]  [cal/(mol-K)]  [kcal/mol]     [kcal/mol]    
 -----------------------------------------------------------------------------------------------------
     300.0000      8.3476        2.9539        -13.4870      54.8032       0.0167        -0.1096       
     600.0000      9.9944        5.7059        -30.9509      61.0946       2.7686        -17.5734      
     800.0000      10.7703       7.7887        -43.4794      64.0852       4.8515        -30.1019      
     1000.0000     11.3792       10.0013       -56.5500      66.5514       7.0641        -43.1726      
     1200.0000     11.8526       12.3252       -70.0770      68.6686       9.3880        -56.6995      
     1400.0000     12.2823       14.7394       -84.0004      70.5285       11.8022       -70.6229      
     1600.0000     12.6703       17.2354       -98.2755      72.1943       14.2981       -84.8980      
     1800.0000     13.0185       19.8049       -112.8680     73.7071       16.8676       -99.4905      
     2000.0000     13.3289       22.4402       -127.7501     75.0952       19.5030       -114.3726     
     2200.0000     13.6036       25.1341       -142.8991     76.3787       22.1968       -129.5216     
     2400.0000     13.8444       27.8794       -158.2956     77.5729       24.9422       -144.9181     
     2600.0000     14.0534       30.6697       -173.9231     78.6895       27.7325       -160.5456     
 -----------------------------------------------------------------------------------------------------


 ====================================================================================================
   THERMO TABLE FOR MOLECULE H2O2
 ====================================================================================================
   Elemental Composition:
     H 2.0000
     O 2.0000
   Formation Enthalpy at 298K =          -32.4741 kcal/mol
   Formation Free Gibbs Energy at 298K = -49.1757 kcal/mol
   Molecular Weight =                    34.0140 kg/kmol
 -----------------------------------------------------------------------------------------------------
   Temperature       Cp             H             G            S             DH            DG         
       [K]       [cal/mol/K]    [kcal/mol]    [kcal/mol]  [cal/(mol-K)]  [kcal/mol]     [kcal/mol]    
 -----------------------------------------------------------------------------------------------------
     300.0000      10.1534       -32.4538      -49.2879      56.1136       0.0203        -0.1122       
     600.0000      12.7907       -28.9971      -67.3932      63.9935       3.4770        -18.2175      
     800.0000      13.9883       -26.3109      -80.5902      67.8492       6.1632        -31.4145      
     1000.0000     14.9450       -23.4194      -94.4908      71.0714       9.0547        -45.3151      
     1200.0000     15.6830       -20.3547      -108.9905     73.8632       12.1194       -59.8148      
     1400.0000     16.3123       -17.1535      -124.0144     76.3293       15.3206       -74.8387      
     1600.0000     16.8461       -13.8361      -139.5054     78.5433       18.6380       -90.3297      
     1800.0000     17.2968       -10.4206      -155.4182     80.5543       22.0535       -106.2425     
     2000.0000     17.6760       -6.9222       -171.7159     82.3969       25.5519       -122.5402     
     2200.0000     17.9943       -3.3542       -188.3675     84.0970       29.1199       -139.1918     
     2400.0000     18.2615       0.2722        -205.3465     85.6745       32.7463       -156.1708     
     2600.0000     18.4864       3.9476        -222.6302     87.1453       36.4217       -173.4545     
 -----------------------------------------------------------------------------------------------------


 ====================================================================================================
   THERMO TABLE FOR MOLECULE AR
 ====================================================================================================
   Elemental Composition:
     AR 1.0000
   Formation Enthalpy at 298K =          -0.0007 kcal/mol
   Formation Free Gibbs Energy at 298K = -11.0276 kcal/mol
   Molecular Weight =                    39.9480 kg/kmol
 -----------------------------------------------------------------------------------------------------
   Temperature       Cp             H             G            S             DH            DG         
       [K]       [cal/mol/K]    [kcal/mol]    [kcal/mol]  [cal/(mol-K)]  [kcal/mol]     [kcal/mol]    
 -----------------------------------------------------------------------------------------------------
     300.0000      4.9675        0.0092        -11.1016      37.0360       0.0099        -0.0740       
     600.0000      4.9675        1.4994        -22.7881      40.4792       1.5002        -11.7605      
     800.0000      4.9675        2.4929        -31.0336      41.9082       2.4937        -20.0061      
     1000.0000     4.9675        3.4864        -39.5302      43.0167       3.4872        -28.5027      
     1200.0000     4.9675        4.4799        -48.2269      43.9224       4.4807        -37.1993      
     1400.0000     4.9675        5.4734        -57.0899      44.6881       5.4742        -46.0624      
     1600.0000     4.9675        6.4669        -66.0953      45.3514       6.4677        -55.0678      
     1800.0000     4.9675        7.4604        -75.2253      45.9365       7.4612        -64.1977      
     2000.0000     4.9675        8.4539        -84.4659      46.4599       8.4547        -73.4383      
     2200.0000     4.9675        9.4474        -93.8059      46.9333       9.4482        -82.7784      
     2400.0000     4.9675        10.4409       -103.2364     47.3656       10.4417       -92.2089      
     2600.0000     4.9675        11.4344       -112.7499     47.7632       11.4352       -101.7223     
 -----------------------------------------------------------------------------------------------------


 ====================================================================================================
   THERMO TABLE FOR MOLECULE CO
 ====================================================================================================
   Elemental Composition:
     C 1.0000
     O 1.0000
   Formation Enthalpy at 298K =          -26.4155 kcal/mol
   Formation Free Gibbs Energy at 298K = -40.4908 kcal/mol
   Molecular Weight =                    28.0100 kg/kmol
 -----------------------------------------------------------------------------------------------------
   Temperature       Cp             H             G            S             DH            DG         
       [K]       [cal/mol/K]    [kcal/mol]    [kcal/mol]  [cal/(mol-K)]  [kcal/mol]     [kcal/mol]    
 -----------------------------------------------------------------------------------------------------
     300.0000      6.9646        -26.4016      -40.5853      47.2792       0.0139        -0.0945       
     600.0000      7.2686        -24.2766      -55.5828      52.1771       2.1389        -15.0920      
     800.0000      7.6220        -22.7882      -66.2406      54.3156       3.6273        -25.7498      
     1000.0000     7.9253        -21.2309      -77.2827      56.0517       5.1845        -36.7919      
     1200.0000     8.1418        -19.6235      -88.6433      57.5165       6.7919        -48.1525      
     1400.0000     8.3197        -17.9768      -100.2763     58.7853       8.4387        -59.7855      
     1600.0000     8.4642        -16.2979      -112.1476     59.9061       10.1176       -71.6568      
     1800.0000     8.5802        -14.5930      -124.2309     60.9100       11.8225       -83.7401      
     2000.0000     8.6721        -12.8674      -136.5053     61.8189       13.5481       -96.0145      
     2200.0000     8.7440        -11.1255      -148.9533     62.6490       15.2900       -108.4625     
     2400.0000     8.7998        -9.3709       -161.5604     63.4123       17.0446       -121.0696     
     2600.0000     8.8427        -7.6064       -174.3144     64.1184       18.8090       -133.8236     
 -----------------------------------------------------------------------------------------------------


 ====================================================================================================
   THERMO TABLE FOR MOLECULE CO2
 ====================================================================================================
   Elemental Composition:
     C 1.0000
     O 2.0000
   Formation Enthalpy at 298K =          -94.0423 kcal/mol
   Formation Free Gibbs Energy at 298K = -109.2660 kcal/mol
   Molecular Weight =                    44.0090 kg/kmol
 -----------------------------------------------------------------------------------------------------
   Temperature       Cp             H             G            S             DH            DG         
       [K]       [cal/mol/K]    [kcal/mol]    [kcal/mol]  [cal/(mol-K)]  [kcal/mol]     [kcal/mol]    
 -----------------------------------------------------------------------------------------------------
     300.0000      8.8943        -94.0245      -109.3683     51.1458       0.0178        -0.1022       
     600.0000      11.3172       -90.9572      -125.8386     58.1358       3.0851        -16.5726      
     800.0000      12.2908       -88.5901      -137.8172     61.5340       5.4522        -28.5512      
     1000.0000     12.9817       -86.0597      -150.4140     64.3543       7.9826        -41.1480      
     1200.0000     13.4129       -83.4188      -163.5315     66.7605       10.6235       -54.2654      
     1400.0000     13.7649       -80.6998      -177.0975     68.8555       13.3425       -67.8315      
     1600.0000     14.0486       -77.9174      -191.0579     70.7128       16.1249       -81.7918      
     1800.0000     14.2739       -75.0843      -205.3701     72.3810       18.9580       -96.1041      
     2000.0000     14.4501       -72.2111      -220.0000     73.8944       21.8311       -110.7340     
     2200.0000     14.5861       -69.3069      -234.9192     75.2783       24.7354       -125.6532     
     2400.0000     14.6896       -66.3789      -250.1040     76.5521       27.6634       -140.8380     
     2600.0000     14.7680       -63.4327      -265.5338     77.7312       30.6095       -156.2678     
 -----------------------------------------------------------------------------------------------------


 ====================================================================================================
   THERMO TABLE FOR MOLECULE HE
 ====================================================================================================
   Elemental Composition:
     HE 1.0000
   Formation Enthalpy at 298K =          -0.0007 kcal/mol
   Formation Free Gibbs Energy at 298K = -8.9842 kcal/mol
   Molecular Weight =                    4.0030 kg/kmol
 -----------------------------------------------------------------------------------------------------
   Temperature       Cp             H             G            S             DH            DG         
       [K]       [cal/mol/K]    [kcal/mol]    [kcal/mol]  [cal/(mol-K)]  [kcal/mol]     [kcal/mol]    
 -----------------------------------------------------------------------------------------------------
     300.0000      4.9675        0.0092        -9.0445       30.1789       0.0099        -0.0603       
     600.0000      4.9675        1.4994        -18.6738      33.6221       1.5002        -9.6897       
     800.0000      4.9675        2.4929        -25.5480      35.0512       2.4937        -16.5638      
     1000.0000     4.9675        3.4864        -32.6732      36.1596       3.4872        -23.6890      
     1200.0000     4.9675        4.4799        -39.9985      37.0653       4.4807        -31.0143      
     1400.0000     4.9675        5.4734        -47.4901      37.8311       5.4742        -38.5059      
     1600.0000     4.9675        6.4669        -55.1241      38.4944       6.4677        -46.1399      
     1800.0000     4.9675        7.4604        -62.8826      39.0795       7.4612        -53.8985      
     2000.0000     4.9675        8.4539        -70.7518      39.6029       8.4547        -61.7676      
     2200.0000     4.9675        9.4474        -78.7204      40.0763       9.4482        -69.7363      
     2400.0000     4.9675        10.4409       -86.7796      40.5085       10.4417       -77.7954      
     2600.0000     4.9675        11.4344       -94.9216      40.9062       11.4352       -85.9374      
 -----------------------------------------------------------------------------------------------------


 ====================================================================================================
   THERMO TABLE FOR MOLECULE HCO
 ====================================================================================================
   Elemental Composition:
     C 1.0000
     H 1.0000
     O 1.0000
   Formation Enthalpy at 298K =          10.1076 kcal/mol
   Formation Free Gibbs Energy at 298K = -5.8635 kcal/mol
   Molecular Weight =                    29.0180 kg/kmol
 -----------------------------------------------------------------------------------------------------
   Temperature       Cp             H             G            S             DH            DG         
       [K]       [cal/mol/K]    [kcal/mol]    [kcal/mol]  [cal/(mol-K)]  [kcal/mol]     [kcal/mol]    
 -----------------------------------------------------------------------------------------------------
     300.0000      8.2949        10.1242       -5.9707       53.6497       0.0166        -0.1072       
     600.0000      9.8426        12.8331       -23.0747      59.8463       2.7255        -17.2112      
     800.0000      10.8519       14.9059       -35.3508      62.8209       4.7983        -29.4874      
     1000.0000     11.6637       17.1599       -48.1725      65.3324       7.0523        -42.3090      
     1200.0000     12.2165       19.5489       -61.4615      67.5087       9.4413        -55.5980      
     1400.0000     12.7128       22.0427       -75.1590      69.4298       11.9351       -69.2956      
     1600.0000     13.1590       24.6307       -89.2206      71.1570       14.5231       -83.3571      
     1800.0000     13.5610       27.3034       -103.6116     72.7306       17.1958       -97.7482      
     2000.0000     13.9239       30.0525       -118.3044     74.1785       19.9449       -112.4410     
     2200.0000     14.2525       32.8707       -133.2760     75.5212       22.7631       -127.4125     
     2400.0000     14.5508       35.7515       -148.5070     76.7743       25.6439       -142.6435     
     2600.0000     14.8224       38.6892       -163.9806     77.9499       28.5816       -158.1171     
 -----------------------------------------------------------------------------------------------------


 ====================================================================================================
   THERMO TABLE FOR MOLECULE OHEX
 ====================================================================================================
   Elemental Composition:
     H 1.0000
     O 1.0000
   Formation Enthalpy at 298K =          101.5416 kcal/mol
   Formation Free Gibbs Energy at 298K = 88.4669 kcal/mol
   Molecular Weight =                    17.0070 kg/kmol
 -----------------------------------------------------------------------------------------------------
   Temperature       Cp             H             G            S             DH            DG         
       [K]       [cal/mol/K]    [kcal/mol]    [kcal/mol]  [cal/(mol-K)]  [kcal/mol]     [kcal/mol]    
 -----------------------------------------------------------------------------------------------------
     300.0000      7.1523        101.5559      88.3791       43.9225       0.0143        -0.0878       
     600.0000      7.0564        103.6827      74.3783       48.8407       2.1411        -14.0886      
     800.0000      7.1323        105.0993      64.3971       50.8778       3.5578        -24.0699      
     1000.0000     7.3325        106.5441      54.0551       52.4889       5.0025        -34.4118      
     1200.0000     7.5668        107.9621      43.3458       53.8469       6.4205        -45.1211      
     1400.0000     7.7766        109.4968      32.4557       55.0294       7.9552        -56.0112      
     1600.0000     7.9637        111.0712      21.3428       56.0802       9.5296        -67.1241      
     1800.0000     8.1301        112.6809      10.0305       57.0280       11.1393       -78.4365      
     2000.0000     8.2772        114.3219      -1.4628       57.8924       12.7804       -89.9298      
     2200.0000     8.4070        115.9906      -13.1219      58.6875       14.4491       -101.5888     
     2400.0000     8.5211        117.6837      -24.9339      59.4240       16.1421       -113.4009     
     2600.0000     8.6210        119.3981      -36.8881      60.1101       17.8566       -125.3551     
 -----------------------------------------------------------------------------------------------------


