------------------------------
  Elements     Atomic Weight  
------------------------------
  1.	C         12.01099968
  2.	H          1.00800002
  3.	O         15.99899960
  4.	N         14.00699997
  5.	HE         4.00299978
  6.	AR        39.94800186
------------------------------


------------------------------------------------------------------------------------------------------------------------------
                                                Molecular        Temperature        Elements
  Species                  Phase  Charge         weight         Low      High       C       H       O       N      HE      AR
------------------------------------------------------------------------------------------------------------------------------
    1. AR                    G      0           39.948002    200.00   6000.00       0       0       0       0       0       1
    2. N2                    G      0           28.014000    200.00   6000.00       0       0       0       2       0       0
    3. HE                    G      0            4.003000    200.00   6000.00       0       0       0       0       1       0
    4. H2                    G      0            2.016000    200.00   6000.00       0       2       0       0       0       0
    5. H                     G      0            1.008000    200.00   6000.00       0       1       0       0       0       0
    6. O2                    G      0           31.997999    200.00   6000.00       0       0       2       0       0       0
    7. O                     G      0           15.999000    200.00   6000.00       0       0       1       0       0       0
    8. H2O                   G      0           18.015000    200.00   6000.00       0       2       1       0       0       0
    9. OH                    G      0           17.007000    200.00   6000.00       0       1       1       0       0       0
   10. OHV                   G      0           17.007000    300.00   5000.00       0       1       1       0       0       0
   11. H2O2                  G      0           34.013999    200.00   6000.00       0       2       2       0       0       0
   12. HO2                   G      0           33.005999    200.00   5000.00       0       1       2       0       0       0
   13. CO2                   G      0           44.008999    200.00   6000.00       1       0       2       0       0       0
   14. CO                    G      0           28.009999    200.00   6000.00       1       0       1       0       0       0
   15. CH4                   G      0           16.043000    200.00   6000.00       1       4       0       0       0       0
   16. C2H6                  G      0           30.069999    200.00   6000.00       2       6       0       0       0       0
------------------------------------------------------------------------------------------------------------------------------

------------------------------------------------------------------------------------------------------------------------------
                                                Molecular        Temperature        Elements
  Species                  Phase  Charge         weight         Low      High       C       H       O       N      HE      AR
------------------------------------------------------------------------------------------------------------------------------
    1. AR                    G      0           39.948002    200.00   6000.00       0       0       0       0       0       1
    3. HE                    G      0            4.003000    200.00   6000.00       0       0       0       0       1       0
    2. N2                    G      0           28.014000    200.00   6000.00       0       0       0       2       0       0
    7. O                     G      0           15.999000    200.00   6000.00       0       0       1       0       0       0
    6. O2                    G      0           31.997999    200.00   6000.00       0       0       2       0       0       0
    5. H                     G      0            1.008000    200.00   6000.00       0       1       0       0       0       0
    9. OH                    G      0           17.007000    200.00   6000.00       0       1       1       0       0       0
   10. OHV                   G      0           17.007000    300.00   5000.00       0       1       1       0       0       0
   12. HO2                   G      0           33.005999    200.00   5000.00       0       1       2       0       0       0
    4. H2                    G      0            2.016000    200.00   6000.00       0       2       0       0       0       0
    8. H2O                   G      0           18.015000    200.00   6000.00       0       2       1       0       0       0
   11. H2O2                  G      0           34.013999    200.00   6000.00       0       2       2       0       0       0
   14. CO                    G      0           28.009999    200.00   6000.00       1       0       1       0       0       0
   13. CO2                   G      0           44.008999    200.00   6000.00       1       0       2       0       0       0
   15. CH4                   G      0           16.043000    200.00   6000.00       1       4       0       0       0       0
   16. C2H6                  G      0           30.069999    200.00   6000.00       2       6       0       0       0       0
------------------------------------------------------------------------------------------------------------------------------

------------------------------------------------------------------------------------------------------------------
  Species                  Shape       eps/kb          sigma             mu           alfa        zRot298         
------------------------------------------------------------------------------------------------------------------
    1. AR                    0       136.5000         3.3300         0.0000         0.0000         0.0000
    2. N2                    1        97.5300         3.6210         0.0000         1.7600         4.0000
    3. HE                    0        10.2000         2.5760         0.0000         0.0000         0.0000
    4. H2                    1        38.0000         2.9200         0.0000         0.7900       280.0000
    5. H                     0       145.0000         2.0500         0.0000         0.0000         0.0000
    6. O2                    1       107.4000         3.4580         0.0000         1.6000         3.8000
    7. O                     0        80.0000         2.7500         0.0000         0.0000         0.0000
    8. H2O                   2       572.4000         2.6050         1.8440         0.0000         4.0000
    9. OH                    1        80.0000         2.7500         0.0000         0.0000         0.0000
   10. OHV                   1        80.0000         2.7500         0.0000         0.0000         0.0000
   11. H2O2                  2       107.4000         3.4580         0.0000         0.0000         3.8000
   12. HO2                   2       107.4000         3.4580         0.0000         0.0000         1.0000
   13. CO2                   1       244.0000         3.7630         0.0000         2.6500         2.1000
   14. CO                    1        98.1000         3.6500         0.0000         1.9500         1.8000
   15. CH4                   2       141.4000         3.7460         0.0000         2.6000        13.0000
   16. C2H6                  2       247.5000         4.3500         0.0000         0.0000         1.5000
------------------------------------------------------------------------------------------------------------------


------------------------------------------------------------------------------------------------------------------
  Species                  Shape       eps/kb          sigma             mu           alfa        zRot298         
------------------------------------------------------------------------------------------------------------------
    1. AR                    0       136.5000         3.3300         0.0000         0.0000         0.0000
    2. N2                    1        97.5300         3.6210         0.0000         1.7600         4.0000
    3. HE                    0        10.2000         2.5760         0.0000         0.0000         0.0000
    4. H2                    1        38.0000         2.9200         0.0000         0.7900       280.0000
    5. H                     0       145.0000         2.0500         0.0000         0.0000         0.0000
    6. O2                    1       107.4000         3.4580         0.0000         1.6000         3.8000
    7. O                     0        80.0000         2.7500         0.0000         0.0000         0.0000
    8. H2O                   2       572.4000         2.6050         1.8440         0.0000         4.0000
    9. OH                    1        80.0000         2.7500         0.0000         0.0000         0.0000
   10. OHV                   1        80.0000         2.7500         0.0000         0.0000         0.0000
   11. H2O2                  2       107.4000         3.4580         0.0000         0.0000         3.8000
   12. HO2                   2       107.4000         3.4580         0.0000         0.0000         1.0000
   13. CO2                   1       244.0000         3.7630         0.0000         2.6500         2.1000
   14. CO                    1        98.1000         3.6500         0.0000         1.9500         1.8000
   15. CH4                   2       141.4000         3.7460         0.0000         2.6000        13.0000
   16. C2H6                  2       247.5000         4.3500         0.0000         0.0000         1.5000
------------------------------------------------------------------------------------------------------------------


---------------------------------------------------------------------------------------
                                  CHEMICAL REACTIONS                                   

                          Units: [mol, cm3, s] and [cal/mol]                           
---------------------------------------------------------------------------------------


      1. H2 +M  = 2H +M 
         k:       4.577000e+19	   -1.40     104400.00
         Third body efficiencies
         H2                  	enhanced by	   2.500
         H2O                 	enhanced by	  12.000
         HE                  	enhanced by	   0.830


      2. H2 + O  = H + OH 
         k:       5.080000e+04	    2.67       6292.00


      3. H2 + OH  = H + H2O 
         k:       4.380000e+13	    0.00       6990.00


      4. 2O +M  = O2 +M 
         k:       6.165000e+15	   -0.50          0.00
         Third body efficiencies
         H2                  	enhanced by	   2.500
         H2O                 	enhanced by	  12.000
         AR                  	enhanced by	   0.830
         HE                  	enhanced by	   0.830


      5. H + O2  = O + OH 
         k:       9.076000e+10	    0.53      -2098.42


      6. H + OH +M  = H2O +M 
         k:       3.500000e+22	   -2.00          0.00
         Third body efficiencies
         H2                  	enhanced by	   0.730
         H2O                 	enhanced by	   3.650
         AR                  	enhanced by	   0.380


      7. O + H2O  = 2OH 
         k:       6.700000e+07	    1.70      14986.80


      8. H + O +M  = OH +M 
         k:       4.714000e+18	   -1.00          0.00
         Third body efficiencies
         H2                  	enhanced by	   2.500
         H2O                 	enhanced by	  12.000
         AR                  	enhanced by	   0.750
         HE                  	enhanced by	   0.750


      9. H + O +M  = OHV +M 
         k:       1.500000e+13	    0.00       5975.00
         Third body efficiencies
         H2                  	enhanced by	   1.000
         H2O                 	enhanced by	   6.500
         O2                  	enhanced by	   0.400
         N2                  	enhanced by	   0.400
         AR                  	enhanced by	   0.350


     10. H2O + OHV  = H2O + OH 
         k:       5.930000e+12	    0.50       -860.00


     11. H2 + OHV  = H2 + OH 
         k:       2.950000e+12	    0.50       -444.00


     12. N2 + OHV  = N2 + OH 
         k:       1.080000e+11	    0.50      -1242.00


     13. OH + OHV  = 2OH 
         k:       6.010000e+12	    0.50       -764.00


     14. H + OHV  = H + OH 
         k:       1.310000e+12	    0.50       -167.00


     15. AR + OHV  = AR + OH 
         k:       1.690000e+12	    0.00       4135.00


     16. OHV  = OH 
         k:       1.450000e+06	    0.00          0.00


     17. O2 + OHV  = O2 + OH 
         k:       2.100000e+12	    0.50       -478.00


     18. OHV + CO2  = OH + CO2 
         k:       2.750000e+12	    0.50       -968.00


     19. OHV + CO  = OH + CO 
         k:       3.230000e+12	    0.50       -787.00


     20. OHV + CH4  = OH + CH4 
         k:       3.360000e+12	    0.50       -635.00


     21. H2O2  = 2OH 
         k:       2.000000e+12	    0.90      48749.00
         Extended Pressure Logarithmic Interpolation
         Bath species: Mixture
         1	9.869200e-04	2.682161e+19	   -3.29      48804.68
         2	9.869200e-03	2.914584e+20	   -3.30      48868.84
         3	9.869200e-02	4.662497e+21	   -3.36      49083.24
         4	9.869200e-01	3.913022e+23	   -3.62      49895.98
         5	9.869200e+00	2.689826e+25	   -3.84      51168.93
         6	9.869200e+01	2.816287e+24	   -3.24      51574.88
         7	9.869200e+02	1.132249e+21	   -1.99      51049.34
         8	9.869200e+03	1.389021e+18	   -0.97      50509.07
         9	9.869200e+04	1.503683e+15	    0.00      49720.83
         10	9.869200e+05	1.025886e+13	    0.67      48971.11
         11	9.869200e+06	3.425525e+12	    0.82      48819.60
         12	2.467300e+07	2.878275e+12	    0.85      48796.31
         Bath species: N2
         1	9.869200e-04	4.047137e+19	   -3.29      48811.87
         2	9.869200e-03	4.534084e+20	   -3.31      48889.42
         3	9.869200e-02	8.533341e+21	   -3.39      49162.35
         4	9.869200e-01	1.060592e+24	   -3.69      50135.30
         5	9.869200e+00	3.055134e+25	   -3.80      51315.95
         6	9.869200e+01	9.216480e+23	   -3.05      51534.58
         7	9.869200e+02	2.783519e+20	   -1.78      50933.10
         8	9.869200e+03	4.235092e+17	   -0.80      50388.97
         9	9.869200e+04	1.641220e+15	    0.00      49799.03
         10	9.869200e+05	7.521156e+12	    0.72      48927.74
         11	9.869200e+06	3.140602e+12	    0.84      48807.93
         12	2.467300e+07	2.722788e+12	    0.86      48788.97
         Bath species: CO2
         1	9.869200e-04	4.321934e+19	   -3.29      48813.12
         2	9.869200e-03	4.869763e+20	   -3.31      48893.13
         3	9.869200e-02	9.447182e+21	   -3.39      49176.87
         4	9.869200e-01	1.241873e+24	   -3.70      50174.79
         5	9.869200e+00	3.054312e+25	   -3.79      51336.52
         6	9.869200e+01	7.588123e+23	   -3.02      51525.26
         7	9.869200e+02	2.249269e+20	   -1.74      50915.66
         8	9.869200e+03	3.458968e+17	   -0.77      50366.87
         9	9.869200e+04	1.661645e+15	    0.00      49810.08
         10	9.869200e+05	7.205300e+12	    0.72      48921.77
         11	9.869200e+06	3.102327e+12	    0.84      48806.29
         12	2.467300e+07	2.701335e+12	    0.86      48787.92
         Bath species: H2O
         1	9.869200e-04	2.188402e+20	   -3.30      48857.41
         2	9.869200e-03	3.217297e+21	   -3.35      49040.88
         3	9.869200e-02	2.055816e+23	   -3.57      49750.59
         4	9.869200e-01	2.190435e+25	   -3.85      51055.10
         5	9.869200e+00	5.287768e+24	   -3.36      51583.29
         6	9.869200e+01	2.999227e+21	   -2.14      51130.22
         7	9.869200e+02	2.852468e+18	   -1.08      50573.31
         8	9.869200e+03	1.454652e+15	   -0.00      49667.27
         9	9.869200e+04	1.317645e+13	    0.64      49006.23
         10	9.869200e+05	3.666994e+12	    0.82      48828.81
         11	9.869200e+06	2.524109e+12	    0.87      48779.05
         12	2.467300e+07	2.357169e+12	    0.88      48770.21
         Bath species: H2
         1	9.869200e-04	1.021855e+20	   -3.30      48832.97
         2	9.869200e-03	1.278865e+21	   -3.33      48955.52
         3	9.869200e-02	4.206522e+22	   -3.47      49426.03
         4	9.869200e-01	7.866131e+24	   -3.82      50682.52
         5	9.869200e+00	1.812224e+25	   -3.61      51530.54
         6	9.869200e+01	4.426716e+22	   -2.56      51343.66
         7	9.869200e+02	1.877929e+19	   -1.36      50720.90
         8	9.869200e+03	1.882320e+16	   -0.36      50012.23
         9	9.869200e+04	3.303273e+13	    0.51      49135.85
         10	9.869200e+05	4.671118e+12	    0.78      48861.83
         11	9.869200e+06	2.727353e+12	    0.86      48789.19
         12	2.467300e+07	2.482911e+12	    0.87      48776.91
         Bath species: CO
         1	9.869200e-04	7.663116e+19	   -3.30      48825.55
         2	9.869200e-03	9.193627e+20	   -3.32      48931.40
         3	9.869200e-02	2.463604e+22	   -3.44      49329.52
         4	9.869200e-01	4.518643e+24	   -3.79      50518.69
         5	9.869200e+00	2.399957e+25	   -3.68      51481.40
         6	9.869200e+01	1.201317e+23	   -2.72      51414.95
         7	9.869200e+02	4.053398e+19	   -1.48      50779.50
         8	9.869200e+03	5.171024e+16	   -0.50      50141.61
         9	9.869200e+04	1.820400e+15	    0.00      49891.57
         10	9.869200e+05	5.276061e+12	    0.77      48878.58
         11	9.869200e+06	2.830878e+12	    0.85      48794.11
         12	2.467300e+07	2.544827e+12	    0.87      48780.11
         Bath species: HE
         1	9.869200e-04	1.762977e+19	   -3.29      48798.40
         2	9.869200e-03	1.871498e+20	   -3.30      48851.73
         3	9.869200e-02	2.643502e+21	   -3.34      49020.35
         4	9.869200e-01	1.458144e+23	   -3.55      49676.03
         5	9.869200e+00	1.877940e+25	   -3.85      50986.75
         6	9.869200e+01	7.193635e+24	   -3.42      51581.52
         7	9.869200e+02	5.180158e+21	   -2.23      51175.13
         8	9.869200e+03	4.184548e+18	   -1.14      50605.12
         9	9.869200e+04	2.384229e+15	   -0.07      49735.24
         10	9.869200e+05	1.540228e+13	    0.62      49028.18
         11	9.869200e+06	3.823667e+12	    0.81      48834.48
         12	2.467300e+07	3.084664e+12	    0.84      48805.53
         Bath species: O2
         1	9.869200e-04	3.226316e+19	   -3.29      48807.77
         2	9.869200e-03	3.550456e+20	   -3.31      48877.56
         3	9.869200e-02	6.075946e+21	   -3.37      49116.37
         4	9.869200e-01	6.122120e+23	   -3.65      50001.28
         5	9.869200e+00	2.927692e+25	   -3.82      51238.83
         6	9.869200e+01	1.744269e+24	   -3.16      51560.76
         7	9.869200e+02	5.948790e+20	   -1.89      50995.82
         8	9.869200e+03	8.283285e+17	   -0.90      50458.92
         9	9.869200e+04	1.567411e+15	    0.00      49757.90
         10	9.869200e+05	8.840057e+12	    0.69      48950.28
         11	9.869200e+06	3.287061e+12	    0.83      48814.04
         12	2.467300e+07	2.803606e+12	    0.85      48792.82
         Bath species: H2O2
         1	9.869200e-04	2.203611e+20	   -3.30      48857.67
         2	9.869200e-03	3.245708e+21	   -3.35      49041.83
         3	9.869200e-02	2.087649e+23	   -3.58      49753.98
         4	9.869200e-01	2.203902e+25	   -3.85      51058.02
         5	9.869200e+00	5.213015e+24	   -3.35      51583.26
         6	9.869200e+01	2.928118e+21	   -2.14      51128.24
         7	9.869200e+02	2.804179e+18	   -1.08      50571.85
         8	9.869200e+03	1.423923e+15	   -0.00      49664.32
         9	9.869200e+04	1.309011e+13	    0.64      49005.31
         10	9.869200e+05	3.660501e+12	    0.82      48828.57
         11	9.869200e+06	2.522626e+12	    0.87      48778.97
         12	2.467300e+07	2.356230e+12	    0.88      48770.16


     22. H + H2O2  = H2O + OH 
         k:       2.410000e+13	    0.00       3970.00


     23. H + H2O2  = H2 + HO2 
         k:       2.150000e+10	    1.00       6000.00


     24. O + H2O2  = OH + HO2 
         k:       9.550000e+06	    2.00       3970.00


     25. OH + H2O2  = H2O + HO2 
         k:       1.740000e+12	    0.00        318.00


     26. OH + H2O2  = H2O + HO2 
         k:       7.590000e+13	    0.00       7269.00


     27. H + HO2  = 2OH 
         k:       7.079000e+13	    0.00        295.00


     28. H + HO2  = H2 + O2 
         k:       1.140200e+10	    1.08        553.78


     29. O + HO2  = O2 + OH 
         k:       3.250000e+13	    0.00          0.00


     30. OH + HO2  = O2 + H2O 
         k:       7.000000e+12	    0.00      -1092.96


     31. OH + HO2  = O2 + H2O 
         k:       4.500000e+14	    0.00      10929.60


     32. 2HO2  = O2 + H2O2 
         k:       1.000000e+14	    0.00      11040.88


     33. 2HO2  = O2 + H2O2 
         k:       1.900000e+11	    0.00      -1408.92


     34. H + O2  = HO2 
         k:       4.650000e+12	    0.44          0.00
         Extended Pressure Logarithmic Interpolation
         Bath species: Mixture
         1	9.869200e-04	1.994510e+14	   -2.23          4.68
         2	9.869200e-03	1.977129e+15	   -2.23          7.89
         3	9.869200e-02	1.956160e+16	   -2.23         14.83
         4	9.869200e-01	1.946214e+17	   -2.23         33.97
         5	9.869200e+00	2.090709e+18	   -2.23        113.68
         6	9.869200e+01	4.411146e+19	   -2.32        603.76
         7	9.869200e+02	1.314196e+22	   -2.70       3035.77
         8	9.869200e+03	1.875632e+18	   -1.35       2122.21
         9	9.869200e+04	2.811848e+16	   -0.70       1882.99
         10	9.869200e+05	3.499541e+13	    0.18        459.28
         11	9.869200e+06	6.987543e+12	    0.39         87.36
         12	2.467300e+07	5.882034e+12	    0.41         49.19
         Bath species: AR
         1	9.869200e-04	9.994498e+13	   -2.23          4.06
         2	9.869200e-03	9.914158e+14	   -2.23          6.68
         3	9.869200e-02	9.812926e+15	   -2.23         12.08
         4	9.869200e-01	9.725743e+16	   -2.23         25.68
         5	9.869200e+00	1.001280e+18	   -2.23         75.07
         6	9.869200e+01	1.477383e+19	   -2.27        352.41
         7	9.869200e+02	2.027355e+21	   -2.57       2030.95
         8	9.869200e+03	3.355086e+20	   -2.05       3310.14
         9	9.869200e+04	8.165111e+16	   -0.87       1869.06
         10	9.869200e+05	1.382751e+14	    0.00        779.59
         11	9.869200e+06	8.807897e+12	    0.36        139.74
         12	2.467300e+07	6.628987e+12	    0.39         75.59
         Bath species: CO2
         1	9.869200e-04	7.542912e+14	   -2.23          6.27
         2	9.869200e-03	7.467571e+15	   -2.23         11.18
         3	9.869200e-02	7.395398e+16	   -2.23         23.18
         4	9.869200e-01	7.535475e+17	   -2.23         64.52
         5	9.869200e+00	1.014373e+19	   -2.26        286.52
         6	9.869200e+01	9.234405e+20	   -2.52       1680.34
         7	9.869200e+02	2.099934e+21	   -2.30       3661.97
         8	9.869200e+03	7.950391e+16	   -0.88       1728.06
         9	9.869200e+04	2.868000e+14	   -0.09        946.03
         10	9.869200e+05	1.004039e+13	    0.34        169.68
         11	9.869200e+06	5.599174e+12	    0.41         38.49
         12	2.467300e+07	5.213379e+12	    0.42         23.28
         Bath species: H2O
         1	9.869200e-04	1.977129e+15	   -2.23          7.89
         2	9.869200e-03	1.956160e+16	   -2.23         14.83
         3	9.869200e-02	1.946214e+17	   -2.23         33.97
         4	9.869200e-01	2.090709e+18	   -2.23        113.68
         5	9.869200e+00	4.411146e+19	   -2.32        603.76
         6	9.869200e+01	1.314196e+22	   -2.70       3035.77
         7	9.869200e+02	1.875632e+18	   -1.35       2122.21
         8	9.869200e+03	2.811848e+16	   -0.70       1882.99
         9	9.869200e+04	3.499541e+13	    0.18        459.28
         10	9.869200e+05	6.987543e+12	    0.39         87.36
         11	9.869200e+06	5.198056e+12	    0.42         22.66
         12	2.467300e+07	4.992357e+12	    0.43         14.31
         Bath species: H2
         1	9.869200e-04	2.590578e+14	   -2.23          4.94
         2	9.869200e-03	2.567330e+15	   -2.23          8.42
         3	9.869200e-02	2.539972e+16	   -2.23         16.09
         4	9.869200e-01	2.533297e+17	   -2.23         38.09
         5	9.869200e+00	2.790609e+18	   -2.24        134.65
         6	9.869200e+01	7.175653e+19	   -2.35        742.23
         7	9.869200e+02	2.068364e+22	   -2.72       3391.55
         8	9.869200e+03	4.116911e+17	   -1.15       1773.76
         9	9.869200e+04	1.216328e+16	   -0.59       1743.93
         10	9.869200e+05	2.446929e+13	    0.22        375.94
         11	9.869200e+06	6.573414e+12	    0.39         73.71
         12	2.467300e+07	5.694263e+12	    0.41         42.13
         Bath species: CO
         1	9.869200e-04	3.781210e+14	   -2.23          5.37
         2	9.869200e-03	3.745867e+15	   -2.23          9.28
         3	9.869200e-02	3.706262e+16	   -2.23         18.20
         4	9.869200e-01	3.715286e+17	   -2.23         45.38
         5	9.869200e+00	4.300158e+18	   -2.24        173.94
         6	9.869200e+01	1.588712e+20	   -2.39        999.00
         7	9.869200e+02	2.264158e+22	   -2.68       3765.11
         8	9.869200e+03	1.096280e+17	   -0.96       1524.22
         9	9.869200e+04	3.031795e+15	   -0.40       1467.37
         10	9.869200e+05	1.634515e+13	    0.28        282.16
         11	9.869200e+06	6.125954e+12	    0.40         58.11
         12	2.467300e+07	5.481244e+12	    0.42         33.91
         Bath species: HE
         1	9.869200e-04	1.278322e+14	   -2.23          4.27
         2	9.869200e-03	1.267742e+15	   -2.23          7.08
         3	9.869200e-02	1.254577e+16	   -2.23         12.97
         4	9.869200e-01	1.244686e+17	   -2.23         28.27
         5	9.869200e+00	1.296885e+18	   -2.23         86.56
         6	9.869200e+01	2.123192e+19	   -2.29        426.02
         7	9.869200e+02	4.144414e+21	   -2.63       2378.35
         8	9.869200e+03	5.110097e+19	   -1.79       2896.58
         9	9.869200e+04	6.948329e+16	   -0.83       1942.53
         10	9.869200e+05	7.774965e+13	    0.07        645.07
         11	9.869200e+06	7.997706e+12	    0.37        117.80
         12	2.467300e+07	6.310127e+12	    0.40         64.64
         Bath species: CH4
         1	9.869200e-04	3.979489e+14	   -2.23          5.43
         2	9.869200e-03	3.942095e+15	   -2.23          9.41
         3	9.869200e-02	3.900528e+16	   -2.23         18.51
         4	9.869200e-01	3.913363e+17	   -2.23         46.51
         5	9.869200e+00	4.566484e+18	   -2.24        180.25
         6	9.869200e+01	1.784993e+20	   -2.40       1039.52
         7	9.869200e+02	2.142856e+22	   -2.67       3796.39
         8	9.869200e+03	9.927171e+16	   -0.94       1514.81
         9	9.869200e+04	2.505719e+15	   -0.38       1427.00
         10	9.869200e+05	1.561256e+13	    0.28        271.53
         11	9.869200e+06	6.076037e+12	    0.41         56.31
         12	2.467300e+07	5.456729e+12	    0.42         32.95
         Bath species: C2H6
         1	9.869200e-04	5.960320e+14	   -2.23          5.94
         2	9.869200e-03	5.902033e+15	   -2.23         10.48
         3	9.869200e-02	5.842317e+16	   -2.23         21.29
         4	9.869200e-01	5.912086e+17	   -2.23         56.94
         5	9.869200e+00	7.475029e+18	   -2.25        240.67
         6	9.869200e+01	4.851783e+20	   -2.47       1414.63
         7	9.869200e+02	7.048775e+21	   -2.48       3830.52
         8	9.869200e+03	7.492690e+16	   -0.89       1601.35
         9	9.869200e+04	5.984741e+14	   -0.19       1112.75
         10	9.869200e+05	1.151956e+13	    0.32        201.26
         11	9.869200e+06	5.747518e+12	    0.41         44.15
         12	2.467300e+07	5.291010e+12	    0.42         26.39


